[0.016s] Invoking command in '/home/ros/difrobot_ws/build/difrobot_description': CMAKE_PREFIX_PATH=/opt/ros/humble /usr/bin/cmake /home/ros/difrobot_ws/src/difrobot_description -DCMAKE_INSTALL_PREFIX=/home/ros/difrobot_ws/install/difrobot_description
[0.160s] -- The C compiler identification is GNU 11.4.0
[0.296s] -- The CXX compiler identification is GNU 11.4.0
[0.318s] -- Detecting C compiler ABI info
[0.488s] -- Detecting C compiler ABI info - done
[0.501s] -- Check for working C compiler: /usr/bin/cc - skipped
[0.502s] -- Detecting C compile features
[0.503s] -- Detecting C compile features - done
[0.510s] -- Detecting CXX compiler ABI info
[0.704s] -- Detecting CXX compiler ABI info - done
[0.718s] -- Check for working CXX compiler: /usr/bin/c++ - skipped
[0.719s] -- Detecting CXX compile features
[0.720s] -- Detecting CXX compile features - done
[0.727s] -- Found ament_cmake: 1.3.10 (/opt/ros/humble/share/ament_cmake/cmake)
[1.053s] -- Found Python3: /usr/bin/python3 (found version "3.10.12") found components: Interpreter 
[1.223s] -- Found ament_lint_auto: 0.12.11 (/opt/ros/humble/share/ament_lint_auto/cmake)
[1.382s] -- Added test 'flake8' to check Python code syntax and style conventions
[1.384s] -- Added test 'lint_cmake' to check CMake code style
[1.386s] -- Added test 'pep257' to check Python code against some of the docstring style conventions in PEP 257
[1.392s] -- Added test 'xmllint' to check XML markup files
[1.393s] -- Configuring done
[1.399s] -- Generating done
[1.402s] -- Build files have been written to: /home/ros/difrobot_ws/build/difrobot_description
[1.410s] Invoked command in '/home/ros/difrobot_ws/build/difrobot_description' returned '0': CMAKE_PREFIX_PATH=/opt/ros/humble /usr/bin/cmake /home/ros/difrobot_ws/src/difrobot_description -DCMAKE_INSTALL_PREFIX=/home/ros/difrobot_ws/install/difrobot_description
[1.412s] Invoking command in '/home/ros/difrobot_ws/build/difrobot_description': CMAKE_PREFIX_PATH=/opt/ros/humble /usr/bin/cmake --build /home/ros/difrobot_ws/build/difrobot_description -- -j2 -l2
[1.513s] Invoked command in '/home/ros/difrobot_ws/build/difrobot_description' returned '0': CMAKE_PREFIX_PATH=/opt/ros/humble /usr/bin/cmake --build /home/ros/difrobot_ws/build/difrobot_description -- -j2 -l2
[1.601s] Invoking command in '/home/ros/difrobot_ws/build/difrobot_description': CMAKE_PREFIX_PATH=/opt/ros/humble /usr/bin/cmake --install /home/ros/difrobot_ws/build/difrobot_description
[1.626s] -- Install configuration: ""
[1.626s] -- Installing: /home/ros/difrobot_ws/install/difrobot_description/share/difrobot_description/meshes
[1.626s] -- Installing: /home/ros/difrobot_ws/install/difrobot_description/share/difrobot_description/meshes/imu_link.STL
[1.628s] -- Installing: /home/ros/difrobot_ws/install/difrobot_description/share/difrobot_description/meshes/wheel_right_link.STL
[1.632s] -- Installing: /home/ros/difrobot_ws/install/difrobot_description/share/difrobot_description/meshes/wheel_left_link.STL
[1.636s] -- Installing: /home/ros/difrobot_ws/install/difrobot_description/share/difrobot_description/meshes/caster_front_link.STL
[1.639s] -- Installing: /home/ros/difrobot_ws/install/difrobot_description/share/difrobot_description/meshes/caster_rear_link.STL
[1.640s] -- Installing: /home/ros/difrobot_ws/install/difrobot_description/share/difrobot_description/meshes/base_link.STL
[1.671s] -- Installing: /home/ros/difrobot_ws/install/difrobot_description/share/difrobot_description/urdf
[1.672s] -- Installing: /home/ros/difrobot_ws/install/difrobot_description/share/difrobot_description/urdf/difrobot_gazebo.xacro
[1.672s] -- Installing: /home/ros/difrobot_ws/install/difrobot_description/share/difrobot_description/urdf/difrobot_ros2_control.xacro
[1.673s] -- Installing: /home/ros/difrobot_ws/install/difrobot_description/share/difrobot_description/urdf/difrobot.urdf.xacro
[1.673s] -- Installing: /home/ros/difrobot_ws/install/difrobot_description/share/difrobot_description/models
[1.674s] -- Installing: /home/ros/difrobot_ws/install/difrobot_description/share/difrobot_description/models/ground_plane
[1.675s] -- Installing: /home/ros/difrobot_ws/install/difrobot_description/share/difrobot_description/models/ground_plane/model.config
[1.676s] -- Installing: /home/ros/difrobot_ws/install/difrobot_description/share/difrobot_description/models/ground_plane/model-1_4.sdf
[1.677s] -- Installing: /home/ros/difrobot_ws/install/difrobot_description/share/difrobot_description/models/ground_plane/model-1_3.sdf
[1.677s] -- Installing: /home/ros/difrobot_ws/install/difrobot_description/share/difrobot_description/models/ground_plane/model.sdf
[1.678s] -- Installing: /home/ros/difrobot_ws/install/difrobot_description/share/difrobot_description/models/ground_plane/model-1_2.sdf
[1.678s] -- Installing: /home/ros/difrobot_ws/install/difrobot_description/share/difrobot_description/models/sun
[1.679s] -- Installing: /home/ros/difrobot_ws/install/difrobot_description/share/difrobot_description/models/sun/model.config
[1.680s] -- Installing: /home/ros/difrobot_ws/install/difrobot_description/share/difrobot_description/models/sun/model-1_4.sdf
[1.680s] -- Installing: /home/ros/difrobot_ws/install/difrobot_description/share/difrobot_description/models/sun/model-1_3.sdf
[1.681s] -- Installing: /home/ros/difrobot_ws/install/difrobot_description/share/difrobot_description/models/sun/model.sdf
[1.681s] -- Installing: /home/ros/difrobot_ws/install/difrobot_description/share/difrobot_description/models/sun/model-1_2.sdf
[1.681s] -- Installing: /home/ros/difrobot_ws/install/difrobot_description/share/difrobot_description/launch
[1.682s] -- Installing: /home/ros/difrobot_ws/install/difrobot_description/share/difrobot_description/launch/display.launch.py
[1.683s] -- Installing: /home/ros/difrobot_ws/install/difrobot_description/share/difrobot_description/launch/gazebo.launch.py
[1.683s] -- Installing: /home/ros/difrobot_ws/install/difrobot_description/share/difrobot_description/rviz
[1.684s] -- Installing: /home/ros/difrobot_ws/install/difrobot_description/share/difrobot_description/rviz/display.rviz
[1.685s] -- Installing: /home/ros/difrobot_ws/install/difrobot_description/share/ament_index/resource_index/package_run_dependencies/difrobot_description
[1.685s] -- Installing: /home/ros/difrobot_ws/install/difrobot_description/share/ament_index/resource_index/parent_prefix_path/difrobot_description
[1.686s] -- Installing: /home/ros/difrobot_ws/install/difrobot_description/share/difrobot_description/environment/ament_prefix_path.sh
[1.686s] -- Installing: /home/ros/difrobot_ws/install/difrobot_description/share/difrobot_description/environment/ament_prefix_path.dsv
[1.687s] -- Installing: /home/ros/difrobot_ws/install/difrobot_description/share/difrobot_description/environment/path.sh
[1.688s] -- Installing: /home/ros/difrobot_ws/install/difrobot_description/share/difrobot_description/environment/path.dsv
[1.689s] -- Installing: /home/ros/difrobot_ws/install/difrobot_description/share/difrobot_description/local_setup.bash
[1.689s] -- Installing: /home/ros/difrobot_ws/install/difrobot_description/share/difrobot_description/local_setup.sh
[1.689s] -- Installing: /home/ros/difrobot_ws/install/difrobot_description/share/difrobot_description/local_setup.zsh
[1.691s] -- Installing: /home/ros/difrobot_ws/install/difrobot_description/share/difrobot_description/local_setup.dsv
[1.692s] -- Installing: /home/ros/difrobot_ws/install/difrobot_description/share/difrobot_description/package.dsv
[1.694s] -- Installing: /home/ros/difrobot_ws/install/difrobot_description/share/ament_index/resource_index/packages/difrobot_description
[1.695s] -- Installing: /home/ros/difrobot_ws/install/difrobot_description/share/difrobot_description/cmake/difrobot_descriptionConfig.cmake
[1.697s] -- Installing: /home/ros/difrobot_ws/install/difrobot_description/share/difrobot_description/cmake/difrobot_descriptionConfig-version.cmake
[1.697s] -- Installing: /home/ros/difrobot_ws/install/difrobot_description/share/difrobot_description/package.xml
[1.705s] Invoked command in '/home/ros/difrobot_ws/build/difrobot_description' returned '0': CMAKE_PREFIX_PATH=/opt/ros/humble /usr/bin/cmake --install /home/ros/difrobot_ws/build/difrobot_description
