running egg_info
creating ../../build/difrobot_py_examples/difrobot_py_examples.egg-info
writing ../../build/difrobot_py_examples/difrobot_py_examples.egg-info/PKG-INFO
writing dependency_links to ../../build/difrobot_py_examples/difrobot_py_examples.egg-info/dependency_links.txt
writing entry points to ../../build/difrobot_py_examples/difrobot_py_examples.egg-info/entry_points.txt
writing requirements to ../../build/difrobot_py_examples/difrobot_py_examples.egg-info/requires.txt
writing top-level names to ../../build/difrobot_py_examples/difrobot_py_examples.egg-info/top_level.txt
writing manifest file '../../build/difrobot_py_examples/difrobot_py_examples.egg-info/SOURCES.txt'
reading manifest file '../../build/difrobot_py_examples/difrobot_py_examples.egg-info/SOURCES.txt'
writing manifest file '../../build/difrobot_py_examples/difrobot_py_examples.egg-info/SOURCES.txt'
running build
running build_py
creating /home/ros/difrobot_ws/build/difrobot_py_examples/build
creating /home/ros/difrobot_ws/build/difrobot_py_examples/build/lib
creating /home/ros/difrobot_ws/build/difrobot_py_examples/build/lib/difrobot_py_examples
copying difrobot_py_examples/simple_service_server.py -> /home/ros/difrobot_ws/build/difrobot_py_examples/build/lib/difrobot_py_examples
copying difrobot_py_examples/simple_tf_kinematics.py -> /home/ros/difrobot_ws/build/difrobot_py_examples/build/lib/difrobot_py_examples
copying difrobot_py_examples/simple_service_client.py -> /home/ros/difrobot_ws/build/difrobot_py_examples/build/lib/difrobot_py_examples
copying difrobot_py_examples/__init__.py -> /home/ros/difrobot_ws/build/difrobot_py_examples/build/lib/difrobot_py_examples
copying difrobot_py_examples/simple_turtlesim_kinematics.py -> /home/ros/difrobot_ws/build/difrobot_py_examples/build/lib/difrobot_py_examples
running install
running install_lib
creating /home/ros/difrobot_ws/install/difrobot_py_examples/lib/python3.10/site-packages/difrobot_py_examples
copying /home/ros/difrobot_ws/build/difrobot_py_examples/build/lib/difrobot_py_examples/simple_service_server.py -> /home/ros/difrobot_ws/install/difrobot_py_examples/lib/python3.10/site-packages/difrobot_py_examples
copying /home/ros/difrobot_ws/build/difrobot_py_examples/build/lib/difrobot_py_examples/simple_tf_kinematics.py -> /home/ros/difrobot_ws/install/difrobot_py_examples/lib/python3.10/site-packages/difrobot_py_examples
copying /home/ros/difrobot_ws/build/difrobot_py_examples/build/lib/difrobot_py_examples/simple_service_client.py -> /home/ros/difrobot_ws/install/difrobot_py_examples/lib/python3.10/site-packages/difrobot_py_examples
copying /home/ros/difrobot_ws/build/difrobot_py_examples/build/lib/difrobot_py_examples/__init__.py -> /home/ros/difrobot_ws/install/difrobot_py_examples/lib/python3.10/site-packages/difrobot_py_examples
copying /home/ros/difrobot_ws/build/difrobot_py_examples/build/lib/difrobot_py_examples/simple_turtlesim_kinematics.py -> /home/ros/difrobot_ws/install/difrobot_py_examples/lib/python3.10/site-packages/difrobot_py_examples
byte-compiling /home/ros/difrobot_ws/install/difrobot_py_examples/lib/python3.10/site-packages/difrobot_py_examples/simple_service_server.py to simple_service_server.cpython-310.pyc
byte-compiling /home/ros/difrobot_ws/install/difrobot_py_examples/lib/python3.10/site-packages/difrobot_py_examples/simple_tf_kinematics.py to simple_tf_kinematics.cpython-310.pyc
byte-compiling /home/ros/difrobot_ws/install/difrobot_py_examples/lib/python3.10/site-packages/difrobot_py_examples/simple_service_client.py to simple_service_client.cpython-310.pyc
byte-compiling /home/ros/difrobot_ws/install/difrobot_py_examples/lib/python3.10/site-packages/difrobot_py_examples/__init__.py to __init__.cpython-310.pyc
byte-compiling /home/ros/difrobot_ws/install/difrobot_py_examples/lib/python3.10/site-packages/difrobot_py_examples/simple_turtlesim_kinematics.py to simple_turtlesim_kinematics.cpython-310.pyc
running install_data
creating /home/ros/difrobot_ws/install/difrobot_py_examples/share/ament_index
creating /home/ros/difrobot_ws/install/difrobot_py_examples/share/ament_index/resource_index
creating /home/ros/difrobot_ws/install/difrobot_py_examples/share/ament_index/resource_index/packages
copying resource/difrobot_py_examples -> /home/ros/difrobot_ws/install/difrobot_py_examples/share/ament_index/resource_index/packages
copying package.xml -> /home/ros/difrobot_ws/install/difrobot_py_examples/share/difrobot_py_examples
running install_egg_info
Copying ../../build/difrobot_py_examples/difrobot_py_examples.egg-info to /home/ros/difrobot_ws/install/difrobot_py_examples/lib/python3.10/site-packages/difrobot_py_examples-0.0.0-py3.10.egg-info
running install_scripts
Installing simple_service_client script to /home/ros/difrobot_ws/install/difrobot_py_examples/lib/difrobot_py_examples
Installing simple_service_server script to /home/ros/difrobot_ws/install/difrobot_py_examples/lib/difrobot_py_examples
Installing simple_tf_kinematics script to /home/ros/difrobot_ws/install/difrobot_py_examples/lib/difrobot_py_examples
Installing simple_turtlesim_kinematics script to /home/ros/difrobot_ws/install/difrobot_py_examples/lib/difrobot_py_examples
writing list of installed files to '/home/ros/difrobot_ws/build/difrobot_py_examples/install.log'
