[1.721s] Invoking command in '/home/ros/difrobot_ws/src/difrobot_py_examples': AMENT_PREFIX_PATH=/home/ros/difrobot_ws/install/difrobot_msgs:${AMENT_PREFIX_PATH} CMAKE_PREFIX_PATH=/home/ros/difrobot_ws/install/difrobot_msgs LD_LIBRARY_PATH=/home/ros/difrobot_ws/install/difrobot_msgs/lib:${LD_LIBRARY_PATH} PYTHONPATH=/home/ros/difrobot_ws/build/difrobot_py_examples/prefix_override:/usr/lib/python3/dist-packages/colcon_core/task/python/colcon_distutils_commands:/home/ros/difrobot_ws/install/difrobot_py_examples/lib/python3.10/site-packages:/home/ros/difrobot_ws/install/difrobot_msgs/local/lib/python3.10/dist-packages:${PYTHONPATH} /usr/bin/python3 -W ignore:setup.py install is deprecated setup.py egg_info --egg-base ../../build/difrobot_py_examples build --build-base /home/ros/difrobot_ws/build/difrobot_py_examples/build install --record /home/ros/difrobot_ws/build/difrobot_py_examples/install.log --single-version-externally-managed install_data
[2.259s] running egg_info
[2.259s] creating ../../build/difrobot_py_examples/difrobot_py_examples.egg-info
[2.260s] writing ../../build/difrobot_py_examples/difrobot_py_examples.egg-info/PKG-INFO
[2.262s] writing dependency_links to ../../build/difrobot_py_examples/difrobot_py_examples.egg-info/dependency_links.txt
[2.262s] writing entry points to ../../build/difrobot_py_examples/difrobot_py_examples.egg-info/entry_points.txt
[2.262s] writing requirements to ../../build/difrobot_py_examples/difrobot_py_examples.egg-info/requires.txt
[2.262s] writing top-level names to ../../build/difrobot_py_examples/difrobot_py_examples.egg-info/top_level.txt
[2.262s] writing manifest file '../../build/difrobot_py_examples/difrobot_py_examples.egg-info/SOURCES.txt'
[2.268s] reading manifest file '../../build/difrobot_py_examples/difrobot_py_examples.egg-info/SOURCES.txt'
[2.273s] writing manifest file '../../build/difrobot_py_examples/difrobot_py_examples.egg-info/SOURCES.txt'
[2.275s] running build
[2.275s] running build_py
[2.275s] creating /home/ros/difrobot_ws/build/difrobot_py_examples/build
[2.275s] creating /home/ros/difrobot_ws/build/difrobot_py_examples/build/lib
[2.275s] creating /home/ros/difrobot_ws/build/difrobot_py_examples/build/lib/difrobot_py_examples
[2.276s] copying difrobot_py_examples/simple_service_server.py -> /home/ros/difrobot_ws/build/difrobot_py_examples/build/lib/difrobot_py_examples
[2.276s] copying difrobot_py_examples/simple_tf_kinematics.py -> /home/ros/difrobot_ws/build/difrobot_py_examples/build/lib/difrobot_py_examples
[2.276s] copying difrobot_py_examples/simple_service_client.py -> /home/ros/difrobot_ws/build/difrobot_py_examples/build/lib/difrobot_py_examples
[2.276s] copying difrobot_py_examples/__init__.py -> /home/ros/difrobot_ws/build/difrobot_py_examples/build/lib/difrobot_py_examples
[2.276s] copying difrobot_py_examples/simple_turtlesim_kinematics.py -> /home/ros/difrobot_ws/build/difrobot_py_examples/build/lib/difrobot_py_examples
[2.276s] running install
[2.276s] running install_lib
[2.276s] creating /home/ros/difrobot_ws/install/difrobot_py_examples/lib/python3.10/site-packages/difrobot_py_examples
[2.277s] copying /home/ros/difrobot_ws/build/difrobot_py_examples/build/lib/difrobot_py_examples/simple_service_server.py -> /home/ros/difrobot_ws/install/difrobot_py_examples/lib/python3.10/site-packages/difrobot_py_examples
[2.277s] copying /home/ros/difrobot_ws/build/difrobot_py_examples/build/lib/difrobot_py_examples/simple_tf_kinematics.py -> /home/ros/difrobot_ws/install/difrobot_py_examples/lib/python3.10/site-packages/difrobot_py_examples
[2.277s] copying /home/ros/difrobot_ws/build/difrobot_py_examples/build/lib/difrobot_py_examples/simple_service_client.py -> /home/ros/difrobot_ws/install/difrobot_py_examples/lib/python3.10/site-packages/difrobot_py_examples
[2.279s] copying /home/ros/difrobot_ws/build/difrobot_py_examples/build/lib/difrobot_py_examples/__init__.py -> /home/ros/difrobot_ws/install/difrobot_py_examples/lib/python3.10/site-packages/difrobot_py_examples
[2.279s] copying /home/ros/difrobot_ws/build/difrobot_py_examples/build/lib/difrobot_py_examples/simple_turtlesim_kinematics.py -> /home/ros/difrobot_ws/install/difrobot_py_examples/lib/python3.10/site-packages/difrobot_py_examples
[2.279s] byte-compiling /home/ros/difrobot_ws/install/difrobot_py_examples/lib/python3.10/site-packages/difrobot_py_examples/simple_service_server.py to simple_service_server.cpython-310.pyc
[2.280s] byte-compiling /home/ros/difrobot_ws/install/difrobot_py_examples/lib/python3.10/site-packages/difrobot_py_examples/simple_tf_kinematics.py to simple_tf_kinematics.cpython-310.pyc
[2.281s] byte-compiling /home/ros/difrobot_ws/install/difrobot_py_examples/lib/python3.10/site-packages/difrobot_py_examples/simple_service_client.py to simple_service_client.cpython-310.pyc
[2.282s] byte-compiling /home/ros/difrobot_ws/install/difrobot_py_examples/lib/python3.10/site-packages/difrobot_py_examples/__init__.py to __init__.cpython-310.pyc
[2.284s] byte-compiling /home/ros/difrobot_ws/install/difrobot_py_examples/lib/python3.10/site-packages/difrobot_py_examples/simple_turtlesim_kinematics.py to simple_turtlesim_kinematics.cpython-310.pyc
[2.284s] running install_data
[2.284s] creating /home/ros/difrobot_ws/install/difrobot_py_examples/share/ament_index
[2.285s] creating /home/ros/difrobot_ws/install/difrobot_py_examples/share/ament_index/resource_index
[2.285s] creating /home/ros/difrobot_ws/install/difrobot_py_examples/share/ament_index/resource_index/packages
[2.285s] copying resource/difrobot_py_examples -> /home/ros/difrobot_ws/install/difrobot_py_examples/share/ament_index/resource_index/packages
[2.285s] copying package.xml -> /home/ros/difrobot_ws/install/difrobot_py_examples/share/difrobot_py_examples
[2.285s] running install_egg_info
[2.288s] Copying ../../build/difrobot_py_examples/difrobot_py_examples.egg-info to /home/ros/difrobot_ws/install/difrobot_py_examples/lib/python3.10/site-packages/difrobot_py_examples-0.0.0-py3.10.egg-info
[2.291s] running install_scripts
[2.328s] Installing simple_service_client script to /home/ros/difrobot_ws/install/difrobot_py_examples/lib/difrobot_py_examples
[2.330s] Installing simple_service_server script to /home/ros/difrobot_ws/install/difrobot_py_examples/lib/difrobot_py_examples
[2.330s] Installing simple_tf_kinematics script to /home/ros/difrobot_ws/install/difrobot_py_examples/lib/difrobot_py_examples
[2.330s] Installing simple_turtlesim_kinematics script to /home/ros/difrobot_ws/install/difrobot_py_examples/lib/difrobot_py_examples
[2.330s] writing list of installed files to '/home/ros/difrobot_ws/build/difrobot_py_examples/install.log'
[2.378s] Invoked command in '/home/ros/difrobot_ws/src/difrobot_py_examples' returned '0': AMENT_PREFIX_PATH=/home/ros/difrobot_ws/install/difrobot_msgs:${AMENT_PREFIX_PATH} CMAKE_PREFIX_PATH=/home/ros/difrobot_ws/install/difrobot_msgs LD_LIBRARY_PATH=/home/ros/difrobot_ws/install/difrobot_msgs/lib:${LD_LIBRARY_PATH} PYTHONPATH=/home/ros/difrobot_ws/build/difrobot_py_examples/prefix_override:/usr/lib/python3/dist-packages/colcon_core/task/python/colcon_distutils_commands:/home/ros/difrobot_ws/install/difrobot_py_examples/lib/python3.10/site-packages:/home/ros/difrobot_ws/install/difrobot_msgs/local/lib/python3.10/dist-packages:${PYTHONPATH} /usr/bin/python3 -W ignore:setup.py install is deprecated setup.py egg_info --egg-base ../../build/difrobot_py_examples build --build-base /home/ros/difrobot_ws/build/difrobot_py_examples/build install --record /home/ros/difrobot_ws/build/difrobot_py_examples/install.log --single-version-externally-managed install_data
