[0.029s] Invoking command in '/home/ros/difrobot_ws/build/difrobot_controller': CMAKE_PREFIX_PATH=/opt/ros/humble /usr/bin/cmake /home/ros/difrobot_ws/src/difrobot_controller -DCMAKE_INSTALL_PREFIX=/home/ros/difrobot_ws/install/difrobot_controller
[0.309s] -- The C compiler identification is GNU 11.4.0
[0.516s] -- The CXX compiler identification is GNU 11.4.0
[0.547s] -- Detecting C compiler ABI info
[0.751s] -- Detecting C compiler ABI info - done
[0.769s] -- Check for working C compiler: /usr/bin/cc - skipped
[0.769s] -- Detecting C compile features
[0.771s] -- Detecting C compile features - done
[0.780s] -- Detecting CXX compiler ABI info
[1.004s] -- Detecting CXX compiler ABI info - done
[1.020s] -- Check for working CXX compiler: /usr/bin/c++ - skipped
[1.020s] -- Detecting CXX compile features
[1.020s] -- Detecting CXX compile features - done
[1.024s] -- Found ament_cmake: 1.3.10 (/opt/ros/humble/share/ament_cmake/cmake)
[1.328s] -- Found Python3: /usr/bin/python3 (found version "3.10.12") found components: Interpreter 
[1.498s] -- Found rclcpp: 16.0.10 (/opt/ros/humble/share/rclcpp/cmake)
[1.594s] -- Found rosidl_generator_c: 3.1.5 (/opt/ros/humble/share/rosidl_generator_c/cmake)
[1.608s] -- Found rosidl_adapter: 3.1.5 (/opt/ros/humble/share/rosidl_adapter/cmake)
[1.633s] -- Found rosidl_generator_cpp: 3.1.5 (/opt/ros/humble/share/rosidl_generator_cpp/cmake)
[1.657s] -- Using all available rosidl_typesupport_c: rosidl_typesupport_fastrtps_c;rosidl_typesupport_introspection_c
[1.693s] -- Using all available rosidl_typesupport_cpp: rosidl_typesupport_fastrtps_cpp;rosidl_typesupport_introspection_cpp
[1.793s] -- Found rmw_implementation_cmake: 6.1.2 (/opt/ros/humble/share/rmw_implementation_cmake/cmake)
[1.798s] -- Found rmw_fastrtps_cpp: 6.2.7 (/opt/ros/humble/share/rmw_fastrtps_cpp/cmake)
[2.016s] -- Found OpenSSL: /usr/lib/x86_64-linux-gnu/libcrypto.so (found version "3.0.2")  
[2.066s] -- Found FastRTPS: /opt/ros/humble/include  
[2.150s] -- Using RMW implementation 'rmw_fastrtps_cpp' as default
[2.175s] -- Looking for pthread.h
[2.372s] -- Looking for pthread.h - found
[2.373s] -- Performing Test CMAKE_HAVE_LIBC_PTHREAD
[2.556s] -- Performing Test CMAKE_HAVE_LIBC_PTHREAD - Success
[2.559s] -- Found Threads: TRUE  
[2.667s] -- Found rclpy: 3.3.14 (/opt/ros/humble/share/rclpy/cmake)
[2.672s] -- Found geometry_msgs: 4.2.4 (/opt/ros/humble/share/geometry_msgs/cmake)
[2.995s] -- Configuring done
[3.017s] -- Generating done
[3.021s] -- Build files have been written to: /home/ros/difrobot_ws/build/difrobot_controller
[3.045s] Invoked command in '/home/ros/difrobot_ws/build/difrobot_controller' returned '0': CMAKE_PREFIX_PATH=/opt/ros/humble /usr/bin/cmake /home/ros/difrobot_ws/src/difrobot_controller -DCMAKE_INSTALL_PREFIX=/home/ros/difrobot_ws/install/difrobot_controller
[3.045s] Invoking command in '/home/ros/difrobot_ws/build/difrobot_controller': CMAKE_PREFIX_PATH=/opt/ros/humble /usr/bin/cmake --build /home/ros/difrobot_ws/build/difrobot_controller -- -j2 -l2
[3.213s] [  0%] Built target ament_cmake_python_copy_difrobot_controller
[3.237s] [ 50%] [32mBuilding CXX object CMakeFiles/simple_controller.dir/src/simple_controller.cpp.o[0m
[3.882s] running egg_info
[3.885s] creating difrobot_controller.egg-info
[3.886s] writing difrobot_controller.egg-info/PKG-INFO
[3.886s] writing dependency_links to difrobot_controller.egg-info/dependency_links.txt
[3.886s] writing top-level names to difrobot_controller.egg-info/top_level.txt
[3.886s] writing manifest file 'difrobot_controller.egg-info/SOURCES.txt'
[3.890s] reading manifest file 'difrobot_controller.egg-info/SOURCES.txt'
[3.890s] writing manifest file 'difrobot_controller.egg-info/SOURCES.txt'
[3.965s] [ 50%] Built target ament_cmake_python_build_difrobot_controller_egg
[26.712s] [100%] [32m[1mLinking CXX executable simple_controller[0m
[27.470s] [100%] Built target simple_controller
[27.495s] Invoked command in '/home/ros/difrobot_ws/build/difrobot_controller' returned '0': CMAKE_PREFIX_PATH=/opt/ros/humble /usr/bin/cmake --build /home/ros/difrobot_ws/build/difrobot_controller -- -j2 -l2
[27.595s] Invoking command in '/home/ros/difrobot_ws/build/difrobot_controller': CMAKE_PREFIX_PATH=/opt/ros/humble /usr/bin/cmake --install /home/ros/difrobot_ws/build/difrobot_controller
[27.615s] -- Install configuration: ""
[27.615s] -- Installing: /home/ros/difrobot_ws/install/difrobot_controller/share/difrobot_controller/environment/pythonpath.sh
[27.616s] -- Installing: /home/ros/difrobot_ws/install/difrobot_controller/share/difrobot_controller/environment/pythonpath.dsv
[27.616s] -- Installing: /home/ros/difrobot_ws/install/difrobot_controller/local/lib/python3.10/dist-packages/difrobot_controller-0.0.0-py3.10.egg-info
[27.616s] -- Installing: /home/ros/difrobot_ws/install/difrobot_controller/local/lib/python3.10/dist-packages/difrobot_controller-0.0.0-py3.10.egg-info/dependency_links.txt
[27.616s] -- Installing: /home/ros/difrobot_ws/install/difrobot_controller/local/lib/python3.10/dist-packages/difrobot_controller-0.0.0-py3.10.egg-info/SOURCES.txt
[27.616s] -- Installing: /home/ros/difrobot_ws/install/difrobot_controller/local/lib/python3.10/dist-packages/difrobot_controller-0.0.0-py3.10.egg-info/PKG-INFO
[27.617s] -- Installing: /home/ros/difrobot_ws/install/difrobot_controller/local/lib/python3.10/dist-packages/difrobot_controller-0.0.0-py3.10.egg-info/top_level.txt
[27.618s] -- Installing: /home/ros/difrobot_ws/install/difrobot_controller/local/lib/python3.10/dist-packages/difrobot_controller
[27.618s] -- Installing: /home/ros/difrobot_ws/install/difrobot_controller/local/lib/python3.10/dist-packages/difrobot_controller/simple_controller.py
[27.618s] -- Installing: /home/ros/difrobot_ws/install/difrobot_controller/local/lib/python3.10/dist-packages/difrobot_controller/__init__.py
[27.679s] Listing '/home/ros/difrobot_ws/install/difrobot_controller/local/lib/python3.10/dist-packages/difrobot_controller'...
[27.679s] Compiling '/home/ros/difrobot_ws/install/difrobot_controller/local/lib/python3.10/dist-packages/difrobot_controller/__init__.py'...
[27.679s] Compiling '/home/ros/difrobot_ws/install/difrobot_controller/local/lib/python3.10/dist-packages/difrobot_controller/simple_controller.py'...
[27.687s] -- Installing: /home/ros/difrobot_ws/install/difrobot_controller/include/include
[27.687s] -- Installing: /home/ros/difrobot_ws/install/difrobot_controller/include/include/difrobot_controller
[27.688s] -- Installing: /home/ros/difrobot_ws/install/difrobot_controller/include/include/difrobot_controller/simple_controller.hpp
[27.690s] -- Installing: /home/ros/difrobot_ws/install/difrobot_controller/lib/difrobot_controller/simple_controller
[27.696s] -- Set runtime path of "/home/ros/difrobot_ws/install/difrobot_controller/lib/difrobot_controller/simple_controller" to ""
[27.696s] -- Installing: /home/ros/difrobot_ws/install/difrobot_controller/share/difrobot_controller/launch
[27.696s] -- Installing: /home/ros/difrobot_ws/install/difrobot_controller/share/difrobot_controller/launch/controller.launch.py
[27.696s] -- Installing: /home/ros/difrobot_ws/install/difrobot_controller/share/difrobot_controller/config
[27.696s] -- Installing: /home/ros/difrobot_ws/install/difrobot_controller/share/difrobot_controller/config/difrobot_controllers.yaml
[27.697s] -- Installing: /home/ros/difrobot_ws/install/difrobot_controller/lib/difrobot_controller/simple_controller.py
[27.697s] -- Installing: /home/ros/difrobot_ws/install/difrobot_controller/share/ament_index/resource_index/package_run_dependencies/difrobot_controller
[27.697s] -- Installing: /home/ros/difrobot_ws/install/difrobot_controller/share/ament_index/resource_index/parent_prefix_path/difrobot_controller
[27.698s] -- Installing: /home/ros/difrobot_ws/install/difrobot_controller/share/difrobot_controller/environment/ament_prefix_path.sh
[27.698s] -- Installing: /home/ros/difrobot_ws/install/difrobot_controller/share/difrobot_controller/environment/ament_prefix_path.dsv
[27.698s] -- Installing: /home/ros/difrobot_ws/install/difrobot_controller/share/difrobot_controller/environment/path.sh
[27.699s] -- Installing: /home/ros/difrobot_ws/install/difrobot_controller/share/difrobot_controller/environment/path.dsv
[27.699s] -- Installing: /home/ros/difrobot_ws/install/difrobot_controller/share/difrobot_controller/local_setup.bash
[27.699s] -- Installing: /home/ros/difrobot_ws/install/difrobot_controller/share/difrobot_controller/local_setup.sh
[27.700s] -- Installing: /home/ros/difrobot_ws/install/difrobot_controller/share/difrobot_controller/local_setup.zsh
[27.700s] -- Installing: /home/ros/difrobot_ws/install/difrobot_controller/share/difrobot_controller/local_setup.dsv
[27.700s] -- Installing: /home/ros/difrobot_ws/install/difrobot_controller/share/difrobot_controller/package.dsv
[27.701s] -- Installing: /home/ros/difrobot_ws/install/difrobot_controller/share/ament_index/resource_index/packages/difrobot_controller
[27.701s] -- Installing: /home/ros/difrobot_ws/install/difrobot_controller/share/difrobot_controller/cmake/difrobot_controllerConfig.cmake
[27.701s] -- Installing: /home/ros/difrobot_ws/install/difrobot_controller/share/difrobot_controller/cmake/difrobot_controllerConfig-version.cmake
[27.702s] -- Installing: /home/ros/difrobot_ws/install/difrobot_controller/share/difrobot_controller/package.xml
[27.707s] Invoked command in '/home/ros/difrobot_ws/build/difrobot_controller' returned '0': CMAKE_PREFIX_PATH=/opt/ros/humble /usr/bin/cmake --install /home/ros/difrobot_ws/build/difrobot_controller
