[0.036s] Invoking command in '/home/ros/difrobot_ws/build/difrobot_msgs': CMAKE_PREFIX_PATH=${CMAKE_PREFIX_PATH}:/home/ros/difrobot_ws/install/difrobot_py_examples:/opt/ros/humble /usr/bin/cmake --build /home/ros/difrobot_ws/build/difrobot_msgs -- -j2 -l2
[0.216s] [  3%] Built target difrobot_msgs__cpp
[0.262s] [ 12%] Built target difrobot_msgs__rosidl_generator_c
[0.348s] [ 22%] Built target difrobot_msgs__rosidl_typesupport_cpp
[0.362s] [ 22%] Built target ament_cmake_python_copy_difrobot_msgs
[0.469s] [ 32%] Built target difrobot_msgs__rosidl_typesupport_fastrtps_c
[0.488s] [ 41%] Built target difrobot_msgs__rosidl_typesupport_fastrtps_cpp
[0.578s] [ 51%] Built target difrobot_msgs__rosidl_typesupport_introspection_c
[0.598s] [ 61%] Built target difrobot_msgs__rosidl_typesupport_c
[0.697s] [ 70%] Built target difrobot_msgs__rosidl_typesupport_introspection_cpp
[0.805s] [ 70%] Built target difrobot_msgs
[0.915s] [ 74%] Built target difrobot_msgs__py
[1.061s] [ 80%] Built target difrobot_msgs__rosidl_generator_py
[1.170s] [ 87%] Built target difrobot_msgs__rosidl_typesupport_fastrtps_c__pyext
[1.293s] [ 93%] Built target difrobot_msgs__rosidl_typesupport_introspection_c__pyext
[1.388s] [100%] Built target difrobot_msgs__rosidl_typesupport_c__pyext
[1.441s] running egg_info
[1.441s] writing difrobot_msgs.egg-info/PKG-INFO
[1.441s] writing dependency_links to difrobot_msgs.egg-info/dependency_links.txt
[1.442s] writing top-level names to difrobot_msgs.egg-info/top_level.txt
[1.447s] reading manifest file 'difrobot_msgs.egg-info/SOURCES.txt'
[1.447s] writing manifest file 'difrobot_msgs.egg-info/SOURCES.txt'
[1.503s] [100%] Built target ament_cmake_python_build_difrobot_msgs_egg
[1.527s] Invoked command in '/home/ros/difrobot_ws/build/difrobot_msgs' returned '0': CMAKE_PREFIX_PATH=${CMAKE_PREFIX_PATH}:/home/ros/difrobot_ws/install/difrobot_py_examples:/opt/ros/humble /usr/bin/cmake --build /home/ros/difrobot_ws/build/difrobot_msgs -- -j2 -l2
[1.798s] Invoking command in '/home/ros/difrobot_ws/build/difrobot_msgs': CMAKE_PREFIX_PATH=${CMAKE_PREFIX_PATH}:/home/ros/difrobot_ws/install/difrobot_py_examples:/opt/ros/humble /usr/bin/cmake --install /home/ros/difrobot_ws/build/difrobot_msgs
[1.816s] -- Install configuration: ""
[1.818s] -- Up-to-date: /home/ros/difrobot_ws/install/difrobot_msgs/share/ament_index/resource_index/rosidl_interfaces/difrobot_msgs
[1.818s] -- Up-to-date: /home/ros/difrobot_ws/install/difrobot_msgs/include/difrobot_msgs/difrobot_msgs
[1.819s] -- Up-to-date: /home/ros/difrobot_ws/install/difrobot_msgs/include/difrobot_msgs/difrobot_msgs/msg
[1.819s] -- Up-to-date: /home/ros/difrobot_ws/install/difrobot_msgs/include/difrobot_msgs/difrobot_msgs/msg/rosidl_generator_c__visibility_control.h
[1.819s] -- Up-to-date: /home/ros/difrobot_ws/install/difrobot_msgs/include/difrobot_msgs/difrobot_msgs/srv
[1.819s] -- Up-to-date: /home/ros/difrobot_ws/install/difrobot_msgs/include/difrobot_msgs/difrobot_msgs/srv/detail
[1.819s] -- Up-to-date: /home/ros/difrobot_ws/install/difrobot_msgs/include/difrobot_msgs/difrobot_msgs/srv/detail/add_two_ints__functions.c
[1.819s] -- Up-to-date: /home/ros/difrobot_ws/install/difrobot_msgs/include/difrobot_msgs/difrobot_msgs/srv/detail/add_two_ints__type_support.h
[1.820s] -- Up-to-date: /home/ros/difrobot_ws/install/difrobot_msgs/include/difrobot_msgs/difrobot_msgs/srv/detail/add_two_ints__functions.h
[1.820s] -- Up-to-date: /home/ros/difrobot_ws/install/difrobot_msgs/include/difrobot_msgs/difrobot_msgs/srv/detail/add_two_ints__struct.h
[1.820s] -- Up-to-date: /home/ros/difrobot_ws/install/difrobot_msgs/include/difrobot_msgs/difrobot_msgs/srv/add_two_ints.h
[1.820s] -- Up-to-date: /home/ros/difrobot_ws/install/difrobot_msgs/share/difrobot_msgs/environment/library_path.sh
[1.820s] -- Up-to-date: /home/ros/difrobot_ws/install/difrobot_msgs/share/difrobot_msgs/environment/library_path.dsv
[1.821s] -- Up-to-date: /home/ros/difrobot_ws/install/difrobot_msgs/lib/libdifrobot_msgs__rosidl_generator_c.so
[1.822s] -- Up-to-date: /home/ros/difrobot_ws/install/difrobot_msgs/include/difrobot_msgs/difrobot_msgs
[1.824s] -- Up-to-date: /home/ros/difrobot_ws/install/difrobot_msgs/include/difrobot_msgs/difrobot_msgs/msg
[1.824s] -- Up-to-date: /home/ros/difrobot_ws/install/difrobot_msgs/include/difrobot_msgs/difrobot_msgs/msg/rosidl_typesupport_fastrtps_c__visibility_control.h
[1.824s] -- Up-to-date: /home/ros/difrobot_ws/install/difrobot_msgs/include/difrobot_msgs/difrobot_msgs/srv
[1.826s] -- Up-to-date: /home/ros/difrobot_ws/install/difrobot_msgs/include/difrobot_msgs/difrobot_msgs/srv/detail
[1.826s] -- Up-to-date: /home/ros/difrobot_ws/install/difrobot_msgs/include/difrobot_msgs/difrobot_msgs/srv/detail/add_two_ints__rosidl_typesupport_fastrtps_c.h
[1.826s] -- Up-to-date: /home/ros/difrobot_ws/install/difrobot_msgs/lib/libdifrobot_msgs__rosidl_typesupport_fastrtps_c.so
[1.826s] -- Up-to-date: /home/ros/difrobot_ws/install/difrobot_msgs/include/difrobot_msgs/difrobot_msgs
[1.826s] -- Up-to-date: /home/ros/difrobot_ws/install/difrobot_msgs/include/difrobot_msgs/difrobot_msgs/srv
[1.826s] -- Up-to-date: /home/ros/difrobot_ws/install/difrobot_msgs/include/difrobot_msgs/difrobot_msgs/srv/detail
[1.827s] -- Up-to-date: /home/ros/difrobot_ws/install/difrobot_msgs/include/difrobot_msgs/difrobot_msgs/srv/detail/add_two_ints__traits.hpp
[1.827s] -- Up-to-date: /home/ros/difrobot_ws/install/difrobot_msgs/include/difrobot_msgs/difrobot_msgs/srv/detail/add_two_ints__builder.hpp
[1.827s] -- Up-to-date: /home/ros/difrobot_ws/install/difrobot_msgs/include/difrobot_msgs/difrobot_msgs/srv/detail/add_two_ints__struct.hpp
[1.827s] -- Up-to-date: /home/ros/difrobot_ws/install/difrobot_msgs/include/difrobot_msgs/difrobot_msgs/srv/add_two_ints.hpp
[1.827s] -- Up-to-date: /home/ros/difrobot_ws/install/difrobot_msgs/include/difrobot_msgs/difrobot_msgs
[1.827s] -- Up-to-date: /home/ros/difrobot_ws/install/difrobot_msgs/include/difrobot_msgs/difrobot_msgs/msg
[1.828s] -- Up-to-date: /home/ros/difrobot_ws/install/difrobot_msgs/include/difrobot_msgs/difrobot_msgs/msg/rosidl_typesupport_fastrtps_cpp__visibility_control.h
[1.831s] -- Up-to-date: /home/ros/difrobot_ws/install/difrobot_msgs/include/difrobot_msgs/difrobot_msgs/srv
[1.831s] -- Up-to-date: /home/ros/difrobot_ws/install/difrobot_msgs/include/difrobot_msgs/difrobot_msgs/srv/detail
[1.831s] -- Up-to-date: /home/ros/difrobot_ws/install/difrobot_msgs/include/difrobot_msgs/difrobot_msgs/srv/detail/add_two_ints__rosidl_typesupport_fastrtps_cpp.hpp
[1.832s] -- Up-to-date: /home/ros/difrobot_ws/install/difrobot_msgs/include/difrobot_msgs/difrobot_msgs/srv/detail/dds_fastrtps
[1.832s] -- Up-to-date: /home/ros/difrobot_ws/install/difrobot_msgs/lib/libdifrobot_msgs__rosidl_typesupport_fastrtps_cpp.so
[1.832s] -- Up-to-date: /home/ros/difrobot_ws/install/difrobot_msgs/include/difrobot_msgs/difrobot_msgs
[1.833s] -- Up-to-date: /home/ros/difrobot_ws/install/difrobot_msgs/include/difrobot_msgs/difrobot_msgs/msg
[1.833s] -- Up-to-date: /home/ros/difrobot_ws/install/difrobot_msgs/include/difrobot_msgs/difrobot_msgs/msg/rosidl_typesupport_introspection_c__visibility_control.h
[1.833s] -- Up-to-date: /home/ros/difrobot_ws/install/difrobot_msgs/include/difrobot_msgs/difrobot_msgs/srv
[1.834s] -- Up-to-date: /home/ros/difrobot_ws/install/difrobot_msgs/include/difrobot_msgs/difrobot_msgs/srv/detail
[1.835s] -- Up-to-date: /home/ros/difrobot_ws/install/difrobot_msgs/include/difrobot_msgs/difrobot_msgs/srv/detail/add_two_ints__rosidl_typesupport_introspection_c.h
[1.835s] -- Up-to-date: /home/ros/difrobot_ws/install/difrobot_msgs/include/difrobot_msgs/difrobot_msgs/srv/detail/add_two_ints__type_support.c
[1.835s] -- Up-to-date: /home/ros/difrobot_ws/install/difrobot_msgs/lib/libdifrobot_msgs__rosidl_typesupport_introspection_c.so
[1.835s] -- Up-to-date: /home/ros/difrobot_ws/install/difrobot_msgs/lib/libdifrobot_msgs__rosidl_typesupport_c.so
[1.835s] -- Up-to-date: /home/ros/difrobot_ws/install/difrobot_msgs/include/difrobot_msgs/difrobot_msgs
[1.835s] -- Up-to-date: /home/ros/difrobot_ws/install/difrobot_msgs/include/difrobot_msgs/difrobot_msgs/srv
[1.840s] -- Up-to-date: /home/ros/difrobot_ws/install/difrobot_msgs/include/difrobot_msgs/difrobot_msgs/srv/detail
[1.840s] -- Up-to-date: /home/ros/difrobot_ws/install/difrobot_msgs/include/difrobot_msgs/difrobot_msgs/srv/detail/add_two_ints__type_support.cpp
[1.840s] -- Up-to-date: /home/ros/difrobot_ws/install/difrobot_msgs/include/difrobot_msgs/difrobot_msgs/srv/detail/add_two_ints__rosidl_typesupport_introspection_cpp.hpp
[1.840s] -- Up-to-date: /home/ros/difrobot_ws/install/difrobot_msgs/lib/libdifrobot_msgs__rosidl_typesupport_introspection_cpp.so
[1.840s] -- Up-to-date: /home/ros/difrobot_ws/install/difrobot_msgs/lib/libdifrobot_msgs__rosidl_typesupport_cpp.so
[1.840s] -- Up-to-date: /home/ros/difrobot_ws/install/difrobot_msgs/share/difrobot_msgs/environment/pythonpath.sh
[1.840s] -- Up-to-date: /home/ros/difrobot_ws/install/difrobot_msgs/share/difrobot_msgs/environment/pythonpath.dsv
[1.841s] -- Up-to-date: /home/ros/difrobot_ws/install/difrobot_msgs/local/lib/python3.10/dist-packages/difrobot_msgs-0.0.0-py3.10.egg-info
[1.841s] -- Installing: /home/ros/difrobot_ws/install/difrobot_msgs/local/lib/python3.10/dist-packages/difrobot_msgs-0.0.0-py3.10.egg-info/dependency_links.txt
[1.844s] -- Installing: /home/ros/difrobot_ws/install/difrobot_msgs/local/lib/python3.10/dist-packages/difrobot_msgs-0.0.0-py3.10.egg-info/SOURCES.txt
[1.844s] -- Installing: /home/ros/difrobot_ws/install/difrobot_msgs/local/lib/python3.10/dist-packages/difrobot_msgs-0.0.0-py3.10.egg-info/PKG-INFO
[1.844s] -- Installing: /home/ros/difrobot_ws/install/difrobot_msgs/local/lib/python3.10/dist-packages/difrobot_msgs-0.0.0-py3.10.egg-info/top_level.txt
[1.844s] -- Up-to-date: /home/ros/difrobot_ws/install/difrobot_msgs/local/lib/python3.10/dist-packages/difrobot_msgs
[1.845s] -- Up-to-date: /home/ros/difrobot_ws/install/difrobot_msgs/local/lib/python3.10/dist-packages/difrobot_msgs/libdifrobot_msgs__rosidl_generator_py.so
[1.845s] -- Up-to-date: /home/ros/difrobot_ws/install/difrobot_msgs/local/lib/python3.10/dist-packages/difrobot_msgs/_difrobot_msgs_s.ep.rosidl_typesupport_c.c
[1.845s] -- Up-to-date: /home/ros/difrobot_ws/install/difrobot_msgs/local/lib/python3.10/dist-packages/difrobot_msgs/_difrobot_msgs_s.ep.rosidl_typesupport_introspection_c.c
[1.845s] -- Up-to-date: /home/ros/difrobot_ws/install/difrobot_msgs/local/lib/python3.10/dist-packages/difrobot_msgs/difrobot_msgs_s__rosidl_typesupport_c.cpython-310-x86_64-linux-gnu.so
[1.845s] -- Up-to-date: /home/ros/difrobot_ws/install/difrobot_msgs/local/lib/python3.10/dist-packages/difrobot_msgs/__init__.py
[1.845s] -- Up-to-date: /home/ros/difrobot_ws/install/difrobot_msgs/local/lib/python3.10/dist-packages/difrobot_msgs/_difrobot_msgs_s.ep.rosidl_typesupport_fastrtps_c.c
[1.845s] -- Up-to-date: /home/ros/difrobot_ws/install/difrobot_msgs/local/lib/python3.10/dist-packages/difrobot_msgs/srv
[1.845s] -- Up-to-date: /home/ros/difrobot_ws/install/difrobot_msgs/local/lib/python3.10/dist-packages/difrobot_msgs/srv/_add_two_ints.py
[1.845s] -- Up-to-date: /home/ros/difrobot_ws/install/difrobot_msgs/local/lib/python3.10/dist-packages/difrobot_msgs/srv/_add_two_ints_s.c
[1.848s] -- Up-to-date: /home/ros/difrobot_ws/install/difrobot_msgs/local/lib/python3.10/dist-packages/difrobot_msgs/srv/__init__.py
[1.848s] -- Up-to-date: /home/ros/difrobot_ws/install/difrobot_msgs/local/lib/python3.10/dist-packages/difrobot_msgs/difrobot_msgs_s__rosidl_typesupport_fastrtps_c.cpython-310-x86_64-linux-gnu.so
[1.848s] -- Up-to-date: /home/ros/difrobot_ws/install/difrobot_msgs/local/lib/python3.10/dist-packages/difrobot_msgs/difrobot_msgs_s__rosidl_typesupport_introspection_c.cpython-310-x86_64-linux-gnu.so
[1.901s] Listing '/home/ros/difrobot_ws/install/difrobot_msgs/local/lib/python3.10/dist-packages/difrobot_msgs'...
[1.902s] Listing '/home/ros/difrobot_ws/install/difrobot_msgs/local/lib/python3.10/dist-packages/difrobot_msgs/srv'...
[1.909s] -- Up-to-date: /home/ros/difrobot_ws/install/difrobot_msgs/local/lib/python3.10/dist-packages/difrobot_msgs/difrobot_msgs_s__rosidl_typesupport_fastrtps_c.cpython-310-x86_64-linux-gnu.so
[1.909s] -- Up-to-date: /home/ros/difrobot_ws/install/difrobot_msgs/local/lib/python3.10/dist-packages/difrobot_msgs/difrobot_msgs_s__rosidl_typesupport_introspection_c.cpython-310-x86_64-linux-gnu.so
[1.912s] -- Up-to-date: /home/ros/difrobot_ws/install/difrobot_msgs/local/lib/python3.10/dist-packages/difrobot_msgs/difrobot_msgs_s__rosidl_typesupport_c.cpython-310-x86_64-linux-gnu.so
[1.912s] -- Up-to-date: /home/ros/difrobot_ws/install/difrobot_msgs/lib/libdifrobot_msgs__rosidl_generator_py.so
[1.912s] -- Up-to-date: /home/ros/difrobot_ws/install/difrobot_msgs/share/difrobot_msgs/srv/AddTwoInts.idl
[1.912s] -- Up-to-date: /home/ros/difrobot_ws/install/difrobot_msgs/share/difrobot_msgs/srv/AddTwoInts.srv
[1.912s] -- Up-to-date: /home/ros/difrobot_ws/install/difrobot_msgs/share/difrobot_msgs/srv/AddTwoInts_Request.msg
[1.913s] -- Up-to-date: /home/ros/difrobot_ws/install/difrobot_msgs/share/difrobot_msgs/srv/AddTwoInts_Response.msg
[1.913s] -- Up-to-date: /home/ros/difrobot_ws/install/difrobot_msgs/share/ament_index/resource_index/package_run_dependencies/difrobot_msgs
[1.913s] -- Up-to-date: /home/ros/difrobot_ws/install/difrobot_msgs/share/ament_index/resource_index/parent_prefix_path/difrobot_msgs
[1.913s] -- Up-to-date: /home/ros/difrobot_ws/install/difrobot_msgs/share/difrobot_msgs/environment/ament_prefix_path.sh
[1.913s] -- Up-to-date: /home/ros/difrobot_ws/install/difrobot_msgs/share/difrobot_msgs/environment/ament_prefix_path.dsv
[1.915s] -- Up-to-date: /home/ros/difrobot_ws/install/difrobot_msgs/share/difrobot_msgs/environment/path.sh
[1.916s] -- Up-to-date: /home/ros/difrobot_ws/install/difrobot_msgs/share/difrobot_msgs/environment/path.dsv
[1.916s] -- Up-to-date: /home/ros/difrobot_ws/install/difrobot_msgs/share/difrobot_msgs/local_setup.bash
[1.916s] -- Up-to-date: /home/ros/difrobot_ws/install/difrobot_msgs/share/difrobot_msgs/local_setup.sh
[1.916s] -- Up-to-date: /home/ros/difrobot_ws/install/difrobot_msgs/share/difrobot_msgs/local_setup.zsh
[1.916s] -- Up-to-date: /home/ros/difrobot_ws/install/difrobot_msgs/share/difrobot_msgs/local_setup.dsv
[1.916s] -- Installing: /home/ros/difrobot_ws/install/difrobot_msgs/share/difrobot_msgs/package.dsv
[1.917s] -- Up-to-date: /home/ros/difrobot_ws/install/difrobot_msgs/share/ament_index/resource_index/packages/difrobot_msgs
[1.917s] -- Up-to-date: /home/ros/difrobot_ws/install/difrobot_msgs/share/difrobot_msgs/cmake/export_difrobot_msgs__rosidl_generator_cExport.cmake
[1.917s] -- Up-to-date: /home/ros/difrobot_ws/install/difrobot_msgs/share/difrobot_msgs/cmake/export_difrobot_msgs__rosidl_generator_cExport-noconfig.cmake
[1.917s] -- Up-to-date: /home/ros/difrobot_ws/install/difrobot_msgs/share/difrobot_msgs/cmake/export_difrobot_msgs__rosidl_typesupport_fastrtps_cExport.cmake
[1.917s] -- Up-to-date: /home/ros/difrobot_ws/install/difrobot_msgs/share/difrobot_msgs/cmake/export_difrobot_msgs__rosidl_typesupport_fastrtps_cExport-noconfig.cmake
[1.917s] -- Up-to-date: /home/ros/difrobot_ws/install/difrobot_msgs/share/difrobot_msgs/cmake/export_difrobot_msgs__rosidl_generator_cppExport.cmake
[1.918s] -- Up-to-date: /home/ros/difrobot_ws/install/difrobot_msgs/share/difrobot_msgs/cmake/export_difrobot_msgs__rosidl_typesupport_fastrtps_cppExport.cmake
[1.918s] -- Up-to-date: /home/ros/difrobot_ws/install/difrobot_msgs/share/difrobot_msgs/cmake/export_difrobot_msgs__rosidl_typesupport_fastrtps_cppExport-noconfig.cmake
[1.918s] -- Up-to-date: /home/ros/difrobot_ws/install/difrobot_msgs/share/difrobot_msgs/cmake/difrobot_msgs__rosidl_typesupport_introspection_cExport.cmake
[1.918s] -- Up-to-date: /home/ros/difrobot_ws/install/difrobot_msgs/share/difrobot_msgs/cmake/difrobot_msgs__rosidl_typesupport_introspection_cExport-noconfig.cmake
[1.918s] -- Up-to-date: /home/ros/difrobot_ws/install/difrobot_msgs/share/difrobot_msgs/cmake/difrobot_msgs__rosidl_typesupport_cExport.cmake
[1.918s] -- Up-to-date: /home/ros/difrobot_ws/install/difrobot_msgs/share/difrobot_msgs/cmake/difrobot_msgs__rosidl_typesupport_cExport-noconfig.cmake
[1.918s] -- Up-to-date: /home/ros/difrobot_ws/install/difrobot_msgs/share/difrobot_msgs/cmake/difrobot_msgs__rosidl_typesupport_introspection_cppExport.cmake
[1.919s] -- Up-to-date: /home/ros/difrobot_ws/install/difrobot_msgs/share/difrobot_msgs/cmake/difrobot_msgs__rosidl_typesupport_introspection_cppExport-noconfig.cmake
[1.919s] -- Up-to-date: /home/ros/difrobot_ws/install/difrobot_msgs/share/difrobot_msgs/cmake/difrobot_msgs__rosidl_typesupport_cppExport.cmake
[1.919s] -- Up-to-date: /home/ros/difrobot_ws/install/difrobot_msgs/share/difrobot_msgs/cmake/difrobot_msgs__rosidl_typesupport_cppExport-noconfig.cmake
[1.920s] -- Up-to-date: /home/ros/difrobot_ws/install/difrobot_msgs/share/difrobot_msgs/cmake/export_difrobot_msgs__rosidl_generator_pyExport.cmake
[1.920s] -- Up-to-date: /home/ros/difrobot_ws/install/difrobot_msgs/share/difrobot_msgs/cmake/export_difrobot_msgs__rosidl_generator_pyExport-noconfig.cmake
[1.920s] -- Up-to-date: /home/ros/difrobot_ws/install/difrobot_msgs/share/difrobot_msgs/cmake/rosidl_cmake-extras.cmake
[1.920s] -- Up-to-date: /home/ros/difrobot_ws/install/difrobot_msgs/share/difrobot_msgs/cmake/ament_cmake_export_include_directories-extras.cmake
[1.920s] -- Up-to-date: /home/ros/difrobot_ws/install/difrobot_msgs/share/difrobot_msgs/cmake/ament_cmake_export_libraries-extras.cmake
[1.920s] -- Up-to-date: /home/ros/difrobot_ws/install/difrobot_msgs/share/difrobot_msgs/cmake/ament_cmake_export_targets-extras.cmake
[1.920s] -- Up-to-date: /home/ros/difrobot_ws/install/difrobot_msgs/share/difrobot_msgs/cmake/rosidl_cmake_export_typesupport_targets-extras.cmake
[1.921s] -- Up-to-date: /home/ros/difrobot_ws/install/difrobot_msgs/share/difrobot_msgs/cmake/ament_cmake_export_dependencies-extras.cmake
[1.921s] -- Up-to-date: /home/ros/difrobot_ws/install/difrobot_msgs/share/difrobot_msgs/cmake/rosidl_cmake_export_typesupport_libraries-extras.cmake
[1.921s] -- Up-to-date: /home/ros/difrobot_ws/install/difrobot_msgs/share/difrobot_msgs/cmake/difrobot_msgsConfig.cmake
[1.921s] -- Up-to-date: /home/ros/difrobot_ws/install/difrobot_msgs/share/difrobot_msgs/cmake/difrobot_msgsConfig-version.cmake
[1.921s] -- Up-to-date: /home/ros/difrobot_ws/install/difrobot_msgs/share/difrobot_msgs/package.xml
[1.926s] Invoked command in '/home/ros/difrobot_ws/build/difrobot_msgs' returned '0': CMAKE_PREFIX_PATH=${CMAKE_PREFIX_PATH}:/home/ros/difrobot_ws/install/difrobot_py_examples:/opt/ros/humble /usr/bin/cmake --install /home/ros/difrobot_ws/build/difrobot_msgs
