[1.275s] Invoking command in '/home/ros/difrobot_ws/src/difrobot_py_examples': PYTHONPATH=/home/ros/difrobot_ws/build/difrobot_py_examples/prefix_override:/usr/lib/python3/dist-packages/colcon_core/task/python/colcon_distutils_commands:/home/ros/difrobot_ws/install/difrobot_py_examples/lib/python3.10/site-packages:${PYTHONPATH} /usr/bin/python3 -W ignore:setup.py install is deprecated setup.py egg_info --egg-base ../../build/difrobot_py_examples build --build-base /home/ros/difrobot_ws/build/difrobot_py_examples/build install --record /home/ros/difrobot_ws/build/difrobot_py_examples/install.log --single-version-externally-managed install_data
[1.866s] running egg_info
[1.868s] writing ../../build/difrobot_py_examples/difrobot_py_examples.egg-info/PKG-INFO
[1.868s] writing dependency_links to ../../build/difrobot_py_examples/difrobot_py_examples.egg-info/dependency_links.txt
[1.869s] writing entry points to ../../build/difrobot_py_examples/difrobot_py_examples.egg-info/entry_points.txt
[1.870s] writing requirements to ../../build/difrobot_py_examples/difrobot_py_examples.egg-info/requires.txt
[1.870s] writing top-level names to ../../build/difrobot_py_examples/difrobot_py_examples.egg-info/top_level.txt
[1.874s] reading manifest file '../../build/difrobot_py_examples/difrobot_py_examples.egg-info/SOURCES.txt'
[1.875s] writing manifest file '../../build/difrobot_py_examples/difrobot_py_examples.egg-info/SOURCES.txt'
[1.876s] running build
[1.876s] running build_py
[1.877s] running install
[1.878s] running install_lib
[1.880s] running install_data
[1.881s] running install_egg_info
[1.884s] removing '/home/ros/difrobot_ws/install/difrobot_py_examples/lib/python3.10/site-packages/difrobot_py_examples-0.0.0-py3.10.egg-info' (and everything under it)
[1.884s] Copying ../../build/difrobot_py_examples/difrobot_py_examples.egg-info to /home/ros/difrobot_ws/install/difrobot_py_examples/lib/python3.10/site-packages/difrobot_py_examples-0.0.0-py3.10.egg-info
[1.887s] running install_scripts
[1.925s] Installing simple_service_client script to /home/ros/difrobot_ws/install/difrobot_py_examples/lib/difrobot_py_examples
[1.926s] Installing simple_service_server script to /home/ros/difrobot_ws/install/difrobot_py_examples/lib/difrobot_py_examples
[1.926s] Installing simple_tf_kinematics script to /home/ros/difrobot_ws/install/difrobot_py_examples/lib/difrobot_py_examples
[1.926s] Installing simple_turtlesim_kinematics script to /home/ros/difrobot_ws/install/difrobot_py_examples/lib/difrobot_py_examples
[1.929s] writing list of installed files to '/home/ros/difrobot_ws/build/difrobot_py_examples/install.log'
[1.970s] Invoked command in '/home/ros/difrobot_ws/src/difrobot_py_examples' returned '0': PYTHONPATH=/home/ros/difrobot_ws/build/difrobot_py_examples/prefix_override:/usr/lib/python3/dist-packages/colcon_core/task/python/colcon_distutils_commands:/home/ros/difrobot_ws/install/difrobot_py_examples/lib/python3.10/site-packages:${PYTHONPATH} /usr/bin/python3 -W ignore:setup.py install is deprecated setup.py egg_info --egg-base ../../build/difrobot_py_examples build --build-base /home/ros/difrobot_ws/build/difrobot_py_examples/build install --record /home/ros/difrobot_ws/build/difrobot_py_examples/install.log --single-version-externally-managed install_data
