[0.199s] DEBUG:colcon:Command line arguments: ['/usr/bin/colcon', 'build']
[0.199s] DEBUG:colcon:Parsed command line arguments: Namespace(log_base=None, log_level=None, verb_name='build', build_base='build', install_base='install', merge_install=False, symlink_install=False, test_result_base=None, continue_on_error=False, executor='parallel', parallel_workers=2, event_handlers=None, ignore_user_meta=False, metas=['./colcon.meta'], base_paths=['.'], packages_ignore=None, packages_ignore_regex=None, paths=None, packages_up_to=None, packages_up_to_regex=None, packages_above=None, packages_above_and_dependencies=None, packages_above_depth=None, packages_select_by_dep=None, packages_skip_by_dep=None, packages_skip_up_to=None, packages_select_build_failed=False, packages_skip_build_finished=False, packages_select_test_failures=False, packages_skip_test_passed=False, packages_select=None, packages_skip=None, packages_select_regex=None, packages_skip_regex=None, packages_start=None, packages_end=None, allow_overriding=[], cmake_args=None, cmake_target=None, cmake_target_skip_unavailable=False, cmake_clean_cache=False, cmake_clean_first=False, cmake_force_configure=False, ament_cmake_args=None, catkin_cmake_args=None, catkin_skip_building_tests=False, verb_parser=<colcon_defaults.argument_parser.defaults.DefaultArgumentsDecorator object at 0x705dc3a345b0>, verb_extension=<colcon_core.verb.build.BuildVerb object at 0x705dc3a340d0>, main=<bound method BuildVerb.main of <colcon_core.verb.build.BuildVerb object at 0x705dc3a340d0>>)
[0.497s] Level 1:colcon.colcon_core.package_discovery:discover_packages(colcon_meta) check parameters
[0.497s] Level 1:colcon.colcon_core.package_discovery:discover_packages(recursive) check parameters
[0.497s] Level 1:colcon.colcon_core.package_discovery:discover_packages(ignore) check parameters
[0.497s] Level 1:colcon.colcon_core.package_discovery:discover_packages(path) check parameters
[0.497s] Level 1:colcon.colcon_core.package_discovery:discover_packages(colcon_meta) discover
[0.497s] Level 1:colcon.colcon_core.package_discovery:discover_packages(recursive) discover
[0.497s] INFO:colcon.colcon_core.package_discovery:Crawling recursively for packages in '/home/ros/difrobot_ws'
[0.497s] Level 1:colcon.colcon_core.package_identification:_identify(.) by extensions ['ignore', 'ignore_ament_install']
[0.497s] Level 1:colcon.colcon_core.package_identification:_identify(.) by extension 'ignore'
[0.498s] Level 1:colcon.colcon_core.package_identification:_identify(.) by extension 'ignore_ament_install'
[0.498s] Level 1:colcon.colcon_core.package_identification:_identify(.) by extensions ['colcon_pkg']
[0.498s] Level 1:colcon.colcon_core.package_identification:_identify(.) by extension 'colcon_pkg'
[0.498s] Level 1:colcon.colcon_core.package_identification:_identify(.) by extensions ['colcon_meta']
[0.498s] Level 1:colcon.colcon_core.package_identification:_identify(.) by extension 'colcon_meta'
[0.498s] Level 1:colcon.colcon_core.package_identification:_identify(.) by extensions ['ros']
[0.498s] Level 1:colcon.colcon_core.package_identification:_identify(.) by extension 'ros'
[0.519s] Level 1:colcon.colcon_core.package_identification:_identify(.) by extensions ['cmake', 'python']
[0.519s] Level 1:colcon.colcon_core.package_identification:_identify(.) by extension 'cmake'
[0.519s] Level 1:colcon.colcon_core.package_identification:_identify(.) by extension 'python'
[0.519s] Level 1:colcon.colcon_core.package_identification:_identify(.) by extensions ['python_setup_py']
[0.519s] Level 1:colcon.colcon_core.package_identification:_identify(.) by extension 'python_setup_py'
[0.520s] Level 1:colcon.colcon_core.package_identification:_identify(build) by extensions ['ignore', 'ignore_ament_install']
[0.520s] Level 1:colcon.colcon_core.package_identification:_identify(build) by extension 'ignore'
[0.520s] Level 1:colcon.colcon_core.package_identification:_identify(build) ignored
[0.520s] Level 1:colcon.colcon_core.package_identification:_identify(install) by extensions ['ignore', 'ignore_ament_install']
[0.520s] Level 1:colcon.colcon_core.package_identification:_identify(install) by extension 'ignore'
[0.520s] Level 1:colcon.colcon_core.package_identification:_identify(install) ignored
[0.521s] Level 1:colcon.colcon_core.package_identification:_identify(log) by extensions ['ignore', 'ignore_ament_install']
[0.521s] Level 1:colcon.colcon_core.package_identification:_identify(log) by extension 'ignore'
[0.521s] Level 1:colcon.colcon_core.package_identification:_identify(log) ignored
[0.521s] Level 1:colcon.colcon_core.package_identification:_identify(src) by extensions ['ignore', 'ignore_ament_install']
[0.521s] Level 1:colcon.colcon_core.package_identification:_identify(src) by extension 'ignore'
[0.521s] Level 1:colcon.colcon_core.package_identification:_identify(src) by extension 'ignore_ament_install'
[0.521s] Level 1:colcon.colcon_core.package_identification:_identify(src) by extensions ['colcon_pkg']
[0.521s] Level 1:colcon.colcon_core.package_identification:_identify(src) by extension 'colcon_pkg'
[0.521s] Level 1:colcon.colcon_core.package_identification:_identify(src) by extensions ['colcon_meta']
[0.521s] Level 1:colcon.colcon_core.package_identification:_identify(src) by extension 'colcon_meta'
[0.522s] Level 1:colcon.colcon_core.package_identification:_identify(src) by extensions ['ros']
[0.522s] Level 1:colcon.colcon_core.package_identification:_identify(src) by extension 'ros'
[0.522s] Level 1:colcon.colcon_core.package_identification:_identify(src) by extensions ['cmake', 'python']
[0.522s] Level 1:colcon.colcon_core.package_identification:_identify(src) by extension 'cmake'
[0.522s] Level 1:colcon.colcon_core.package_identification:_identify(src) by extension 'python'
[0.522s] Level 1:colcon.colcon_core.package_identification:_identify(src) by extensions ['python_setup_py']
[0.522s] Level 1:colcon.colcon_core.package_identification:_identify(src) by extension 'python_setup_py'
[0.522s] Level 1:colcon.colcon_core.package_identification:_identify(src/difrobot_controller) by extensions ['ignore', 'ignore_ament_install']
[0.522s] Level 1:colcon.colcon_core.package_identification:_identify(src/difrobot_controller) by extension 'ignore'
[0.522s] Level 1:colcon.colcon_core.package_identification:_identify(src/difrobot_controller) by extension 'ignore_ament_install'
[0.522s] Level 1:colcon.colcon_core.package_identification:_identify(src/difrobot_controller) by extensions ['colcon_pkg']
[0.523s] Level 1:colcon.colcon_core.package_identification:_identify(src/difrobot_controller) by extension 'colcon_pkg'
[0.523s] Level 1:colcon.colcon_core.package_identification:_identify(src/difrobot_controller) by extensions ['colcon_meta']
[0.523s] Level 1:colcon.colcon_core.package_identification:_identify(src/difrobot_controller) by extension 'colcon_meta'
[0.523s] Level 1:colcon.colcon_core.package_identification:_identify(src/difrobot_controller) by extensions ['ros']
[0.523s] Level 1:colcon.colcon_core.package_identification:_identify(src/difrobot_controller) by extension 'ros'
[0.529s] DEBUG:colcon.colcon_core.package_identification:Package 'src/difrobot_controller' with type 'ros.ament_cmake' and name 'difrobot_controller'
[0.530s] Level 1:colcon.colcon_core.package_identification:_identify(src/difrobot_description) by extensions ['ignore', 'ignore_ament_install']
[0.530s] Level 1:colcon.colcon_core.package_identification:_identify(src/difrobot_description) by extension 'ignore'
[0.530s] Level 1:colcon.colcon_core.package_identification:_identify(src/difrobot_description) by extension 'ignore_ament_install'
[0.530s] Level 1:colcon.colcon_core.package_identification:_identify(src/difrobot_description) by extensions ['colcon_pkg']
[0.530s] Level 1:colcon.colcon_core.package_identification:_identify(src/difrobot_description) by extension 'colcon_pkg'
[0.530s] Level 1:colcon.colcon_core.package_identification:_identify(src/difrobot_description) by extensions ['colcon_meta']
[0.530s] Level 1:colcon.colcon_core.package_identification:_identify(src/difrobot_description) by extension 'colcon_meta'
[0.530s] Level 1:colcon.colcon_core.package_identification:_identify(src/difrobot_description) by extensions ['ros']
[0.531s] Level 1:colcon.colcon_core.package_identification:_identify(src/difrobot_description) by extension 'ros'
[0.531s] DEBUG:colcon.colcon_core.package_identification:Package 'src/difrobot_description' with type 'ros.ament_cmake' and name 'difrobot_description'
[0.532s] Level 1:colcon.colcon_core.package_identification:_identify(src/difrobot_firmware) by extensions ['ignore', 'ignore_ament_install']
[0.532s] Level 1:colcon.colcon_core.package_identification:_identify(src/difrobot_firmware) by extension 'ignore'
[0.532s] Level 1:colcon.colcon_core.package_identification:_identify(src/difrobot_firmware) by extension 'ignore_ament_install'
[0.532s] Level 1:colcon.colcon_core.package_identification:_identify(src/difrobot_firmware) by extensions ['colcon_pkg']
[0.532s] Level 1:colcon.colcon_core.package_identification:_identify(src/difrobot_firmware) by extension 'colcon_pkg'
[0.532s] Level 1:colcon.colcon_core.package_identification:_identify(src/difrobot_firmware) by extensions ['colcon_meta']
[0.532s] Level 1:colcon.colcon_core.package_identification:_identify(src/difrobot_firmware) by extension 'colcon_meta'
[0.532s] Level 1:colcon.colcon_core.package_identification:_identify(src/difrobot_firmware) by extensions ['ros']
[0.532s] Level 1:colcon.colcon_core.package_identification:_identify(src/difrobot_firmware) by extension 'ros'
[0.534s] DEBUG:colcon.colcon_core.package_identification:Package 'src/difrobot_firmware' with type 'ros.ament_cmake' and name 'difrobot_firmware'
[0.534s] Level 1:colcon.colcon_core.package_identification:_identify(src/difrobot_msgs) by extensions ['ignore', 'ignore_ament_install']
[0.534s] Level 1:colcon.colcon_core.package_identification:_identify(src/difrobot_msgs) by extension 'ignore'
[0.534s] Level 1:colcon.colcon_core.package_identification:_identify(src/difrobot_msgs) by extension 'ignore_ament_install'
[0.534s] Level 1:colcon.colcon_core.package_identification:_identify(src/difrobot_msgs) by extensions ['colcon_pkg']
[0.534s] Level 1:colcon.colcon_core.package_identification:_identify(src/difrobot_msgs) by extension 'colcon_pkg'
[0.534s] Level 1:colcon.colcon_core.package_identification:_identify(src/difrobot_msgs) by extensions ['colcon_meta']
[0.534s] Level 1:colcon.colcon_core.package_identification:_identify(src/difrobot_msgs) by extension 'colcon_meta'
[0.534s] Level 1:colcon.colcon_core.package_identification:_identify(src/difrobot_msgs) by extensions ['ros']
[0.534s] Level 1:colcon.colcon_core.package_identification:_identify(src/difrobot_msgs) by extension 'ros'
[0.535s] DEBUG:colcon.colcon_core.package_identification:Package 'src/difrobot_msgs' with type 'ros.ament_cmake' and name 'difrobot_msgs'
[0.536s] Level 1:colcon.colcon_core.package_identification:_identify(src/difrobot_py_examples) by extensions ['ignore', 'ignore_ament_install']
[0.536s] Level 1:colcon.colcon_core.package_identification:_identify(src/difrobot_py_examples) by extension 'ignore'
[0.536s] Level 1:colcon.colcon_core.package_identification:_identify(src/difrobot_py_examples) by extension 'ignore_ament_install'
[0.536s] Level 1:colcon.colcon_core.package_identification:_identify(src/difrobot_py_examples) by extensions ['colcon_pkg']
[0.536s] Level 1:colcon.colcon_core.package_identification:_identify(src/difrobot_py_examples) by extension 'colcon_pkg'
[0.536s] Level 1:colcon.colcon_core.package_identification:_identify(src/difrobot_py_examples) by extensions ['colcon_meta']
[0.536s] Level 1:colcon.colcon_core.package_identification:_identify(src/difrobot_py_examples) by extension 'colcon_meta'
[0.536s] Level 1:colcon.colcon_core.package_identification:_identify(src/difrobot_py_examples) by extensions ['ros']
[0.536s] Level 1:colcon.colcon_core.package_identification:_identify(src/difrobot_py_examples) by extension 'ros'
[0.538s] DEBUG:colcon.colcon_core.package_identification:Package 'src/difrobot_py_examples' with type 'ros.ament_python' and name 'difrobot_py_examples'
[0.538s] Level 1:colcon.colcon_core.package_discovery:discover_packages(recursive) using defaults
[0.538s] Level 1:colcon.colcon_core.package_discovery:discover_packages(ignore) discover
[0.538s] Level 1:colcon.colcon_core.package_discovery:discover_packages(ignore) using defaults
[0.538s] Level 1:colcon.colcon_core.package_discovery:discover_packages(path) discover
[0.538s] Level 1:colcon.colcon_core.package_discovery:discover_packages(path) using defaults
[0.577s] Level 1:colcon.colcon_core.package_discovery:discover_packages(prefix_path) check parameters
[0.577s] Level 1:colcon.colcon_core.package_discovery:discover_packages(prefix_path) discover
[0.582s] DEBUG:colcon.colcon_installed_package_information.package_discovery:Found 327 installed packages in /opt/ros/humble
[0.585s] Level 1:colcon.colcon_core.package_discovery:discover_packages(prefix_path) using defaults
[0.681s] Level 5:colcon.colcon_core.verb:set package 'difrobot_controller' build argument 'cmake_args' from command line to 'None'
[0.681s] Level 5:colcon.colcon_core.verb:set package 'difrobot_controller' build argument 'cmake_target' from command line to 'None'
[0.681s] Level 5:colcon.colcon_core.verb:set package 'difrobot_controller' build argument 'cmake_target_skip_unavailable' from command line to 'False'
[0.681s] Level 5:colcon.colcon_core.verb:set package 'difrobot_controller' build argument 'cmake_clean_cache' from command line to 'False'
[0.681s] Level 5:colcon.colcon_core.verb:set package 'difrobot_controller' build argument 'cmake_clean_first' from command line to 'False'
[0.681s] Level 5:colcon.colcon_core.verb:set package 'difrobot_controller' build argument 'cmake_force_configure' from command line to 'False'
[0.682s] Level 5:colcon.colcon_core.verb:set package 'difrobot_controller' build argument 'ament_cmake_args' from command line to 'None'
[0.682s] Level 5:colcon.colcon_core.verb:set package 'difrobot_controller' build argument 'catkin_cmake_args' from command line to 'None'
[0.682s] Level 5:colcon.colcon_core.verb:set package 'difrobot_controller' build argument 'catkin_skip_building_tests' from command line to 'False'
[0.682s] DEBUG:colcon.colcon_core.verb:Building package 'difrobot_controller' with the following arguments: {'ament_cmake_args': None, 'build_base': '/home/ros/difrobot_ws/build/difrobot_controller', 'catkin_cmake_args': None, 'catkin_skip_building_tests': False, 'cmake_args': None, 'cmake_clean_cache': False, 'cmake_clean_first': False, 'cmake_force_configure': False, 'cmake_target': None, 'cmake_target_skip_unavailable': False, 'install_base': '/home/ros/difrobot_ws/install/difrobot_controller', 'merge_install': False, 'path': '/home/ros/difrobot_ws/src/difrobot_controller', 'symlink_install': False, 'test_result_base': None}
[0.682s] Level 5:colcon.colcon_core.verb:set package 'difrobot_description' build argument 'cmake_args' from command line to 'None'
[0.682s] Level 5:colcon.colcon_core.verb:set package 'difrobot_description' build argument 'cmake_target' from command line to 'None'
[0.682s] Level 5:colcon.colcon_core.verb:set package 'difrobot_description' build argument 'cmake_target_skip_unavailable' from command line to 'False'
[0.682s] Level 5:colcon.colcon_core.verb:set package 'difrobot_description' build argument 'cmake_clean_cache' from command line to 'False'
[0.683s] Level 5:colcon.colcon_core.verb:set package 'difrobot_description' build argument 'cmake_clean_first' from command line to 'False'
[0.683s] Level 5:colcon.colcon_core.verb:set package 'difrobot_description' build argument 'cmake_force_configure' from command line to 'False'
[0.683s] Level 5:colcon.colcon_core.verb:set package 'difrobot_description' build argument 'ament_cmake_args' from command line to 'None'
[0.683s] Level 5:colcon.colcon_core.verb:set package 'difrobot_description' build argument 'catkin_cmake_args' from command line to 'None'
[0.683s] Level 5:colcon.colcon_core.verb:set package 'difrobot_description' build argument 'catkin_skip_building_tests' from command line to 'False'
[0.683s] DEBUG:colcon.colcon_core.verb:Building package 'difrobot_description' with the following arguments: {'ament_cmake_args': None, 'build_base': '/home/ros/difrobot_ws/build/difrobot_description', 'catkin_cmake_args': None, 'catkin_skip_building_tests': False, 'cmake_args': None, 'cmake_clean_cache': False, 'cmake_clean_first': False, 'cmake_force_configure': False, 'cmake_target': None, 'cmake_target_skip_unavailable': False, 'install_base': '/home/ros/difrobot_ws/install/difrobot_description', 'merge_install': False, 'path': '/home/ros/difrobot_ws/src/difrobot_description', 'symlink_install': False, 'test_result_base': None}
[0.683s] Level 5:colcon.colcon_core.verb:set package 'difrobot_firmware' build argument 'cmake_args' from command line to 'None'
[0.683s] Level 5:colcon.colcon_core.verb:set package 'difrobot_firmware' build argument 'cmake_target' from command line to 'None'
[0.683s] Level 5:colcon.colcon_core.verb:set package 'difrobot_firmware' build argument 'cmake_target_skip_unavailable' from command line to 'False'
[0.683s] Level 5:colcon.colcon_core.verb:set package 'difrobot_firmware' build argument 'cmake_clean_cache' from command line to 'False'
[0.684s] Level 5:colcon.colcon_core.verb:set package 'difrobot_firmware' build argument 'cmake_clean_first' from command line to 'False'
[0.684s] Level 5:colcon.colcon_core.verb:set package 'difrobot_firmware' build argument 'cmake_force_configure' from command line to 'False'
[0.684s] Level 5:colcon.colcon_core.verb:set package 'difrobot_firmware' build argument 'ament_cmake_args' from command line to 'None'
[0.684s] Level 5:colcon.colcon_core.verb:set package 'difrobot_firmware' build argument 'catkin_cmake_args' from command line to 'None'
[0.684s] Level 5:colcon.colcon_core.verb:set package 'difrobot_firmware' build argument 'catkin_skip_building_tests' from command line to 'False'
[0.684s] DEBUG:colcon.colcon_core.verb:Building package 'difrobot_firmware' with the following arguments: {'ament_cmake_args': None, 'build_base': '/home/ros/difrobot_ws/build/difrobot_firmware', 'catkin_cmake_args': None, 'catkin_skip_building_tests': False, 'cmake_args': None, 'cmake_clean_cache': False, 'cmake_clean_first': False, 'cmake_force_configure': False, 'cmake_target': None, 'cmake_target_skip_unavailable': False, 'install_base': '/home/ros/difrobot_ws/install/difrobot_firmware', 'merge_install': False, 'path': '/home/ros/difrobot_ws/src/difrobot_firmware', 'symlink_install': False, 'test_result_base': None}
[0.684s] Level 5:colcon.colcon_core.verb:set package 'difrobot_msgs' build argument 'cmake_args' from command line to 'None'
[0.684s] Level 5:colcon.colcon_core.verb:set package 'difrobot_msgs' build argument 'cmake_target' from command line to 'None'
[0.684s] Level 5:colcon.colcon_core.verb:set package 'difrobot_msgs' build argument 'cmake_target_skip_unavailable' from command line to 'False'
[0.685s] Level 5:colcon.colcon_core.verb:set package 'difrobot_msgs' build argument 'cmake_clean_cache' from command line to 'False'
[0.685s] Level 5:colcon.colcon_core.verb:set package 'difrobot_msgs' build argument 'cmake_clean_first' from command line to 'False'
[0.685s] Level 5:colcon.colcon_core.verb:set package 'difrobot_msgs' build argument 'cmake_force_configure' from command line to 'False'
[0.685s] Level 5:colcon.colcon_core.verb:set package 'difrobot_msgs' build argument 'ament_cmake_args' from command line to 'None'
[0.685s] Level 5:colcon.colcon_core.verb:set package 'difrobot_msgs' build argument 'catkin_cmake_args' from command line to 'None'
[0.685s] Level 5:colcon.colcon_core.verb:set package 'difrobot_msgs' build argument 'catkin_skip_building_tests' from command line to 'False'
[0.685s] DEBUG:colcon.colcon_core.verb:Building package 'difrobot_msgs' with the following arguments: {'ament_cmake_args': None, 'build_base': '/home/ros/difrobot_ws/build/difrobot_msgs', 'catkin_cmake_args': None, 'catkin_skip_building_tests': False, 'cmake_args': None, 'cmake_clean_cache': False, 'cmake_clean_first': False, 'cmake_force_configure': False, 'cmake_target': None, 'cmake_target_skip_unavailable': False, 'install_base': '/home/ros/difrobot_ws/install/difrobot_msgs', 'merge_install': False, 'path': '/home/ros/difrobot_ws/src/difrobot_msgs', 'symlink_install': False, 'test_result_base': None}
[0.685s] Level 5:colcon.colcon_core.verb:set package 'difrobot_py_examples' build argument 'cmake_args' from command line to 'None'
[0.685s] Level 5:colcon.colcon_core.verb:set package 'difrobot_py_examples' build argument 'cmake_target' from command line to 'None'
[0.685s] Level 5:colcon.colcon_core.verb:set package 'difrobot_py_examples' build argument 'cmake_target_skip_unavailable' from command line to 'False'
[0.686s] Level 5:colcon.colcon_core.verb:set package 'difrobot_py_examples' build argument 'cmake_clean_cache' from command line to 'False'
[0.686s] Level 5:colcon.colcon_core.verb:set package 'difrobot_py_examples' build argument 'cmake_clean_first' from command line to 'False'
[0.686s] Level 5:colcon.colcon_core.verb:set package 'difrobot_py_examples' build argument 'cmake_force_configure' from command line to 'False'
[0.686s] Level 5:colcon.colcon_core.verb:set package 'difrobot_py_examples' build argument 'ament_cmake_args' from command line to 'None'
[0.686s] Level 5:colcon.colcon_core.verb:set package 'difrobot_py_examples' build argument 'catkin_cmake_args' from command line to 'None'
[0.686s] Level 5:colcon.colcon_core.verb:set package 'difrobot_py_examples' build argument 'catkin_skip_building_tests' from command line to 'False'
[0.686s] DEBUG:colcon.colcon_core.verb:Building package 'difrobot_py_examples' with the following arguments: {'ament_cmake_args': None, 'build_base': '/home/ros/difrobot_ws/build/difrobot_py_examples', 'catkin_cmake_args': None, 'catkin_skip_building_tests': False, 'cmake_args': None, 'cmake_clean_cache': False, 'cmake_clean_first': False, 'cmake_force_configure': False, 'cmake_target': None, 'cmake_target_skip_unavailable': False, 'install_base': '/home/ros/difrobot_ws/install/difrobot_py_examples', 'merge_install': False, 'path': '/home/ros/difrobot_ws/src/difrobot_py_examples', 'symlink_install': False, 'test_result_base': None}
[0.686s] INFO:colcon.colcon_core.executor:Executing jobs using 'parallel' executor
[0.688s] DEBUG:colcon.colcon_parallel_executor.executor.parallel:run_until_complete
[0.689s] INFO:colcon.colcon_ros.task.ament_cmake.build:Building ROS package in '/home/ros/difrobot_ws/src/difrobot_msgs' with build type 'ament_cmake'
[0.689s] INFO:colcon.colcon_cmake.task.cmake.build:Building CMake package in '/home/ros/difrobot_ws/src/difrobot_msgs'
[0.694s] INFO:colcon.colcon_core.plugin_system:Skipping extension 'colcon_core.shell.bat': Not used on non-Windows systems
[0.694s] INFO:colcon.colcon_core.shell:Skip shell extension 'powershell' for command environment: Not usable outside of PowerShell
[0.694s] DEBUG:colcon.colcon_core.shell:Skip shell extension 'dsv' for command environment
[0.700s] INFO:colcon.colcon_ros.task.ament_cmake.build:Building ROS package in '/home/ros/difrobot_ws/src/difrobot_controller' with build type 'ament_cmake'
[0.700s] INFO:colcon.colcon_cmake.task.cmake.build:Building CMake package in '/home/ros/difrobot_ws/src/difrobot_controller'
[0.700s] INFO:colcon.colcon_core.shell:Skip shell extension 'powershell' for command environment: Not usable outside of PowerShell
[0.700s] DEBUG:colcon.colcon_core.shell:Skip shell extension 'dsv' for command environment
[0.731s] DEBUG:colcon.colcon_core.event_handler.log_command:Invoking command in '/home/ros/difrobot_ws/build/difrobot_msgs': CMAKE_PREFIX_PATH=/opt/ros/humble /usr/bin/cmake --build /home/ros/difrobot_ws/build/difrobot_msgs -- -j2 -l2
[0.742s] DEBUG:colcon.colcon_core.event_handler.log_command:Invoking command in '/home/ros/difrobot_ws/build/difrobot_controller': CMAKE_PREFIX_PATH=/opt/ros/humble /usr/bin/cmake --build /home/ros/difrobot_ws/build/difrobot_controller -- -j2 -l2
[1.907s] DEBUG:colcon.colcon_core.event_handler.log_command:Invoked command in '/home/ros/difrobot_ws/build/difrobot_controller' returned '0': CMAKE_PREFIX_PATH=/opt/ros/humble /usr/bin/cmake --build /home/ros/difrobot_ws/build/difrobot_controller -- -j2 -l2
[2.051s] DEBUG:colcon.colcon_core.event_handler.log_command:Invoking command in '/home/ros/difrobot_ws/build/difrobot_controller': CMAKE_PREFIX_PATH=/opt/ros/humble /usr/bin/cmake --install /home/ros/difrobot_ws/build/difrobot_controller
[2.099s] DEBUG:colcon.colcon_core.event_handler.log_command:Invoked command in '/home/ros/difrobot_ws/build/difrobot_msgs' returned '0': CMAKE_PREFIX_PATH=/opt/ros/humble /usr/bin/cmake --build /home/ros/difrobot_ws/build/difrobot_msgs -- -j2 -l2
[2.167s] Level 1:colcon.colcon_core.environment:create_environment_scripts_only(difrobot_controller)
[2.168s] DEBUG:colcon.colcon_core.event_handler.log_command:Invoked command in '/home/ros/difrobot_ws/build/difrobot_controller' returned '0': CMAKE_PREFIX_PATH=/opt/ros/humble /usr/bin/cmake --install /home/ros/difrobot_ws/build/difrobot_controller
[2.172s] Level 1:colcon.colcon_core.environment:checking '/home/ros/difrobot_ws/install/difrobot_controller' for CMake module files
[2.173s] Level 1:colcon.colcon_core.environment:checking '/home/ros/difrobot_ws/install/difrobot_controller' for CMake config files
[2.173s] Level 1:colcon.colcon_core.shell:create_environment_hook('difrobot_controller', 'cmake_prefix_path')
[2.173s] INFO:colcon.colcon_core.shell:Creating environment hook '/home/ros/difrobot_ws/install/difrobot_controller/share/difrobot_controller/hook/cmake_prefix_path.ps1'
[2.175s] INFO:colcon.colcon_core.shell:Creating environment descriptor '/home/ros/difrobot_ws/install/difrobot_controller/share/difrobot_controller/hook/cmake_prefix_path.dsv'
[2.176s] INFO:colcon.colcon_core.shell:Creating environment hook '/home/ros/difrobot_ws/install/difrobot_controller/share/difrobot_controller/hook/cmake_prefix_path.sh'
[2.177s] Level 1:colcon.colcon_core.environment:checking '/home/ros/difrobot_ws/install/difrobot_controller/lib'
[2.178s] Level 1:colcon.colcon_core.environment:checking '/home/ros/difrobot_ws/install/difrobot_controller/bin'
[2.178s] Level 1:colcon.colcon_core.environment:checking '/home/ros/difrobot_ws/install/difrobot_controller/lib/pkgconfig/difrobot_controller.pc'
[2.178s] Level 1:colcon.colcon_core.environment:checking '/home/ros/difrobot_ws/install/difrobot_controller/lib/python3.10/site-packages'
[2.179s] Level 1:colcon.colcon_core.environment:checking '/home/ros/difrobot_ws/install/difrobot_controller/bin'
[2.179s] INFO:colcon.colcon_core.shell:Creating package script '/home/ros/difrobot_ws/install/difrobot_controller/share/difrobot_controller/package.ps1'
[2.181s] INFO:colcon.colcon_core.shell:Creating package descriptor '/home/ros/difrobot_ws/install/difrobot_controller/share/difrobot_controller/package.dsv'
[2.182s] INFO:colcon.colcon_core.shell:Creating package script '/home/ros/difrobot_ws/install/difrobot_controller/share/difrobot_controller/package.sh'
[2.183s] INFO:colcon.colcon_core.shell:Creating package script '/home/ros/difrobot_ws/install/difrobot_controller/share/difrobot_controller/package.bash'
[2.185s] INFO:colcon.colcon_core.shell:Creating package script '/home/ros/difrobot_ws/install/difrobot_controller/share/difrobot_controller/package.zsh'
[2.186s] Level 1:colcon.colcon_core.environment:create_file_with_runtime_dependencies(/home/ros/difrobot_ws/install/difrobot_controller/share/colcon-core/packages/difrobot_controller)
[2.288s] Level 1:colcon.colcon_core.environment:create_environment_scripts_only(difrobot_controller)
[2.288s] Level 1:colcon.colcon_core.environment:checking '/home/ros/difrobot_ws/install/difrobot_controller' for CMake module files
[2.290s] Level 1:colcon.colcon_core.environment:checking '/home/ros/difrobot_ws/install/difrobot_controller' for CMake config files
[2.290s] Level 1:colcon.colcon_core.shell:create_environment_hook('difrobot_controller', 'cmake_prefix_path')
[2.291s] INFO:colcon.colcon_core.shell:Creating environment hook '/home/ros/difrobot_ws/install/difrobot_controller/share/difrobot_controller/hook/cmake_prefix_path.ps1'
[2.292s] INFO:colcon.colcon_core.shell:Creating environment descriptor '/home/ros/difrobot_ws/install/difrobot_controller/share/difrobot_controller/hook/cmake_prefix_path.dsv'
[2.293s] INFO:colcon.colcon_core.shell:Creating environment hook '/home/ros/difrobot_ws/install/difrobot_controller/share/difrobot_controller/hook/cmake_prefix_path.sh'
[2.294s] Level 1:colcon.colcon_core.environment:checking '/home/ros/difrobot_ws/install/difrobot_controller/lib'
[2.294s] Level 1:colcon.colcon_core.environment:checking '/home/ros/difrobot_ws/install/difrobot_controller/bin'
[2.294s] Level 1:colcon.colcon_core.environment:checking '/home/ros/difrobot_ws/install/difrobot_controller/lib/pkgconfig/difrobot_controller.pc'
[2.295s] Level 1:colcon.colcon_core.environment:checking '/home/ros/difrobot_ws/install/difrobot_controller/lib/python3.10/site-packages'
[2.295s] Level 1:colcon.colcon_core.environment:checking '/home/ros/difrobot_ws/install/difrobot_controller/bin'
[2.296s] INFO:colcon.colcon_core.shell:Creating package script '/home/ros/difrobot_ws/install/difrobot_controller/share/difrobot_controller/package.ps1'
[2.297s] INFO:colcon.colcon_core.shell:Creating package descriptor '/home/ros/difrobot_ws/install/difrobot_controller/share/difrobot_controller/package.dsv'
[2.299s] INFO:colcon.colcon_core.shell:Creating package script '/home/ros/difrobot_ws/install/difrobot_controller/share/difrobot_controller/package.sh'
[2.300s] INFO:colcon.colcon_core.shell:Creating package script '/home/ros/difrobot_ws/install/difrobot_controller/share/difrobot_controller/package.bash'
[2.301s] INFO:colcon.colcon_core.shell:Creating package script '/home/ros/difrobot_ws/install/difrobot_controller/share/difrobot_controller/package.zsh'
[2.302s] Level 1:colcon.colcon_core.environment:create_file_with_runtime_dependencies(/home/ros/difrobot_ws/install/difrobot_controller/share/colcon-core/packages/difrobot_controller)
[2.304s] INFO:colcon.colcon_ros.task.ament_cmake.build:Building ROS package in '/home/ros/difrobot_ws/src/difrobot_description' with build type 'ament_cmake'
[2.304s] INFO:colcon.colcon_cmake.task.cmake.build:Building CMake package in '/home/ros/difrobot_ws/src/difrobot_description'
[2.305s] INFO:colcon.colcon_core.shell:Skip shell extension 'powershell' for command environment: Not usable outside of PowerShell
[2.305s] DEBUG:colcon.colcon_core.shell:Skip shell extension 'dsv' for command environment
[2.336s] DEBUG:colcon.colcon_core.event_handler.log_command:Invoking command in '/home/ros/difrobot_ws/build/difrobot_description': CMAKE_PREFIX_PATH=/opt/ros/humble /usr/bin/cmake --build /home/ros/difrobot_ws/build/difrobot_description -- -j2 -l2
[2.369s] DEBUG:colcon.colcon_core.event_handler.log_command:Invoking command in '/home/ros/difrobot_ws/build/difrobot_msgs': CMAKE_PREFIX_PATH=/opt/ros/humble /usr/bin/cmake --install /home/ros/difrobot_ws/build/difrobot_msgs
[2.441s] DEBUG:colcon.colcon_core.event_handler.log_command:Invoked command in '/home/ros/difrobot_ws/build/difrobot_description' returned '0': CMAKE_PREFIX_PATH=/opt/ros/humble /usr/bin/cmake --build /home/ros/difrobot_ws/build/difrobot_description -- -j2 -l2
[2.553s] DEBUG:colcon.colcon_core.event_handler.log_command:Invoking command in '/home/ros/difrobot_ws/build/difrobot_description': CMAKE_PREFIX_PATH=/opt/ros/humble /usr/bin/cmake --install /home/ros/difrobot_ws/build/difrobot_description
[2.558s] Level 1:colcon.colcon_core.environment:create_environment_scripts_only(difrobot_msgs)
[2.559s] Level 1:colcon.colcon_core.environment:checking '/home/ros/difrobot_ws/install/difrobot_msgs' for CMake module files
[2.560s] Level 1:colcon.colcon_core.environment:checking '/home/ros/difrobot_ws/install/difrobot_msgs' for CMake config files
[2.560s] Level 1:colcon.colcon_core.shell:create_environment_hook('difrobot_msgs', 'cmake_prefix_path')
[2.561s] INFO:colcon.colcon_core.shell:Creating environment hook '/home/ros/difrobot_ws/install/difrobot_msgs/share/difrobot_msgs/hook/cmake_prefix_path.ps1'
[2.562s] DEBUG:colcon.colcon_core.event_handler.log_command:Invoked command in '/home/ros/difrobot_ws/build/difrobot_msgs' returned '0': CMAKE_PREFIX_PATH=/opt/ros/humble /usr/bin/cmake --install /home/ros/difrobot_ws/build/difrobot_msgs
[2.563s] INFO:colcon.colcon_core.shell:Creating environment descriptor '/home/ros/difrobot_ws/install/difrobot_msgs/share/difrobot_msgs/hook/cmake_prefix_path.dsv'
[2.564s] INFO:colcon.colcon_core.shell:Creating environment hook '/home/ros/difrobot_ws/install/difrobot_msgs/share/difrobot_msgs/hook/cmake_prefix_path.sh'
[2.565s] Level 1:colcon.colcon_core.environment:checking '/home/ros/difrobot_ws/install/difrobot_msgs/lib'
[2.565s] Level 1:colcon.colcon_core.shell:create_environment_hook('difrobot_msgs', 'ld_library_path_lib')
[2.566s] INFO:colcon.colcon_core.shell:Creating environment hook '/home/ros/difrobot_ws/install/difrobot_msgs/share/difrobot_msgs/hook/ld_library_path_lib.ps1'
[2.567s] INFO:colcon.colcon_core.shell:Creating environment descriptor '/home/ros/difrobot_ws/install/difrobot_msgs/share/difrobot_msgs/hook/ld_library_path_lib.dsv'
[2.568s] INFO:colcon.colcon_core.shell:Creating environment hook '/home/ros/difrobot_ws/install/difrobot_msgs/share/difrobot_msgs/hook/ld_library_path_lib.sh'
[2.569s] Level 1:colcon.colcon_core.environment:checking '/home/ros/difrobot_ws/install/difrobot_msgs/bin'
[2.569s] Level 1:colcon.colcon_core.environment:checking '/home/ros/difrobot_ws/install/difrobot_msgs/lib/pkgconfig/difrobot_msgs.pc'
[2.570s] Level 1:colcon.colcon_core.environment:checking '/home/ros/difrobot_ws/install/difrobot_msgs/lib/python3.10/site-packages'
[2.570s] Level 1:colcon.colcon_core.environment:checking '/home/ros/difrobot_ws/install/difrobot_msgs/bin'
[2.571s] INFO:colcon.colcon_core.shell:Creating package script '/home/ros/difrobot_ws/install/difrobot_msgs/share/difrobot_msgs/package.ps1'
[2.573s] INFO:colcon.colcon_core.shell:Creating package descriptor '/home/ros/difrobot_ws/install/difrobot_msgs/share/difrobot_msgs/package.dsv'
[2.577s] INFO:colcon.colcon_core.shell:Creating package script '/home/ros/difrobot_ws/install/difrobot_msgs/share/difrobot_msgs/package.sh'
[2.579s] INFO:colcon.colcon_core.shell:Creating package script '/home/ros/difrobot_ws/install/difrobot_msgs/share/difrobot_msgs/package.bash'
[2.591s] INFO:colcon.colcon_core.shell:Creating package script '/home/ros/difrobot_ws/install/difrobot_msgs/share/difrobot_msgs/package.zsh'
[2.592s] Level 1:colcon.colcon_core.environment:create_file_with_runtime_dependencies(/home/ros/difrobot_ws/install/difrobot_msgs/share/colcon-core/packages/difrobot_msgs)
[2.595s] Level 1:colcon.colcon_core.environment:create_environment_scripts_only(difrobot_description)
[2.596s] Level 1:colcon.colcon_core.environment:checking '/home/ros/difrobot_ws/install/difrobot_description' for CMake module files
[2.596s] Level 1:colcon.colcon_core.environment:checking '/home/ros/difrobot_ws/install/difrobot_description' for CMake config files
[2.597s] Level 1:colcon.colcon_core.shell:create_environment_hook('difrobot_description', 'cmake_prefix_path')
[2.597s] INFO:colcon.colcon_core.shell:Creating environment hook '/home/ros/difrobot_ws/install/difrobot_description/share/difrobot_description/hook/cmake_prefix_path.ps1'
[2.599s] DEBUG:colcon.colcon_core.event_handler.log_command:Invoked command in '/home/ros/difrobot_ws/build/difrobot_description' returned '0': CMAKE_PREFIX_PATH=/opt/ros/humble /usr/bin/cmake --install /home/ros/difrobot_ws/build/difrobot_description
[2.600s] INFO:colcon.colcon_core.shell:Creating environment descriptor '/home/ros/difrobot_ws/install/difrobot_description/share/difrobot_description/hook/cmake_prefix_path.dsv'
[2.601s] INFO:colcon.colcon_core.shell:Creating environment hook '/home/ros/difrobot_ws/install/difrobot_description/share/difrobot_description/hook/cmake_prefix_path.sh'
[2.602s] Level 1:colcon.colcon_core.environment:checking '/home/ros/difrobot_ws/install/difrobot_description/bin'
[2.602s] Level 1:colcon.colcon_core.environment:checking '/home/ros/difrobot_ws/install/difrobot_description/lib/pkgconfig/difrobot_description.pc'
[2.603s] Level 1:colcon.colcon_core.environment:checking '/home/ros/difrobot_ws/install/difrobot_description/lib/python3.10/site-packages'
[2.603s] Level 1:colcon.colcon_core.environment:checking '/home/ros/difrobot_ws/install/difrobot_description/bin'
[2.603s] INFO:colcon.colcon_core.shell:Creating package script '/home/ros/difrobot_ws/install/difrobot_description/share/difrobot_description/package.ps1'
[2.604s] INFO:colcon.colcon_core.shell:Creating package descriptor '/home/ros/difrobot_ws/install/difrobot_description/share/difrobot_description/package.dsv'
[2.605s] INFO:colcon.colcon_core.shell:Creating package script '/home/ros/difrobot_ws/install/difrobot_description/share/difrobot_description/package.sh'
[2.606s] INFO:colcon.colcon_core.shell:Creating package script '/home/ros/difrobot_ws/install/difrobot_description/share/difrobot_description/package.bash'
[2.607s] INFO:colcon.colcon_core.shell:Creating package script '/home/ros/difrobot_ws/install/difrobot_description/share/difrobot_description/package.zsh'
[2.608s] Level 1:colcon.colcon_core.environment:create_file_with_runtime_dependencies(/home/ros/difrobot_ws/install/difrobot_description/share/colcon-core/packages/difrobot_description)
[2.691s] Level 1:colcon.colcon_core.environment:create_environment_scripts_only(difrobot_description)
[2.691s] Level 1:colcon.colcon_core.environment:checking '/home/ros/difrobot_ws/install/difrobot_description' for CMake module files
[2.692s] Level 1:colcon.colcon_core.environment:checking '/home/ros/difrobot_ws/install/difrobot_description' for CMake config files
[2.693s] Level 1:colcon.colcon_core.shell:create_environment_hook('difrobot_description', 'cmake_prefix_path')
[2.693s] INFO:colcon.colcon_core.shell:Creating environment hook '/home/ros/difrobot_ws/install/difrobot_description/share/difrobot_description/hook/cmake_prefix_path.ps1'
[2.694s] INFO:colcon.colcon_core.shell:Creating environment descriptor '/home/ros/difrobot_ws/install/difrobot_description/share/difrobot_description/hook/cmake_prefix_path.dsv'
[2.695s] INFO:colcon.colcon_core.shell:Creating environment hook '/home/ros/difrobot_ws/install/difrobot_description/share/difrobot_description/hook/cmake_prefix_path.sh'
[2.696s] Level 1:colcon.colcon_core.environment:checking '/home/ros/difrobot_ws/install/difrobot_description/bin'
[2.696s] Level 1:colcon.colcon_core.environment:checking '/home/ros/difrobot_ws/install/difrobot_description/lib/pkgconfig/difrobot_description.pc'
[2.697s] Level 1:colcon.colcon_core.environment:checking '/home/ros/difrobot_ws/install/difrobot_description/lib/python3.10/site-packages'
[2.697s] Level 1:colcon.colcon_core.environment:checking '/home/ros/difrobot_ws/install/difrobot_description/bin'
[2.698s] INFO:colcon.colcon_core.shell:Creating package script '/home/ros/difrobot_ws/install/difrobot_description/share/difrobot_description/package.ps1'
[2.699s] INFO:colcon.colcon_core.shell:Creating package descriptor '/home/ros/difrobot_ws/install/difrobot_description/share/difrobot_description/package.dsv'
[2.700s] INFO:colcon.colcon_core.shell:Creating package script '/home/ros/difrobot_ws/install/difrobot_description/share/difrobot_description/package.sh'
[2.701s] INFO:colcon.colcon_core.shell:Creating package script '/home/ros/difrobot_ws/install/difrobot_description/share/difrobot_description/package.bash'
[2.702s] INFO:colcon.colcon_core.shell:Creating package script '/home/ros/difrobot_ws/install/difrobot_description/share/difrobot_description/package.zsh'
[2.703s] Level 1:colcon.colcon_core.environment:create_file_with_runtime_dependencies(/home/ros/difrobot_ws/install/difrobot_description/share/colcon-core/packages/difrobot_description)
[2.704s] INFO:colcon.colcon_ros.task.ament_cmake.build:Building ROS package in '/home/ros/difrobot_ws/src/difrobot_firmware' with build type 'ament_cmake'
[2.704s] INFO:colcon.colcon_cmake.task.cmake.build:Building CMake package in '/home/ros/difrobot_ws/src/difrobot_firmware'
[2.705s] INFO:colcon.colcon_core.shell:Skip shell extension 'powershell' for command environment: Not usable outside of PowerShell
[2.705s] DEBUG:colcon.colcon_core.shell:Skip shell extension 'dsv' for command environment
[2.725s] DEBUG:colcon.colcon_core.event_handler.log_command:Invoking command in '/home/ros/difrobot_ws/build/difrobot_firmware': CMAKE_PREFIX_PATH=/opt/ros/humble /usr/bin/cmake /home/ros/difrobot_ws/src/difrobot_firmware -DCMAKE_INSTALL_PREFIX=/home/ros/difrobot_ws/install/difrobot_firmware
[2.867s] Level 1:colcon.colcon_core.environment:create_environment_scripts_only(difrobot_msgs)
[2.868s] Level 1:colcon.colcon_core.environment:checking '/home/ros/difrobot_ws/install/difrobot_msgs' for CMake module files
[2.869s] Level 1:colcon.colcon_core.environment:checking '/home/ros/difrobot_ws/install/difrobot_msgs' for CMake config files
[2.869s] Level 1:colcon.colcon_core.shell:create_environment_hook('difrobot_msgs', 'cmake_prefix_path')
[2.869s] INFO:colcon.colcon_core.shell:Creating environment hook '/home/ros/difrobot_ws/install/difrobot_msgs/share/difrobot_msgs/hook/cmake_prefix_path.ps1'
[2.870s] INFO:colcon.colcon_core.shell:Creating environment descriptor '/home/ros/difrobot_ws/install/difrobot_msgs/share/difrobot_msgs/hook/cmake_prefix_path.dsv'
[2.871s] INFO:colcon.colcon_core.shell:Creating environment hook '/home/ros/difrobot_ws/install/difrobot_msgs/share/difrobot_msgs/hook/cmake_prefix_path.sh'
[2.873s] Level 1:colcon.colcon_core.environment:checking '/home/ros/difrobot_ws/install/difrobot_msgs/lib'
[2.873s] Level 1:colcon.colcon_core.shell:create_environment_hook('difrobot_msgs', 'ld_library_path_lib')
[2.873s] INFO:colcon.colcon_core.shell:Creating environment hook '/home/ros/difrobot_ws/install/difrobot_msgs/share/difrobot_msgs/hook/ld_library_path_lib.ps1'
[2.874s] INFO:colcon.colcon_core.shell:Creating environment descriptor '/home/ros/difrobot_ws/install/difrobot_msgs/share/difrobot_msgs/hook/ld_library_path_lib.dsv'
[2.875s] INFO:colcon.colcon_core.shell:Creating environment hook '/home/ros/difrobot_ws/install/difrobot_msgs/share/difrobot_msgs/hook/ld_library_path_lib.sh'
[2.876s] Level 1:colcon.colcon_core.environment:checking '/home/ros/difrobot_ws/install/difrobot_msgs/bin'
[2.876s] Level 1:colcon.colcon_core.environment:checking '/home/ros/difrobot_ws/install/difrobot_msgs/lib/pkgconfig/difrobot_msgs.pc'
[2.877s] Level 1:colcon.colcon_core.environment:checking '/home/ros/difrobot_ws/install/difrobot_msgs/lib/python3.10/site-packages'
[2.877s] Level 1:colcon.colcon_core.environment:checking '/home/ros/difrobot_ws/install/difrobot_msgs/bin'
[2.879s] INFO:colcon.colcon_core.shell:Creating package script '/home/ros/difrobot_ws/install/difrobot_msgs/share/difrobot_msgs/package.ps1'
[2.880s] INFO:colcon.colcon_core.shell:Creating package descriptor '/home/ros/difrobot_ws/install/difrobot_msgs/share/difrobot_msgs/package.dsv'
[2.882s] INFO:colcon.colcon_core.shell:Creating package script '/home/ros/difrobot_ws/install/difrobot_msgs/share/difrobot_msgs/package.sh'
[2.883s] INFO:colcon.colcon_core.shell:Creating package script '/home/ros/difrobot_ws/install/difrobot_msgs/share/difrobot_msgs/package.bash'
[2.884s] INFO:colcon.colcon_core.shell:Creating package script '/home/ros/difrobot_ws/install/difrobot_msgs/share/difrobot_msgs/package.zsh'
[2.885s] Level 1:colcon.colcon_core.environment:create_file_with_runtime_dependencies(/home/ros/difrobot_ws/install/difrobot_msgs/share/colcon-core/packages/difrobot_msgs)
[2.886s] INFO:colcon.colcon_ros.task.ament_python.build:Building ROS package in '/home/ros/difrobot_ws/src/difrobot_py_examples' with build type 'ament_python'
[2.888s] Level 1:colcon.colcon_core.shell:create_environment_hook('difrobot_py_examples', 'ament_prefix_path')
[2.888s] INFO:colcon.colcon_core.shell:Creating environment hook '/home/ros/difrobot_ws/install/difrobot_py_examples/share/difrobot_py_examples/hook/ament_prefix_path.ps1'
[2.889s] INFO:colcon.colcon_core.shell:Creating environment descriptor '/home/ros/difrobot_ws/install/difrobot_py_examples/share/difrobot_py_examples/hook/ament_prefix_path.dsv'
[2.890s] INFO:colcon.colcon_core.shell:Creating environment hook '/home/ros/difrobot_ws/install/difrobot_py_examples/share/difrobot_py_examples/hook/ament_prefix_path.sh'
[2.892s] INFO:colcon.colcon_core.shell:Skip shell extension 'powershell' for command environment: Not usable outside of PowerShell
[2.892s] DEBUG:colcon.colcon_core.shell:Skip shell extension 'dsv' for command environment
[3.418s] INFO:colcon.colcon_core.task.python.build:Building Python package in '/home/ros/difrobot_ws/src/difrobot_py_examples'
[3.419s] INFO:colcon.colcon_core.shell:Skip shell extension 'powershell' for command environment: Not usable outside of PowerShell
[3.419s] DEBUG:colcon.colcon_core.shell:Skip shell extension 'dsv' for command environment
[4.203s] DEBUG:colcon.colcon_core.event_handler.log_command:Invoking command in '/home/ros/difrobot_ws/src/difrobot_py_examples': AMENT_PREFIX_PATH=/home/ros/difrobot_ws/install/difrobot_msgs:${AMENT_PREFIX_PATH} CMAKE_PREFIX_PATH=/home/ros/difrobot_ws/install/difrobot_msgs LD_LIBRARY_PATH=/home/ros/difrobot_ws/install/difrobot_msgs/lib:${LD_LIBRARY_PATH} PYTHONPATH=/home/ros/difrobot_ws/build/difrobot_py_examples/prefix_override:/usr/lib/python3/dist-packages/colcon_core/task/python/colcon_distutils_commands:/home/ros/difrobot_ws/install/difrobot_py_examples/lib/python3.10/site-packages:/home/ros/difrobot_ws/install/difrobot_msgs/local/lib/python3.10/dist-packages:${PYTHONPATH} /usr/bin/python3 -W ignore:setup.py install is deprecated setup.py egg_info --egg-base ../../build/difrobot_py_examples build --build-base /home/ros/difrobot_ws/build/difrobot_py_examples/build install --record /home/ros/difrobot_ws/build/difrobot_py_examples/install.log --single-version-externally-managed install_data
[4.521s] DEBUG:colcon.colcon_core.event_handler.log_command:Invoked command in '/home/ros/difrobot_ws/build/difrobot_firmware' returned '0': CMAKE_PREFIX_PATH=/opt/ros/humble /usr/bin/cmake /home/ros/difrobot_ws/src/difrobot_firmware -DCMAKE_INSTALL_PREFIX=/home/ros/difrobot_ws/install/difrobot_firmware
[4.525s] DEBUG:colcon.colcon_core.event_handler.log_command:Invoking command in '/home/ros/difrobot_ws/build/difrobot_firmware': CMAKE_PREFIX_PATH=/opt/ros/humble /usr/bin/cmake --build /home/ros/difrobot_ws/build/difrobot_firmware -- -j2 -l2
[4.823s] Level 1:colcon.colcon_core.environment:checking '/home/ros/difrobot_ws/install/difrobot_py_examples' for CMake module files
[4.823s] Level 1:colcon.colcon_core.environment:checking '/home/ros/difrobot_ws/install/difrobot_py_examples' for CMake config files
[4.824s] Level 1:colcon.colcon_core.environment:checking '/home/ros/difrobot_ws/install/difrobot_py_examples/lib'
[4.825s] Level 1:colcon.colcon_core.environment:checking '/home/ros/difrobot_ws/install/difrobot_py_examples/bin'
[4.825s] Level 1:colcon.colcon_core.environment:checking '/home/ros/difrobot_ws/install/difrobot_py_examples/lib/pkgconfig/difrobot_py_examples.pc'
[4.825s] Level 1:colcon.colcon_core.environment:checking '/home/ros/difrobot_ws/install/difrobot_py_examples/lib/python3.10/site-packages'
[4.826s] DEBUG:colcon.colcon_core.event_handler.log_command:Invoked command in '/home/ros/difrobot_ws/src/difrobot_py_examples' returned '0': AMENT_PREFIX_PATH=/home/ros/difrobot_ws/install/difrobot_msgs:${AMENT_PREFIX_PATH} CMAKE_PREFIX_PATH=/home/ros/difrobot_ws/install/difrobot_msgs LD_LIBRARY_PATH=/home/ros/difrobot_ws/install/difrobot_msgs/lib:${LD_LIBRARY_PATH} PYTHONPATH=/home/ros/difrobot_ws/build/difrobot_py_examples/prefix_override:/usr/lib/python3/dist-packages/colcon_core/task/python/colcon_distutils_commands:/home/ros/difrobot_ws/install/difrobot_py_examples/lib/python3.10/site-packages:/home/ros/difrobot_ws/install/difrobot_msgs/local/lib/python3.10/dist-packages:${PYTHONPATH} /usr/bin/python3 -W ignore:setup.py install is deprecated setup.py egg_info --egg-base ../../build/difrobot_py_examples build --build-base /home/ros/difrobot_ws/build/difrobot_py_examples/build install --record /home/ros/difrobot_ws/build/difrobot_py_examples/install.log --single-version-externally-managed install_data
[4.826s] Level 1:colcon.colcon_core.shell:create_environment_hook('difrobot_py_examples', 'pythonpath')
[4.827s] INFO:colcon.colcon_core.shell:Creating environment hook '/home/ros/difrobot_ws/install/difrobot_py_examples/share/difrobot_py_examples/hook/pythonpath.ps1'
[4.828s] INFO:colcon.colcon_core.shell:Creating environment descriptor '/home/ros/difrobot_ws/install/difrobot_py_examples/share/difrobot_py_examples/hook/pythonpath.dsv'
[4.830s] INFO:colcon.colcon_core.shell:Creating environment hook '/home/ros/difrobot_ws/install/difrobot_py_examples/share/difrobot_py_examples/hook/pythonpath.sh'
[4.831s] Level 1:colcon.colcon_core.environment:checking '/home/ros/difrobot_ws/install/difrobot_py_examples/bin'
[4.831s] Level 1:colcon.colcon_core.environment:create_environment_scripts_only(difrobot_py_examples)
[4.832s] INFO:colcon.colcon_core.shell:Creating package script '/home/ros/difrobot_ws/install/difrobot_py_examples/share/difrobot_py_examples/package.ps1'
[4.833s] INFO:colcon.colcon_core.shell:Creating package descriptor '/home/ros/difrobot_ws/install/difrobot_py_examples/share/difrobot_py_examples/package.dsv'
[4.834s] INFO:colcon.colcon_core.shell:Creating package script '/home/ros/difrobot_ws/install/difrobot_py_examples/share/difrobot_py_examples/package.sh'
[4.835s] INFO:colcon.colcon_core.shell:Creating package script '/home/ros/difrobot_ws/install/difrobot_py_examples/share/difrobot_py_examples/package.bash'
[4.836s] INFO:colcon.colcon_core.shell:Creating package script '/home/ros/difrobot_ws/install/difrobot_py_examples/share/difrobot_py_examples/package.zsh'
[4.837s] Level 1:colcon.colcon_core.environment:create_file_with_runtime_dependencies(/home/ros/difrobot_ws/install/difrobot_py_examples/share/colcon-core/packages/difrobot_py_examples)
[5.249s] DEBUG:colcon.colcon_core.event_handler.log_command:Invoked command in '/home/ros/difrobot_ws/build/difrobot_firmware' returned '0': CMAKE_PREFIX_PATH=/opt/ros/humble /usr/bin/cmake --build /home/ros/difrobot_ws/build/difrobot_firmware -- -j2 -l2
[5.340s] DEBUG:colcon.colcon_core.event_handler.log_command:Invoking command in '/home/ros/difrobot_ws/build/difrobot_firmware': CMAKE_PREFIX_PATH=/opt/ros/humble /usr/bin/cmake --install /home/ros/difrobot_ws/build/difrobot_firmware
[5.442s] Level 1:colcon.colcon_core.environment:create_environment_scripts_only(difrobot_firmware)
[5.442s] Level 1:colcon.colcon_core.environment:checking '/home/ros/difrobot_ws/install/difrobot_firmware' for CMake module files
[5.443s] DEBUG:colcon.colcon_core.event_handler.log_command:Invoked command in '/home/ros/difrobot_ws/build/difrobot_firmware' returned '0': CMAKE_PREFIX_PATH=/opt/ros/humble /usr/bin/cmake --install /home/ros/difrobot_ws/build/difrobot_firmware
[5.444s] Level 1:colcon.colcon_core.environment:checking '/home/ros/difrobot_ws/install/difrobot_firmware' for CMake config files
[5.444s] Level 1:colcon.colcon_core.shell:create_environment_hook('difrobot_firmware', 'cmake_prefix_path')
[5.445s] INFO:colcon.colcon_core.shell:Creating environment hook '/home/ros/difrobot_ws/install/difrobot_firmware/share/difrobot_firmware/hook/cmake_prefix_path.ps1'
[5.446s] INFO:colcon.colcon_core.shell:Creating environment descriptor '/home/ros/difrobot_ws/install/difrobot_firmware/share/difrobot_firmware/hook/cmake_prefix_path.dsv'
[5.446s] INFO:colcon.colcon_core.shell:Creating environment hook '/home/ros/difrobot_ws/install/difrobot_firmware/share/difrobot_firmware/hook/cmake_prefix_path.sh'
[5.447s] Level 1:colcon.colcon_core.environment:checking '/home/ros/difrobot_ws/install/difrobot_firmware/lib'
[5.447s] Level 1:colcon.colcon_core.environment:checking '/home/ros/difrobot_ws/install/difrobot_firmware/bin'
[5.447s] Level 1:colcon.colcon_core.environment:checking '/home/ros/difrobot_ws/install/difrobot_firmware/lib/pkgconfig/difrobot_firmware.pc'
[5.448s] Level 1:colcon.colcon_core.environment:checking '/home/ros/difrobot_ws/install/difrobot_firmware/lib/python3.10/site-packages'
[5.448s] Level 1:colcon.colcon_core.environment:checking '/home/ros/difrobot_ws/install/difrobot_firmware/bin'
[5.449s] INFO:colcon.colcon_core.shell:Creating package script '/home/ros/difrobot_ws/install/difrobot_firmware/share/difrobot_firmware/package.ps1'
[5.449s] INFO:colcon.colcon_core.shell:Creating package descriptor '/home/ros/difrobot_ws/install/difrobot_firmware/share/difrobot_firmware/package.dsv'
[5.450s] INFO:colcon.colcon_core.shell:Creating package script '/home/ros/difrobot_ws/install/difrobot_firmware/share/difrobot_firmware/package.sh'
[5.451s] INFO:colcon.colcon_core.shell:Creating package script '/home/ros/difrobot_ws/install/difrobot_firmware/share/difrobot_firmware/package.bash'
[5.451s] INFO:colcon.colcon_core.shell:Creating package script '/home/ros/difrobot_ws/install/difrobot_firmware/share/difrobot_firmware/package.zsh'
[5.452s] Level 1:colcon.colcon_core.environment:create_file_with_runtime_dependencies(/home/ros/difrobot_ws/install/difrobot_firmware/share/colcon-core/packages/difrobot_firmware)
[5.539s] Level 1:colcon.colcon_core.environment:create_environment_scripts_only(difrobot_firmware)
[5.540s] Level 1:colcon.colcon_core.environment:checking '/home/ros/difrobot_ws/install/difrobot_firmware' for CMake module files
[5.541s] Level 1:colcon.colcon_core.environment:checking '/home/ros/difrobot_ws/install/difrobot_firmware' for CMake config files
[5.542s] Level 1:colcon.colcon_core.shell:create_environment_hook('difrobot_firmware', 'cmake_prefix_path')
[5.543s] INFO:colcon.colcon_core.shell:Creating environment hook '/home/ros/difrobot_ws/install/difrobot_firmware/share/difrobot_firmware/hook/cmake_prefix_path.ps1'
[5.544s] INFO:colcon.colcon_core.shell:Creating environment descriptor '/home/ros/difrobot_ws/install/difrobot_firmware/share/difrobot_firmware/hook/cmake_prefix_path.dsv'
[5.545s] INFO:colcon.colcon_core.shell:Creating environment hook '/home/ros/difrobot_ws/install/difrobot_firmware/share/difrobot_firmware/hook/cmake_prefix_path.sh'
[5.546s] Level 1:colcon.colcon_core.environment:checking '/home/ros/difrobot_ws/install/difrobot_firmware/lib'
[5.546s] Level 1:colcon.colcon_core.environment:checking '/home/ros/difrobot_ws/install/difrobot_firmware/bin'
[5.546s] Level 1:colcon.colcon_core.environment:checking '/home/ros/difrobot_ws/install/difrobot_firmware/lib/pkgconfig/difrobot_firmware.pc'
[5.547s] Level 1:colcon.colcon_core.environment:checking '/home/ros/difrobot_ws/install/difrobot_firmware/lib/python3.10/site-packages'
[5.547s] Level 1:colcon.colcon_core.environment:checking '/home/ros/difrobot_ws/install/difrobot_firmware/bin'
[5.548s] INFO:colcon.colcon_core.shell:Creating package script '/home/ros/difrobot_ws/install/difrobot_firmware/share/difrobot_firmware/package.ps1'
[5.548s] INFO:colcon.colcon_core.shell:Creating package descriptor '/home/ros/difrobot_ws/install/difrobot_firmware/share/difrobot_firmware/package.dsv'
[5.549s] INFO:colcon.colcon_core.shell:Creating package script '/home/ros/difrobot_ws/install/difrobot_firmware/share/difrobot_firmware/package.sh'
[5.550s] INFO:colcon.colcon_core.shell:Creating package script '/home/ros/difrobot_ws/install/difrobot_firmware/share/difrobot_firmware/package.bash'
[5.551s] INFO:colcon.colcon_core.shell:Creating package script '/home/ros/difrobot_ws/install/difrobot_firmware/share/difrobot_firmware/package.zsh'
[5.552s] Level 1:colcon.colcon_core.environment:create_file_with_runtime_dependencies(/home/ros/difrobot_ws/install/difrobot_firmware/share/colcon-core/packages/difrobot_firmware)
[5.553s] DEBUG:colcon.colcon_parallel_executor.executor.parallel:closing loop
[5.554s] DEBUG:colcon.colcon_parallel_executor.executor.parallel:loop closed
[5.554s] DEBUG:colcon.colcon_parallel_executor.executor.parallel:run_until_complete finished with '0'
[5.554s] DEBUG:colcon.colcon_core.event_reactor:joining thread
[5.566s] INFO:colcon.colcon_core.plugin_system:Skipping extension 'colcon_notification.desktop_notification.terminal_notifier': Not used on non-Darwin systems
[5.566s] INFO:colcon.colcon_core.plugin_system:Skipping extension 'colcon_notification.desktop_notification.win32': Not used on non-Windows systems
[5.566s] INFO:colcon.colcon_notification.desktop_notification:Sending desktop notification using 'notify2'
[5.590s] DEBUG:colcon.colcon_core.event_reactor:joined thread
[5.591s] INFO:colcon.colcon_core.shell:Creating prefix script '/home/ros/difrobot_ws/install/local_setup.ps1'
[5.593s] INFO:colcon.colcon_core.shell:Creating prefix util module '/home/ros/difrobot_ws/install/_local_setup_util_ps1.py'
[5.596s] INFO:colcon.colcon_core.shell:Creating prefix chain script '/home/ros/difrobot_ws/install/setup.ps1'
[5.598s] INFO:colcon.colcon_core.shell:Creating prefix script '/home/ros/difrobot_ws/install/local_setup.sh'
[5.599s] INFO:colcon.colcon_core.shell:Creating prefix util module '/home/ros/difrobot_ws/install/_local_setup_util_sh.py'
[5.601s] INFO:colcon.colcon_core.shell:Creating prefix chain script '/home/ros/difrobot_ws/install/setup.sh'
[5.603s] INFO:colcon.colcon_core.shell:Creating prefix script '/home/ros/difrobot_ws/install/local_setup.bash'
[5.605s] INFO:colcon.colcon_core.shell:Creating prefix chain script '/home/ros/difrobot_ws/install/setup.bash'
[5.607s] INFO:colcon.colcon_core.shell:Creating prefix script '/home/ros/difrobot_ws/install/local_setup.zsh'
[5.608s] INFO:colcon.colcon_core.shell:Creating prefix chain script '/home/ros/difrobot_ws/install/setup.zsh'
