[0.030s] Invoking command in '/home/ros/difrobot_ws/build/difrobot_description': CMAKE_PREFIX_PATH=/opt/ros/humble /usr/bin/cmake --build /home/ros/difrobot_ws/build/difrobot_description -- -j2 -l2
[0.134s] Invoked command in '/home/ros/difrobot_ws/build/difrobot_description' returned '0': CMAKE_PREFIX_PATH=/opt/ros/humble /usr/bin/cmake --build /home/ros/difrobot_ws/build/difrobot_description -- -j2 -l2
[0.246s] Invoking command in '/home/ros/difrobot_ws/build/difrobot_description': CMAKE_PREFIX_PATH=/opt/ros/humble /usr/bin/cmake --install /home/ros/difrobot_ws/build/difrobot_description
[0.266s] -- Install configuration: ""
[0.266s] -- Up-to-date: /home/ros/difrobot_ws/install/difrobot_description/share/difrobot_description/meshes
[0.266s] -- Up-to-date: /home/ros/difrobot_ws/install/difrobot_description/share/difrobot_description/meshes/imu_link.STL
[0.267s] -- Up-to-date: /home/ros/difrobot_ws/install/difrobot_description/share/difrobot_description/meshes/wheel_right_link.STL
[0.268s] -- Up-to-date: /home/ros/difrobot_ws/install/difrobot_description/share/difrobot_description/meshes/wheel_left_link.STL
[0.269s] -- Up-to-date: /home/ros/difrobot_ws/install/difrobot_description/share/difrobot_description/meshes/caster_front_link.STL
[0.269s] -- Up-to-date: /home/ros/difrobot_ws/install/difrobot_description/share/difrobot_description/meshes/caster_rear_link.STL
[0.269s] -- Up-to-date: /home/ros/difrobot_ws/install/difrobot_description/share/difrobot_description/meshes/base_link.STL
[0.270s] -- Up-to-date: /home/ros/difrobot_ws/install/difrobot_description/share/difrobot_description/urdf
[0.272s] -- Up-to-date: /home/ros/difrobot_ws/install/difrobot_description/share/difrobot_description/urdf/difrobot_gazebo.xacro
[0.273s] -- Up-to-date: /home/ros/difrobot_ws/install/difrobot_description/share/difrobot_description/urdf/difrobot_ros2_control.xacro
[0.273s] -- Up-to-date: /home/ros/difrobot_ws/install/difrobot_description/share/difrobot_description/urdf/difrobot.urdf.xacro
[0.274s] -- Up-to-date: /home/ros/difrobot_ws/install/difrobot_description/share/difrobot_description/models
[0.274s] -- Up-to-date: /home/ros/difrobot_ws/install/difrobot_description/share/difrobot_description/models/ground_plane
[0.274s] -- Up-to-date: /home/ros/difrobot_ws/install/difrobot_description/share/difrobot_description/models/ground_plane/model.config
[0.274s] -- Up-to-date: /home/ros/difrobot_ws/install/difrobot_description/share/difrobot_description/models/ground_plane/model-1_4.sdf
[0.274s] -- Up-to-date: /home/ros/difrobot_ws/install/difrobot_description/share/difrobot_description/models/ground_plane/model-1_3.sdf
[0.274s] -- Up-to-date: /home/ros/difrobot_ws/install/difrobot_description/share/difrobot_description/models/ground_plane/model.sdf
[0.274s] -- Up-to-date: /home/ros/difrobot_ws/install/difrobot_description/share/difrobot_description/models/ground_plane/model-1_2.sdf
[0.274s] -- Up-to-date: /home/ros/difrobot_ws/install/difrobot_description/share/difrobot_description/models/sun
[0.275s] -- Up-to-date: /home/ros/difrobot_ws/install/difrobot_description/share/difrobot_description/models/sun/model.config
[0.275s] -- Up-to-date: /home/ros/difrobot_ws/install/difrobot_description/share/difrobot_description/models/sun/model-1_4.sdf
[0.275s] -- Up-to-date: /home/ros/difrobot_ws/install/difrobot_description/share/difrobot_description/models/sun/model-1_3.sdf
[0.275s] -- Up-to-date: /home/ros/difrobot_ws/install/difrobot_description/share/difrobot_description/models/sun/model.sdf
[0.276s] -- Up-to-date: /home/ros/difrobot_ws/install/difrobot_description/share/difrobot_description/models/sun/model-1_2.sdf
[0.276s] -- Up-to-date: /home/ros/difrobot_ws/install/difrobot_description/share/difrobot_description/launch
[0.277s] -- Up-to-date: /home/ros/difrobot_ws/install/difrobot_description/share/difrobot_description/launch/display.launch.py
[0.277s] -- Up-to-date: /home/ros/difrobot_ws/install/difrobot_description/share/difrobot_description/launch/gazebo.launch.py
[0.277s] -- Up-to-date: /home/ros/difrobot_ws/install/difrobot_description/share/difrobot_description/rviz
[0.278s] -- Up-to-date: /home/ros/difrobot_ws/install/difrobot_description/share/difrobot_description/rviz/display.rviz
[0.279s] -- Up-to-date: /home/ros/difrobot_ws/install/difrobot_description/share/ament_index/resource_index/package_run_dependencies/difrobot_description
[0.279s] -- Up-to-date: /home/ros/difrobot_ws/install/difrobot_description/share/ament_index/resource_index/parent_prefix_path/difrobot_description
[0.280s] -- Up-to-date: /home/ros/difrobot_ws/install/difrobot_description/share/difrobot_description/environment/ament_prefix_path.sh
[0.280s] -- Up-to-date: /home/ros/difrobot_ws/install/difrobot_description/share/difrobot_description/environment/ament_prefix_path.dsv
[0.280s] -- Up-to-date: /home/ros/difrobot_ws/install/difrobot_description/share/difrobot_description/environment/path.sh
[0.281s] -- Up-to-date: /home/ros/difrobot_ws/install/difrobot_description/share/difrobot_description/environment/path.dsv
[0.281s] -- Up-to-date: /home/ros/difrobot_ws/install/difrobot_description/share/difrobot_description/local_setup.bash
[0.282s] -- Up-to-date: /home/ros/difrobot_ws/install/difrobot_description/share/difrobot_description/local_setup.sh
[0.282s] -- Up-to-date: /home/ros/difrobot_ws/install/difrobot_description/share/difrobot_description/local_setup.zsh
[0.282s] -- Up-to-date: /home/ros/difrobot_ws/install/difrobot_description/share/difrobot_description/local_setup.dsv
[0.283s] -- Up-to-date: /home/ros/difrobot_ws/install/difrobot_description/share/difrobot_description/package.dsv
[0.283s] -- Up-to-date: /home/ros/difrobot_ws/install/difrobot_description/share/ament_index/resource_index/packages/difrobot_description
[0.283s] -- Up-to-date: /home/ros/difrobot_ws/install/difrobot_description/share/difrobot_description/cmake/difrobot_descriptionConfig.cmake
[0.284s] -- Up-to-date: /home/ros/difrobot_ws/install/difrobot_description/share/difrobot_description/cmake/difrobot_descriptionConfig-version.cmake
[0.284s] -- Up-to-date: /home/ros/difrobot_ws/install/difrobot_description/share/difrobot_description/package.xml
[0.292s] Invoked command in '/home/ros/difrobot_ws/build/difrobot_description' returned '0': CMAKE_PREFIX_PATH=/opt/ros/humble /usr/bin/cmake --install /home/ros/difrobot_ws/build/difrobot_description
