[0.024s] Invoking command in '/home/ros/difrobot_ws/build/difrobot_msgs': CMAKE_PREFIX_PATH=/opt/ros/humble /usr/bin/cmake /home/ros/difrobot_ws/src/difrobot_msgs -DCMAKE_INSTALL_PREFIX=/home/ros/difrobot_ws/install/difrobot_msgs
[0.321s] -- The C compiler identification is GNU 11.4.0
[0.531s] -- The CXX compiler identification is GNU 11.4.0
[0.557s] -- Detecting C compiler ABI info
[0.762s] -- Detecting C compiler ABI info - done
[0.782s] -- Check for working C compiler: /usr/bin/cc - skipped
[0.782s] -- Detecting C compile features
[0.783s] -- Detecting C compile features - done
[0.792s] -- Detecting CXX compiler ABI info
[1.000s] -- Detecting CXX compiler ABI info - done
[1.023s] -- Check for working CXX compiler: /usr/bin/c++ - skipped
[1.023s] -- Detecting CXX compile features
[1.024s] -- Detecting CXX compile features - done
[1.035s] -- Found ament_cmake: 1.3.10 (/opt/ros/humble/share/ament_cmake/cmake)
[1.369s] -- Found Python3: /usr/bin/python3 (found version "3.10.12") found components: Interpreter 
[1.554s] -- Found geometry_msgs: 4.2.4 (/opt/ros/humble/share/geometry_msgs/cmake)
[1.659s] -- Found rosidl_generator_c: 3.1.5 (/opt/ros/humble/share/rosidl_generator_c/cmake)
[1.675s] -- Found rosidl_adapter: 3.1.5 (/opt/ros/humble/share/rosidl_adapter/cmake)
[1.695s] -- Found rosidl_generator_cpp: 3.1.5 (/opt/ros/humble/share/rosidl_generator_cpp/cmake)
[1.735s] -- Using all available rosidl_typesupport_c: rosidl_typesupport_fastrtps_c;rosidl_typesupport_introspection_c
[1.774s] -- Using all available rosidl_typesupport_cpp: rosidl_typesupport_fastrtps_cpp;rosidl_typesupport_introspection_cpp
[1.880s] -- Found rosidl_default_generators: 1.2.0 (/opt/ros/humble/share/rosidl_default_generators/cmake)
[2.410s] -- Found ament_cmake_ros: 0.10.0 (/opt/ros/humble/share/ament_cmake_ros/cmake)
[2.984s] -- Using all available rosidl_typesupport_c: rosidl_typesupport_fastrtps_c;rosidl_typesupport_introspection_c
[3.290s] -- Using all available rosidl_typesupport_cpp: rosidl_typesupport_fastrtps_cpp;rosidl_typesupport_introspection_cpp
[3.394s] -- Found PythonInterp: /usr/bin/python3 (found suitable version "3.10.12", minimum required is "3.6") 
[3.400s] -- Found python_cmake_module: 0.10.0 (/opt/ros/humble/share/python_cmake_module/cmake)
[3.511s] -- Found PythonLibs: /usr/lib/x86_64-linux-gnu/libpython3.10.so (found suitable version "3.10.12", minimum required is "3.5") 
[3.514s] -- Using PYTHON_EXECUTABLE: /usr/bin/python3
[3.516s] -- Using PYTHON_INCLUDE_DIRS: /usr/include/python3.10
[3.516s] -- Using PYTHON_LIBRARIES: /usr/lib/x86_64-linux-gnu/libpython3.10.so
[3.583s] -- Found PythonExtra: .so  
[3.648s] -- Found ament_lint_auto: 0.12.11 (/opt/ros/humble/share/ament_lint_auto/cmake)
[3.693s] -- Added test 'lint_cmake' to check CMake code style
[3.696s] -- Added test 'xmllint' to check XML markup files
[3.701s] -- Configuring done
[3.815s] -- Generating done
[3.823s] -- Build files have been written to: /home/ros/difrobot_ws/build/difrobot_msgs
[3.838s] Invoked command in '/home/ros/difrobot_ws/build/difrobot_msgs' returned '0': CMAKE_PREFIX_PATH=/opt/ros/humble /usr/bin/cmake /home/ros/difrobot_ws/src/difrobot_msgs -DCMAKE_INSTALL_PREFIX=/home/ros/difrobot_ws/install/difrobot_msgs
[3.842s] Invoking command in '/home/ros/difrobot_ws/build/difrobot_msgs': CMAKE_PREFIX_PATH=/opt/ros/humble /usr/bin/cmake --build /home/ros/difrobot_ws/build/difrobot_msgs -- -j2 -l2
[4.009s] [  3%] [34m[1mGenerating C code for ROS interfaces[0m
[4.042s] [  6%] [34m[1mGenerating C++ code for ROS interfaces[0m
[4.939s] [  9%] [32mBuilding C object CMakeFiles/difrobot_msgs__rosidl_generator_c.dir/rosidl_generator_c/difrobot_msgs/srv/detail/add_two_ints__functions.c.o[0m
[4.969s] [  9%] Built target difrobot_msgs__cpp
[5.046s] [  9%] Built target ament_cmake_python_copy_difrobot_msgs
[5.076s] [ 12%] [34m[1mGenerating C++ type support dispatch for ROS interfaces[0m
[5.272s] [ 16%] [32m[1mLinking C shared library libdifrobot_msgs__rosidl_generator_c.so[0m
[5.522s] [ 16%] Built target difrobot_msgs__rosidl_generator_c
[5.599s] [ 19%] [34m[1mGenerating C++ type support for eProsima Fast-RTPS[0m
[6.032s] [ 22%] [32mBuilding CXX object CMakeFiles/difrobot_msgs__rosidl_typesupport_cpp.dir/rosidl_typesupport_cpp/difrobot_msgs/srv/add_two_ints__type_support.cpp.o[0m
[6.911s] [ 25%] [32mBuilding CXX object CMakeFiles/difrobot_msgs__rosidl_typesupport_fastrtps_cpp.dir/rosidl_typesupport_fastrtps_cpp/difrobot_msgs/srv/detail/dds_fastrtps/add_two_ints__type_support.cpp.o[0m
[7.165s] [ 29%] [32m[1mLinking CXX shared library libdifrobot_msgs__rosidl_typesupport_cpp.so[0m
[7.405s] [ 29%] Built target difrobot_msgs__rosidl_typesupport_cpp
[7.471s] [ 32%] [34m[1mGenerating C introspection for ROS interfaces[0m
[8.396s] [ 35%] [32mBuilding C object CMakeFiles/difrobot_msgs__rosidl_typesupport_introspection_c.dir/rosidl_typesupport_introspection_c/difrobot_msgs/srv/detail/add_two_ints__type_support.c.o[0m
[8.403s] [ 38%] [32m[1mLinking CXX shared library libdifrobot_msgs__rosidl_typesupport_fastrtps_cpp.so[0m
[8.567s] [ 41%] [32m[1mLinking C shared library libdifrobot_msgs__rosidl_typesupport_introspection_c.so[0m
[8.707s] [ 41%] Built target difrobot_msgs__rosidl_typesupport_introspection_c
[8.741s] [ 45%] [34m[1mGenerating C type support dispatch for ROS interfaces[0m
[8.894s] [ 45%] Built target difrobot_msgs__rosidl_typesupport_fastrtps_cpp
[8.952s] [ 48%] [34m[1mGenerating C++ introspection for ROS interfaces[0m
[9.417s] [ 51%] [32mBuilding CXX object CMakeFiles/difrobot_msgs__rosidl_typesupport_c.dir/rosidl_typesupport_c/difrobot_msgs/srv/add_two_ints__type_support.cpp.o[0m
[9.491s] [ 54%] [32m[1mLinking CXX shared library libdifrobot_msgs__rosidl_typesupport_c.so[0m
[9.765s] [ 54%] Built target difrobot_msgs__rosidl_typesupport_c
[9.954s] [ 58%] [32mBuilding CXX object CMakeFiles/difrobot_msgs__rosidl_typesupport_introspection_cpp.dir/rosidl_typesupport_introspection_cpp/difrobot_msgs/srv/detail/add_two_ints__type_support.cpp.o[0m
[10.813s] running egg_info
[10.814s] creating difrobot_msgs.egg-info
[10.814s] writing difrobot_msgs.egg-info/PKG-INFO
[10.814s] writing dependency_links to difrobot_msgs.egg-info/dependency_links.txt
[10.814s] writing top-level names to difrobot_msgs.egg-info/top_level.txt
[10.814s] writing manifest file 'difrobot_msgs.egg-info/SOURCES.txt'
[10.824s] reading manifest file 'difrobot_msgs.egg-info/SOURCES.txt'
[10.825s] writing manifest file 'difrobot_msgs.egg-info/SOURCES.txt'
[10.940s] [ 58%] Built target ament_cmake_python_build_difrobot_msgs_egg
[11.055s] [ 61%] [34m[1mGenerating C type support for eProsima Fast-RTPS[0m
[11.353s] [ 64%] [32m[1mLinking CXX shared library libdifrobot_msgs__rosidl_typesupport_introspection_cpp.so[0m
[11.503s] [ 64%] Built target difrobot_msgs__rosidl_typesupport_introspection_cpp
[11.946s] [ 67%] [32mBuilding CXX object CMakeFiles/difrobot_msgs__rosidl_typesupport_fastrtps_c.dir/rosidl_typesupport_fastrtps_c/difrobot_msgs/srv/detail/add_two_ints__type_support_c.cpp.o[0m
[12.853s] [ 70%] [32m[1mLinking CXX shared library libdifrobot_msgs__rosidl_typesupport_fastrtps_c.so[0m
[13.096s] [ 70%] Built target difrobot_msgs__rosidl_typesupport_fastrtps_c
[13.152s] [ 70%] Built target difrobot_msgs
[13.210s] [ 74%] [34m[1mGenerating Python code for ROS interfaces[0m
[14.038s] [ 74%] Built target difrobot_msgs__py
[14.099s] [ 77%] [32mBuilding C object CMakeFiles/difrobot_msgs__rosidl_generator_py.dir/rosidl_generator_py/difrobot_msgs/srv/_add_two_ints_s.c.o[0m
[14.355s] [ 80%] [32m[1mLinking C shared library rosidl_generator_py/difrobot_msgs/libdifrobot_msgs__rosidl_generator_py.so[0m
[14.453s] [ 80%] Built target difrobot_msgs__rosidl_generator_py
[14.532s] [ 83%] [32mBuilding C object CMakeFiles/difrobot_msgs__rosidl_typesupport_introspection_c__pyext.dir/rosidl_generator_py/difrobot_msgs/_difrobot_msgs_s.ep.rosidl_typesupport_introspection_c.c.o[0m
[14.549s] [ 87%] [32mBuilding C object CMakeFiles/difrobot_msgs__rosidl_typesupport_fastrtps_c__pyext.dir/rosidl_generator_py/difrobot_msgs/_difrobot_msgs_s.ep.rosidl_typesupport_fastrtps_c.c.o[0m
[14.791s] [ 90%] [32m[1mLinking C shared library rosidl_generator_py/difrobot_msgs/difrobot_msgs_s__rosidl_typesupport_fastrtps_c.cpython-310-x86_64-linux-gnu.so[0m
[14.966s] [ 93%] [32m[1mLinking C shared library rosidl_generator_py/difrobot_msgs/difrobot_msgs_s__rosidl_typesupport_introspection_c.cpython-310-x86_64-linux-gnu.so[0m
[14.977s] [ 93%] Built target difrobot_msgs__rosidl_typesupport_fastrtps_c__pyext
[15.074s] [ 96%] [32mBuilding C object CMakeFiles/difrobot_msgs__rosidl_typesupport_c__pyext.dir/rosidl_generator_py/difrobot_msgs/_difrobot_msgs_s.ep.rosidl_typesupport_c.c.o[0m
[15.098s] [ 96%] Built target difrobot_msgs__rosidl_typesupport_introspection_c__pyext
[15.271s] [100%] [32m[1mLinking C shared library rosidl_generator_py/difrobot_msgs/difrobot_msgs_s__rosidl_typesupport_c.cpython-310-x86_64-linux-gnu.so[0m
[15.354s] [100%] Built target difrobot_msgs__rosidl_typesupport_c__pyext
[15.381s] Invoked command in '/home/ros/difrobot_ws/build/difrobot_msgs' returned '0': CMAKE_PREFIX_PATH=/opt/ros/humble /usr/bin/cmake --build /home/ros/difrobot_ws/build/difrobot_msgs -- -j2 -l2
[15.675s] Invoking command in '/home/ros/difrobot_ws/build/difrobot_msgs': CMAKE_PREFIX_PATH=/opt/ros/humble /usr/bin/cmake --install /home/ros/difrobot_ws/build/difrobot_msgs
[15.696s] -- Install configuration: ""
[15.697s] -- Installing: /home/ros/difrobot_ws/install/difrobot_msgs/share/ament_index/resource_index/rosidl_interfaces/difrobot_msgs
[15.697s] -- Installing: /home/ros/difrobot_ws/install/difrobot_msgs/include/difrobot_msgs/difrobot_msgs
[15.698s] -- Installing: /home/ros/difrobot_ws/install/difrobot_msgs/include/difrobot_msgs/difrobot_msgs/msg
[15.698s] -- Installing: /home/ros/difrobot_ws/install/difrobot_msgs/include/difrobot_msgs/difrobot_msgs/msg/rosidl_generator_c__visibility_control.h
[15.699s] -- Installing: /home/ros/difrobot_ws/install/difrobot_msgs/include/difrobot_msgs/difrobot_msgs/srv
[15.699s] -- Installing: /home/ros/difrobot_ws/install/difrobot_msgs/include/difrobot_msgs/difrobot_msgs/srv/detail
[15.700s] -- Installing: /home/ros/difrobot_ws/install/difrobot_msgs/include/difrobot_msgs/difrobot_msgs/srv/detail/add_two_ints__functions.c
[15.700s] -- Installing: /home/ros/difrobot_ws/install/difrobot_msgs/include/difrobot_msgs/difrobot_msgs/srv/detail/add_two_ints__type_support.h
[15.701s] -- Installing: /home/ros/difrobot_ws/install/difrobot_msgs/include/difrobot_msgs/difrobot_msgs/srv/detail/add_two_ints__functions.h
[15.701s] -- Installing: /home/ros/difrobot_ws/install/difrobot_msgs/include/difrobot_msgs/difrobot_msgs/srv/detail/add_two_ints__struct.h
[15.702s] -- Installing: /home/ros/difrobot_ws/install/difrobot_msgs/include/difrobot_msgs/difrobot_msgs/srv/add_two_ints.h
[15.703s] -- Installing: /home/ros/difrobot_ws/install/difrobot_msgs/share/difrobot_msgs/environment/library_path.sh
[15.703s] -- Installing: /home/ros/difrobot_ws/install/difrobot_msgs/share/difrobot_msgs/environment/library_path.dsv
[15.704s] -- Installing: /home/ros/difrobot_ws/install/difrobot_msgs/lib/libdifrobot_msgs__rosidl_generator_c.so
[15.705s] -- Set runtime path of "/home/ros/difrobot_ws/install/difrobot_msgs/lib/libdifrobot_msgs__rosidl_generator_c.so" to ""
[15.705s] -- Up-to-date: /home/ros/difrobot_ws/install/difrobot_msgs/include/difrobot_msgs/difrobot_msgs
[15.706s] -- Up-to-date: /home/ros/difrobot_ws/install/difrobot_msgs/include/difrobot_msgs/difrobot_msgs/msg
[15.706s] -- Installing: /home/ros/difrobot_ws/install/difrobot_msgs/include/difrobot_msgs/difrobot_msgs/msg/rosidl_typesupport_fastrtps_c__visibility_control.h
[15.707s] -- Up-to-date: /home/ros/difrobot_ws/install/difrobot_msgs/include/difrobot_msgs/difrobot_msgs/srv
[15.708s] -- Up-to-date: /home/ros/difrobot_ws/install/difrobot_msgs/include/difrobot_msgs/difrobot_msgs/srv/detail
[15.708s] -- Installing: /home/ros/difrobot_ws/install/difrobot_msgs/include/difrobot_msgs/difrobot_msgs/srv/detail/add_two_ints__rosidl_typesupport_fastrtps_c.h
[15.709s] -- Installing: /home/ros/difrobot_ws/install/difrobot_msgs/lib/libdifrobot_msgs__rosidl_typesupport_fastrtps_c.so
[15.709s] -- Set runtime path of "/home/ros/difrobot_ws/install/difrobot_msgs/lib/libdifrobot_msgs__rosidl_typesupport_fastrtps_c.so" to ""
[15.710s] -- Up-to-date: /home/ros/difrobot_ws/install/difrobot_msgs/include/difrobot_msgs/difrobot_msgs
[15.711s] -- Up-to-date: /home/ros/difrobot_ws/install/difrobot_msgs/include/difrobot_msgs/difrobot_msgs/srv
[15.711s] -- Up-to-date: /home/ros/difrobot_ws/install/difrobot_msgs/include/difrobot_msgs/difrobot_msgs/srv/detail
[15.711s] -- Installing: /home/ros/difrobot_ws/install/difrobot_msgs/include/difrobot_msgs/difrobot_msgs/srv/detail/add_two_ints__traits.hpp
[15.712s] -- Installing: /home/ros/difrobot_ws/install/difrobot_msgs/include/difrobot_msgs/difrobot_msgs/srv/detail/add_two_ints__builder.hpp
[15.712s] -- Installing: /home/ros/difrobot_ws/install/difrobot_msgs/include/difrobot_msgs/difrobot_msgs/srv/detail/add_two_ints__struct.hpp
[15.713s] -- Installing: /home/ros/difrobot_ws/install/difrobot_msgs/include/difrobot_msgs/difrobot_msgs/srv/add_two_ints.hpp
[15.715s] -- Up-to-date: /home/ros/difrobot_ws/install/difrobot_msgs/include/difrobot_msgs/difrobot_msgs
[15.716s] -- Up-to-date: /home/ros/difrobot_ws/install/difrobot_msgs/include/difrobot_msgs/difrobot_msgs/msg
[15.716s] -- Installing: /home/ros/difrobot_ws/install/difrobot_msgs/include/difrobot_msgs/difrobot_msgs/msg/rosidl_typesupport_fastrtps_cpp__visibility_control.h
[15.717s] -- Up-to-date: /home/ros/difrobot_ws/install/difrobot_msgs/include/difrobot_msgs/difrobot_msgs/srv
[15.717s] -- Up-to-date: /home/ros/difrobot_ws/install/difrobot_msgs/include/difrobot_msgs/difrobot_msgs/srv/detail
[15.717s] -- Installing: /home/ros/difrobot_ws/install/difrobot_msgs/include/difrobot_msgs/difrobot_msgs/srv/detail/add_two_ints__rosidl_typesupport_fastrtps_cpp.hpp
[15.718s] -- Installing: /home/ros/difrobot_ws/install/difrobot_msgs/include/difrobot_msgs/difrobot_msgs/srv/detail/dds_fastrtps
[15.719s] -- Installing: /home/ros/difrobot_ws/install/difrobot_msgs/lib/libdifrobot_msgs__rosidl_typesupport_fastrtps_cpp.so
[15.721s] -- Set runtime path of "/home/ros/difrobot_ws/install/difrobot_msgs/lib/libdifrobot_msgs__rosidl_typesupport_fastrtps_cpp.so" to ""
[15.723s] -- Up-to-date: /home/ros/difrobot_ws/install/difrobot_msgs/include/difrobot_msgs/difrobot_msgs
[15.723s] -- Up-to-date: /home/ros/difrobot_ws/install/difrobot_msgs/include/difrobot_msgs/difrobot_msgs/msg
[15.723s] -- Installing: /home/ros/difrobot_ws/install/difrobot_msgs/include/difrobot_msgs/difrobot_msgs/msg/rosidl_typesupport_introspection_c__visibility_control.h
[15.723s] -- Up-to-date: /home/ros/difrobot_ws/install/difrobot_msgs/include/difrobot_msgs/difrobot_msgs/srv
[15.724s] -- Up-to-date: /home/ros/difrobot_ws/install/difrobot_msgs/include/difrobot_msgs/difrobot_msgs/srv/detail
[15.724s] -- Installing: /home/ros/difrobot_ws/install/difrobot_msgs/include/difrobot_msgs/difrobot_msgs/srv/detail/add_two_ints__rosidl_typesupport_introspection_c.h
[15.725s] -- Installing: /home/ros/difrobot_ws/install/difrobot_msgs/include/difrobot_msgs/difrobot_msgs/srv/detail/add_two_ints__type_support.c
[15.726s] -- Installing: /home/ros/difrobot_ws/install/difrobot_msgs/lib/libdifrobot_msgs__rosidl_typesupport_introspection_c.so
[15.726s] -- Set runtime path of "/home/ros/difrobot_ws/install/difrobot_msgs/lib/libdifrobot_msgs__rosidl_typesupport_introspection_c.so" to ""
[15.727s] -- Installing: /home/ros/difrobot_ws/install/difrobot_msgs/lib/libdifrobot_msgs__rosidl_typesupport_c.so
[15.728s] -- Set runtime path of "/home/ros/difrobot_ws/install/difrobot_msgs/lib/libdifrobot_msgs__rosidl_typesupport_c.so" to ""
[15.730s] -- Up-to-date: /home/ros/difrobot_ws/install/difrobot_msgs/include/difrobot_msgs/difrobot_msgs
[15.730s] -- Up-to-date: /home/ros/difrobot_ws/install/difrobot_msgs/include/difrobot_msgs/difrobot_msgs/srv
[15.730s] -- Up-to-date: /home/ros/difrobot_ws/install/difrobot_msgs/include/difrobot_msgs/difrobot_msgs/srv/detail
[15.730s] -- Installing: /home/ros/difrobot_ws/install/difrobot_msgs/include/difrobot_msgs/difrobot_msgs/srv/detail/add_two_ints__type_support.cpp
[15.731s] -- Installing: /home/ros/difrobot_ws/install/difrobot_msgs/include/difrobot_msgs/difrobot_msgs/srv/detail/add_two_ints__rosidl_typesupport_introspection_cpp.hpp
[15.731s] -- Installing: /home/ros/difrobot_ws/install/difrobot_msgs/lib/libdifrobot_msgs__rosidl_typesupport_introspection_cpp.so
[15.732s] -- Set runtime path of "/home/ros/difrobot_ws/install/difrobot_msgs/lib/libdifrobot_msgs__rosidl_typesupport_introspection_cpp.so" to ""
[15.732s] -- Installing: /home/ros/difrobot_ws/install/difrobot_msgs/lib/libdifrobot_msgs__rosidl_typesupport_cpp.so
[15.732s] -- Set runtime path of "/home/ros/difrobot_ws/install/difrobot_msgs/lib/libdifrobot_msgs__rosidl_typesupport_cpp.so" to ""
[15.733s] -- Installing: /home/ros/difrobot_ws/install/difrobot_msgs/share/difrobot_msgs/environment/pythonpath.sh
[15.733s] -- Installing: /home/ros/difrobot_ws/install/difrobot_msgs/share/difrobot_msgs/environment/pythonpath.dsv
[15.734s] -- Installing: /home/ros/difrobot_ws/install/difrobot_msgs/local/lib/python3.10/dist-packages/difrobot_msgs-0.0.0-py3.10.egg-info
[15.735s] -- Installing: /home/ros/difrobot_ws/install/difrobot_msgs/local/lib/python3.10/dist-packages/difrobot_msgs-0.0.0-py3.10.egg-info/dependency_links.txt
[15.735s] -- Installing: /home/ros/difrobot_ws/install/difrobot_msgs/local/lib/python3.10/dist-packages/difrobot_msgs-0.0.0-py3.10.egg-info/SOURCES.txt
[15.736s] -- Installing: /home/ros/difrobot_ws/install/difrobot_msgs/local/lib/python3.10/dist-packages/difrobot_msgs-0.0.0-py3.10.egg-info/PKG-INFO
[15.736s] -- Installing: /home/ros/difrobot_ws/install/difrobot_msgs/local/lib/python3.10/dist-packages/difrobot_msgs-0.0.0-py3.10.egg-info/top_level.txt
[15.737s] -- Installing: /home/ros/difrobot_ws/install/difrobot_msgs/local/lib/python3.10/dist-packages/difrobot_msgs
[15.737s] -- Installing: /home/ros/difrobot_ws/install/difrobot_msgs/local/lib/python3.10/dist-packages/difrobot_msgs/libdifrobot_msgs__rosidl_generator_py.so
[15.738s] -- Installing: /home/ros/difrobot_ws/install/difrobot_msgs/local/lib/python3.10/dist-packages/difrobot_msgs/_difrobot_msgs_s.ep.rosidl_typesupport_c.c
[15.739s] -- Installing: /home/ros/difrobot_ws/install/difrobot_msgs/local/lib/python3.10/dist-packages/difrobot_msgs/_difrobot_msgs_s.ep.rosidl_typesupport_introspection_c.c
[15.739s] -- Installing: /home/ros/difrobot_ws/install/difrobot_msgs/local/lib/python3.10/dist-packages/difrobot_msgs/difrobot_msgs_s__rosidl_typesupport_c.cpython-310-x86_64-linux-gnu.so
[15.740s] -- Installing: /home/ros/difrobot_ws/install/difrobot_msgs/local/lib/python3.10/dist-packages/difrobot_msgs/__init__.py
[15.741s] -- Installing: /home/ros/difrobot_ws/install/difrobot_msgs/local/lib/python3.10/dist-packages/difrobot_msgs/_difrobot_msgs_s.ep.rosidl_typesupport_fastrtps_c.c
[15.741s] -- Installing: /home/ros/difrobot_ws/install/difrobot_msgs/local/lib/python3.10/dist-packages/difrobot_msgs/srv
[15.741s] -- Installing: /home/ros/difrobot_ws/install/difrobot_msgs/local/lib/python3.10/dist-packages/difrobot_msgs/srv/_add_two_ints.py
[15.742s] -- Installing: /home/ros/difrobot_ws/install/difrobot_msgs/local/lib/python3.10/dist-packages/difrobot_msgs/srv/_add_two_ints_s.c
[15.743s] -- Installing: /home/ros/difrobot_ws/install/difrobot_msgs/local/lib/python3.10/dist-packages/difrobot_msgs/srv/__init__.py
[15.743s] -- Installing: /home/ros/difrobot_ws/install/difrobot_msgs/local/lib/python3.10/dist-packages/difrobot_msgs/difrobot_msgs_s__rosidl_typesupport_fastrtps_c.cpython-310-x86_64-linux-gnu.so
[15.745s] -- Installing: /home/ros/difrobot_ws/install/difrobot_msgs/local/lib/python3.10/dist-packages/difrobot_msgs/difrobot_msgs_s__rosidl_typesupport_introspection_c.cpython-310-x86_64-linux-gnu.so
[15.810s] Listing '/home/ros/difrobot_ws/install/difrobot_msgs/local/lib/python3.10/dist-packages/difrobot_msgs'...
[15.810s] Compiling '/home/ros/difrobot_ws/install/difrobot_msgs/local/lib/python3.10/dist-packages/difrobot_msgs/__init__.py'...
[15.810s] Listing '/home/ros/difrobot_ws/install/difrobot_msgs/local/lib/python3.10/dist-packages/difrobot_msgs/srv'...
[15.810s] Compiling '/home/ros/difrobot_ws/install/difrobot_msgs/local/lib/python3.10/dist-packages/difrobot_msgs/srv/__init__.py'...
[15.810s] Compiling '/home/ros/difrobot_ws/install/difrobot_msgs/local/lib/python3.10/dist-packages/difrobot_msgs/srv/_add_two_ints.py'...
[15.820s] -- Installing: /home/ros/difrobot_ws/install/difrobot_msgs/local/lib/python3.10/dist-packages/difrobot_msgs/difrobot_msgs_s__rosidl_typesupport_fastrtps_c.cpython-310-x86_64-linux-gnu.so
[15.821s] -- Set runtime path of "/home/ros/difrobot_ws/install/difrobot_msgs/local/lib/python3.10/dist-packages/difrobot_msgs/difrobot_msgs_s__rosidl_typesupport_fastrtps_c.cpython-310-x86_64-linux-gnu.so" to ""
[15.822s] -- Installing: /home/ros/difrobot_ws/install/difrobot_msgs/local/lib/python3.10/dist-packages/difrobot_msgs/difrobot_msgs_s__rosidl_typesupport_introspection_c.cpython-310-x86_64-linux-gnu.so
[15.824s] -- Set runtime path of "/home/ros/difrobot_ws/install/difrobot_msgs/local/lib/python3.10/dist-packages/difrobot_msgs/difrobot_msgs_s__rosidl_typesupport_introspection_c.cpython-310-x86_64-linux-gnu.so" to ""
[15.826s] -- Installing: /home/ros/difrobot_ws/install/difrobot_msgs/local/lib/python3.10/dist-packages/difrobot_msgs/difrobot_msgs_s__rosidl_typesupport_c.cpython-310-x86_64-linux-gnu.so
[15.826s] -- Set runtime path of "/home/ros/difrobot_ws/install/difrobot_msgs/local/lib/python3.10/dist-packages/difrobot_msgs/difrobot_msgs_s__rosidl_typesupport_c.cpython-310-x86_64-linux-gnu.so" to ""
[15.827s] -- Installing: /home/ros/difrobot_ws/install/difrobot_msgs/lib/libdifrobot_msgs__rosidl_generator_py.so
[15.829s] -- Set runtime path of "/home/ros/difrobot_ws/install/difrobot_msgs/lib/libdifrobot_msgs__rosidl_generator_py.so" to ""
[15.831s] -- Installing: /home/ros/difrobot_ws/install/difrobot_msgs/share/difrobot_msgs/srv/AddTwoInts.idl
[15.831s] -- Installing: /home/ros/difrobot_ws/install/difrobot_msgs/share/difrobot_msgs/srv/AddTwoInts.srv
[15.832s] -- Installing: /home/ros/difrobot_ws/install/difrobot_msgs/share/difrobot_msgs/srv/AddTwoInts_Request.msg
[15.832s] -- Installing: /home/ros/difrobot_ws/install/difrobot_msgs/share/difrobot_msgs/srv/AddTwoInts_Response.msg
[15.833s] -- Installing: /home/ros/difrobot_ws/install/difrobot_msgs/share/ament_index/resource_index/package_run_dependencies/difrobot_msgs
[15.834s] -- Installing: /home/ros/difrobot_ws/install/difrobot_msgs/share/ament_index/resource_index/parent_prefix_path/difrobot_msgs
[15.834s] -- Installing: /home/ros/difrobot_ws/install/difrobot_msgs/share/difrobot_msgs/environment/ament_prefix_path.sh
[15.835s] -- Installing: /home/ros/difrobot_ws/install/difrobot_msgs/share/difrobot_msgs/environment/ament_prefix_path.dsv
[15.836s] -- Installing: /home/ros/difrobot_ws/install/difrobot_msgs/share/difrobot_msgs/environment/path.sh
[15.837s] -- Installing: /home/ros/difrobot_ws/install/difrobot_msgs/share/difrobot_msgs/environment/path.dsv
[15.837s] -- Installing: /home/ros/difrobot_ws/install/difrobot_msgs/share/difrobot_msgs/local_setup.bash
[15.838s] -- Installing: /home/ros/difrobot_ws/install/difrobot_msgs/share/difrobot_msgs/local_setup.sh
[15.838s] -- Installing: /home/ros/difrobot_ws/install/difrobot_msgs/share/difrobot_msgs/local_setup.zsh
[15.839s] -- Installing: /home/ros/difrobot_ws/install/difrobot_msgs/share/difrobot_msgs/local_setup.dsv
[15.840s] -- Installing: /home/ros/difrobot_ws/install/difrobot_msgs/share/difrobot_msgs/package.dsv
[15.840s] -- Installing: /home/ros/difrobot_ws/install/difrobot_msgs/share/ament_index/resource_index/packages/difrobot_msgs
[15.841s] -- Installing: /home/ros/difrobot_ws/install/difrobot_msgs/share/difrobot_msgs/cmake/export_difrobot_msgs__rosidl_generator_cExport.cmake
[15.841s] -- Installing: /home/ros/difrobot_ws/install/difrobot_msgs/share/difrobot_msgs/cmake/export_difrobot_msgs__rosidl_generator_cExport-noconfig.cmake
[15.842s] -- Installing: /home/ros/difrobot_ws/install/difrobot_msgs/share/difrobot_msgs/cmake/export_difrobot_msgs__rosidl_typesupport_fastrtps_cExport.cmake
[15.843s] -- Installing: /home/ros/difrobot_ws/install/difrobot_msgs/share/difrobot_msgs/cmake/export_difrobot_msgs__rosidl_typesupport_fastrtps_cExport-noconfig.cmake
[15.843s] -- Installing: /home/ros/difrobot_ws/install/difrobot_msgs/share/difrobot_msgs/cmake/export_difrobot_msgs__rosidl_generator_cppExport.cmake
[15.844s] -- Installing: /home/ros/difrobot_ws/install/difrobot_msgs/share/difrobot_msgs/cmake/export_difrobot_msgs__rosidl_typesupport_fastrtps_cppExport.cmake
[15.845s] -- Installing: /home/ros/difrobot_ws/install/difrobot_msgs/share/difrobot_msgs/cmake/export_difrobot_msgs__rosidl_typesupport_fastrtps_cppExport-noconfig.cmake
[15.845s] -- Installing: /home/ros/difrobot_ws/install/difrobot_msgs/share/difrobot_msgs/cmake/difrobot_msgs__rosidl_typesupport_introspection_cExport.cmake
[15.846s] -- Installing: /home/ros/difrobot_ws/install/difrobot_msgs/share/difrobot_msgs/cmake/difrobot_msgs__rosidl_typesupport_introspection_cExport-noconfig.cmake
[15.846s] -- Installing: /home/ros/difrobot_ws/install/difrobot_msgs/share/difrobot_msgs/cmake/difrobot_msgs__rosidl_typesupport_cExport.cmake
[15.847s] -- Installing: /home/ros/difrobot_ws/install/difrobot_msgs/share/difrobot_msgs/cmake/difrobot_msgs__rosidl_typesupport_cExport-noconfig.cmake
[15.848s] -- Installing: /home/ros/difrobot_ws/install/difrobot_msgs/share/difrobot_msgs/cmake/difrobot_msgs__rosidl_typesupport_introspection_cppExport.cmake
[15.848s] -- Installing: /home/ros/difrobot_ws/install/difrobot_msgs/share/difrobot_msgs/cmake/difrobot_msgs__rosidl_typesupport_introspection_cppExport-noconfig.cmake
[15.849s] -- Installing: /home/ros/difrobot_ws/install/difrobot_msgs/share/difrobot_msgs/cmake/difrobot_msgs__rosidl_typesupport_cppExport.cmake
[15.850s] -- Installing: /home/ros/difrobot_ws/install/difrobot_msgs/share/difrobot_msgs/cmake/difrobot_msgs__rosidl_typesupport_cppExport-noconfig.cmake
[15.851s] -- Installing: /home/ros/difrobot_ws/install/difrobot_msgs/share/difrobot_msgs/cmake/export_difrobot_msgs__rosidl_generator_pyExport.cmake
[15.851s] -- Installing: /home/ros/difrobot_ws/install/difrobot_msgs/share/difrobot_msgs/cmake/export_difrobot_msgs__rosidl_generator_pyExport-noconfig.cmake
[15.851s] -- Installing: /home/ros/difrobot_ws/install/difrobot_msgs/share/difrobot_msgs/cmake/rosidl_cmake-extras.cmake
[15.852s] -- Installing: /home/ros/difrobot_ws/install/difrobot_msgs/share/difrobot_msgs/cmake/ament_cmake_export_include_directories-extras.cmake
[15.853s] -- Installing: /home/ros/difrobot_ws/install/difrobot_msgs/share/difrobot_msgs/cmake/ament_cmake_export_libraries-extras.cmake
[15.853s] -- Installing: /home/ros/difrobot_ws/install/difrobot_msgs/share/difrobot_msgs/cmake/ament_cmake_export_targets-extras.cmake
[15.854s] -- Installing: /home/ros/difrobot_ws/install/difrobot_msgs/share/difrobot_msgs/cmake/rosidl_cmake_export_typesupport_targets-extras.cmake
[15.854s] -- Installing: /home/ros/difrobot_ws/install/difrobot_msgs/share/difrobot_msgs/cmake/ament_cmake_export_dependencies-extras.cmake
[15.855s] -- Installing: /home/ros/difrobot_ws/install/difrobot_msgs/share/difrobot_msgs/cmake/rosidl_cmake_export_typesupport_libraries-extras.cmake
[15.856s] -- Installing: /home/ros/difrobot_ws/install/difrobot_msgs/share/difrobot_msgs/cmake/difrobot_msgsConfig.cmake
[15.856s] -- Installing: /home/ros/difrobot_ws/install/difrobot_msgs/share/difrobot_msgs/cmake/difrobot_msgsConfig-version.cmake
[15.857s] -- Installing: /home/ros/difrobot_ws/install/difrobot_msgs/share/difrobot_msgs/package.xml
[15.861s] Invoked command in '/home/ros/difrobot_ws/build/difrobot_msgs' returned '0': CMAKE_PREFIX_PATH=/opt/ros/humble /usr/bin/cmake --install /home/ros/difrobot_ws/build/difrobot_msgs
