[1.312s] Invoking command in '/home/ros/difrobot_ws/src/difrobot_py_examples': AMENT_PREFIX_PATH=/home/ros/difrobot_ws/install/difrobot_msgs:${AMENT_PREFIX_PATH} CMAKE_PREFIX_PATH=/home/ros/difrobot_ws/install/difrobot_msgs LD_LIBRARY_PATH=/home/ros/difrobot_ws/install/difrobot_msgs/lib:${LD_LIBRARY_PATH} PYTHONPATH=/home/ros/difrobot_ws/build/difrobot_py_examples/prefix_override:/usr/lib/python3/dist-packages/colcon_core/task/python/colcon_distutils_commands:/home/ros/difrobot_ws/install/difrobot_py_examples/lib/python3.10/site-packages:/home/ros/difrobot_ws/install/difrobot_msgs/local/lib/python3.10/dist-packages:${PYTHONPATH} /usr/bin/python3 -W ignore:setup.py install is deprecated setup.py egg_info --egg-base ../../build/difrobot_py_examples build --build-base /home/ros/difrobot_ws/build/difrobot_py_examples/build install --record /home/ros/difrobot_ws/build/difrobot_py_examples/install.log --single-version-externally-managed install_data
[1.824s] running egg_info
[1.826s] writing ../../build/difrobot_py_examples/difrobot_py_examples.egg-info/PKG-INFO
[1.826s] writing dependency_links to ../../build/difrobot_py_examples/difrobot_py_examples.egg-info/dependency_links.txt
[1.828s] writing entry points to ../../build/difrobot_py_examples/difrobot_py_examples.egg-info/entry_points.txt
[1.828s] writing requirements to ../../build/difrobot_py_examples/difrobot_py_examples.egg-info/requires.txt
[1.828s] writing top-level names to ../../build/difrobot_py_examples/difrobot_py_examples.egg-info/top_level.txt
[1.832s] reading manifest file '../../build/difrobot_py_examples/difrobot_py_examples.egg-info/SOURCES.txt'
[1.834s] writing manifest file '../../build/difrobot_py_examples/difrobot_py_examples.egg-info/SOURCES.txt'
[1.835s] running build
[1.836s] running build_py
[1.836s] running install
[1.838s] running install_lib
[1.839s] running install_data
[1.840s] running install_egg_info
[1.843s] removing '/home/ros/difrobot_ws/install/difrobot_py_examples/lib/python3.10/site-packages/difrobot_py_examples-0.0.0-py3.10.egg-info' (and everything under it)
[1.843s] Copying ../../build/difrobot_py_examples/difrobot_py_examples.egg-info to /home/ros/difrobot_ws/install/difrobot_py_examples/lib/python3.10/site-packages/difrobot_py_examples-0.0.0-py3.10.egg-info
[1.847s] running install_scripts
[1.886s] Installing simple_service_client script to /home/ros/difrobot_ws/install/difrobot_py_examples/lib/difrobot_py_examples
[1.887s] Installing simple_service_server script to /home/ros/difrobot_ws/install/difrobot_py_examples/lib/difrobot_py_examples
[1.887s] Installing simple_tf_kinematics script to /home/ros/difrobot_ws/install/difrobot_py_examples/lib/difrobot_py_examples
[1.888s] Installing simple_turtlesim_kinematics script to /home/ros/difrobot_ws/install/difrobot_py_examples/lib/difrobot_py_examples
[1.889s] writing list of installed files to '/home/ros/difrobot_ws/build/difrobot_py_examples/install.log'
[1.936s] Invoked command in '/home/ros/difrobot_ws/src/difrobot_py_examples' returned '0': AMENT_PREFIX_PATH=/home/ros/difrobot_ws/install/difrobot_msgs:${AMENT_PREFIX_PATH} CMAKE_PREFIX_PATH=/home/ros/difrobot_ws/install/difrobot_msgs LD_LIBRARY_PATH=/home/ros/difrobot_ws/install/difrobot_msgs/lib:${LD_LIBRARY_PATH} PYTHONPATH=/home/ros/difrobot_ws/build/difrobot_py_examples/prefix_override:/usr/lib/python3/dist-packages/colcon_core/task/python/colcon_distutils_commands:/home/ros/difrobot_ws/install/difrobot_py_examples/lib/python3.10/site-packages:/home/ros/difrobot_ws/install/difrobot_msgs/local/lib/python3.10/dist-packages:${PYTHONPATH} /usr/bin/python3 -W ignore:setup.py install is deprecated setup.py egg_info --egg-base ../../build/difrobot_py_examples build --build-base /home/ros/difrobot_ws/build/difrobot_py_examples/build install --record /home/ros/difrobot_ws/build/difrobot_py_examples/install.log --single-version-externally-managed install_data
