[0.038s] Invoking command in '/home/ros/difrobot_ws/build/difrobot_controller': CMAKE_PREFIX_PATH=${CMAKE_PREFIX_PATH}:/home/ros/difrobot_ws/install/difrobot_py_examples:/opt/ros/humble /usr/bin/cmake --build /home/ros/difrobot_ws/build/difrobot_controller -- -j2 -l2
[0.261s] [  0%] Built target ament_cmake_python_copy_difrobot_controller
[0.266s] [100%] Built target simple_controller
[0.914s] running egg_info
[0.927s] writing difrobot_controller.egg-info/PKG-INFO
[0.932s] writing dependency_links to difrobot_controller.egg-info/dependency_links.txt
[0.933s] writing top-level names to difrobot_controller.egg-info/top_level.txt
[0.944s] reading manifest file 'difrobot_controller.egg-info/SOURCES.txt'
[0.944s] writing manifest file 'difrobot_controller.egg-info/SOURCES.txt'
[1.035s] [100%] Built target ament_cmake_python_build_difrobot_controller_egg
[1.073s] Invoked command in '/home/ros/difrobot_ws/build/difrobot_controller' returned '0': CMAKE_PREFIX_PATH=${CMAKE_PREFIX_PATH}:/home/ros/difrobot_ws/install/difrobot_py_examples:/opt/ros/humble /usr/bin/cmake --build /home/ros/difrobot_ws/build/difrobot_controller -- -j2 -l2
[1.254s] Invoking command in '/home/ros/difrobot_ws/build/difrobot_controller': CMAKE_PREFIX_PATH=${CMAKE_PREFIX_PATH}:/home/ros/difrobot_ws/install/difrobot_py_examples:/opt/ros/humble /usr/bin/cmake --install /home/ros/difrobot_ws/build/difrobot_controller
[1.287s] -- Install configuration: ""
[1.287s] -- Up-to-date: /home/ros/difrobot_ws/install/difrobot_controller/share/difrobot_controller/environment/pythonpath.sh
[1.288s] -- Up-to-date: /home/ros/difrobot_ws/install/difrobot_controller/share/difrobot_controller/environment/pythonpath.dsv
[1.288s] -- Up-to-date: /home/ros/difrobot_ws/install/difrobot_controller/local/lib/python3.10/dist-packages/difrobot_controller-0.0.0-py3.10.egg-info
[1.289s] -- Installing: /home/ros/difrobot_ws/install/difrobot_controller/local/lib/python3.10/dist-packages/difrobot_controller-0.0.0-py3.10.egg-info/dependency_links.txt
[1.290s] -- Installing: /home/ros/difrobot_ws/install/difrobot_controller/local/lib/python3.10/dist-packages/difrobot_controller-0.0.0-py3.10.egg-info/SOURCES.txt
[1.292s] -- Installing: /home/ros/difrobot_ws/install/difrobot_controller/local/lib/python3.10/dist-packages/difrobot_controller-0.0.0-py3.10.egg-info/PKG-INFO
[1.292s] -- Installing: /home/ros/difrobot_ws/install/difrobot_controller/local/lib/python3.10/dist-packages/difrobot_controller-0.0.0-py3.10.egg-info/top_level.txt
[1.293s] -- Up-to-date: /home/ros/difrobot_ws/install/difrobot_controller/local/lib/python3.10/dist-packages/difrobot_controller
[1.293s] -- Up-to-date: /home/ros/difrobot_ws/install/difrobot_controller/local/lib/python3.10/dist-packages/difrobot_controller/simple_controller.py
[1.293s] -- Up-to-date: /home/ros/difrobot_ws/install/difrobot_controller/local/lib/python3.10/dist-packages/difrobot_controller/__init__.py
[1.373s] Listing '/home/ros/difrobot_ws/install/difrobot_controller/local/lib/python3.10/dist-packages/difrobot_controller'...
[1.382s] -- Up-to-date: /home/ros/difrobot_ws/install/difrobot_controller/include/include
[1.382s] -- Up-to-date: /home/ros/difrobot_ws/install/difrobot_controller/include/include/difrobot_controller
[1.383s] -- Up-to-date: /home/ros/difrobot_ws/install/difrobot_controller/include/include/difrobot_controller/simple_controller.hpp
[1.384s] -- Up-to-date: /home/ros/difrobot_ws/install/difrobot_controller/lib/difrobot_controller/simple_controller
[1.385s] -- Up-to-date: /home/ros/difrobot_ws/install/difrobot_controller/share/difrobot_controller/launch
[1.385s] -- Up-to-date: /home/ros/difrobot_ws/install/difrobot_controller/share/difrobot_controller/launch/controller.launch.py
[1.385s] -- Up-to-date: /home/ros/difrobot_ws/install/difrobot_controller/share/difrobot_controller/config
[1.385s] -- Up-to-date: /home/ros/difrobot_ws/install/difrobot_controller/share/difrobot_controller/config/difrobot_controllers.yaml
[1.386s] -- Up-to-date: /home/ros/difrobot_ws/install/difrobot_controller/lib/difrobot_controller/simple_controller.py
[1.386s] -- Up-to-date: /home/ros/difrobot_ws/install/difrobot_controller/share/ament_index/resource_index/package_run_dependencies/difrobot_controller
[1.387s] -- Up-to-date: /home/ros/difrobot_ws/install/difrobot_controller/share/ament_index/resource_index/parent_prefix_path/difrobot_controller
[1.387s] -- Up-to-date: /home/ros/difrobot_ws/install/difrobot_controller/share/difrobot_controller/environment/ament_prefix_path.sh
[1.387s] -- Up-to-date: /home/ros/difrobot_ws/install/difrobot_controller/share/difrobot_controller/environment/ament_prefix_path.dsv
[1.387s] -- Up-to-date: /home/ros/difrobot_ws/install/difrobot_controller/share/difrobot_controller/environment/path.sh
[1.388s] -- Up-to-date: /home/ros/difrobot_ws/install/difrobot_controller/share/difrobot_controller/environment/path.dsv
[1.388s] -- Up-to-date: /home/ros/difrobot_ws/install/difrobot_controller/share/difrobot_controller/local_setup.bash
[1.388s] -- Up-to-date: /home/ros/difrobot_ws/install/difrobot_controller/share/difrobot_controller/local_setup.sh
[1.389s] -- Up-to-date: /home/ros/difrobot_ws/install/difrobot_controller/share/difrobot_controller/local_setup.zsh
[1.389s] -- Up-to-date: /home/ros/difrobot_ws/install/difrobot_controller/share/difrobot_controller/local_setup.dsv
[1.390s] -- Installing: /home/ros/difrobot_ws/install/difrobot_controller/share/difrobot_controller/package.dsv
[1.390s] -- Up-to-date: /home/ros/difrobot_ws/install/difrobot_controller/share/ament_index/resource_index/packages/difrobot_controller
[1.391s] -- Up-to-date: /home/ros/difrobot_ws/install/difrobot_controller/share/difrobot_controller/cmake/difrobot_controllerConfig.cmake
[1.391s] -- Up-to-date: /home/ros/difrobot_ws/install/difrobot_controller/share/difrobot_controller/cmake/difrobot_controllerConfig-version.cmake
[1.392s] -- Up-to-date: /home/ros/difrobot_ws/install/difrobot_controller/share/difrobot_controller/package.xml
[1.397s] Invoked command in '/home/ros/difrobot_ws/build/difrobot_controller' returned '0': CMAKE_PREFIX_PATH=${CMAKE_PREFIX_PATH}:/home/ros/difrobot_ws/install/difrobot_py_examples:/opt/ros/humble /usr/bin/cmake --install /home/ros/difrobot_ws/build/difrobot_controller
