[0.051s] Invoking command in '/home/ros/difrobot_ws/build/difrobot_firmware': CMAKE_PREFIX_PATH=${CMAKE_PREFIX_PATH}:/home/ros/difrobot_ws/install/difrobot_py_examples:/opt/ros/humble /usr/bin/cmake --build /home/ros/difrobot_ws/build/difrobot_firmware -- -j2 -l2
[0.411s] Built target ament_cmake_python_copy_difrobot_firmware
[1.661s] running egg_info
[1.667s] writing difrobot_firmware.egg-info/PKG-INFO
[1.669s] writing dependency_links to difrobot_firmware.egg-info/dependency_links.txt
[1.671s] writing top-level names to difrobot_firmware.egg-info/top_level.txt
[1.678s] reading manifest file 'difrobot_firmware.egg-info/SOURCES.txt'
[1.684s] writing manifest file 'difrobot_firmware.egg-info/SOURCES.txt'
[1.770s] Built target ament_cmake_python_build_difrobot_firmware_egg
[1.822s] Invoked command in '/home/ros/difrobot_ws/build/difrobot_firmware' returned '0': CMAKE_PREFIX_PATH=${CMAKE_PREFIX_PATH}:/home/ros/difrobot_ws/install/difrobot_py_examples:/opt/ros/humble /usr/bin/cmake --build /home/ros/difrobot_ws/build/difrobot_firmware -- -j2 -l2
[2.064s] Invoking command in '/home/ros/difrobot_ws/build/difrobot_firmware': CMAKE_PREFIX_PATH=${CMAKE_PREFIX_PATH}:/home/ros/difrobot_ws/install/difrobot_py_examples:/opt/ros/humble /usr/bin/cmake --install /home/ros/difrobot_ws/build/difrobot_firmware
[2.115s] -- Install configuration: ""
[2.116s] -- Up-to-date: /home/ros/difrobot_ws/install/difrobot_firmware/share/difrobot_firmware/environment/pythonpath.sh
[2.116s] -- Up-to-date: /home/ros/difrobot_ws/install/difrobot_firmware/share/difrobot_firmware/environment/pythonpath.dsv
[2.116s] -- Up-to-date: /home/ros/difrobot_ws/install/difrobot_firmware/local/lib/python3.10/dist-packages/difrobot_firmware-0.0.0-py3.10.egg-info
[2.116s] -- Installing: /home/ros/difrobot_ws/install/difrobot_firmware/local/lib/python3.10/dist-packages/difrobot_firmware-0.0.0-py3.10.egg-info/dependency_links.txt
[2.116s] -- Installing: /home/ros/difrobot_ws/install/difrobot_firmware/local/lib/python3.10/dist-packages/difrobot_firmware-0.0.0-py3.10.egg-info/SOURCES.txt
[2.119s] -- Installing: /home/ros/difrobot_ws/install/difrobot_firmware/local/lib/python3.10/dist-packages/difrobot_firmware-0.0.0-py3.10.egg-info/PKG-INFO
[2.119s] -- Installing: /home/ros/difrobot_ws/install/difrobot_firmware/local/lib/python3.10/dist-packages/difrobot_firmware-0.0.0-py3.10.egg-info/top_level.txt
[2.120s] -- Up-to-date: /home/ros/difrobot_ws/install/difrobot_firmware/local/lib/python3.10/dist-packages/difrobot_firmware
[2.120s] -- Up-to-date: /home/ros/difrobot_ws/install/difrobot_firmware/local/lib/python3.10/dist-packages/difrobot_firmware/simple_serial_transmitter.py
[2.120s] -- Up-to-date: /home/ros/difrobot_ws/install/difrobot_firmware/local/lib/python3.10/dist-packages/difrobot_firmware/__init__.py
[2.120s] -- Up-to-date: /home/ros/difrobot_ws/install/difrobot_firmware/local/lib/python3.10/dist-packages/difrobot_firmware/simple_serial_receiver.py
[2.254s] Listing '/home/ros/difrobot_ws/install/difrobot_firmware/local/lib/python3.10/dist-packages/difrobot_firmware'...
[2.276s] -- Up-to-date: /home/ros/difrobot_ws/install/difrobot_firmware/lib/difrobot_firmware/simple_serial_transmitter.py
[2.282s] -- Up-to-date: /home/ros/difrobot_ws/install/difrobot_firmware/lib/difrobot_firmware/simple_serial_receiver.py
[2.282s] -- Up-to-date: /home/ros/difrobot_ws/install/difrobot_firmware/share/ament_index/resource_index/package_run_dependencies/difrobot_firmware
[2.283s] -- Up-to-date: /home/ros/difrobot_ws/install/difrobot_firmware/share/ament_index/resource_index/parent_prefix_path/difrobot_firmware
[2.283s] -- Up-to-date: /home/ros/difrobot_ws/install/difrobot_firmware/share/difrobot_firmware/environment/ament_prefix_path.sh
[2.283s] -- Up-to-date: /home/ros/difrobot_ws/install/difrobot_firmware/share/difrobot_firmware/environment/ament_prefix_path.dsv
[2.283s] -- Up-to-date: /home/ros/difrobot_ws/install/difrobot_firmware/share/difrobot_firmware/environment/path.sh
[2.283s] -- Up-to-date: /home/ros/difrobot_ws/install/difrobot_firmware/share/difrobot_firmware/environment/path.dsv
[2.283s] -- Up-to-date: /home/ros/difrobot_ws/install/difrobot_firmware/share/difrobot_firmware/local_setup.bash
[2.283s] -- Up-to-date: /home/ros/difrobot_ws/install/difrobot_firmware/share/difrobot_firmware/local_setup.sh
[2.283s] -- Up-to-date: /home/ros/difrobot_ws/install/difrobot_firmware/share/difrobot_firmware/local_setup.zsh
[2.283s] -- Up-to-date: /home/ros/difrobot_ws/install/difrobot_firmware/share/difrobot_firmware/local_setup.dsv
[2.287s] -- Installing: /home/ros/difrobot_ws/install/difrobot_firmware/share/difrobot_firmware/package.dsv
[2.288s] -- Up-to-date: /home/ros/difrobot_ws/install/difrobot_firmware/share/ament_index/resource_index/packages/difrobot_firmware
[2.288s] -- Up-to-date: /home/ros/difrobot_ws/install/difrobot_firmware/share/difrobot_firmware/cmake/ament_cmake_export_dependencies-extras.cmake
[2.288s] -- Up-to-date: /home/ros/difrobot_ws/install/difrobot_firmware/share/difrobot_firmware/cmake/difrobot_firmwareConfig.cmake
[2.288s] -- Up-to-date: /home/ros/difrobot_ws/install/difrobot_firmware/share/difrobot_firmware/cmake/difrobot_firmwareConfig-version.cmake
[2.291s] -- Up-to-date: /home/ros/difrobot_ws/install/difrobot_firmware/share/difrobot_firmware/package.xml
[2.296s] Invoked command in '/home/ros/difrobot_ws/build/difrobot_firmware' returned '0': CMAKE_PREFIX_PATH=${CMAKE_PREFIX_PATH}:/home/ros/difrobot_ws/install/difrobot_py_examples:/opt/ros/humble /usr/bin/cmake --install /home/ros/difrobot_ws/build/difrobot_firmware
