[2.953s] Invoking command in '/home/ros/difrobot_ws/src/difrobot_py_examples': PYTHONPATH=/home/ros/difrobot_ws/build/difrobot_py_examples/prefix_override:/usr/lib/python3/dist-packages/colcon_core/task/python/colcon_distutils_commands:/home/ros/difrobot_ws/install/difrobot_py_examples/lib/python3.10/site-packages:${PYTHONPATH} /usr/bin/python3 -W ignore:setup.py install is deprecated setup.py egg_info --egg-base ../../build/difrobot_py_examples build --build-base /home/ros/difrobot_ws/build/difrobot_py_examples/build install --record /home/ros/difrobot_ws/build/difrobot_py_examples/install.log --single-version-externally-managed install_data
[3.443s] running egg_info
[3.446s] writing ../../build/difrobot_py_examples/difrobot_py_examples.egg-info/PKG-INFO
[3.449s] writing dependency_links to ../../build/difrobot_py_examples/difrobot_py_examples.egg-info/dependency_links.txt
[3.450s] writing entry points to ../../build/difrobot_py_examples/difrobot_py_examples.egg-info/entry_points.txt
[3.452s] writing requirements to ../../build/difrobot_py_examples/difrobot_py_examples.egg-info/requires.txt
[3.455s] writing top-level names to ../../build/difrobot_py_examples/difrobot_py_examples.egg-info/top_level.txt
[3.459s] reading manifest file '../../build/difrobot_py_examples/difrobot_py_examples.egg-info/SOURCES.txt'
[3.463s] writing manifest file '../../build/difrobot_py_examples/difrobot_py_examples.egg-info/SOURCES.txt'
[3.464s] running build
[3.465s] running build_py
[3.467s] running install
[3.471s] running install_lib
[3.474s] running install_data
[3.475s] running install_egg_info
[3.479s] removing '/home/ros/difrobot_ws/install/difrobot_py_examples/lib/python3.10/site-packages/difrobot_py_examples-0.0.0-py3.10.egg-info' (and everything under it)
[3.487s] Copying ../../build/difrobot_py_examples/difrobot_py_examples.egg-info to /home/ros/difrobot_ws/install/difrobot_py_examples/lib/python3.10/site-packages/difrobot_py_examples-0.0.0-py3.10.egg-info
[3.489s] running install_scripts
[3.533s] Installing simple_service_client script to /home/ros/difrobot_ws/install/difrobot_py_examples/lib/difrobot_py_examples
[3.535s] Installing simple_service_server script to /home/ros/difrobot_ws/install/difrobot_py_examples/lib/difrobot_py_examples
[3.537s] Installing simple_tf_kinematics script to /home/ros/difrobot_ws/install/difrobot_py_examples/lib/difrobot_py_examples
[3.538s] Installing simple_turtlesim_kinematics script to /home/ros/difrobot_ws/install/difrobot_py_examples/lib/difrobot_py_examples
[3.539s] writing list of installed files to '/home/ros/difrobot_ws/build/difrobot_py_examples/install.log'
[3.597s] Invoked command in '/home/ros/difrobot_ws/src/difrobot_py_examples' returned '0': PYTHONPATH=/home/ros/difrobot_ws/build/difrobot_py_examples/prefix_override:/usr/lib/python3/dist-packages/colcon_core/task/python/colcon_distutils_commands:/home/ros/difrobot_ws/install/difrobot_py_examples/lib/python3.10/site-packages:${PYTHONPATH} /usr/bin/python3 -W ignore:setup.py install is deprecated setup.py egg_info --egg-base ../../build/difrobot_py_examples build --build-base /home/ros/difrobot_ws/build/difrobot_py_examples/build install --record /home/ros/difrobot_ws/build/difrobot_py_examples/install.log --single-version-externally-managed install_data
