[0.200s] DEBUG:colcon:Command line arguments: ['/usr/bin/colcon', 'build']
[0.200s] DEBUG:colcon:Parsed command line arguments: Namespace(log_base=None, log_level=None, verb_name='build', build_base='build', install_base='install', merge_install=False, symlink_install=False, test_result_base=None, continue_on_error=False, executor='parallel', parallel_workers=2, event_handlers=None, ignore_user_meta=False, metas=['./colcon.meta'], base_paths=['.'], packages_ignore=None, packages_ignore_regex=None, paths=None, packages_up_to=None, packages_up_to_regex=None, packages_above=None, packages_above_and_dependencies=None, packages_above_depth=None, packages_select_by_dep=None, packages_skip_by_dep=None, packages_skip_up_to=None, packages_select_build_failed=False, packages_skip_build_finished=False, packages_select_test_failures=False, packages_skip_test_passed=False, packages_select=None, packages_skip=None, packages_select_regex=None, packages_skip_regex=None, packages_start=None, packages_end=None, allow_overriding=[], cmake_args=None, cmake_target=None, cmake_target_skip_unavailable=False, cmake_clean_cache=False, cmake_clean_first=False, cmake_force_configure=False, ament_cmake_args=None, catkin_cmake_args=None, catkin_skip_building_tests=False, verb_parser=<colcon_defaults.argument_parser.defaults.DefaultArgumentsDecorator object at 0x71a4daa005b0>, verb_extension=<colcon_core.verb.build.BuildVerb object at 0x71a4daa000d0>, main=<bound method BuildVerb.main of <colcon_core.verb.build.BuildVerb object at 0x71a4daa000d0>>)
[0.536s] Level 1:colcon.colcon_core.package_discovery:discover_packages(colcon_meta) check parameters
[0.537s] Level 1:colcon.colcon_core.package_discovery:discover_packages(recursive) check parameters
[0.537s] Level 1:colcon.colcon_core.package_discovery:discover_packages(ignore) check parameters
[0.537s] Level 1:colcon.colcon_core.package_discovery:discover_packages(path) check parameters
[0.537s] Level 1:colcon.colcon_core.package_discovery:discover_packages(colcon_meta) discover
[0.537s] Level 1:colcon.colcon_core.package_discovery:discover_packages(recursive) discover
[0.537s] INFO:colcon.colcon_core.package_discovery:Crawling recursively for packages in '/home/ros/difrobot_ws'
[0.537s] Level 1:colcon.colcon_core.package_identification:_identify(.) by extensions ['ignore', 'ignore_ament_install']
[0.537s] Level 1:colcon.colcon_core.package_identification:_identify(.) by extension 'ignore'
[0.537s] Level 1:colcon.colcon_core.package_identification:_identify(.) by extension 'ignore_ament_install'
[0.537s] Level 1:colcon.colcon_core.package_identification:_identify(.) by extensions ['colcon_pkg']
[0.538s] Level 1:colcon.colcon_core.package_identification:_identify(.) by extension 'colcon_pkg'
[0.538s] Level 1:colcon.colcon_core.package_identification:_identify(.) by extensions ['colcon_meta']
[0.538s] Level 1:colcon.colcon_core.package_identification:_identify(.) by extension 'colcon_meta'
[0.538s] Level 1:colcon.colcon_core.package_identification:_identify(.) by extensions ['ros']
[0.538s] Level 1:colcon.colcon_core.package_identification:_identify(.) by extension 'ros'
[0.562s] Level 1:colcon.colcon_core.package_identification:_identify(.) by extensions ['cmake', 'python']
[0.562s] Level 1:colcon.colcon_core.package_identification:_identify(.) by extension 'cmake'
[0.562s] Level 1:colcon.colcon_core.package_identification:_identify(.) by extension 'python'
[0.562s] Level 1:colcon.colcon_core.package_identification:_identify(.) by extensions ['python_setup_py']
[0.562s] Level 1:colcon.colcon_core.package_identification:_identify(.) by extension 'python_setup_py'
[0.562s] Level 1:colcon.colcon_core.package_identification:_identify(build) by extensions ['ignore', 'ignore_ament_install']
[0.562s] Level 1:colcon.colcon_core.package_identification:_identify(build) by extension 'ignore'
[0.563s] Level 1:colcon.colcon_core.package_identification:_identify(build) ignored
[0.563s] Level 1:colcon.colcon_core.package_identification:_identify(install) by extensions ['ignore', 'ignore_ament_install']
[0.563s] Level 1:colcon.colcon_core.package_identification:_identify(install) by extension 'ignore'
[0.563s] Level 1:colcon.colcon_core.package_identification:_identify(install) ignored
[0.563s] Level 1:colcon.colcon_core.package_identification:_identify(log) by extensions ['ignore', 'ignore_ament_install']
[0.563s] Level 1:colcon.colcon_core.package_identification:_identify(log) by extension 'ignore'
[0.563s] Level 1:colcon.colcon_core.package_identification:_identify(log) ignored
[0.564s] Level 1:colcon.colcon_core.package_identification:_identify(src) by extensions ['ignore', 'ignore_ament_install']
[0.564s] Level 1:colcon.colcon_core.package_identification:_identify(src) by extension 'ignore'
[0.564s] Level 1:colcon.colcon_core.package_identification:_identify(src) by extension 'ignore_ament_install'
[0.564s] Level 1:colcon.colcon_core.package_identification:_identify(src) by extensions ['colcon_pkg']
[0.564s] Level 1:colcon.colcon_core.package_identification:_identify(src) by extension 'colcon_pkg'
[0.564s] Level 1:colcon.colcon_core.package_identification:_identify(src) by extensions ['colcon_meta']
[0.564s] Level 1:colcon.colcon_core.package_identification:_identify(src) by extension 'colcon_meta'
[0.564s] Level 1:colcon.colcon_core.package_identification:_identify(src) by extensions ['ros']
[0.564s] Level 1:colcon.colcon_core.package_identification:_identify(src) by extension 'ros'
[0.565s] Level 1:colcon.colcon_core.package_identification:_identify(src) by extensions ['cmake', 'python']
[0.565s] Level 1:colcon.colcon_core.package_identification:_identify(src) by extension 'cmake'
[0.565s] Level 1:colcon.colcon_core.package_identification:_identify(src) by extension 'python'
[0.565s] Level 1:colcon.colcon_core.package_identification:_identify(src) by extensions ['python_setup_py']
[0.565s] Level 1:colcon.colcon_core.package_identification:_identify(src) by extension 'python_setup_py'
[0.565s] Level 1:colcon.colcon_core.package_identification:_identify(src/difrobot_controller) by extensions ['ignore', 'ignore_ament_install']
[0.565s] Level 1:colcon.colcon_core.package_identification:_identify(src/difrobot_controller) by extension 'ignore'
[0.565s] Level 1:colcon.colcon_core.package_identification:_identify(src/difrobot_controller) by extension 'ignore_ament_install'
[0.565s] Level 1:colcon.colcon_core.package_identification:_identify(src/difrobot_controller) by extensions ['colcon_pkg']
[0.566s] Level 1:colcon.colcon_core.package_identification:_identify(src/difrobot_controller) by extension 'colcon_pkg'
[0.566s] Level 1:colcon.colcon_core.package_identification:_identify(src/difrobot_controller) by extensions ['colcon_meta']
[0.566s] Level 1:colcon.colcon_core.package_identification:_identify(src/difrobot_controller) by extension 'colcon_meta'
[0.566s] Level 1:colcon.colcon_core.package_identification:_identify(src/difrobot_controller) by extensions ['ros']
[0.566s] Level 1:colcon.colcon_core.package_identification:_identify(src/difrobot_controller) by extension 'ros'
[0.574s] DEBUG:colcon.colcon_core.package_identification:Package 'src/difrobot_controller' with type 'ros.ament_cmake' and name 'difrobot_controller'
[0.574s] Level 1:colcon.colcon_core.package_identification:_identify(src/difrobot_description) by extensions ['ignore', 'ignore_ament_install']
[0.574s] Level 1:colcon.colcon_core.package_identification:_identify(src/difrobot_description) by extension 'ignore'
[0.574s] Level 1:colcon.colcon_core.package_identification:_identify(src/difrobot_description) by extension 'ignore_ament_install'
[0.574s] Level 1:colcon.colcon_core.package_identification:_identify(src/difrobot_description) by extensions ['colcon_pkg']
[0.574s] Level 1:colcon.colcon_core.package_identification:_identify(src/difrobot_description) by extension 'colcon_pkg'
[0.575s] Level 1:colcon.colcon_core.package_identification:_identify(src/difrobot_description) by extensions ['colcon_meta']
[0.575s] Level 1:colcon.colcon_core.package_identification:_identify(src/difrobot_description) by extension 'colcon_meta'
[0.575s] Level 1:colcon.colcon_core.package_identification:_identify(src/difrobot_description) by extensions ['ros']
[0.575s] Level 1:colcon.colcon_core.package_identification:_identify(src/difrobot_description) by extension 'ros'
[0.576s] DEBUG:colcon.colcon_core.package_identification:Package 'src/difrobot_description' with type 'ros.ament_cmake' and name 'difrobot_description'
[0.576s] Level 1:colcon.colcon_core.package_identification:_identify(src/difrobot_msgs) by extensions ['ignore', 'ignore_ament_install']
[0.576s] Level 1:colcon.colcon_core.package_identification:_identify(src/difrobot_msgs) by extension 'ignore'
[0.576s] Level 1:colcon.colcon_core.package_identification:_identify(src/difrobot_msgs) by extension 'ignore_ament_install'
[0.576s] Level 1:colcon.colcon_core.package_identification:_identify(src/difrobot_msgs) by extensions ['colcon_pkg']
[0.576s] Level 1:colcon.colcon_core.package_identification:_identify(src/difrobot_msgs) by extension 'colcon_pkg'
[0.576s] Level 1:colcon.colcon_core.package_identification:_identify(src/difrobot_msgs) by extensions ['colcon_meta']
[0.577s] Level 1:colcon.colcon_core.package_identification:_identify(src/difrobot_msgs) by extension 'colcon_meta'
[0.577s] Level 1:colcon.colcon_core.package_identification:_identify(src/difrobot_msgs) by extensions ['ros']
[0.577s] Level 1:colcon.colcon_core.package_identification:_identify(src/difrobot_msgs) by extension 'ros'
[0.578s] DEBUG:colcon.colcon_core.package_identification:Package 'src/difrobot_msgs' with type 'ros.ament_cmake' and name 'difrobot_msgs'
[0.578s] Level 1:colcon.colcon_core.package_identification:_identify(src/difrobot_py_examples) by extensions ['ignore', 'ignore_ament_install']
[0.578s] Level 1:colcon.colcon_core.package_identification:_identify(src/difrobot_py_examples) by extension 'ignore'
[0.578s] Level 1:colcon.colcon_core.package_identification:_identify(src/difrobot_py_examples) by extension 'ignore_ament_install'
[0.578s] Level 1:colcon.colcon_core.package_identification:_identify(src/difrobot_py_examples) by extensions ['colcon_pkg']
[0.578s] Level 1:colcon.colcon_core.package_identification:_identify(src/difrobot_py_examples) by extension 'colcon_pkg'
[0.578s] Level 1:colcon.colcon_core.package_identification:_identify(src/difrobot_py_examples) by extensions ['colcon_meta']
[0.578s] Level 1:colcon.colcon_core.package_identification:_identify(src/difrobot_py_examples) by extension 'colcon_meta'
[0.579s] Level 1:colcon.colcon_core.package_identification:_identify(src/difrobot_py_examples) by extensions ['ros']
[0.579s] Level 1:colcon.colcon_core.package_identification:_identify(src/difrobot_py_examples) by extension 'ros'
[0.580s] DEBUG:colcon.colcon_core.package_identification:Package 'src/difrobot_py_examples' with type 'ros.ament_python' and name 'difrobot_py_examples'
[0.580s] Level 1:colcon.colcon_core.package_discovery:discover_packages(recursive) using defaults
[0.580s] Level 1:colcon.colcon_core.package_discovery:discover_packages(ignore) discover
[0.580s] Level 1:colcon.colcon_core.package_discovery:discover_packages(ignore) using defaults
[0.580s] Level 1:colcon.colcon_core.package_discovery:discover_packages(path) discover
[0.580s] Level 1:colcon.colcon_core.package_discovery:discover_packages(path) using defaults
[0.617s] Level 1:colcon.colcon_core.package_discovery:discover_packages(prefix_path) check parameters
[0.617s] Level 1:colcon.colcon_core.package_discovery:discover_packages(prefix_path) discover
[0.622s] DEBUG:colcon.colcon_installed_package_information.package_discovery:Found 327 installed packages in /opt/ros/humble
[0.625s] Level 1:colcon.colcon_core.package_discovery:discover_packages(prefix_path) using defaults
[0.720s] Level 5:colcon.colcon_core.verb:set package 'difrobot_controller' build argument 'cmake_args' from command line to 'None'
[0.720s] Level 5:colcon.colcon_core.verb:set package 'difrobot_controller' build argument 'cmake_target' from command line to 'None'
[0.720s] Level 5:colcon.colcon_core.verb:set package 'difrobot_controller' build argument 'cmake_target_skip_unavailable' from command line to 'False'
[0.720s] Level 5:colcon.colcon_core.verb:set package 'difrobot_controller' build argument 'cmake_clean_cache' from command line to 'False'
[0.720s] Level 5:colcon.colcon_core.verb:set package 'difrobot_controller' build argument 'cmake_clean_first' from command line to 'False'
[0.720s] Level 5:colcon.colcon_core.verb:set package 'difrobot_controller' build argument 'cmake_force_configure' from command line to 'False'
[0.720s] Level 5:colcon.colcon_core.verb:set package 'difrobot_controller' build argument 'ament_cmake_args' from command line to 'None'
[0.720s] Level 5:colcon.colcon_core.verb:set package 'difrobot_controller' build argument 'catkin_cmake_args' from command line to 'None'
[0.720s] Level 5:colcon.colcon_core.verb:set package 'difrobot_controller' build argument 'catkin_skip_building_tests' from command line to 'False'
[0.721s] DEBUG:colcon.colcon_core.verb:Building package 'difrobot_controller' with the following arguments: {'ament_cmake_args': None, 'build_base': '/home/ros/difrobot_ws/build/difrobot_controller', 'catkin_cmake_args': None, 'catkin_skip_building_tests': False, 'cmake_args': None, 'cmake_clean_cache': False, 'cmake_clean_first': False, 'cmake_force_configure': False, 'cmake_target': None, 'cmake_target_skip_unavailable': False, 'install_base': '/home/ros/difrobot_ws/install/difrobot_controller', 'merge_install': False, 'path': '/home/ros/difrobot_ws/src/difrobot_controller', 'symlink_install': False, 'test_result_base': None}
[0.721s] Level 5:colcon.colcon_core.verb:set package 'difrobot_description' build argument 'cmake_args' from command line to 'None'
[0.721s] Level 5:colcon.colcon_core.verb:set package 'difrobot_description' build argument 'cmake_target' from command line to 'None'
[0.721s] Level 5:colcon.colcon_core.verb:set package 'difrobot_description' build argument 'cmake_target_skip_unavailable' from command line to 'False'
[0.721s] Level 5:colcon.colcon_core.verb:set package 'difrobot_description' build argument 'cmake_clean_cache' from command line to 'False'
[0.721s] Level 5:colcon.colcon_core.verb:set package 'difrobot_description' build argument 'cmake_clean_first' from command line to 'False'
[0.721s] Level 5:colcon.colcon_core.verb:set package 'difrobot_description' build argument 'cmake_force_configure' from command line to 'False'
[0.721s] Level 5:colcon.colcon_core.verb:set package 'difrobot_description' build argument 'ament_cmake_args' from command line to 'None'
[0.721s] Level 5:colcon.colcon_core.verb:set package 'difrobot_description' build argument 'catkin_cmake_args' from command line to 'None'
[0.721s] Level 5:colcon.colcon_core.verb:set package 'difrobot_description' build argument 'catkin_skip_building_tests' from command line to 'False'
[0.722s] DEBUG:colcon.colcon_core.verb:Building package 'difrobot_description' with the following arguments: {'ament_cmake_args': None, 'build_base': '/home/ros/difrobot_ws/build/difrobot_description', 'catkin_cmake_args': None, 'catkin_skip_building_tests': False, 'cmake_args': None, 'cmake_clean_cache': False, 'cmake_clean_first': False, 'cmake_force_configure': False, 'cmake_target': None, 'cmake_target_skip_unavailable': False, 'install_base': '/home/ros/difrobot_ws/install/difrobot_description', 'merge_install': False, 'path': '/home/ros/difrobot_ws/src/difrobot_description', 'symlink_install': False, 'test_result_base': None}
[0.722s] Level 5:colcon.colcon_core.verb:set package 'difrobot_msgs' build argument 'cmake_args' from command line to 'None'
[0.722s] Level 5:colcon.colcon_core.verb:set package 'difrobot_msgs' build argument 'cmake_target' from command line to 'None'
[0.722s] Level 5:colcon.colcon_core.verb:set package 'difrobot_msgs' build argument 'cmake_target_skip_unavailable' from command line to 'False'
[0.722s] Level 5:colcon.colcon_core.verb:set package 'difrobot_msgs' build argument 'cmake_clean_cache' from command line to 'False'
[0.722s] Level 5:colcon.colcon_core.verb:set package 'difrobot_msgs' build argument 'cmake_clean_first' from command line to 'False'
[0.722s] Level 5:colcon.colcon_core.verb:set package 'difrobot_msgs' build argument 'cmake_force_configure' from command line to 'False'
[0.722s] Level 5:colcon.colcon_core.verb:set package 'difrobot_msgs' build argument 'ament_cmake_args' from command line to 'None'
[0.722s] Level 5:colcon.colcon_core.verb:set package 'difrobot_msgs' build argument 'catkin_cmake_args' from command line to 'None'
[0.722s] Level 5:colcon.colcon_core.verb:set package 'difrobot_msgs' build argument 'catkin_skip_building_tests' from command line to 'False'
[0.723s] DEBUG:colcon.colcon_core.verb:Building package 'difrobot_msgs' with the following arguments: {'ament_cmake_args': None, 'build_base': '/home/ros/difrobot_ws/build/difrobot_msgs', 'catkin_cmake_args': None, 'catkin_skip_building_tests': False, 'cmake_args': None, 'cmake_clean_cache': False, 'cmake_clean_first': False, 'cmake_force_configure': False, 'cmake_target': None, 'cmake_target_skip_unavailable': False, 'install_base': '/home/ros/difrobot_ws/install/difrobot_msgs', 'merge_install': False, 'path': '/home/ros/difrobot_ws/src/difrobot_msgs', 'symlink_install': False, 'test_result_base': None}
[0.723s] Level 5:colcon.colcon_core.verb:set package 'difrobot_py_examples' build argument 'cmake_args' from command line to 'None'
[0.723s] Level 5:colcon.colcon_core.verb:set package 'difrobot_py_examples' build argument 'cmake_target' from command line to 'None'
[0.723s] Level 5:colcon.colcon_core.verb:set package 'difrobot_py_examples' build argument 'cmake_target_skip_unavailable' from command line to 'False'
[0.723s] Level 5:colcon.colcon_core.verb:set package 'difrobot_py_examples' build argument 'cmake_clean_cache' from command line to 'False'
[0.723s] Level 5:colcon.colcon_core.verb:set package 'difrobot_py_examples' build argument 'cmake_clean_first' from command line to 'False'
[0.723s] Level 5:colcon.colcon_core.verb:set package 'difrobot_py_examples' build argument 'cmake_force_configure' from command line to 'False'
[0.723s] Level 5:colcon.colcon_core.verb:set package 'difrobot_py_examples' build argument 'ament_cmake_args' from command line to 'None'
[0.723s] Level 5:colcon.colcon_core.verb:set package 'difrobot_py_examples' build argument 'catkin_cmake_args' from command line to 'None'
[0.723s] Level 5:colcon.colcon_core.verb:set package 'difrobot_py_examples' build argument 'catkin_skip_building_tests' from command line to 'False'
[0.724s] DEBUG:colcon.colcon_core.verb:Building package 'difrobot_py_examples' with the following arguments: {'ament_cmake_args': None, 'build_base': '/home/ros/difrobot_ws/build/difrobot_py_examples', 'catkin_cmake_args': None, 'catkin_skip_building_tests': False, 'cmake_args': None, 'cmake_clean_cache': False, 'cmake_clean_first': False, 'cmake_force_configure': False, 'cmake_target': None, 'cmake_target_skip_unavailable': False, 'install_base': '/home/ros/difrobot_ws/install/difrobot_py_examples', 'merge_install': False, 'path': '/home/ros/difrobot_ws/src/difrobot_py_examples', 'symlink_install': False, 'test_result_base': None}
[0.724s] INFO:colcon.colcon_core.executor:Executing jobs using 'parallel' executor
[0.726s] DEBUG:colcon.colcon_parallel_executor.executor.parallel:run_until_complete
[0.727s] INFO:colcon.colcon_ros.task.ament_cmake.build:Building ROS package in '/home/ros/difrobot_ws/src/difrobot_msgs' with build type 'ament_cmake'
[0.727s] INFO:colcon.colcon_cmake.task.cmake.build:Building CMake package in '/home/ros/difrobot_ws/src/difrobot_msgs'
[0.732s] INFO:colcon.colcon_core.plugin_system:Skipping extension 'colcon_core.shell.bat': Not used on non-Windows systems
[0.732s] INFO:colcon.colcon_core.shell:Skip shell extension 'powershell' for command environment: Not usable outside of PowerShell
[0.732s] DEBUG:colcon.colcon_core.shell:Skip shell extension 'dsv' for command environment
[0.738s] INFO:colcon.colcon_ros.task.ament_cmake.build:Building ROS package in '/home/ros/difrobot_ws/src/difrobot_controller' with build type 'ament_cmake'
[0.738s] INFO:colcon.colcon_cmake.task.cmake.build:Building CMake package in '/home/ros/difrobot_ws/src/difrobot_controller'
[0.739s] INFO:colcon.colcon_core.shell:Skip shell extension 'powershell' for command environment: Not usable outside of PowerShell
[0.739s] DEBUG:colcon.colcon_core.shell:Skip shell extension 'dsv' for command environment
[0.753s] DEBUG:colcon.colcon_core.event_handler.log_command:Invoking command in '/home/ros/difrobot_ws/build/difrobot_msgs': CMAKE_PREFIX_PATH=/opt/ros/humble /usr/bin/cmake /home/ros/difrobot_ws/src/difrobot_msgs -DCMAKE_INSTALL_PREFIX=/home/ros/difrobot_ws/install/difrobot_msgs
[0.770s] DEBUG:colcon.colcon_core.event_handler.log_command:Invoking command in '/home/ros/difrobot_ws/build/difrobot_controller': CMAKE_PREFIX_PATH=/opt/ros/humble /usr/bin/cmake /home/ros/difrobot_ws/src/difrobot_controller -DCMAKE_INSTALL_PREFIX=/home/ros/difrobot_ws/install/difrobot_controller
[3.785s] DEBUG:colcon.colcon_core.event_handler.log_command:Invoked command in '/home/ros/difrobot_ws/build/difrobot_controller' returned '0': CMAKE_PREFIX_PATH=/opt/ros/humble /usr/bin/cmake /home/ros/difrobot_ws/src/difrobot_controller -DCMAKE_INSTALL_PREFIX=/home/ros/difrobot_ws/install/difrobot_controller
[3.786s] DEBUG:colcon.colcon_core.event_handler.log_command:Invoking command in '/home/ros/difrobot_ws/build/difrobot_controller': CMAKE_PREFIX_PATH=/opt/ros/humble /usr/bin/cmake --build /home/ros/difrobot_ws/build/difrobot_controller -- -j2 -l2
[4.566s] DEBUG:colcon.colcon_core.event_handler.log_command:Invoked command in '/home/ros/difrobot_ws/build/difrobot_msgs' returned '0': CMAKE_PREFIX_PATH=/opt/ros/humble /usr/bin/cmake /home/ros/difrobot_ws/src/difrobot_msgs -DCMAKE_INSTALL_PREFIX=/home/ros/difrobot_ws/install/difrobot_msgs
[4.571s] DEBUG:colcon.colcon_core.event_handler.log_command:Invoking command in '/home/ros/difrobot_ws/build/difrobot_msgs': CMAKE_PREFIX_PATH=/opt/ros/humble /usr/bin/cmake --build /home/ros/difrobot_ws/build/difrobot_msgs -- -j2 -l2
[16.109s] DEBUG:colcon.colcon_core.event_handler.log_command:Invoked command in '/home/ros/difrobot_ws/build/difrobot_msgs' returned '0': CMAKE_PREFIX_PATH=/opt/ros/humble /usr/bin/cmake --build /home/ros/difrobot_ws/build/difrobot_msgs -- -j2 -l2
[16.403s] DEBUG:colcon.colcon_core.event_handler.log_command:Invoking command in '/home/ros/difrobot_ws/build/difrobot_msgs': CMAKE_PREFIX_PATH=/opt/ros/humble /usr/bin/cmake --install /home/ros/difrobot_ws/build/difrobot_msgs
[16.589s] Level 1:colcon.colcon_core.environment:create_environment_scripts_only(difrobot_msgs)
[16.590s] DEBUG:colcon.colcon_core.event_handler.log_command:Invoked command in '/home/ros/difrobot_ws/build/difrobot_msgs' returned '0': CMAKE_PREFIX_PATH=/opt/ros/humble /usr/bin/cmake --install /home/ros/difrobot_ws/build/difrobot_msgs
[16.595s] Level 1:colcon.colcon_core.environment:checking '/home/ros/difrobot_ws/install/difrobot_msgs' for CMake module files
[16.596s] Level 1:colcon.colcon_core.environment:checking '/home/ros/difrobot_ws/install/difrobot_msgs' for CMake config files
[16.596s] Level 1:colcon.colcon_core.shell:create_environment_hook('difrobot_msgs', 'cmake_prefix_path')
[16.596s] INFO:colcon.colcon_core.shell:Creating environment hook '/home/ros/difrobot_ws/install/difrobot_msgs/share/difrobot_msgs/hook/cmake_prefix_path.ps1'
[16.598s] INFO:colcon.colcon_core.shell:Creating environment descriptor '/home/ros/difrobot_ws/install/difrobot_msgs/share/difrobot_msgs/hook/cmake_prefix_path.dsv'
[16.598s] INFO:colcon.colcon_core.shell:Creating environment hook '/home/ros/difrobot_ws/install/difrobot_msgs/share/difrobot_msgs/hook/cmake_prefix_path.sh'
[16.600s] Level 1:colcon.colcon_core.environment:checking '/home/ros/difrobot_ws/install/difrobot_msgs/lib'
[16.600s] Level 1:colcon.colcon_core.shell:create_environment_hook('difrobot_msgs', 'ld_library_path_lib')
[16.600s] INFO:colcon.colcon_core.shell:Creating environment hook '/home/ros/difrobot_ws/install/difrobot_msgs/share/difrobot_msgs/hook/ld_library_path_lib.ps1'
[16.601s] INFO:colcon.colcon_core.shell:Creating environment descriptor '/home/ros/difrobot_ws/install/difrobot_msgs/share/difrobot_msgs/hook/ld_library_path_lib.dsv'
[16.602s] INFO:colcon.colcon_core.shell:Creating environment hook '/home/ros/difrobot_ws/install/difrobot_msgs/share/difrobot_msgs/hook/ld_library_path_lib.sh'
[16.602s] Level 1:colcon.colcon_core.environment:checking '/home/ros/difrobot_ws/install/difrobot_msgs/bin'
[16.602s] Level 1:colcon.colcon_core.environment:checking '/home/ros/difrobot_ws/install/difrobot_msgs/lib/pkgconfig/difrobot_msgs.pc'
[16.603s] Level 1:colcon.colcon_core.environment:checking '/home/ros/difrobot_ws/install/difrobot_msgs/lib/python3.10/site-packages'
[16.603s] Level 1:colcon.colcon_core.environment:checking '/home/ros/difrobot_ws/install/difrobot_msgs/bin'
[16.604s] INFO:colcon.colcon_core.shell:Creating package script '/home/ros/difrobot_ws/install/difrobot_msgs/share/difrobot_msgs/package.ps1'
[16.606s] INFO:colcon.colcon_core.shell:Creating package descriptor '/home/ros/difrobot_ws/install/difrobot_msgs/share/difrobot_msgs/package.dsv'
[16.607s] INFO:colcon.colcon_core.shell:Creating package script '/home/ros/difrobot_ws/install/difrobot_msgs/share/difrobot_msgs/package.sh'
[16.608s] INFO:colcon.colcon_core.shell:Creating package script '/home/ros/difrobot_ws/install/difrobot_msgs/share/difrobot_msgs/package.bash'
[16.610s] INFO:colcon.colcon_core.shell:Creating package script '/home/ros/difrobot_ws/install/difrobot_msgs/share/difrobot_msgs/package.zsh'
[16.611s] Level 1:colcon.colcon_core.environment:create_file_with_runtime_dependencies(/home/ros/difrobot_ws/install/difrobot_msgs/share/colcon-core/packages/difrobot_msgs)
[16.879s] Level 1:colcon.colcon_core.environment:create_environment_scripts_only(difrobot_msgs)
[16.880s] Level 1:colcon.colcon_core.environment:checking '/home/ros/difrobot_ws/install/difrobot_msgs' for CMake module files
[16.881s] Level 1:colcon.colcon_core.environment:checking '/home/ros/difrobot_ws/install/difrobot_msgs' for CMake config files
[16.881s] Level 1:colcon.colcon_core.shell:create_environment_hook('difrobot_msgs', 'cmake_prefix_path')
[16.882s] INFO:colcon.colcon_core.shell:Creating environment hook '/home/ros/difrobot_ws/install/difrobot_msgs/share/difrobot_msgs/hook/cmake_prefix_path.ps1'
[16.883s] INFO:colcon.colcon_core.shell:Creating environment descriptor '/home/ros/difrobot_ws/install/difrobot_msgs/share/difrobot_msgs/hook/cmake_prefix_path.dsv'
[16.884s] INFO:colcon.colcon_core.shell:Creating environment hook '/home/ros/difrobot_ws/install/difrobot_msgs/share/difrobot_msgs/hook/cmake_prefix_path.sh'
[16.885s] Level 1:colcon.colcon_core.environment:checking '/home/ros/difrobot_ws/install/difrobot_msgs/lib'
[16.885s] Level 1:colcon.colcon_core.shell:create_environment_hook('difrobot_msgs', 'ld_library_path_lib')
[16.885s] INFO:colcon.colcon_core.shell:Creating environment hook '/home/ros/difrobot_ws/install/difrobot_msgs/share/difrobot_msgs/hook/ld_library_path_lib.ps1'
[16.886s] INFO:colcon.colcon_core.shell:Creating environment descriptor '/home/ros/difrobot_ws/install/difrobot_msgs/share/difrobot_msgs/hook/ld_library_path_lib.dsv'
[16.887s] INFO:colcon.colcon_core.shell:Creating environment hook '/home/ros/difrobot_ws/install/difrobot_msgs/share/difrobot_msgs/hook/ld_library_path_lib.sh'
[16.888s] Level 1:colcon.colcon_core.environment:checking '/home/ros/difrobot_ws/install/difrobot_msgs/bin'
[16.888s] Level 1:colcon.colcon_core.environment:checking '/home/ros/difrobot_ws/install/difrobot_msgs/lib/pkgconfig/difrobot_msgs.pc'
[16.888s] Level 1:colcon.colcon_core.environment:checking '/home/ros/difrobot_ws/install/difrobot_msgs/lib/python3.10/site-packages'
[16.889s] Level 1:colcon.colcon_core.environment:checking '/home/ros/difrobot_ws/install/difrobot_msgs/bin'
[16.889s] INFO:colcon.colcon_core.shell:Creating package script '/home/ros/difrobot_ws/install/difrobot_msgs/share/difrobot_msgs/package.ps1'
[16.891s] INFO:colcon.colcon_core.shell:Creating package descriptor '/home/ros/difrobot_ws/install/difrobot_msgs/share/difrobot_msgs/package.dsv'
[16.892s] INFO:colcon.colcon_core.shell:Creating package script '/home/ros/difrobot_ws/install/difrobot_msgs/share/difrobot_msgs/package.sh'
[16.893s] INFO:colcon.colcon_core.shell:Creating package script '/home/ros/difrobot_ws/install/difrobot_msgs/share/difrobot_msgs/package.bash'
[16.894s] INFO:colcon.colcon_core.shell:Creating package script '/home/ros/difrobot_ws/install/difrobot_msgs/share/difrobot_msgs/package.zsh'
[16.895s] Level 1:colcon.colcon_core.environment:create_file_with_runtime_dependencies(/home/ros/difrobot_ws/install/difrobot_msgs/share/colcon-core/packages/difrobot_msgs)
[16.896s] INFO:colcon.colcon_ros.task.ament_cmake.build:Building ROS package in '/home/ros/difrobot_ws/src/difrobot_description' with build type 'ament_cmake'
[16.896s] INFO:colcon.colcon_cmake.task.cmake.build:Building CMake package in '/home/ros/difrobot_ws/src/difrobot_description'
[16.897s] INFO:colcon.colcon_core.shell:Skip shell extension 'powershell' for command environment: Not usable outside of PowerShell
[16.897s] DEBUG:colcon.colcon_core.shell:Skip shell extension 'dsv' for command environment
[16.914s] DEBUG:colcon.colcon_core.event_handler.log_command:Invoking command in '/home/ros/difrobot_ws/build/difrobot_description': CMAKE_PREFIX_PATH=/opt/ros/humble /usr/bin/cmake /home/ros/difrobot_ws/src/difrobot_description -DCMAKE_INSTALL_PREFIX=/home/ros/difrobot_ws/install/difrobot_description
[18.308s] DEBUG:colcon.colcon_core.event_handler.log_command:Invoked command in '/home/ros/difrobot_ws/build/difrobot_description' returned '0': CMAKE_PREFIX_PATH=/opt/ros/humble /usr/bin/cmake /home/ros/difrobot_ws/src/difrobot_description -DCMAKE_INSTALL_PREFIX=/home/ros/difrobot_ws/install/difrobot_description
[18.310s] DEBUG:colcon.colcon_core.event_handler.log_command:Invoking command in '/home/ros/difrobot_ws/build/difrobot_description': CMAKE_PREFIX_PATH=/opt/ros/humble /usr/bin/cmake --build /home/ros/difrobot_ws/build/difrobot_description -- -j2 -l2
[18.411s] DEBUG:colcon.colcon_core.event_handler.log_command:Invoked command in '/home/ros/difrobot_ws/build/difrobot_description' returned '0': CMAKE_PREFIX_PATH=/opt/ros/humble /usr/bin/cmake --build /home/ros/difrobot_ws/build/difrobot_description -- -j2 -l2
[18.498s] DEBUG:colcon.colcon_core.event_handler.log_command:Invoking command in '/home/ros/difrobot_ws/build/difrobot_description': CMAKE_PREFIX_PATH=/opt/ros/humble /usr/bin/cmake --install /home/ros/difrobot_ws/build/difrobot_description
[18.599s] Level 1:colcon.colcon_core.environment:create_environment_scripts_only(difrobot_description)
[18.600s] Level 1:colcon.colcon_core.environment:checking '/home/ros/difrobot_ws/install/difrobot_description' for CMake module files
[18.602s] Level 1:colcon.colcon_core.environment:checking '/home/ros/difrobot_ws/install/difrobot_description' for CMake config files
[18.602s] Level 1:colcon.colcon_core.shell:create_environment_hook('difrobot_description', 'cmake_prefix_path')
[18.602s] INFO:colcon.colcon_core.shell:Creating environment hook '/home/ros/difrobot_ws/install/difrobot_description/share/difrobot_description/hook/cmake_prefix_path.ps1'
[18.603s] DEBUG:colcon.colcon_core.event_handler.log_command:Invoked command in '/home/ros/difrobot_ws/build/difrobot_description' returned '0': CMAKE_PREFIX_PATH=/opt/ros/humble /usr/bin/cmake --install /home/ros/difrobot_ws/build/difrobot_description
[18.604s] INFO:colcon.colcon_core.shell:Creating environment descriptor '/home/ros/difrobot_ws/install/difrobot_description/share/difrobot_description/hook/cmake_prefix_path.dsv'
[18.605s] INFO:colcon.colcon_core.shell:Creating environment hook '/home/ros/difrobot_ws/install/difrobot_description/share/difrobot_description/hook/cmake_prefix_path.sh'
[18.606s] Level 1:colcon.colcon_core.environment:checking '/home/ros/difrobot_ws/install/difrobot_description/bin'
[18.606s] Level 1:colcon.colcon_core.environment:checking '/home/ros/difrobot_ws/install/difrobot_description/lib/pkgconfig/difrobot_description.pc'
[18.608s] Level 1:colcon.colcon_core.environment:checking '/home/ros/difrobot_ws/install/difrobot_description/lib/python3.10/site-packages'
[18.609s] Level 1:colcon.colcon_core.environment:checking '/home/ros/difrobot_ws/install/difrobot_description/bin'
[18.609s] INFO:colcon.colcon_core.shell:Creating package script '/home/ros/difrobot_ws/install/difrobot_description/share/difrobot_description/package.ps1'
[18.610s] INFO:colcon.colcon_core.shell:Creating package descriptor '/home/ros/difrobot_ws/install/difrobot_description/share/difrobot_description/package.dsv'
[18.611s] INFO:colcon.colcon_core.shell:Creating package script '/home/ros/difrobot_ws/install/difrobot_description/share/difrobot_description/package.sh'
[18.612s] INFO:colcon.colcon_core.shell:Creating package script '/home/ros/difrobot_ws/install/difrobot_description/share/difrobot_description/package.bash'
[18.612s] INFO:colcon.colcon_core.shell:Creating package script '/home/ros/difrobot_ws/install/difrobot_description/share/difrobot_description/package.zsh'
[18.613s] Level 1:colcon.colcon_core.environment:create_file_with_runtime_dependencies(/home/ros/difrobot_ws/install/difrobot_description/share/colcon-core/packages/difrobot_description)
[18.703s] Level 1:colcon.colcon_core.environment:create_environment_scripts_only(difrobot_description)
[18.704s] Level 1:colcon.colcon_core.environment:checking '/home/ros/difrobot_ws/install/difrobot_description' for CMake module files
[18.705s] Level 1:colcon.colcon_core.environment:checking '/home/ros/difrobot_ws/install/difrobot_description' for CMake config files
[18.705s] Level 1:colcon.colcon_core.shell:create_environment_hook('difrobot_description', 'cmake_prefix_path')
[18.705s] INFO:colcon.colcon_core.shell:Creating environment hook '/home/ros/difrobot_ws/install/difrobot_description/share/difrobot_description/hook/cmake_prefix_path.ps1'
[18.706s] INFO:colcon.colcon_core.shell:Creating environment descriptor '/home/ros/difrobot_ws/install/difrobot_description/share/difrobot_description/hook/cmake_prefix_path.dsv'
[18.707s] INFO:colcon.colcon_core.shell:Creating environment hook '/home/ros/difrobot_ws/install/difrobot_description/share/difrobot_description/hook/cmake_prefix_path.sh'
[18.708s] Level 1:colcon.colcon_core.environment:checking '/home/ros/difrobot_ws/install/difrobot_description/bin'
[18.709s] Level 1:colcon.colcon_core.environment:checking '/home/ros/difrobot_ws/install/difrobot_description/lib/pkgconfig/difrobot_description.pc'
[18.709s] Level 1:colcon.colcon_core.environment:checking '/home/ros/difrobot_ws/install/difrobot_description/lib/python3.10/site-packages'
[18.709s] Level 1:colcon.colcon_core.environment:checking '/home/ros/difrobot_ws/install/difrobot_description/bin'
[18.710s] INFO:colcon.colcon_core.shell:Creating package script '/home/ros/difrobot_ws/install/difrobot_description/share/difrobot_description/package.ps1'
[18.711s] INFO:colcon.colcon_core.shell:Creating package descriptor '/home/ros/difrobot_ws/install/difrobot_description/share/difrobot_description/package.dsv'
[18.712s] INFO:colcon.colcon_core.shell:Creating package script '/home/ros/difrobot_ws/install/difrobot_description/share/difrobot_description/package.sh'
[18.714s] INFO:colcon.colcon_core.shell:Creating package script '/home/ros/difrobot_ws/install/difrobot_description/share/difrobot_description/package.bash'
[18.714s] INFO:colcon.colcon_core.shell:Creating package script '/home/ros/difrobot_ws/install/difrobot_description/share/difrobot_description/package.zsh'
[18.715s] Level 1:colcon.colcon_core.environment:create_file_with_runtime_dependencies(/home/ros/difrobot_ws/install/difrobot_description/share/colcon-core/packages/difrobot_description)
[18.717s] INFO:colcon.colcon_ros.task.ament_python.build:Building ROS package in '/home/ros/difrobot_ws/src/difrobot_py_examples' with build type 'ament_python'
[18.717s] Level 1:colcon.colcon_core.shell:create_environment_hook('difrobot_py_examples', 'ament_prefix_path')
[18.717s] INFO:colcon.colcon_core.shell:Creating environment hook '/home/ros/difrobot_ws/install/difrobot_py_examples/share/difrobot_py_examples/hook/ament_prefix_path.ps1'
[18.718s] INFO:colcon.colcon_core.shell:Creating environment descriptor '/home/ros/difrobot_ws/install/difrobot_py_examples/share/difrobot_py_examples/hook/ament_prefix_path.dsv'
[18.719s] INFO:colcon.colcon_core.shell:Creating environment hook '/home/ros/difrobot_ws/install/difrobot_py_examples/share/difrobot_py_examples/hook/ament_prefix_path.sh'
[18.720s] INFO:colcon.colcon_core.shell:Skip shell extension 'powershell' for command environment: Not usable outside of PowerShell
[18.720s] DEBUG:colcon.colcon_core.shell:Skip shell extension 'dsv' for command environment
[19.233s] INFO:colcon.colcon_core.task.python.build:Building Python package in '/home/ros/difrobot_ws/src/difrobot_py_examples'
[19.233s] INFO:colcon.colcon_core.shell:Skip shell extension 'powershell' for command environment: Not usable outside of PowerShell
[19.233s] DEBUG:colcon.colcon_core.shell:Skip shell extension 'dsv' for command environment
[20.440s] DEBUG:colcon.colcon_core.event_handler.log_command:Invoking command in '/home/ros/difrobot_ws/src/difrobot_py_examples': AMENT_PREFIX_PATH=/home/ros/difrobot_ws/install/difrobot_msgs:${AMENT_PREFIX_PATH} CMAKE_PREFIX_PATH=/home/ros/difrobot_ws/install/difrobot_msgs LD_LIBRARY_PATH=/home/ros/difrobot_ws/install/difrobot_msgs/lib:${LD_LIBRARY_PATH} PYTHONPATH=/home/ros/difrobot_ws/build/difrobot_py_examples/prefix_override:/usr/lib/python3/dist-packages/colcon_core/task/python/colcon_distutils_commands:/home/ros/difrobot_ws/install/difrobot_py_examples/lib/python3.10/site-packages:/home/ros/difrobot_ws/install/difrobot_msgs/local/lib/python3.10/dist-packages:${PYTHONPATH} /usr/bin/python3 -W ignore:setup.py install is deprecated setup.py egg_info --egg-base ../../build/difrobot_py_examples build --build-base /home/ros/difrobot_ws/build/difrobot_py_examples/build install --record /home/ros/difrobot_ws/build/difrobot_py_examples/install.log --single-version-externally-managed install_data
[21.096s] Level 1:colcon.colcon_core.environment:checking '/home/ros/difrobot_ws/install/difrobot_py_examples' for CMake module files
[21.097s] DEBUG:colcon.colcon_core.event_handler.log_command:Invoked command in '/home/ros/difrobot_ws/src/difrobot_py_examples' returned '0': AMENT_PREFIX_PATH=/home/ros/difrobot_ws/install/difrobot_msgs:${AMENT_PREFIX_PATH} CMAKE_PREFIX_PATH=/home/ros/difrobot_ws/install/difrobot_msgs LD_LIBRARY_PATH=/home/ros/difrobot_ws/install/difrobot_msgs/lib:${LD_LIBRARY_PATH} PYTHONPATH=/home/ros/difrobot_ws/build/difrobot_py_examples/prefix_override:/usr/lib/python3/dist-packages/colcon_core/task/python/colcon_distutils_commands:/home/ros/difrobot_ws/install/difrobot_py_examples/lib/python3.10/site-packages:/home/ros/difrobot_ws/install/difrobot_msgs/local/lib/python3.10/dist-packages:${PYTHONPATH} /usr/bin/python3 -W ignore:setup.py install is deprecated setup.py egg_info --egg-base ../../build/difrobot_py_examples build --build-base /home/ros/difrobot_ws/build/difrobot_py_examples/build install --record /home/ros/difrobot_ws/build/difrobot_py_examples/install.log --single-version-externally-managed install_data
[21.099s] Level 1:colcon.colcon_core.environment:checking '/home/ros/difrobot_ws/install/difrobot_py_examples' for CMake config files
[21.100s] Level 1:colcon.colcon_core.environment:checking '/home/ros/difrobot_ws/install/difrobot_py_examples/lib'
[21.101s] Level 1:colcon.colcon_core.environment:checking '/home/ros/difrobot_ws/install/difrobot_py_examples/bin'
[21.101s] Level 1:colcon.colcon_core.environment:checking '/home/ros/difrobot_ws/install/difrobot_py_examples/lib/pkgconfig/difrobot_py_examples.pc'
[21.101s] Level 1:colcon.colcon_core.environment:checking '/home/ros/difrobot_ws/install/difrobot_py_examples/lib/python3.10/site-packages'
[21.101s] Level 1:colcon.colcon_core.shell:create_environment_hook('difrobot_py_examples', 'pythonpath')
[21.102s] INFO:colcon.colcon_core.shell:Creating environment hook '/home/ros/difrobot_ws/install/difrobot_py_examples/share/difrobot_py_examples/hook/pythonpath.ps1'
[21.103s] INFO:colcon.colcon_core.shell:Creating environment descriptor '/home/ros/difrobot_ws/install/difrobot_py_examples/share/difrobot_py_examples/hook/pythonpath.dsv'
[21.103s] INFO:colcon.colcon_core.shell:Creating environment hook '/home/ros/difrobot_ws/install/difrobot_py_examples/share/difrobot_py_examples/hook/pythonpath.sh'
[21.104s] Level 1:colcon.colcon_core.environment:checking '/home/ros/difrobot_ws/install/difrobot_py_examples/bin'
[21.104s] Level 1:colcon.colcon_core.environment:create_environment_scripts_only(difrobot_py_examples)
[21.105s] INFO:colcon.colcon_core.shell:Creating package script '/home/ros/difrobot_ws/install/difrobot_py_examples/share/difrobot_py_examples/package.ps1'
[21.106s] INFO:colcon.colcon_core.shell:Creating package descriptor '/home/ros/difrobot_ws/install/difrobot_py_examples/share/difrobot_py_examples/package.dsv'
[21.106s] INFO:colcon.colcon_core.shell:Creating package script '/home/ros/difrobot_ws/install/difrobot_py_examples/share/difrobot_py_examples/package.sh'
[21.107s] INFO:colcon.colcon_core.shell:Creating package script '/home/ros/difrobot_ws/install/difrobot_py_examples/share/difrobot_py_examples/package.bash'
[21.108s] INFO:colcon.colcon_core.shell:Creating package script '/home/ros/difrobot_ws/install/difrobot_py_examples/share/difrobot_py_examples/package.zsh'
[21.108s] Level 1:colcon.colcon_core.environment:create_file_with_runtime_dependencies(/home/ros/difrobot_ws/install/difrobot_py_examples/share/colcon-core/packages/difrobot_py_examples)
[28.236s] DEBUG:colcon.colcon_core.event_handler.log_command:Invoked command in '/home/ros/difrobot_ws/build/difrobot_controller' returned '0': CMAKE_PREFIX_PATH=/opt/ros/humble /usr/bin/cmake --build /home/ros/difrobot_ws/build/difrobot_controller -- -j2 -l2
[28.336s] DEBUG:colcon.colcon_core.event_handler.log_command:Invoking command in '/home/ros/difrobot_ws/build/difrobot_controller': CMAKE_PREFIX_PATH=/opt/ros/humble /usr/bin/cmake --install /home/ros/difrobot_ws/build/difrobot_controller
[28.446s] Level 1:colcon.colcon_core.environment:create_environment_scripts_only(difrobot_controller)
[28.446s] Level 1:colcon.colcon_core.environment:checking '/home/ros/difrobot_ws/install/difrobot_controller' for CMake module files
[28.447s] Level 1:colcon.colcon_core.environment:checking '/home/ros/difrobot_ws/install/difrobot_controller' for CMake config files
[28.447s] Level 1:colcon.colcon_core.shell:create_environment_hook('difrobot_controller', 'cmake_prefix_path')
[28.448s] INFO:colcon.colcon_core.shell:Creating environment hook '/home/ros/difrobot_ws/install/difrobot_controller/share/difrobot_controller/hook/cmake_prefix_path.ps1'
[28.448s] DEBUG:colcon.colcon_core.event_handler.log_command:Invoked command in '/home/ros/difrobot_ws/build/difrobot_controller' returned '0': CMAKE_PREFIX_PATH=/opt/ros/humble /usr/bin/cmake --install /home/ros/difrobot_ws/build/difrobot_controller
[28.449s] INFO:colcon.colcon_core.shell:Creating environment descriptor '/home/ros/difrobot_ws/install/difrobot_controller/share/difrobot_controller/hook/cmake_prefix_path.dsv'
[28.449s] INFO:colcon.colcon_core.shell:Creating environment hook '/home/ros/difrobot_ws/install/difrobot_controller/share/difrobot_controller/hook/cmake_prefix_path.sh'
[28.450s] Level 1:colcon.colcon_core.environment:checking '/home/ros/difrobot_ws/install/difrobot_controller/lib'
[28.450s] Level 1:colcon.colcon_core.environment:checking '/home/ros/difrobot_ws/install/difrobot_controller/bin'
[28.450s] Level 1:colcon.colcon_core.environment:checking '/home/ros/difrobot_ws/install/difrobot_controller/lib/pkgconfig/difrobot_controller.pc'
[28.451s] Level 1:colcon.colcon_core.environment:checking '/home/ros/difrobot_ws/install/difrobot_controller/lib/python3.10/site-packages'
[28.451s] Level 1:colcon.colcon_core.environment:checking '/home/ros/difrobot_ws/install/difrobot_controller/bin'
[28.452s] INFO:colcon.colcon_core.shell:Creating package script '/home/ros/difrobot_ws/install/difrobot_controller/share/difrobot_controller/package.ps1'
[28.452s] INFO:colcon.colcon_core.shell:Creating package descriptor '/home/ros/difrobot_ws/install/difrobot_controller/share/difrobot_controller/package.dsv'
[28.453s] INFO:colcon.colcon_core.shell:Creating package script '/home/ros/difrobot_ws/install/difrobot_controller/share/difrobot_controller/package.sh'
[28.454s] INFO:colcon.colcon_core.shell:Creating package script '/home/ros/difrobot_ws/install/difrobot_controller/share/difrobot_controller/package.bash'
[28.455s] INFO:colcon.colcon_core.shell:Creating package script '/home/ros/difrobot_ws/install/difrobot_controller/share/difrobot_controller/package.zsh'
[28.456s] Level 1:colcon.colcon_core.environment:create_file_with_runtime_dependencies(/home/ros/difrobot_ws/install/difrobot_controller/share/colcon-core/packages/difrobot_controller)
[28.559s] Level 1:colcon.colcon_core.environment:create_environment_scripts_only(difrobot_controller)
[28.560s] Level 1:colcon.colcon_core.environment:checking '/home/ros/difrobot_ws/install/difrobot_controller' for CMake module files
[28.561s] Level 1:colcon.colcon_core.environment:checking '/home/ros/difrobot_ws/install/difrobot_controller' for CMake config files
[28.561s] Level 1:colcon.colcon_core.shell:create_environment_hook('difrobot_controller', 'cmake_prefix_path')
[28.561s] INFO:colcon.colcon_core.shell:Creating environment hook '/home/ros/difrobot_ws/install/difrobot_controller/share/difrobot_controller/hook/cmake_prefix_path.ps1'
[28.563s] INFO:colcon.colcon_core.shell:Creating environment descriptor '/home/ros/difrobot_ws/install/difrobot_controller/share/difrobot_controller/hook/cmake_prefix_path.dsv'
[28.563s] INFO:colcon.colcon_core.shell:Creating environment hook '/home/ros/difrobot_ws/install/difrobot_controller/share/difrobot_controller/hook/cmake_prefix_path.sh'
[28.565s] Level 1:colcon.colcon_core.environment:checking '/home/ros/difrobot_ws/install/difrobot_controller/lib'
[28.565s] Level 1:colcon.colcon_core.environment:checking '/home/ros/difrobot_ws/install/difrobot_controller/bin'
[28.565s] Level 1:colcon.colcon_core.environment:checking '/home/ros/difrobot_ws/install/difrobot_controller/lib/pkgconfig/difrobot_controller.pc'
[28.565s] Level 1:colcon.colcon_core.environment:checking '/home/ros/difrobot_ws/install/difrobot_controller/lib/python3.10/site-packages'
[28.566s] Level 1:colcon.colcon_core.environment:checking '/home/ros/difrobot_ws/install/difrobot_controller/bin'
[28.566s] INFO:colcon.colcon_core.shell:Creating package script '/home/ros/difrobot_ws/install/difrobot_controller/share/difrobot_controller/package.ps1'
[28.567s] INFO:colcon.colcon_core.shell:Creating package descriptor '/home/ros/difrobot_ws/install/difrobot_controller/share/difrobot_controller/package.dsv'
[28.568s] INFO:colcon.colcon_core.shell:Creating package script '/home/ros/difrobot_ws/install/difrobot_controller/share/difrobot_controller/package.sh'
[28.569s] INFO:colcon.colcon_core.shell:Creating package script '/home/ros/difrobot_ws/install/difrobot_controller/share/difrobot_controller/package.bash'
[28.570s] INFO:colcon.colcon_core.shell:Creating package script '/home/ros/difrobot_ws/install/difrobot_controller/share/difrobot_controller/package.zsh'
[28.571s] Level 1:colcon.colcon_core.environment:create_file_with_runtime_dependencies(/home/ros/difrobot_ws/install/difrobot_controller/share/colcon-core/packages/difrobot_controller)
[28.572s] DEBUG:colcon.colcon_parallel_executor.executor.parallel:closing loop
[28.573s] DEBUG:colcon.colcon_parallel_executor.executor.parallel:loop closed
[28.574s] DEBUG:colcon.colcon_parallel_executor.executor.parallel:run_until_complete finished with '0'
[28.574s] DEBUG:colcon.colcon_core.event_reactor:joining thread
[28.585s] INFO:colcon.colcon_core.plugin_system:Skipping extension 'colcon_notification.desktop_notification.terminal_notifier': Not used on non-Darwin systems
[28.585s] INFO:colcon.colcon_core.plugin_system:Skipping extension 'colcon_notification.desktop_notification.win32': Not used on non-Windows systems
[28.585s] INFO:colcon.colcon_notification.desktop_notification:Sending desktop notification using 'notify2'
[28.641s] DEBUG:colcon.colcon_core.event_reactor:joined thread
[28.642s] INFO:colcon.colcon_core.shell:Creating prefix script '/home/ros/difrobot_ws/install/local_setup.ps1'
[28.643s] INFO:colcon.colcon_core.shell:Creating prefix util module '/home/ros/difrobot_ws/install/_local_setup_util_ps1.py'
[28.645s] INFO:colcon.colcon_core.shell:Creating prefix chain script '/home/ros/difrobot_ws/install/setup.ps1'
[28.647s] INFO:colcon.colcon_core.shell:Creating prefix script '/home/ros/difrobot_ws/install/local_setup.sh'
[28.649s] INFO:colcon.colcon_core.shell:Creating prefix util module '/home/ros/difrobot_ws/install/_local_setup_util_sh.py'
[28.650s] INFO:colcon.colcon_core.shell:Creating prefix chain script '/home/ros/difrobot_ws/install/setup.sh'
[28.651s] INFO:colcon.colcon_core.shell:Creating prefix script '/home/ros/difrobot_ws/install/local_setup.bash'
[28.652s] INFO:colcon.colcon_core.shell:Creating prefix chain script '/home/ros/difrobot_ws/install/setup.bash'
[28.653s] INFO:colcon.colcon_core.shell:Creating prefix script '/home/ros/difrobot_ws/install/local_setup.zsh'
[28.654s] INFO:colcon.colcon_core.shell:Creating prefix chain script '/home/ros/difrobot_ws/install/setup.zsh'
