Built target ament_cmake_python_copy_difrobot_firmware
running egg_info
writing difrobot_firmware.egg-info/PKG-INFO
writing dependency_links to difrobot_firmware.egg-info/dependency_links.txt
writing top-level names to difrobot_firmware.egg-info/top_level.txt
reading manifest file 'difrobot_firmware.egg-info/SOURCES.txt'
writing manifest file 'difrobot_firmware.egg-info/SOURCES.txt'
Built target ament_cmake_python_build_difrobot_firmware_egg
-- Install configuration: ""
-- Up-to-date: /home/ros/difrobot_ws/install/difrobot_firmware/share/difrobot_firmware/environment/pythonpath.sh
-- Up-to-date: /home/ros/difrobot_ws/install/difrobot_firmware/share/difrobot_firmware/environment/pythonpath.dsv
-- Up-to-date: /home/ros/difrobot_ws/install/difrobot_firmware/local/lib/python3.10/dist-packages/difrobot_firmware-0.0.0-py3.10.egg-info
-- Installing: /home/ros/difrobot_ws/install/difrobot_firmware/local/lib/python3.10/dist-packages/difrobot_firmware-0.0.0-py3.10.egg-info/dependency_links.txt
-- Installing: /home/ros/difrobot_ws/install/difrobot_firmware/local/lib/python3.10/dist-packages/difrobot_firmware-0.0.0-py3.10.egg-info/SOURCES.txt
-- Installing: /home/ros/difrobot_ws/install/difrobot_firmware/local/lib/python3.10/dist-packages/difrobot_firmware-0.0.0-py3.10.egg-info/PKG-INFO
-- Installing: /home/ros/difrobot_ws/install/difrobot_firmware/local/lib/python3.10/dist-packages/difrobot_firmware-0.0.0-py3.10.egg-info/top_level.txt
-- Up-to-date: /home/ros/difrobot_ws/install/difrobot_firmware/local/lib/python3.10/dist-packages/difrobot_firmware
-- Up-to-date: /home/ros/difrobot_ws/install/difrobot_firmware/local/lib/python3.10/dist-packages/difrobot_firmware/simple_serial_transmitter.py
-- Up-to-date: /home/ros/difrobot_ws/install/difrobot_firmware/local/lib/python3.10/dist-packages/difrobot_firmware/__init__.py
-- Up-to-date: /home/ros/difrobot_ws/install/difrobot_firmware/local/lib/python3.10/dist-packages/difrobot_firmware/simple_serial_receiver.py
Listing '/home/ros/difrobot_ws/install/difrobot_firmware/local/lib/python3.10/dist-packages/difrobot_firmware'...
-- Up-to-date: /home/ros/difrobot_ws/install/difrobot_firmware/lib/difrobot_firmware/simple_serial_transmitter.py
-- Up-to-date: /home/ros/difrobot_ws/install/difrobot_firmware/lib/difrobot_firmware/simple_serial_receiver.py
-- Up-to-date: /home/ros/difrobot_ws/install/difrobot_firmware/share/ament_index/resource_index/package_run_dependencies/difrobot_firmware
-- Up-to-date: /home/ros/difrobot_ws/install/difrobot_firmware/share/ament_index/resource_index/parent_prefix_path/difrobot_firmware
-- Up-to-date: /home/ros/difrobot_ws/install/difrobot_firmware/share/difrobot_firmware/environment/ament_prefix_path.sh
-- Up-to-date: /home/ros/difrobot_ws/install/difrobot_firmware/share/difrobot_firmware/environment/ament_prefix_path.dsv
-- Up-to-date: /home/ros/difrobot_ws/install/difrobot_firmware/share/difrobot_firmware/environment/path.sh
-- Up-to-date: /home/ros/difrobot_ws/install/difrobot_firmware/share/difrobot_firmware/environment/path.dsv
-- Up-to-date: /home/ros/difrobot_ws/install/difrobot_firmware/share/difrobot_firmware/local_setup.bash
-- Up-to-date: /home/ros/difrobot_ws/install/difrobot_firmware/share/difrobot_firmware/local_setup.sh
-- Up-to-date: /home/ros/difrobot_ws/install/difrobot_firmware/share/difrobot_firmware/local_setup.zsh
-- Up-to-date: /home/ros/difrobot_ws/install/difrobot_firmware/share/difrobot_firmware/local_setup.dsv
-- Installing: /home/ros/difrobot_ws/install/difrobot_firmware/share/difrobot_firmware/package.dsv
-- Up-to-date: /home/ros/difrobot_ws/install/difrobot_firmware/share/ament_index/resource_index/packages/difrobot_firmware
-- Up-to-date: /home/ros/difrobot_ws/install/difrobot_firmware/share/difrobot_firmware/cmake/ament_cmake_export_dependencies-extras.cmake
-- Up-to-date: /home/ros/difrobot_ws/install/difrobot_firmware/share/difrobot_firmware/cmake/difrobot_firmwareConfig.cmake
-- Up-to-date: /home/ros/difrobot_ws/install/difrobot_firmware/share/difrobot_firmware/cmake/difrobot_firmwareConfig-version.cmake
-- Up-to-date: /home/ros/difrobot_ws/install/difrobot_firmware/share/difrobot_firmware/package.xml
