[0.019s] Invoking command in '/home/ros/difrobot_ws/build/difrobot_firmware': CMAKE_PREFIX_PATH=${CMAKE_PREFIX_PATH}:/home/ros/difrobot_ws/install/difrobot_py_examples:/opt/ros/humble /usr/bin/cmake --build /home/ros/difrobot_ws/build/difrobot_firmware -- -j2 -l2
[0.186s] Built target ament_cmake_python_copy_difrobot_firmware
[0.719s] running egg_info
[0.723s] writing difrobot_firmware.egg-info/PKG-INFO
[0.723s] writing dependency_links to difrobot_firmware.egg-info/dependency_links.txt
[0.723s] writing top-level names to difrobot_firmware.egg-info/top_level.txt
[0.728s] reading manifest file 'difrobot_firmware.egg-info/SOURCES.txt'
[0.728s] writing manifest file 'difrobot_firmware.egg-info/SOURCES.txt'
[0.786s] Built target ament_cmake_python_build_difrobot_firmware_egg
[0.840s] Invoked command in '/home/ros/difrobot_ws/build/difrobot_firmware' returned '0': CMAKE_PREFIX_PATH=${CMAKE_PREFIX_PATH}:/home/ros/difrobot_ws/install/difrobot_py_examples:/opt/ros/humble /usr/bin/cmake --build /home/ros/difrobot_ws/build/difrobot_firmware -- -j2 -l2
[0.930s] Invoking command in '/home/ros/difrobot_ws/build/difrobot_firmware': CMAKE_PREFIX_PATH=${CMAKE_PREFIX_PATH}:/home/ros/difrobot_ws/install/difrobot_py_examples:/opt/ros/humble /usr/bin/cmake --install /home/ros/difrobot_ws/build/difrobot_firmware
[0.955s] -- Install configuration: ""
[0.956s] -- Up-to-date: /home/ros/difrobot_ws/install/difrobot_firmware/share/difrobot_firmware/environment/pythonpath.sh
[0.956s] -- Up-to-date: /home/ros/difrobot_ws/install/difrobot_firmware/share/difrobot_firmware/environment/pythonpath.dsv
[0.960s] -- Up-to-date: /home/ros/difrobot_ws/install/difrobot_firmware/local/lib/python3.10/dist-packages/difrobot_firmware-0.0.0-py3.10.egg-info
[0.962s] -- Installing: /home/ros/difrobot_ws/install/difrobot_firmware/local/lib/python3.10/dist-packages/difrobot_firmware-0.0.0-py3.10.egg-info/dependency_links.txt
[0.962s] -- Installing: /home/ros/difrobot_ws/install/difrobot_firmware/local/lib/python3.10/dist-packages/difrobot_firmware-0.0.0-py3.10.egg-info/SOURCES.txt
[0.962s] -- Installing: /home/ros/difrobot_ws/install/difrobot_firmware/local/lib/python3.10/dist-packages/difrobot_firmware-0.0.0-py3.10.egg-info/PKG-INFO
[0.962s] -- Installing: /home/ros/difrobot_ws/install/difrobot_firmware/local/lib/python3.10/dist-packages/difrobot_firmware-0.0.0-py3.10.egg-info/top_level.txt
[0.964s] -- Up-to-date: /home/ros/difrobot_ws/install/difrobot_firmware/local/lib/python3.10/dist-packages/difrobot_firmware
[0.964s] -- Up-to-date: /home/ros/difrobot_ws/install/difrobot_firmware/local/lib/python3.10/dist-packages/difrobot_firmware/simple_serial_transmitter.py
[0.964s] -- Up-to-date: /home/ros/difrobot_ws/install/difrobot_firmware/local/lib/python3.10/dist-packages/difrobot_firmware/__init__.py
[0.964s] -- Up-to-date: /home/ros/difrobot_ws/install/difrobot_firmware/local/lib/python3.10/dist-packages/difrobot_firmware/simple_serial_receiver.py
[1.031s] Listing '/home/ros/difrobot_ws/install/difrobot_firmware/local/lib/python3.10/dist-packages/difrobot_firmware'...
[1.039s] -- Up-to-date: /home/ros/difrobot_ws/install/difrobot_firmware/lib/difrobot_firmware/simple_serial_transmitter.py
[1.039s] -- Up-to-date: /home/ros/difrobot_ws/install/difrobot_firmware/lib/difrobot_firmware/simple_serial_receiver.py
[1.039s] -- Up-to-date: /home/ros/difrobot_ws/install/difrobot_firmware/share/ament_index/resource_index/package_run_dependencies/difrobot_firmware
[1.040s] -- Up-to-date: /home/ros/difrobot_ws/install/difrobot_firmware/share/ament_index/resource_index/parent_prefix_path/difrobot_firmware
[1.041s] -- Up-to-date: /home/ros/difrobot_ws/install/difrobot_firmware/share/difrobot_firmware/environment/ament_prefix_path.sh
[1.041s] -- Up-to-date: /home/ros/difrobot_ws/install/difrobot_firmware/share/difrobot_firmware/environment/ament_prefix_path.dsv
[1.042s] -- Up-to-date: /home/ros/difrobot_ws/install/difrobot_firmware/share/difrobot_firmware/environment/path.sh
[1.042s] -- Up-to-date: /home/ros/difrobot_ws/install/difrobot_firmware/share/difrobot_firmware/environment/path.dsv
[1.043s] -- Up-to-date: /home/ros/difrobot_ws/install/difrobot_firmware/share/difrobot_firmware/local_setup.bash
[1.043s] -- Up-to-date: /home/ros/difrobot_ws/install/difrobot_firmware/share/difrobot_firmware/local_setup.sh
[1.043s] -- Up-to-date: /home/ros/difrobot_ws/install/difrobot_firmware/share/difrobot_firmware/local_setup.zsh
[1.044s] -- Up-to-date: /home/ros/difrobot_ws/install/difrobot_firmware/share/difrobot_firmware/local_setup.dsv
[1.045s] -- Installing: /home/ros/difrobot_ws/install/difrobot_firmware/share/difrobot_firmware/package.dsv
[1.045s] -- Up-to-date: /home/ros/difrobot_ws/install/difrobot_firmware/share/ament_index/resource_index/packages/difrobot_firmware
[1.046s] -- Up-to-date: /home/ros/difrobot_ws/install/difrobot_firmware/share/difrobot_firmware/cmake/ament_cmake_export_dependencies-extras.cmake
[1.046s] -- Up-to-date: /home/ros/difrobot_ws/install/difrobot_firmware/share/difrobot_firmware/cmake/difrobot_firmwareConfig.cmake
[1.046s] -- Up-to-date: /home/ros/difrobot_ws/install/difrobot_firmware/share/difrobot_firmware/cmake/difrobot_firmwareConfig-version.cmake
[1.047s] -- Up-to-date: /home/ros/difrobot_ws/install/difrobot_firmware/share/difrobot_firmware/package.xml
[1.053s] Invoked command in '/home/ros/difrobot_ws/build/difrobot_firmware' returned '0': CMAKE_PREFIX_PATH=${CMAKE_PREFIX_PATH}:/home/ros/difrobot_ws/install/difrobot_py_examples:/opt/ros/humble /usr/bin/cmake --install /home/ros/difrobot_ws/build/difrobot_firmware
