[0.212s] DEBUG:colcon:Command line arguments: ['/usr/bin/colcon', 'build']
[0.212s] DEBUG:colcon:Parsed command line arguments: Namespace(log_base=None, log_level=None, verb_name='build', build_base='build', install_base='install', merge_install=False, symlink_install=False, test_result_base=None, continue_on_error=False, executor='parallel', parallel_workers=2, event_handlers=None, ignore_user_meta=False, metas=['./colcon.meta'], base_paths=['.'], packages_ignore=None, packages_ignore_regex=None, paths=None, packages_up_to=None, packages_up_to_regex=None, packages_above=None, packages_above_and_dependencies=None, packages_above_depth=None, packages_select_by_dep=None, packages_skip_by_dep=None, packages_skip_up_to=None, packages_select_build_failed=False, packages_skip_build_finished=False, packages_select_test_failures=False, packages_skip_test_passed=False, packages_select=None, packages_skip=None, packages_select_regex=None, packages_skip_regex=None, packages_start=None, packages_end=None, allow_overriding=[], cmake_args=None, cmake_target=None, cmake_target_skip_unavailable=False, cmake_clean_cache=False, cmake_clean_first=False, cmake_force_configure=False, ament_cmake_args=None, catkin_cmake_args=None, catkin_skip_building_tests=False, verb_parser=<colcon_defaults.argument_parser.defaults.DefaultArgumentsDecorator object at 0x7855c0428700>, verb_extension=<colcon_core.verb.build.BuildVerb object at 0x7855c0428160>, main=<bound method BuildVerb.main of <colcon_core.verb.build.BuildVerb object at 0x7855c0428160>>)
[0.519s] Level 1:colcon.colcon_core.package_discovery:discover_packages(colcon_meta) check parameters
[0.519s] Level 1:colcon.colcon_core.package_discovery:discover_packages(recursive) check parameters
[0.519s] Level 1:colcon.colcon_core.package_discovery:discover_packages(ignore) check parameters
[0.520s] Level 1:colcon.colcon_core.package_discovery:discover_packages(path) check parameters
[0.520s] Level 1:colcon.colcon_core.package_discovery:discover_packages(colcon_meta) discover
[0.520s] Level 1:colcon.colcon_core.package_discovery:discover_packages(recursive) discover
[0.520s] INFO:colcon.colcon_core.package_discovery:Crawling recursively for packages in '/home/ros/difrobot_ws'
[0.520s] Level 1:colcon.colcon_core.package_identification:_identify(.) by extensions ['ignore', 'ignore_ament_install']
[0.521s] Level 1:colcon.colcon_core.package_identification:_identify(.) by extension 'ignore'
[0.521s] Level 1:colcon.colcon_core.package_identification:_identify(.) by extension 'ignore_ament_install'
[0.521s] Level 1:colcon.colcon_core.package_identification:_identify(.) by extensions ['colcon_pkg']
[0.521s] Level 1:colcon.colcon_core.package_identification:_identify(.) by extension 'colcon_pkg'
[0.521s] Level 1:colcon.colcon_core.package_identification:_identify(.) by extensions ['colcon_meta']
[0.521s] Level 1:colcon.colcon_core.package_identification:_identify(.) by extension 'colcon_meta'
[0.521s] Level 1:colcon.colcon_core.package_identification:_identify(.) by extensions ['ros']
[0.521s] Level 1:colcon.colcon_core.package_identification:_identify(.) by extension 'ros'
[0.546s] Level 1:colcon.colcon_core.package_identification:_identify(.) by extensions ['cmake', 'python']
[0.546s] Level 1:colcon.colcon_core.package_identification:_identify(.) by extension 'cmake'
[0.546s] Level 1:colcon.colcon_core.package_identification:_identify(.) by extension 'python'
[0.546s] Level 1:colcon.colcon_core.package_identification:_identify(.) by extensions ['python_setup_py']
[0.547s] Level 1:colcon.colcon_core.package_identification:_identify(.) by extension 'python_setup_py'
[0.547s] Level 1:colcon.colcon_core.package_identification:_identify(build) by extensions ['ignore', 'ignore_ament_install']
[0.547s] Level 1:colcon.colcon_core.package_identification:_identify(build) by extension 'ignore'
[0.547s] Level 1:colcon.colcon_core.package_identification:_identify(build) ignored
[0.547s] Level 1:colcon.colcon_core.package_identification:_identify(install) by extensions ['ignore', 'ignore_ament_install']
[0.547s] Level 1:colcon.colcon_core.package_identification:_identify(install) by extension 'ignore'
[0.548s] Level 1:colcon.colcon_core.package_identification:_identify(install) ignored
[0.548s] Level 1:colcon.colcon_core.package_identification:_identify(log) by extensions ['ignore', 'ignore_ament_install']
[0.548s] Level 1:colcon.colcon_core.package_identification:_identify(log) by extension 'ignore'
[0.548s] Level 1:colcon.colcon_core.package_identification:_identify(log) ignored
[0.548s] Level 1:colcon.colcon_core.package_identification:_identify(src) by extensions ['ignore', 'ignore_ament_install']
[0.549s] Level 1:colcon.colcon_core.package_identification:_identify(src) by extension 'ignore'
[0.549s] Level 1:colcon.colcon_core.package_identification:_identify(src) by extension 'ignore_ament_install'
[0.549s] Level 1:colcon.colcon_core.package_identification:_identify(src) by extensions ['colcon_pkg']
[0.549s] Level 1:colcon.colcon_core.package_identification:_identify(src) by extension 'colcon_pkg'
[0.549s] Level 1:colcon.colcon_core.package_identification:_identify(src) by extensions ['colcon_meta']
[0.549s] Level 1:colcon.colcon_core.package_identification:_identify(src) by extension 'colcon_meta'
[0.549s] Level 1:colcon.colcon_core.package_identification:_identify(src) by extensions ['ros']
[0.549s] Level 1:colcon.colcon_core.package_identification:_identify(src) by extension 'ros'
[0.549s] Level 1:colcon.colcon_core.package_identification:_identify(src) by extensions ['cmake', 'python']
[0.549s] Level 1:colcon.colcon_core.package_identification:_identify(src) by extension 'cmake'
[0.549s] Level 1:colcon.colcon_core.package_identification:_identify(src) by extension 'python'
[0.549s] Level 1:colcon.colcon_core.package_identification:_identify(src) by extensions ['python_setup_py']
[0.550s] Level 1:colcon.colcon_core.package_identification:_identify(src) by extension 'python_setup_py'
[0.550s] Level 1:colcon.colcon_core.package_identification:_identify(src/difrobot_controller) by extensions ['ignore', 'ignore_ament_install']
[0.550s] Level 1:colcon.colcon_core.package_identification:_identify(src/difrobot_controller) by extension 'ignore'
[0.550s] Level 1:colcon.colcon_core.package_identification:_identify(src/difrobot_controller) by extension 'ignore_ament_install'
[0.550s] Level 1:colcon.colcon_core.package_identification:_identify(src/difrobot_controller) by extensions ['colcon_pkg']
[0.550s] Level 1:colcon.colcon_core.package_identification:_identify(src/difrobot_controller) by extension 'colcon_pkg'
[0.550s] Level 1:colcon.colcon_core.package_identification:_identify(src/difrobot_controller) by extensions ['colcon_meta']
[0.550s] Level 1:colcon.colcon_core.package_identification:_identify(src/difrobot_controller) by extension 'colcon_meta'
[0.550s] Level 1:colcon.colcon_core.package_identification:_identify(src/difrobot_controller) by extensions ['ros']
[0.550s] Level 1:colcon.colcon_core.package_identification:_identify(src/difrobot_controller) by extension 'ros'
[0.556s] DEBUG:colcon.colcon_core.package_identification:Package 'src/difrobot_controller' with type 'ros.ament_cmake' and name 'difrobot_controller'
[0.556s] Level 1:colcon.colcon_core.package_identification:_identify(src/difrobot_description) by extensions ['ignore', 'ignore_ament_install']
[0.556s] Level 1:colcon.colcon_core.package_identification:_identify(src/difrobot_description) by extension 'ignore'
[0.556s] Level 1:colcon.colcon_core.package_identification:_identify(src/difrobot_description) by extension 'ignore_ament_install'
[0.557s] Level 1:colcon.colcon_core.package_identification:_identify(src/difrobot_description) by extensions ['colcon_pkg']
[0.557s] Level 1:colcon.colcon_core.package_identification:_identify(src/difrobot_description) by extension 'colcon_pkg'
[0.557s] Level 1:colcon.colcon_core.package_identification:_identify(src/difrobot_description) by extensions ['colcon_meta']
[0.557s] Level 1:colcon.colcon_core.package_identification:_identify(src/difrobot_description) by extension 'colcon_meta'
[0.557s] Level 1:colcon.colcon_core.package_identification:_identify(src/difrobot_description) by extensions ['ros']
[0.557s] Level 1:colcon.colcon_core.package_identification:_identify(src/difrobot_description) by extension 'ros'
[0.558s] DEBUG:colcon.colcon_core.package_identification:Package 'src/difrobot_description' with type 'ros.ament_cmake' and name 'difrobot_description'
[0.558s] Level 1:colcon.colcon_core.package_identification:_identify(src/difrobot_firmware) by extensions ['ignore', 'ignore_ament_install']
[0.558s] Level 1:colcon.colcon_core.package_identification:_identify(src/difrobot_firmware) by extension 'ignore'
[0.558s] Level 1:colcon.colcon_core.package_identification:_identify(src/difrobot_firmware) by extension 'ignore_ament_install'
[0.559s] Level 1:colcon.colcon_core.package_identification:_identify(src/difrobot_firmware) by extensions ['colcon_pkg']
[0.559s] Level 1:colcon.colcon_core.package_identification:_identify(src/difrobot_firmware) by extension 'colcon_pkg'
[0.559s] Level 1:colcon.colcon_core.package_identification:_identify(src/difrobot_firmware) by extensions ['colcon_meta']
[0.559s] Level 1:colcon.colcon_core.package_identification:_identify(src/difrobot_firmware) by extension 'colcon_meta'
[0.559s] Level 1:colcon.colcon_core.package_identification:_identify(src/difrobot_firmware) by extensions ['ros']
[0.559s] Level 1:colcon.colcon_core.package_identification:_identify(src/difrobot_firmware) by extension 'ros'
[0.560s] DEBUG:colcon.colcon_core.package_identification:Package 'src/difrobot_firmware' with type 'ros.ament_cmake' and name 'difrobot_firmware'
[0.560s] Level 1:colcon.colcon_core.package_identification:_identify(src/difrobot_msgs) by extensions ['ignore', 'ignore_ament_install']
[0.561s] Level 1:colcon.colcon_core.package_identification:_identify(src/difrobot_msgs) by extension 'ignore'
[0.561s] Level 1:colcon.colcon_core.package_identification:_identify(src/difrobot_msgs) by extension 'ignore_ament_install'
[0.561s] Level 1:colcon.colcon_core.package_identification:_identify(src/difrobot_msgs) by extensions ['colcon_pkg']
[0.561s] Level 1:colcon.colcon_core.package_identification:_identify(src/difrobot_msgs) by extension 'colcon_pkg'
[0.561s] Level 1:colcon.colcon_core.package_identification:_identify(src/difrobot_msgs) by extensions ['colcon_meta']
[0.561s] Level 1:colcon.colcon_core.package_identification:_identify(src/difrobot_msgs) by extension 'colcon_meta'
[0.561s] Level 1:colcon.colcon_core.package_identification:_identify(src/difrobot_msgs) by extensions ['ros']
[0.561s] Level 1:colcon.colcon_core.package_identification:_identify(src/difrobot_msgs) by extension 'ros'
[0.562s] DEBUG:colcon.colcon_core.package_identification:Package 'src/difrobot_msgs' with type 'ros.ament_cmake' and name 'difrobot_msgs'
[0.563s] Level 1:colcon.colcon_core.package_identification:_identify(src/difrobot_py_examples) by extensions ['ignore', 'ignore_ament_install']
[0.563s] Level 1:colcon.colcon_core.package_identification:_identify(src/difrobot_py_examples) by extension 'ignore'
[0.563s] Level 1:colcon.colcon_core.package_identification:_identify(src/difrobot_py_examples) by extension 'ignore_ament_install'
[0.563s] Level 1:colcon.colcon_core.package_identification:_identify(src/difrobot_py_examples) by extensions ['colcon_pkg']
[0.563s] Level 1:colcon.colcon_core.package_identification:_identify(src/difrobot_py_examples) by extension 'colcon_pkg'
[0.563s] Level 1:colcon.colcon_core.package_identification:_identify(src/difrobot_py_examples) by extensions ['colcon_meta']
[0.563s] Level 1:colcon.colcon_core.package_identification:_identify(src/difrobot_py_examples) by extension 'colcon_meta'
[0.563s] Level 1:colcon.colcon_core.package_identification:_identify(src/difrobot_py_examples) by extensions ['ros']
[0.563s] Level 1:colcon.colcon_core.package_identification:_identify(src/difrobot_py_examples) by extension 'ros'
[0.565s] DEBUG:colcon.colcon_core.package_identification:Package 'src/difrobot_py_examples' with type 'ros.ament_python' and name 'difrobot_py_examples'
[0.565s] Level 1:colcon.colcon_core.package_discovery:discover_packages(recursive) using defaults
[0.565s] Level 1:colcon.colcon_core.package_discovery:discover_packages(ignore) discover
[0.565s] Level 1:colcon.colcon_core.package_discovery:discover_packages(ignore) using defaults
[0.565s] Level 1:colcon.colcon_core.package_discovery:discover_packages(path) discover
[0.565s] Level 1:colcon.colcon_core.package_discovery:discover_packages(path) using defaults
[0.602s] Level 1:colcon.colcon_core.package_discovery:discover_packages(prefix_path) check parameters
[0.602s] Level 1:colcon.colcon_core.package_discovery:discover_packages(prefix_path) discover
[0.605s] DEBUG:colcon.colcon_installed_package_information.package_discovery:Found 5 installed packages in /home/ros/difrobot_ws/install
[0.608s] DEBUG:colcon.colcon_installed_package_information.package_discovery:Found 327 installed packages in /opt/ros/humble
[0.611s] Level 1:colcon.colcon_core.package_discovery:discover_packages(prefix_path) using defaults
[0.706s] Level 5:colcon.colcon_core.verb:set package 'difrobot_controller' build argument 'cmake_args' from command line to 'None'
[0.706s] Level 5:colcon.colcon_core.verb:set package 'difrobot_controller' build argument 'cmake_target' from command line to 'None'
[0.706s] Level 5:colcon.colcon_core.verb:set package 'difrobot_controller' build argument 'cmake_target_skip_unavailable' from command line to 'False'
[0.706s] Level 5:colcon.colcon_core.verb:set package 'difrobot_controller' build argument 'cmake_clean_cache' from command line to 'False'
[0.706s] Level 5:colcon.colcon_core.verb:set package 'difrobot_controller' build argument 'cmake_clean_first' from command line to 'False'
[0.706s] Level 5:colcon.colcon_core.verb:set package 'difrobot_controller' build argument 'cmake_force_configure' from command line to 'False'
[0.706s] Level 5:colcon.colcon_core.verb:set package 'difrobot_controller' build argument 'ament_cmake_args' from command line to 'None'
[0.706s] Level 5:colcon.colcon_core.verb:set package 'difrobot_controller' build argument 'catkin_cmake_args' from command line to 'None'
[0.706s] Level 5:colcon.colcon_core.verb:set package 'difrobot_controller' build argument 'catkin_skip_building_tests' from command line to 'False'
[0.706s] DEBUG:colcon.colcon_core.verb:Building package 'difrobot_controller' with the following arguments: {'ament_cmake_args': None, 'build_base': '/home/ros/difrobot_ws/build/difrobot_controller', 'catkin_cmake_args': None, 'catkin_skip_building_tests': False, 'cmake_args': None, 'cmake_clean_cache': False, 'cmake_clean_first': False, 'cmake_force_configure': False, 'cmake_target': None, 'cmake_target_skip_unavailable': False, 'install_base': '/home/ros/difrobot_ws/install/difrobot_controller', 'merge_install': False, 'path': '/home/ros/difrobot_ws/src/difrobot_controller', 'symlink_install': False, 'test_result_base': None}
[0.707s] Level 5:colcon.colcon_core.verb:set package 'difrobot_description' build argument 'cmake_args' from command line to 'None'
[0.707s] Level 5:colcon.colcon_core.verb:set package 'difrobot_description' build argument 'cmake_target' from command line to 'None'
[0.707s] Level 5:colcon.colcon_core.verb:set package 'difrobot_description' build argument 'cmake_target_skip_unavailable' from command line to 'False'
[0.707s] Level 5:colcon.colcon_core.verb:set package 'difrobot_description' build argument 'cmake_clean_cache' from command line to 'False'
[0.707s] Level 5:colcon.colcon_core.verb:set package 'difrobot_description' build argument 'cmake_clean_first' from command line to 'False'
[0.707s] Level 5:colcon.colcon_core.verb:set package 'difrobot_description' build argument 'cmake_force_configure' from command line to 'False'
[0.707s] Level 5:colcon.colcon_core.verb:set package 'difrobot_description' build argument 'ament_cmake_args' from command line to 'None'
[0.707s] Level 5:colcon.colcon_core.verb:set package 'difrobot_description' build argument 'catkin_cmake_args' from command line to 'None'
[0.707s] Level 5:colcon.colcon_core.verb:set package 'difrobot_description' build argument 'catkin_skip_building_tests' from command line to 'False'
[0.708s] DEBUG:colcon.colcon_core.verb:Building package 'difrobot_description' with the following arguments: {'ament_cmake_args': None, 'build_base': '/home/ros/difrobot_ws/build/difrobot_description', 'catkin_cmake_args': None, 'catkin_skip_building_tests': False, 'cmake_args': None, 'cmake_clean_cache': False, 'cmake_clean_first': False, 'cmake_force_configure': False, 'cmake_target': None, 'cmake_target_skip_unavailable': False, 'install_base': '/home/ros/difrobot_ws/install/difrobot_description', 'merge_install': False, 'path': '/home/ros/difrobot_ws/src/difrobot_description', 'symlink_install': False, 'test_result_base': None}
[0.708s] Level 5:colcon.colcon_core.verb:set package 'difrobot_firmware' build argument 'cmake_args' from command line to 'None'
[0.708s] Level 5:colcon.colcon_core.verb:set package 'difrobot_firmware' build argument 'cmake_target' from command line to 'None'
[0.708s] Level 5:colcon.colcon_core.verb:set package 'difrobot_firmware' build argument 'cmake_target_skip_unavailable' from command line to 'False'
[0.708s] Level 5:colcon.colcon_core.verb:set package 'difrobot_firmware' build argument 'cmake_clean_cache' from command line to 'False'
[0.708s] Level 5:colcon.colcon_core.verb:set package 'difrobot_firmware' build argument 'cmake_clean_first' from command line to 'False'
[0.708s] Level 5:colcon.colcon_core.verb:set package 'difrobot_firmware' build argument 'cmake_force_configure' from command line to 'False'
[0.708s] Level 5:colcon.colcon_core.verb:set package 'difrobot_firmware' build argument 'ament_cmake_args' from command line to 'None'
[0.708s] Level 5:colcon.colcon_core.verb:set package 'difrobot_firmware' build argument 'catkin_cmake_args' from command line to 'None'
[0.708s] Level 5:colcon.colcon_core.verb:set package 'difrobot_firmware' build argument 'catkin_skip_building_tests' from command line to 'False'
[0.709s] DEBUG:colcon.colcon_core.verb:Building package 'difrobot_firmware' with the following arguments: {'ament_cmake_args': None, 'build_base': '/home/ros/difrobot_ws/build/difrobot_firmware', 'catkin_cmake_args': None, 'catkin_skip_building_tests': False, 'cmake_args': None, 'cmake_clean_cache': False, 'cmake_clean_first': False, 'cmake_force_configure': False, 'cmake_target': None, 'cmake_target_skip_unavailable': False, 'install_base': '/home/ros/difrobot_ws/install/difrobot_firmware', 'merge_install': False, 'path': '/home/ros/difrobot_ws/src/difrobot_firmware', 'symlink_install': False, 'test_result_base': None}
[0.709s] Level 5:colcon.colcon_core.verb:set package 'difrobot_msgs' build argument 'cmake_args' from command line to 'None'
[0.709s] Level 5:colcon.colcon_core.verb:set package 'difrobot_msgs' build argument 'cmake_target' from command line to 'None'
[0.709s] Level 5:colcon.colcon_core.verb:set package 'difrobot_msgs' build argument 'cmake_target_skip_unavailable' from command line to 'False'
[0.709s] Level 5:colcon.colcon_core.verb:set package 'difrobot_msgs' build argument 'cmake_clean_cache' from command line to 'False'
[0.709s] Level 5:colcon.colcon_core.verb:set package 'difrobot_msgs' build argument 'cmake_clean_first' from command line to 'False'
[0.709s] Level 5:colcon.colcon_core.verb:set package 'difrobot_msgs' build argument 'cmake_force_configure' from command line to 'False'
[0.709s] Level 5:colcon.colcon_core.verb:set package 'difrobot_msgs' build argument 'ament_cmake_args' from command line to 'None'
[0.710s] Level 5:colcon.colcon_core.verb:set package 'difrobot_msgs' build argument 'catkin_cmake_args' from command line to 'None'
[0.710s] Level 5:colcon.colcon_core.verb:set package 'difrobot_msgs' build argument 'catkin_skip_building_tests' from command line to 'False'
[0.710s] DEBUG:colcon.colcon_core.verb:Building package 'difrobot_msgs' with the following arguments: {'ament_cmake_args': None, 'build_base': '/home/ros/difrobot_ws/build/difrobot_msgs', 'catkin_cmake_args': None, 'catkin_skip_building_tests': False, 'cmake_args': None, 'cmake_clean_cache': False, 'cmake_clean_first': False, 'cmake_force_configure': False, 'cmake_target': None, 'cmake_target_skip_unavailable': False, 'install_base': '/home/ros/difrobot_ws/install/difrobot_msgs', 'merge_install': False, 'path': '/home/ros/difrobot_ws/src/difrobot_msgs', 'symlink_install': False, 'test_result_base': None}
[0.710s] Level 5:colcon.colcon_core.verb:set package 'difrobot_py_examples' build argument 'cmake_args' from command line to 'None'
[0.710s] Level 5:colcon.colcon_core.verb:set package 'difrobot_py_examples' build argument 'cmake_target' from command line to 'None'
[0.710s] Level 5:colcon.colcon_core.verb:set package 'difrobot_py_examples' build argument 'cmake_target_skip_unavailable' from command line to 'False'
[0.710s] Level 5:colcon.colcon_core.verb:set package 'difrobot_py_examples' build argument 'cmake_clean_cache' from command line to 'False'
[0.710s] Level 5:colcon.colcon_core.verb:set package 'difrobot_py_examples' build argument 'cmake_clean_first' from command line to 'False'
[0.711s] Level 5:colcon.colcon_core.verb:set package 'difrobot_py_examples' build argument 'cmake_force_configure' from command line to 'False'
[0.711s] Level 5:colcon.colcon_core.verb:set package 'difrobot_py_examples' build argument 'ament_cmake_args' from command line to 'None'
[0.711s] Level 5:colcon.colcon_core.verb:set package 'difrobot_py_examples' build argument 'catkin_cmake_args' from command line to 'None'
[0.711s] Level 5:colcon.colcon_core.verb:set package 'difrobot_py_examples' build argument 'catkin_skip_building_tests' from command line to 'False'
[0.711s] DEBUG:colcon.colcon_core.verb:Building package 'difrobot_py_examples' with the following arguments: {'ament_cmake_args': None, 'build_base': '/home/ros/difrobot_ws/build/difrobot_py_examples', 'catkin_cmake_args': None, 'catkin_skip_building_tests': False, 'cmake_args': None, 'cmake_clean_cache': False, 'cmake_clean_first': False, 'cmake_force_configure': False, 'cmake_target': None, 'cmake_target_skip_unavailable': False, 'install_base': '/home/ros/difrobot_ws/install/difrobot_py_examples', 'merge_install': False, 'path': '/home/ros/difrobot_ws/src/difrobot_py_examples', 'symlink_install': False, 'test_result_base': None}
[0.711s] INFO:colcon.colcon_core.executor:Executing jobs using 'parallel' executor
[0.713s] DEBUG:colcon.colcon_parallel_executor.executor.parallel:run_until_complete
[0.713s] INFO:colcon.colcon_ros.task.ament_cmake.build:Building ROS package in '/home/ros/difrobot_ws/src/difrobot_msgs' with build type 'ament_cmake'
[0.713s] INFO:colcon.colcon_cmake.task.cmake.build:Building CMake package in '/home/ros/difrobot_ws/src/difrobot_msgs'
[0.719s] INFO:colcon.colcon_core.plugin_system:Skipping extension 'colcon_core.shell.bat': Not used on non-Windows systems
[0.719s] INFO:colcon.colcon_core.shell:Skip shell extension 'powershell' for command environment: Not usable outside of PowerShell
[0.719s] DEBUG:colcon.colcon_core.shell:Skip shell extension 'dsv' for command environment
[0.728s] INFO:colcon.colcon_ros.task.ament_cmake.build:Building ROS package in '/home/ros/difrobot_ws/src/difrobot_controller' with build type 'ament_cmake'
[0.728s] INFO:colcon.colcon_cmake.task.cmake.build:Building CMake package in '/home/ros/difrobot_ws/src/difrobot_controller'
[0.729s] INFO:colcon.colcon_core.shell:Skip shell extension 'powershell' for command environment: Not usable outside of PowerShell
[0.729s] DEBUG:colcon.colcon_core.shell:Skip shell extension 'dsv' for command environment
[0.752s] DEBUG:colcon.colcon_core.event_handler.log_command:Invoking command in '/home/ros/difrobot_ws/build/difrobot_msgs': CMAKE_PREFIX_PATH=${CMAKE_PREFIX_PATH}:/home/ros/difrobot_ws/install/difrobot_py_examples:/opt/ros/humble /usr/bin/cmake --build /home/ros/difrobot_ws/build/difrobot_msgs -- -j2 -l2
[0.767s] DEBUG:colcon.colcon_core.event_handler.log_command:Invoking command in '/home/ros/difrobot_ws/build/difrobot_controller': CMAKE_PREFIX_PATH=${CMAKE_PREFIX_PATH}:/home/ros/difrobot_ws/install/difrobot_py_examples:/opt/ros/humble /usr/bin/cmake --build /home/ros/difrobot_ws/build/difrobot_controller -- -j2 -l2
[1.802s] DEBUG:colcon.colcon_core.event_handler.log_command:Invoked command in '/home/ros/difrobot_ws/build/difrobot_controller' returned '0': CMAKE_PREFIX_PATH=${CMAKE_PREFIX_PATH}:/home/ros/difrobot_ws/install/difrobot_py_examples:/opt/ros/humble /usr/bin/cmake --build /home/ros/difrobot_ws/build/difrobot_controller -- -j2 -l2
[1.983s] DEBUG:colcon.colcon_core.event_handler.log_command:Invoking command in '/home/ros/difrobot_ws/build/difrobot_controller': CMAKE_PREFIX_PATH=${CMAKE_PREFIX_PATH}:/home/ros/difrobot_ws/install/difrobot_py_examples:/opt/ros/humble /usr/bin/cmake --install /home/ros/difrobot_ws/build/difrobot_controller
[2.124s] Level 1:colcon.colcon_core.environment:create_environment_scripts_only(difrobot_controller)
[2.126s] DEBUG:colcon.colcon_core.event_handler.log_command:Invoked command in '/home/ros/difrobot_ws/build/difrobot_controller' returned '0': CMAKE_PREFIX_PATH=${CMAKE_PREFIX_PATH}:/home/ros/difrobot_ws/install/difrobot_py_examples:/opt/ros/humble /usr/bin/cmake --install /home/ros/difrobot_ws/build/difrobot_controller
[2.129s] Level 1:colcon.colcon_core.environment:checking '/home/ros/difrobot_ws/install/difrobot_controller' for CMake module files
[2.130s] Level 1:colcon.colcon_core.environment:checking '/home/ros/difrobot_ws/install/difrobot_controller' for CMake config files
[2.130s] Level 1:colcon.colcon_core.shell:create_environment_hook('difrobot_controller', 'cmake_prefix_path')
[2.131s] INFO:colcon.colcon_core.shell:Creating environment hook '/home/ros/difrobot_ws/install/difrobot_controller/share/difrobot_controller/hook/cmake_prefix_path.ps1'
[2.132s] INFO:colcon.colcon_core.shell:Creating environment descriptor '/home/ros/difrobot_ws/install/difrobot_controller/share/difrobot_controller/hook/cmake_prefix_path.dsv'
[2.133s] INFO:colcon.colcon_core.shell:Creating environment hook '/home/ros/difrobot_ws/install/difrobot_controller/share/difrobot_controller/hook/cmake_prefix_path.sh'
[2.135s] Level 1:colcon.colcon_core.environment:checking '/home/ros/difrobot_ws/install/difrobot_controller/lib'
[2.135s] Level 1:colcon.colcon_core.environment:checking '/home/ros/difrobot_ws/install/difrobot_controller/bin'
[2.135s] Level 1:colcon.colcon_core.environment:checking '/home/ros/difrobot_ws/install/difrobot_controller/lib/pkgconfig/difrobot_controller.pc'
[2.136s] Level 1:colcon.colcon_core.environment:checking '/home/ros/difrobot_ws/install/difrobot_controller/lib/python3.10/site-packages'
[2.136s] Level 1:colcon.colcon_core.environment:checking '/home/ros/difrobot_ws/install/difrobot_controller/bin'
[2.137s] INFO:colcon.colcon_core.shell:Creating package script '/home/ros/difrobot_ws/install/difrobot_controller/share/difrobot_controller/package.ps1'
[2.139s] INFO:colcon.colcon_core.shell:Creating package descriptor '/home/ros/difrobot_ws/install/difrobot_controller/share/difrobot_controller/package.dsv'
[2.141s] INFO:colcon.colcon_core.shell:Creating package script '/home/ros/difrobot_ws/install/difrobot_controller/share/difrobot_controller/package.sh'
[2.142s] INFO:colcon.colcon_core.shell:Creating package script '/home/ros/difrobot_ws/install/difrobot_controller/share/difrobot_controller/package.bash'
[2.144s] INFO:colcon.colcon_core.shell:Creating package script '/home/ros/difrobot_ws/install/difrobot_controller/share/difrobot_controller/package.zsh'
[2.145s] Level 1:colcon.colcon_core.environment:create_file_with_runtime_dependencies(/home/ros/difrobot_ws/install/difrobot_controller/share/colcon-core/packages/difrobot_controller)
[2.243s] DEBUG:colcon.colcon_core.event_handler.log_command:Invoked command in '/home/ros/difrobot_ws/build/difrobot_msgs' returned '0': CMAKE_PREFIX_PATH=${CMAKE_PREFIX_PATH}:/home/ros/difrobot_ws/install/difrobot_py_examples:/opt/ros/humble /usr/bin/cmake --build /home/ros/difrobot_ws/build/difrobot_msgs -- -j2 -l2
[2.253s] Level 1:colcon.colcon_core.environment:create_environment_scripts_only(difrobot_controller)
[2.253s] Level 1:colcon.colcon_core.environment:checking '/home/ros/difrobot_ws/install/difrobot_controller' for CMake module files
[2.256s] Level 1:colcon.colcon_core.environment:checking '/home/ros/difrobot_ws/install/difrobot_controller' for CMake config files
[2.256s] Level 1:colcon.colcon_core.shell:create_environment_hook('difrobot_controller', 'cmake_prefix_path')
[2.257s] INFO:colcon.colcon_core.shell:Creating environment hook '/home/ros/difrobot_ws/install/difrobot_controller/share/difrobot_controller/hook/cmake_prefix_path.ps1'
[2.258s] INFO:colcon.colcon_core.shell:Creating environment descriptor '/home/ros/difrobot_ws/install/difrobot_controller/share/difrobot_controller/hook/cmake_prefix_path.dsv'
[2.259s] INFO:colcon.colcon_core.shell:Creating environment hook '/home/ros/difrobot_ws/install/difrobot_controller/share/difrobot_controller/hook/cmake_prefix_path.sh'
[2.261s] Level 1:colcon.colcon_core.environment:checking '/home/ros/difrobot_ws/install/difrobot_controller/lib'
[2.261s] Level 1:colcon.colcon_core.environment:checking '/home/ros/difrobot_ws/install/difrobot_controller/bin'
[2.261s] Level 1:colcon.colcon_core.environment:checking '/home/ros/difrobot_ws/install/difrobot_controller/lib/pkgconfig/difrobot_controller.pc'
[2.262s] Level 1:colcon.colcon_core.environment:checking '/home/ros/difrobot_ws/install/difrobot_controller/lib/python3.10/site-packages'
[2.262s] Level 1:colcon.colcon_core.environment:checking '/home/ros/difrobot_ws/install/difrobot_controller/bin'
[2.262s] INFO:colcon.colcon_core.shell:Creating package script '/home/ros/difrobot_ws/install/difrobot_controller/share/difrobot_controller/package.ps1'
[2.263s] INFO:colcon.colcon_core.shell:Creating package descriptor '/home/ros/difrobot_ws/install/difrobot_controller/share/difrobot_controller/package.dsv'
[2.264s] INFO:colcon.colcon_core.shell:Creating package script '/home/ros/difrobot_ws/install/difrobot_controller/share/difrobot_controller/package.sh'
[2.266s] INFO:colcon.colcon_core.shell:Creating package script '/home/ros/difrobot_ws/install/difrobot_controller/share/difrobot_controller/package.bash'
[2.267s] INFO:colcon.colcon_core.shell:Creating package script '/home/ros/difrobot_ws/install/difrobot_controller/share/difrobot_controller/package.zsh'
[2.268s] Level 1:colcon.colcon_core.environment:create_file_with_runtime_dependencies(/home/ros/difrobot_ws/install/difrobot_controller/share/colcon-core/packages/difrobot_controller)
[2.270s] INFO:colcon.colcon_ros.task.ament_cmake.build:Building ROS package in '/home/ros/difrobot_ws/src/difrobot_description' with build type 'ament_cmake'
[2.270s] INFO:colcon.colcon_cmake.task.cmake.build:Building CMake package in '/home/ros/difrobot_ws/src/difrobot_description'
[2.270s] INFO:colcon.colcon_core.shell:Skip shell extension 'powershell' for command environment: Not usable outside of PowerShell
[2.270s] DEBUG:colcon.colcon_core.shell:Skip shell extension 'dsv' for command environment
[2.301s] DEBUG:colcon.colcon_core.event_handler.log_command:Invoking command in '/home/ros/difrobot_ws/build/difrobot_description': CMAKE_PREFIX_PATH=${CMAKE_PREFIX_PATH}:/home/ros/difrobot_ws/install/difrobot_py_examples:/opt/ros/humble /usr/bin/cmake --build /home/ros/difrobot_ws/build/difrobot_description -- -j2 -l2
[2.412s] DEBUG:colcon.colcon_core.event_handler.log_command:Invoked command in '/home/ros/difrobot_ws/build/difrobot_description' returned '0': CMAKE_PREFIX_PATH=${CMAKE_PREFIX_PATH}:/home/ros/difrobot_ws/install/difrobot_py_examples:/opt/ros/humble /usr/bin/cmake --build /home/ros/difrobot_ws/build/difrobot_description -- -j2 -l2
[2.489s] DEBUG:colcon.colcon_core.event_handler.log_command:Invoking command in '/home/ros/difrobot_ws/build/difrobot_description': CMAKE_PREFIX_PATH=${CMAKE_PREFIX_PATH}:/home/ros/difrobot_ws/install/difrobot_py_examples:/opt/ros/humble /usr/bin/cmake --install /home/ros/difrobot_ws/build/difrobot_description
[2.514s] DEBUG:colcon.colcon_core.event_handler.log_command:Invoking command in '/home/ros/difrobot_ws/build/difrobot_msgs': CMAKE_PREFIX_PATH=${CMAKE_PREFIX_PATH}:/home/ros/difrobot_ws/install/difrobot_py_examples:/opt/ros/humble /usr/bin/cmake --install /home/ros/difrobot_ws/build/difrobot_msgs
[2.527s] Level 1:colcon.colcon_core.environment:create_environment_scripts_only(difrobot_description)
[2.527s] Level 1:colcon.colcon_core.environment:checking '/home/ros/difrobot_ws/install/difrobot_description' for CMake module files
[2.528s] Level 1:colcon.colcon_core.environment:checking '/home/ros/difrobot_ws/install/difrobot_description' for CMake config files
[2.528s] Level 1:colcon.colcon_core.shell:create_environment_hook('difrobot_description', 'cmake_prefix_path')
[2.529s] INFO:colcon.colcon_core.shell:Creating environment hook '/home/ros/difrobot_ws/install/difrobot_description/share/difrobot_description/hook/cmake_prefix_path.ps1'
[2.529s] DEBUG:colcon.colcon_core.event_handler.log_command:Invoked command in '/home/ros/difrobot_ws/build/difrobot_description' returned '0': CMAKE_PREFIX_PATH=${CMAKE_PREFIX_PATH}:/home/ros/difrobot_ws/install/difrobot_py_examples:/opt/ros/humble /usr/bin/cmake --install /home/ros/difrobot_ws/build/difrobot_description
[2.530s] INFO:colcon.colcon_core.shell:Creating environment descriptor '/home/ros/difrobot_ws/install/difrobot_description/share/difrobot_description/hook/cmake_prefix_path.dsv'
[2.532s] INFO:colcon.colcon_core.shell:Creating environment hook '/home/ros/difrobot_ws/install/difrobot_description/share/difrobot_description/hook/cmake_prefix_path.sh'
[2.536s] Level 1:colcon.colcon_core.environment:checking '/home/ros/difrobot_ws/install/difrobot_description/bin'
[2.537s] Level 1:colcon.colcon_core.environment:checking '/home/ros/difrobot_ws/install/difrobot_description/lib/pkgconfig/difrobot_description.pc'
[2.537s] Level 1:colcon.colcon_core.environment:checking '/home/ros/difrobot_ws/install/difrobot_description/lib/python3.10/site-packages'
[2.537s] Level 1:colcon.colcon_core.environment:checking '/home/ros/difrobot_ws/install/difrobot_description/bin'
[2.538s] INFO:colcon.colcon_core.shell:Creating package script '/home/ros/difrobot_ws/install/difrobot_description/share/difrobot_description/package.ps1'
[2.540s] INFO:colcon.colcon_core.shell:Creating package descriptor '/home/ros/difrobot_ws/install/difrobot_description/share/difrobot_description/package.dsv'
[2.544s] INFO:colcon.colcon_core.shell:Creating package script '/home/ros/difrobot_ws/install/difrobot_description/share/difrobot_description/package.sh'
[2.545s] INFO:colcon.colcon_core.shell:Creating package script '/home/ros/difrobot_ws/install/difrobot_description/share/difrobot_description/package.bash'
[2.547s] INFO:colcon.colcon_core.shell:Creating package script '/home/ros/difrobot_ws/install/difrobot_description/share/difrobot_description/package.zsh'
[2.551s] Level 1:colcon.colcon_core.environment:create_file_with_runtime_dependencies(/home/ros/difrobot_ws/install/difrobot_description/share/colcon-core/packages/difrobot_description)
[2.641s] Level 1:colcon.colcon_core.environment:create_environment_scripts_only(difrobot_msgs)
[2.642s] Level 1:colcon.colcon_core.environment:checking '/home/ros/difrobot_ws/install/difrobot_msgs' for CMake module files
[2.641s] DEBUG:colcon.colcon_core.event_handler.log_command:Invoked command in '/home/ros/difrobot_ws/build/difrobot_msgs' returned '0': CMAKE_PREFIX_PATH=${CMAKE_PREFIX_PATH}:/home/ros/difrobot_ws/install/difrobot_py_examples:/opt/ros/humble /usr/bin/cmake --install /home/ros/difrobot_ws/build/difrobot_msgs
[2.643s] Level 1:colcon.colcon_core.environment:checking '/home/ros/difrobot_ws/install/difrobot_msgs' for CMake config files
[2.643s] Level 1:colcon.colcon_core.shell:create_environment_hook('difrobot_msgs', 'cmake_prefix_path')
[2.644s] INFO:colcon.colcon_core.shell:Creating environment hook '/home/ros/difrobot_ws/install/difrobot_msgs/share/difrobot_msgs/hook/cmake_prefix_path.ps1'
[2.645s] INFO:colcon.colcon_core.shell:Creating environment descriptor '/home/ros/difrobot_ws/install/difrobot_msgs/share/difrobot_msgs/hook/cmake_prefix_path.dsv'
[2.646s] INFO:colcon.colcon_core.shell:Creating environment hook '/home/ros/difrobot_ws/install/difrobot_msgs/share/difrobot_msgs/hook/cmake_prefix_path.sh'
[2.647s] Level 1:colcon.colcon_core.environment:checking '/home/ros/difrobot_ws/install/difrobot_msgs/lib'
[2.648s] Level 1:colcon.colcon_core.shell:create_environment_hook('difrobot_msgs', 'ld_library_path_lib')
[2.648s] INFO:colcon.colcon_core.shell:Creating environment hook '/home/ros/difrobot_ws/install/difrobot_msgs/share/difrobot_msgs/hook/ld_library_path_lib.ps1'
[2.649s] INFO:colcon.colcon_core.shell:Creating environment descriptor '/home/ros/difrobot_ws/install/difrobot_msgs/share/difrobot_msgs/hook/ld_library_path_lib.dsv'
[2.650s] INFO:colcon.colcon_core.shell:Creating environment hook '/home/ros/difrobot_ws/install/difrobot_msgs/share/difrobot_msgs/hook/ld_library_path_lib.sh'
[2.650s] Level 1:colcon.colcon_core.environment:checking '/home/ros/difrobot_ws/install/difrobot_msgs/bin'
[2.651s] Level 1:colcon.colcon_core.environment:checking '/home/ros/difrobot_ws/install/difrobot_msgs/lib/pkgconfig/difrobot_msgs.pc'
[2.651s] Level 1:colcon.colcon_core.environment:checking '/home/ros/difrobot_ws/install/difrobot_msgs/lib/python3.10/site-packages'
[2.651s] Level 1:colcon.colcon_core.environment:checking '/home/ros/difrobot_ws/install/difrobot_msgs/bin'
[2.652s] INFO:colcon.colcon_core.shell:Creating package script '/home/ros/difrobot_ws/install/difrobot_msgs/share/difrobot_msgs/package.ps1'
[2.653s] INFO:colcon.colcon_core.shell:Creating package descriptor '/home/ros/difrobot_ws/install/difrobot_msgs/share/difrobot_msgs/package.dsv'
[2.654s] INFO:colcon.colcon_core.shell:Creating package script '/home/ros/difrobot_ws/install/difrobot_msgs/share/difrobot_msgs/package.sh'
[2.655s] INFO:colcon.colcon_core.shell:Creating package script '/home/ros/difrobot_ws/install/difrobot_msgs/share/difrobot_msgs/package.bash'
[2.656s] INFO:colcon.colcon_core.shell:Creating package script '/home/ros/difrobot_ws/install/difrobot_msgs/share/difrobot_msgs/package.zsh'
[2.657s] Level 1:colcon.colcon_core.environment:create_file_with_runtime_dependencies(/home/ros/difrobot_ws/install/difrobot_msgs/share/colcon-core/packages/difrobot_msgs)
[2.662s] Level 1:colcon.colcon_core.environment:create_environment_scripts_only(difrobot_description)
[2.662s] Level 1:colcon.colcon_core.environment:checking '/home/ros/difrobot_ws/install/difrobot_description' for CMake module files
[2.663s] Level 1:colcon.colcon_core.environment:checking '/home/ros/difrobot_ws/install/difrobot_description' for CMake config files
[2.663s] Level 1:colcon.colcon_core.shell:create_environment_hook('difrobot_description', 'cmake_prefix_path')
[2.664s] INFO:colcon.colcon_core.shell:Creating environment hook '/home/ros/difrobot_ws/install/difrobot_description/share/difrobot_description/hook/cmake_prefix_path.ps1'
[2.665s] INFO:colcon.colcon_core.shell:Creating environment descriptor '/home/ros/difrobot_ws/install/difrobot_description/share/difrobot_description/hook/cmake_prefix_path.dsv'
[2.666s] INFO:colcon.colcon_core.shell:Creating environment hook '/home/ros/difrobot_ws/install/difrobot_description/share/difrobot_description/hook/cmake_prefix_path.sh'
[2.668s] Level 1:colcon.colcon_core.environment:checking '/home/ros/difrobot_ws/install/difrobot_description/bin'
[2.668s] Level 1:colcon.colcon_core.environment:checking '/home/ros/difrobot_ws/install/difrobot_description/lib/pkgconfig/difrobot_description.pc'
[2.668s] Level 1:colcon.colcon_core.environment:checking '/home/ros/difrobot_ws/install/difrobot_description/lib/python3.10/site-packages'
[2.669s] Level 1:colcon.colcon_core.environment:checking '/home/ros/difrobot_ws/install/difrobot_description/bin'
[2.669s] INFO:colcon.colcon_core.shell:Creating package script '/home/ros/difrobot_ws/install/difrobot_description/share/difrobot_description/package.ps1'
[2.670s] INFO:colcon.colcon_core.shell:Creating package descriptor '/home/ros/difrobot_ws/install/difrobot_description/share/difrobot_description/package.dsv'
[2.671s] INFO:colcon.colcon_core.shell:Creating package script '/home/ros/difrobot_ws/install/difrobot_description/share/difrobot_description/package.sh'
[2.673s] INFO:colcon.colcon_core.shell:Creating package script '/home/ros/difrobot_ws/install/difrobot_description/share/difrobot_description/package.bash'
[2.674s] INFO:colcon.colcon_core.shell:Creating package script '/home/ros/difrobot_ws/install/difrobot_description/share/difrobot_description/package.zsh'
[2.675s] Level 1:colcon.colcon_core.environment:create_file_with_runtime_dependencies(/home/ros/difrobot_ws/install/difrobot_description/share/colcon-core/packages/difrobot_description)
[2.677s] INFO:colcon.colcon_ros.task.ament_cmake.build:Building ROS package in '/home/ros/difrobot_ws/src/difrobot_firmware' with build type 'ament_cmake'
[2.677s] INFO:colcon.colcon_cmake.task.cmake.build:Building CMake package in '/home/ros/difrobot_ws/src/difrobot_firmware'
[2.677s] INFO:colcon.colcon_core.shell:Skip shell extension 'powershell' for command environment: Not usable outside of PowerShell
[2.677s] DEBUG:colcon.colcon_core.shell:Skip shell extension 'dsv' for command environment
[2.698s] DEBUG:colcon.colcon_core.event_handler.log_command:Invoking command in '/home/ros/difrobot_ws/build/difrobot_firmware': CMAKE_PREFIX_PATH=${CMAKE_PREFIX_PATH}:/home/ros/difrobot_ws/install/difrobot_py_examples:/opt/ros/humble /usr/bin/cmake --build /home/ros/difrobot_ws/build/difrobot_firmware -- -j2 -l2
[2.936s] Level 1:colcon.colcon_core.environment:create_environment_scripts_only(difrobot_msgs)
[2.936s] Level 1:colcon.colcon_core.environment:checking '/home/ros/difrobot_ws/install/difrobot_msgs' for CMake module files
[2.938s] Level 1:colcon.colcon_core.environment:checking '/home/ros/difrobot_ws/install/difrobot_msgs' for CMake config files
[2.939s] Level 1:colcon.colcon_core.shell:create_environment_hook('difrobot_msgs', 'cmake_prefix_path')
[2.939s] INFO:colcon.colcon_core.shell:Creating environment hook '/home/ros/difrobot_ws/install/difrobot_msgs/share/difrobot_msgs/hook/cmake_prefix_path.ps1'
[2.940s] INFO:colcon.colcon_core.shell:Creating environment descriptor '/home/ros/difrobot_ws/install/difrobot_msgs/share/difrobot_msgs/hook/cmake_prefix_path.dsv'
[2.941s] INFO:colcon.colcon_core.shell:Creating environment hook '/home/ros/difrobot_ws/install/difrobot_msgs/share/difrobot_msgs/hook/cmake_prefix_path.sh'
[2.943s] Level 1:colcon.colcon_core.environment:checking '/home/ros/difrobot_ws/install/difrobot_msgs/lib'
[2.943s] Level 1:colcon.colcon_core.shell:create_environment_hook('difrobot_msgs', 'ld_library_path_lib')
[2.944s] INFO:colcon.colcon_core.shell:Creating environment hook '/home/ros/difrobot_ws/install/difrobot_msgs/share/difrobot_msgs/hook/ld_library_path_lib.ps1'
[2.945s] INFO:colcon.colcon_core.shell:Creating environment descriptor '/home/ros/difrobot_ws/install/difrobot_msgs/share/difrobot_msgs/hook/ld_library_path_lib.dsv'
[2.945s] INFO:colcon.colcon_core.shell:Creating environment hook '/home/ros/difrobot_ws/install/difrobot_msgs/share/difrobot_msgs/hook/ld_library_path_lib.sh'
[2.946s] Level 1:colcon.colcon_core.environment:checking '/home/ros/difrobot_ws/install/difrobot_msgs/bin'
[2.946s] Level 1:colcon.colcon_core.environment:checking '/home/ros/difrobot_ws/install/difrobot_msgs/lib/pkgconfig/difrobot_msgs.pc'
[2.947s] Level 1:colcon.colcon_core.environment:checking '/home/ros/difrobot_ws/install/difrobot_msgs/lib/python3.10/site-packages'
[2.947s] Level 1:colcon.colcon_core.environment:checking '/home/ros/difrobot_ws/install/difrobot_msgs/bin'
[2.948s] INFO:colcon.colcon_core.shell:Creating package script '/home/ros/difrobot_ws/install/difrobot_msgs/share/difrobot_msgs/package.ps1'
[2.949s] INFO:colcon.colcon_core.shell:Creating package descriptor '/home/ros/difrobot_ws/install/difrobot_msgs/share/difrobot_msgs/package.dsv'
[2.950s] INFO:colcon.colcon_core.shell:Creating package script '/home/ros/difrobot_ws/install/difrobot_msgs/share/difrobot_msgs/package.sh'
[2.951s] INFO:colcon.colcon_core.shell:Creating package script '/home/ros/difrobot_ws/install/difrobot_msgs/share/difrobot_msgs/package.bash'
[2.952s] INFO:colcon.colcon_core.shell:Creating package script '/home/ros/difrobot_ws/install/difrobot_msgs/share/difrobot_msgs/package.zsh'
[2.953s] Level 1:colcon.colcon_core.environment:create_file_with_runtime_dependencies(/home/ros/difrobot_ws/install/difrobot_msgs/share/colcon-core/packages/difrobot_msgs)
[2.954s] INFO:colcon.colcon_ros.task.ament_python.build:Building ROS package in '/home/ros/difrobot_ws/src/difrobot_py_examples' with build type 'ament_python'
[2.954s] Level 1:colcon.colcon_core.shell:create_environment_hook('difrobot_py_examples', 'ament_prefix_path')
[2.954s] INFO:colcon.colcon_core.shell:Creating environment hook '/home/ros/difrobot_ws/install/difrobot_py_examples/share/difrobot_py_examples/hook/ament_prefix_path.ps1'
[2.956s] INFO:colcon.colcon_core.shell:Creating environment descriptor '/home/ros/difrobot_ws/install/difrobot_py_examples/share/difrobot_py_examples/hook/ament_prefix_path.dsv'
[2.957s] INFO:colcon.colcon_core.shell:Creating environment hook '/home/ros/difrobot_ws/install/difrobot_py_examples/share/difrobot_py_examples/hook/ament_prefix_path.sh'
[2.963s] INFO:colcon.colcon_core.shell:Skip shell extension 'powershell' for command environment: Not usable outside of PowerShell
[2.963s] DEBUG:colcon.colcon_core.shell:Skip shell extension 'dsv' for command environment
[3.510s] INFO:colcon.colcon_core.task.python.build:Building Python package in '/home/ros/difrobot_ws/src/difrobot_py_examples'
[3.510s] INFO:colcon.colcon_core.shell:Skip shell extension 'powershell' for command environment: Not usable outside of PowerShell
[3.510s] DEBUG:colcon.colcon_core.shell:Skip shell extension 'dsv' for command environment
[3.519s] DEBUG:colcon.colcon_core.event_handler.log_command:Invoked command in '/home/ros/difrobot_ws/build/difrobot_firmware' returned '0': CMAKE_PREFIX_PATH=${CMAKE_PREFIX_PATH}:/home/ros/difrobot_ws/install/difrobot_py_examples:/opt/ros/humble /usr/bin/cmake --build /home/ros/difrobot_ws/build/difrobot_firmware -- -j2 -l2
[3.609s] DEBUG:colcon.colcon_core.event_handler.log_command:Invoking command in '/home/ros/difrobot_ws/build/difrobot_firmware': CMAKE_PREFIX_PATH=${CMAKE_PREFIX_PATH}:/home/ros/difrobot_ws/install/difrobot_py_examples:/opt/ros/humble /usr/bin/cmake --install /home/ros/difrobot_ws/build/difrobot_firmware
[3.729s] Level 1:colcon.colcon_core.environment:create_environment_scripts_only(difrobot_firmware)
[3.730s] Level 1:colcon.colcon_core.environment:checking '/home/ros/difrobot_ws/install/difrobot_firmware' for CMake module files
[3.731s] Level 1:colcon.colcon_core.environment:checking '/home/ros/difrobot_ws/install/difrobot_firmware' for CMake config files
[3.731s] Level 1:colcon.colcon_core.shell:create_environment_hook('difrobot_firmware', 'cmake_prefix_path')
[3.732s] INFO:colcon.colcon_core.shell:Creating environment hook '/home/ros/difrobot_ws/install/difrobot_firmware/share/difrobot_firmware/hook/cmake_prefix_path.ps1'
[3.732s] DEBUG:colcon.colcon_core.event_handler.log_command:Invoked command in '/home/ros/difrobot_ws/build/difrobot_firmware' returned '0': CMAKE_PREFIX_PATH=${CMAKE_PREFIX_PATH}:/home/ros/difrobot_ws/install/difrobot_py_examples:/opt/ros/humble /usr/bin/cmake --install /home/ros/difrobot_ws/build/difrobot_firmware
[3.733s] INFO:colcon.colcon_core.shell:Creating environment descriptor '/home/ros/difrobot_ws/install/difrobot_firmware/share/difrobot_firmware/hook/cmake_prefix_path.dsv'
[3.734s] INFO:colcon.colcon_core.shell:Creating environment hook '/home/ros/difrobot_ws/install/difrobot_firmware/share/difrobot_firmware/hook/cmake_prefix_path.sh'
[3.736s] Level 1:colcon.colcon_core.environment:checking '/home/ros/difrobot_ws/install/difrobot_firmware/lib'
[3.736s] Level 1:colcon.colcon_core.environment:checking '/home/ros/difrobot_ws/install/difrobot_firmware/bin'
[3.736s] Level 1:colcon.colcon_core.environment:checking '/home/ros/difrobot_ws/install/difrobot_firmware/lib/pkgconfig/difrobot_firmware.pc'
[3.737s] Level 1:colcon.colcon_core.environment:checking '/home/ros/difrobot_ws/install/difrobot_firmware/lib/python3.10/site-packages'
[3.737s] Level 1:colcon.colcon_core.environment:checking '/home/ros/difrobot_ws/install/difrobot_firmware/bin'
[3.737s] INFO:colcon.colcon_core.shell:Creating package script '/home/ros/difrobot_ws/install/difrobot_firmware/share/difrobot_firmware/package.ps1'
[3.738s] INFO:colcon.colcon_core.shell:Creating package descriptor '/home/ros/difrobot_ws/install/difrobot_firmware/share/difrobot_firmware/package.dsv'
[3.740s] INFO:colcon.colcon_core.shell:Creating package script '/home/ros/difrobot_ws/install/difrobot_firmware/share/difrobot_firmware/package.sh'
[3.741s] INFO:colcon.colcon_core.shell:Creating package script '/home/ros/difrobot_ws/install/difrobot_firmware/share/difrobot_firmware/package.bash'
[3.742s] INFO:colcon.colcon_core.shell:Creating package script '/home/ros/difrobot_ws/install/difrobot_firmware/share/difrobot_firmware/package.zsh'
[3.743s] Level 1:colcon.colcon_core.environment:create_file_with_runtime_dependencies(/home/ros/difrobot_ws/install/difrobot_firmware/share/colcon-core/packages/difrobot_firmware)
[3.832s] Level 1:colcon.colcon_core.environment:create_environment_scripts_only(difrobot_firmware)
[3.832s] Level 1:colcon.colcon_core.environment:checking '/home/ros/difrobot_ws/install/difrobot_firmware' for CMake module files
[3.833s] Level 1:colcon.colcon_core.environment:checking '/home/ros/difrobot_ws/install/difrobot_firmware' for CMake config files
[3.834s] Level 1:colcon.colcon_core.shell:create_environment_hook('difrobot_firmware', 'cmake_prefix_path')
[3.834s] INFO:colcon.colcon_core.shell:Creating environment hook '/home/ros/difrobot_ws/install/difrobot_firmware/share/difrobot_firmware/hook/cmake_prefix_path.ps1'
[3.835s] INFO:colcon.colcon_core.shell:Creating environment descriptor '/home/ros/difrobot_ws/install/difrobot_firmware/share/difrobot_firmware/hook/cmake_prefix_path.dsv'
[3.836s] INFO:colcon.colcon_core.shell:Creating environment hook '/home/ros/difrobot_ws/install/difrobot_firmware/share/difrobot_firmware/hook/cmake_prefix_path.sh'
[3.837s] Level 1:colcon.colcon_core.environment:checking '/home/ros/difrobot_ws/install/difrobot_firmware/lib'
[3.838s] Level 1:colcon.colcon_core.environment:checking '/home/ros/difrobot_ws/install/difrobot_firmware/bin'
[3.838s] Level 1:colcon.colcon_core.environment:checking '/home/ros/difrobot_ws/install/difrobot_firmware/lib/pkgconfig/difrobot_firmware.pc'
[3.838s] Level 1:colcon.colcon_core.environment:checking '/home/ros/difrobot_ws/install/difrobot_firmware/lib/python3.10/site-packages'
[3.838s] Level 1:colcon.colcon_core.environment:checking '/home/ros/difrobot_ws/install/difrobot_firmware/bin'
[3.839s] INFO:colcon.colcon_core.shell:Creating package script '/home/ros/difrobot_ws/install/difrobot_firmware/share/difrobot_firmware/package.ps1'
[3.841s] INFO:colcon.colcon_core.shell:Creating package descriptor '/home/ros/difrobot_ws/install/difrobot_firmware/share/difrobot_firmware/package.dsv'
[3.842s] INFO:colcon.colcon_core.shell:Creating package script '/home/ros/difrobot_ws/install/difrobot_firmware/share/difrobot_firmware/package.sh'
[3.843s] INFO:colcon.colcon_core.shell:Creating package script '/home/ros/difrobot_ws/install/difrobot_firmware/share/difrobot_firmware/package.bash'
[3.844s] INFO:colcon.colcon_core.shell:Creating package script '/home/ros/difrobot_ws/install/difrobot_firmware/share/difrobot_firmware/package.zsh'
[3.845s] Level 1:colcon.colcon_core.environment:create_file_with_runtime_dependencies(/home/ros/difrobot_ws/install/difrobot_firmware/share/colcon-core/packages/difrobot_firmware)
[4.236s] DEBUG:colcon.colcon_core.event_handler.log_command:Invoking command in '/home/ros/difrobot_ws/src/difrobot_py_examples': PYTHONPATH=/home/ros/difrobot_ws/build/difrobot_py_examples/prefix_override:/usr/lib/python3/dist-packages/colcon_core/task/python/colcon_distutils_commands:/home/ros/difrobot_ws/install/difrobot_py_examples/lib/python3.10/site-packages:${PYTHONPATH} /usr/bin/python3 -W ignore:setup.py install is deprecated setup.py egg_info --egg-base ../../build/difrobot_py_examples build --build-base /home/ros/difrobot_ws/build/difrobot_py_examples/build install --record /home/ros/difrobot_ws/build/difrobot_py_examples/install.log --single-version-externally-managed install_data
[4.930s] Level 1:colcon.colcon_core.environment:checking '/home/ros/difrobot_ws/install/difrobot_py_examples' for CMake module files
[4.931s] DEBUG:colcon.colcon_core.event_handler.log_command:Invoked command in '/home/ros/difrobot_ws/src/difrobot_py_examples' returned '0': PYTHONPATH=/home/ros/difrobot_ws/build/difrobot_py_examples/prefix_override:/usr/lib/python3/dist-packages/colcon_core/task/python/colcon_distutils_commands:/home/ros/difrobot_ws/install/difrobot_py_examples/lib/python3.10/site-packages:${PYTHONPATH} /usr/bin/python3 -W ignore:setup.py install is deprecated setup.py egg_info --egg-base ../../build/difrobot_py_examples build --build-base /home/ros/difrobot_ws/build/difrobot_py_examples/build install --record /home/ros/difrobot_ws/build/difrobot_py_examples/install.log --single-version-externally-managed install_data
[4.932s] Level 1:colcon.colcon_core.environment:checking '/home/ros/difrobot_ws/install/difrobot_py_examples' for CMake config files
[4.933s] Level 1:colcon.colcon_core.environment:checking '/home/ros/difrobot_ws/install/difrobot_py_examples/lib'
[4.933s] Level 1:colcon.colcon_core.environment:checking '/home/ros/difrobot_ws/install/difrobot_py_examples/bin'
[4.933s] Level 1:colcon.colcon_core.environment:checking '/home/ros/difrobot_ws/install/difrobot_py_examples/lib/pkgconfig/difrobot_py_examples.pc'
[4.934s] Level 1:colcon.colcon_core.environment:checking '/home/ros/difrobot_ws/install/difrobot_py_examples/lib/python3.10/site-packages'
[4.934s] Level 1:colcon.colcon_core.shell:create_environment_hook('difrobot_py_examples', 'pythonpath')
[4.935s] INFO:colcon.colcon_core.shell:Creating environment hook '/home/ros/difrobot_ws/install/difrobot_py_examples/share/difrobot_py_examples/hook/pythonpath.ps1'
[4.935s] INFO:colcon.colcon_core.shell:Creating environment descriptor '/home/ros/difrobot_ws/install/difrobot_py_examples/share/difrobot_py_examples/hook/pythonpath.dsv'
[4.936s] INFO:colcon.colcon_core.shell:Creating environment hook '/home/ros/difrobot_ws/install/difrobot_py_examples/share/difrobot_py_examples/hook/pythonpath.sh'
[4.938s] Level 1:colcon.colcon_core.environment:checking '/home/ros/difrobot_ws/install/difrobot_py_examples/bin'
[4.938s] Level 1:colcon.colcon_core.environment:create_environment_scripts_only(difrobot_py_examples)
[4.938s] INFO:colcon.colcon_core.shell:Creating package script '/home/ros/difrobot_ws/install/difrobot_py_examples/share/difrobot_py_examples/package.ps1'
[4.939s] INFO:colcon.colcon_core.shell:Creating package descriptor '/home/ros/difrobot_ws/install/difrobot_py_examples/share/difrobot_py_examples/package.dsv'
[4.941s] INFO:colcon.colcon_core.shell:Creating package script '/home/ros/difrobot_ws/install/difrobot_py_examples/share/difrobot_py_examples/package.sh'
[4.942s] INFO:colcon.colcon_core.shell:Creating package script '/home/ros/difrobot_ws/install/difrobot_py_examples/share/difrobot_py_examples/package.bash'
[4.942s] INFO:colcon.colcon_core.shell:Creating package script '/home/ros/difrobot_ws/install/difrobot_py_examples/share/difrobot_py_examples/package.zsh'
[4.943s] Level 1:colcon.colcon_core.environment:create_file_with_runtime_dependencies(/home/ros/difrobot_ws/install/difrobot_py_examples/share/colcon-core/packages/difrobot_py_examples)
[4.945s] DEBUG:colcon.colcon_parallel_executor.executor.parallel:closing loop
[4.946s] DEBUG:colcon.colcon_parallel_executor.executor.parallel:loop closed
[4.946s] DEBUG:colcon.colcon_parallel_executor.executor.parallel:run_until_complete finished with '0'
[4.946s] DEBUG:colcon.colcon_core.event_reactor:joining thread
[4.957s] INFO:colcon.colcon_core.plugin_system:Skipping extension 'colcon_notification.desktop_notification.terminal_notifier': Not used on non-Darwin systems
[4.957s] INFO:colcon.colcon_core.plugin_system:Skipping extension 'colcon_notification.desktop_notification.win32': Not used on non-Windows systems
[4.957s] INFO:colcon.colcon_notification.desktop_notification:Sending desktop notification using 'notify2'
[4.982s] DEBUG:colcon.colcon_core.event_reactor:joined thread
[4.983s] INFO:colcon.colcon_core.shell:Creating prefix script '/home/ros/difrobot_ws/install/local_setup.ps1'
[4.984s] INFO:colcon.colcon_core.shell:Creating prefix util module '/home/ros/difrobot_ws/install/_local_setup_util_ps1.py'
[4.987s] INFO:colcon.colcon_core.shell:Creating prefix chain script '/home/ros/difrobot_ws/install/setup.ps1'
[4.990s] INFO:colcon.colcon_core.shell:Creating prefix script '/home/ros/difrobot_ws/install/local_setup.sh'
[4.991s] INFO:colcon.colcon_core.shell:Creating prefix util module '/home/ros/difrobot_ws/install/_local_setup_util_sh.py'
[4.992s] INFO:colcon.colcon_core.shell:Creating prefix chain script '/home/ros/difrobot_ws/install/setup.sh'
[4.996s] INFO:colcon.colcon_core.shell:Creating prefix script '/home/ros/difrobot_ws/install/local_setup.bash'
[4.998s] INFO:colcon.colcon_core.shell:Creating prefix chain script '/home/ros/difrobot_ws/install/setup.bash'
[5.002s] INFO:colcon.colcon_core.shell:Creating prefix script '/home/ros/difrobot_ws/install/local_setup.zsh'
[5.003s] INFO:colcon.colcon_core.shell:Creating prefix chain script '/home/ros/difrobot_ws/install/setup.zsh'
