-- The C compiler identification is GNU 11.4.0
-- The CXX compiler identification is GNU 11.4.0
-- Detecting C compiler ABI info
-- Detecting C compiler ABI info - done
-- Check for working C compiler: /usr/bin/cc - skipped
-- Detecting C compile features
-- Detecting C compile features - done
-- Detecting CXX compiler ABI info
-- Detecting CXX compiler ABI info - done
-- Check for working CXX compiler: /usr/bin/c++ - skipped
-- Detecting CXX compile features
-- Detecting CXX compile features - done
-- Found ament_cmake: 1.3.10 (/opt/ros/humble/share/ament_cmake/cmake)
-- Found Python3: /usr/bin/python3 (found version "3.10.12") found components: Interpreter 
-- Found rclpy: 3.3.14 (/opt/ros/humble/share/rclpy/cmake)
-- Found std_msgs: 4.2.4 (/opt/ros/humble/share/std_msgs/cmake)
-- Found rosidl_generator_c: 3.1.5 (/opt/ros/humble/share/rosidl_generator_c/cmake)
-- Found rosidl_adapter: 3.1.5 (/opt/ros/humble/share/rosidl_adapter/cmake)
-- Found rosidl_generator_cpp: 3.1.5 (/opt/ros/humble/share/rosidl_generator_cpp/cmake)
-- Using all available rosidl_typesupport_c: rosidl_typesupport_fastrtps_c;rosidl_typesupport_introspection_c
-- Using all available rosidl_typesupport_cpp: rosidl_typesupport_fastrtps_cpp;rosidl_typesupport_introspection_cpp
-- Configuring done
-- Generating done
-- Build files have been written to: /home/ros/difrobot_ws/build/difrobot_firmware
Built target ament_cmake_python_copy_difrobot_firmware
running egg_info
creating difrobot_firmware.egg-info
writing difrobot_firmware.egg-info/PKG-INFO
writing dependency_links to difrobot_firmware.egg-info/dependency_links.txt
writing top-level names to difrobot_firmware.egg-info/top_level.txt
writing manifest file 'difrobot_firmware.egg-info/SOURCES.txt'
reading manifest file 'difrobot_firmware.egg-info/SOURCES.txt'
writing manifest file 'difrobot_firmware.egg-info/SOURCES.txt'
Built target ament_cmake_python_build_difrobot_firmware_egg
-- Install configuration: ""
-- Installing: /home/ros/difrobot_ws/install/difrobot_firmware/share/difrobot_firmware/environment/pythonpath.sh
-- Installing: /home/ros/difrobot_ws/install/difrobot_firmware/share/difrobot_firmware/environment/pythonpath.dsv
-- Installing: /home/ros/difrobot_ws/install/difrobot_firmware/local/lib/python3.10/dist-packages/difrobot_firmware-0.0.0-py3.10.egg-info
-- Installing: /home/ros/difrobot_ws/install/difrobot_firmware/local/lib/python3.10/dist-packages/difrobot_firmware-0.0.0-py3.10.egg-info/dependency_links.txt
-- Installing: /home/ros/difrobot_ws/install/difrobot_firmware/local/lib/python3.10/dist-packages/difrobot_firmware-0.0.0-py3.10.egg-info/SOURCES.txt
-- Installing: /home/ros/difrobot_ws/install/difrobot_firmware/local/lib/python3.10/dist-packages/difrobot_firmware-0.0.0-py3.10.egg-info/PKG-INFO
-- Installing: /home/ros/difrobot_ws/install/difrobot_firmware/local/lib/python3.10/dist-packages/difrobot_firmware-0.0.0-py3.10.egg-info/top_level.txt
-- Installing: /home/ros/difrobot_ws/install/difrobot_firmware/local/lib/python3.10/dist-packages/difrobot_firmware
-- Installing: /home/ros/difrobot_ws/install/difrobot_firmware/local/lib/python3.10/dist-packages/difrobot_firmware/simple_serial_transmitter.py
-- Installing: /home/ros/difrobot_ws/install/difrobot_firmware/local/lib/python3.10/dist-packages/difrobot_firmware/__init__.py
-- Installing: /home/ros/difrobot_ws/install/difrobot_firmware/local/lib/python3.10/dist-packages/difrobot_firmware/simple_serial_receiver.py
Listing '/home/ros/difrobot_ws/install/difrobot_firmware/local/lib/python3.10/dist-packages/difrobot_firmware'...
Compiling '/home/ros/difrobot_ws/install/difrobot_firmware/local/lib/python3.10/dist-packages/difrobot_firmware/__init__.py'...
Compiling '/home/ros/difrobot_ws/install/difrobot_firmware/local/lib/python3.10/dist-packages/difrobot_firmware/simple_serial_receiver.py'...
Compiling '/home/ros/difrobot_ws/install/difrobot_firmware/local/lib/python3.10/dist-packages/difrobot_firmware/simple_serial_transmitter.py'...
-- Installing: /home/ros/difrobot_ws/install/difrobot_firmware/lib/difrobot_firmware/simple_serial_transmitter.py
-- Installing: /home/ros/difrobot_ws/install/difrobot_firmware/lib/difrobot_firmware/simple_serial_receiver.py
-- Installing: /home/ros/difrobot_ws/install/difrobot_firmware/share/ament_index/resource_index/package_run_dependencies/difrobot_firmware
-- Installing: /home/ros/difrobot_ws/install/difrobot_firmware/share/ament_index/resource_index/parent_prefix_path/difrobot_firmware
-- Installing: /home/ros/difrobot_ws/install/difrobot_firmware/share/difrobot_firmware/environment/ament_prefix_path.sh
-- Installing: /home/ros/difrobot_ws/install/difrobot_firmware/share/difrobot_firmware/environment/ament_prefix_path.dsv
-- Installing: /home/ros/difrobot_ws/install/difrobot_firmware/share/difrobot_firmware/environment/path.sh
-- Installing: /home/ros/difrobot_ws/install/difrobot_firmware/share/difrobot_firmware/environment/path.dsv
-- Installing: /home/ros/difrobot_ws/install/difrobot_firmware/share/difrobot_firmware/local_setup.bash
-- Installing: /home/ros/difrobot_ws/install/difrobot_firmware/share/difrobot_firmware/local_setup.sh
-- Installing: /home/ros/difrobot_ws/install/difrobot_firmware/share/difrobot_firmware/local_setup.zsh
-- Installing: /home/ros/difrobot_ws/install/difrobot_firmware/share/difrobot_firmware/local_setup.dsv
-- Installing: /home/ros/difrobot_ws/install/difrobot_firmware/share/difrobot_firmware/package.dsv
-- Installing: /home/ros/difrobot_ws/install/difrobot_firmware/share/ament_index/resource_index/packages/difrobot_firmware
-- Installing: /home/ros/difrobot_ws/install/difrobot_firmware/share/difrobot_firmware/cmake/ament_cmake_export_dependencies-extras.cmake
-- Installing: /home/ros/difrobot_ws/install/difrobot_firmware/share/difrobot_firmware/cmake/difrobot_firmwareConfig.cmake
-- Installing: /home/ros/difrobot_ws/install/difrobot_firmware/share/difrobot_firmware/cmake/difrobot_firmwareConfig-version.cmake
-- Installing: /home/ros/difrobot_ws/install/difrobot_firmware/share/difrobot_firmware/package.xml
