[0.017s] Invoking command in '/home/ros/difrobot_ws/build/difrobot_firmware': CMAKE_PREFIX_PATH=/opt/ros/humble /usr/bin/cmake /home/ros/difrobot_ws/src/difrobot_firmware -DCMAKE_INSTALL_PREFIX=/home/ros/difrobot_ws/install/difrobot_firmware
[0.173s] -- The C compiler identification is GNU 11.4.0
[0.309s] -- The CXX compiler identification is GNU 11.4.0
[0.324s] -- Detecting C compiler ABI info
[0.495s] -- Detecting C compiler ABI info - done
[0.511s] -- Check for working C compiler: /usr/bin/cc - skipped
[0.512s] -- Detecting C compile features
[0.514s] -- Detecting C compile features - done
[0.518s] -- Detecting CXX compiler ABI info
[0.723s] -- Detecting CXX compiler ABI info - done
[0.741s] -- Check for working CXX compiler: /usr/bin/c++ - skipped
[0.742s] -- Detecting CXX compile features
[0.744s] -- Detecting CXX compile features - done
[0.749s] -- Found ament_cmake: 1.3.10 (/opt/ros/humble/share/ament_cmake/cmake)
[1.059s] -- Found Python3: /usr/bin/python3 (found version "3.10.12") found components: Interpreter 
[1.232s] -- Found rclpy: 3.3.14 (/opt/ros/humble/share/rclpy/cmake)
[1.235s] -- Found std_msgs: 4.2.4 (/opt/ros/humble/share/std_msgs/cmake)
[1.319s] -- Found rosidl_generator_c: 3.1.5 (/opt/ros/humble/share/rosidl_generator_c/cmake)
[1.328s] -- Found rosidl_adapter: 3.1.5 (/opt/ros/humble/share/rosidl_adapter/cmake)
[1.349s] -- Found rosidl_generator_cpp: 3.1.5 (/opt/ros/humble/share/rosidl_generator_cpp/cmake)
[1.376s] -- Using all available rosidl_typesupport_c: rosidl_typesupport_fastrtps_c;rosidl_typesupport_introspection_c
[1.410s] -- Using all available rosidl_typesupport_cpp: rosidl_typesupport_fastrtps_cpp;rosidl_typesupport_introspection_cpp
[1.787s] -- Configuring done
[1.797s] -- Generating done
[1.803s] -- Build files have been written to: /home/ros/difrobot_ws/build/difrobot_firmware
[1.813s] Invoked command in '/home/ros/difrobot_ws/build/difrobot_firmware' returned '0': CMAKE_PREFIX_PATH=/opt/ros/humble /usr/bin/cmake /home/ros/difrobot_ws/src/difrobot_firmware -DCMAKE_INSTALL_PREFIX=/home/ros/difrobot_ws/install/difrobot_firmware
[1.817s] Invoking command in '/home/ros/difrobot_ws/build/difrobot_firmware': CMAKE_PREFIX_PATH=/opt/ros/humble /usr/bin/cmake --build /home/ros/difrobot_ws/build/difrobot_firmware -- -j2 -l2
[1.971s] Built target ament_cmake_python_copy_difrobot_firmware
[2.454s] running egg_info
[2.456s] creating difrobot_firmware.egg-info
[2.456s] writing difrobot_firmware.egg-info/PKG-INFO
[2.457s] writing dependency_links to difrobot_firmware.egg-info/dependency_links.txt
[2.458s] writing top-level names to difrobot_firmware.egg-info/top_level.txt
[2.458s] writing manifest file 'difrobot_firmware.egg-info/SOURCES.txt'
[2.462s] reading manifest file 'difrobot_firmware.egg-info/SOURCES.txt'
[2.464s] writing manifest file 'difrobot_firmware.egg-info/SOURCES.txt'
[2.518s] Built target ament_cmake_python_build_difrobot_firmware_egg
[2.541s] Invoked command in '/home/ros/difrobot_ws/build/difrobot_firmware' returned '0': CMAKE_PREFIX_PATH=/opt/ros/humble /usr/bin/cmake --build /home/ros/difrobot_ws/build/difrobot_firmware -- -j2 -l2
[2.632s] Invoking command in '/home/ros/difrobot_ws/build/difrobot_firmware': CMAKE_PREFIX_PATH=/opt/ros/humble /usr/bin/cmake --install /home/ros/difrobot_ws/build/difrobot_firmware
[2.650s] -- Install configuration: ""
[2.650s] -- Installing: /home/ros/difrobot_ws/install/difrobot_firmware/share/difrobot_firmware/environment/pythonpath.sh
[2.651s] -- Installing: /home/ros/difrobot_ws/install/difrobot_firmware/share/difrobot_firmware/environment/pythonpath.dsv
[2.651s] -- Installing: /home/ros/difrobot_ws/install/difrobot_firmware/local/lib/python3.10/dist-packages/difrobot_firmware-0.0.0-py3.10.egg-info
[2.651s] -- Installing: /home/ros/difrobot_ws/install/difrobot_firmware/local/lib/python3.10/dist-packages/difrobot_firmware-0.0.0-py3.10.egg-info/dependency_links.txt
[2.652s] -- Installing: /home/ros/difrobot_ws/install/difrobot_firmware/local/lib/python3.10/dist-packages/difrobot_firmware-0.0.0-py3.10.egg-info/SOURCES.txt
[2.652s] -- Installing: /home/ros/difrobot_ws/install/difrobot_firmware/local/lib/python3.10/dist-packages/difrobot_firmware-0.0.0-py3.10.egg-info/PKG-INFO
[2.652s] -- Installing: /home/ros/difrobot_ws/install/difrobot_firmware/local/lib/python3.10/dist-packages/difrobot_firmware-0.0.0-py3.10.egg-info/top_level.txt
[2.652s] -- Installing: /home/ros/difrobot_ws/install/difrobot_firmware/local/lib/python3.10/dist-packages/difrobot_firmware
[2.652s] -- Installing: /home/ros/difrobot_ws/install/difrobot_firmware/local/lib/python3.10/dist-packages/difrobot_firmware/simple_serial_transmitter.py
[2.652s] -- Installing: /home/ros/difrobot_ws/install/difrobot_firmware/local/lib/python3.10/dist-packages/difrobot_firmware/__init__.py
[2.652s] -- Installing: /home/ros/difrobot_ws/install/difrobot_firmware/local/lib/python3.10/dist-packages/difrobot_firmware/simple_serial_receiver.py
[2.714s] Listing '/home/ros/difrobot_ws/install/difrobot_firmware/local/lib/python3.10/dist-packages/difrobot_firmware'...
[2.714s] Compiling '/home/ros/difrobot_ws/install/difrobot_firmware/local/lib/python3.10/dist-packages/difrobot_firmware/__init__.py'...
[2.714s] Compiling '/home/ros/difrobot_ws/install/difrobot_firmware/local/lib/python3.10/dist-packages/difrobot_firmware/simple_serial_receiver.py'...
[2.715s] Compiling '/home/ros/difrobot_ws/install/difrobot_firmware/local/lib/python3.10/dist-packages/difrobot_firmware/simple_serial_transmitter.py'...
[2.722s] -- Installing: /home/ros/difrobot_ws/install/difrobot_firmware/lib/difrobot_firmware/simple_serial_transmitter.py
[2.723s] -- Installing: /home/ros/difrobot_ws/install/difrobot_firmware/lib/difrobot_firmware/simple_serial_receiver.py
[2.724s] -- Installing: /home/ros/difrobot_ws/install/difrobot_firmware/share/ament_index/resource_index/package_run_dependencies/difrobot_firmware
[2.725s] -- Installing: /home/ros/difrobot_ws/install/difrobot_firmware/share/ament_index/resource_index/parent_prefix_path/difrobot_firmware
[2.725s] -- Installing: /home/ros/difrobot_ws/install/difrobot_firmware/share/difrobot_firmware/environment/ament_prefix_path.sh
[2.726s] -- Installing: /home/ros/difrobot_ws/install/difrobot_firmware/share/difrobot_firmware/environment/ament_prefix_path.dsv
[2.726s] -- Installing: /home/ros/difrobot_ws/install/difrobot_firmware/share/difrobot_firmware/environment/path.sh
[2.729s] -- Installing: /home/ros/difrobot_ws/install/difrobot_firmware/share/difrobot_firmware/environment/path.dsv
[2.729s] -- Installing: /home/ros/difrobot_ws/install/difrobot_firmware/share/difrobot_firmware/local_setup.bash
[2.729s] -- Installing: /home/ros/difrobot_ws/install/difrobot_firmware/share/difrobot_firmware/local_setup.sh
[2.729s] -- Installing: /home/ros/difrobot_ws/install/difrobot_firmware/share/difrobot_firmware/local_setup.zsh
[2.729s] -- Installing: /home/ros/difrobot_ws/install/difrobot_firmware/share/difrobot_firmware/local_setup.dsv
[2.730s] -- Installing: /home/ros/difrobot_ws/install/difrobot_firmware/share/difrobot_firmware/package.dsv
[2.730s] -- Installing: /home/ros/difrobot_ws/install/difrobot_firmware/share/ament_index/resource_index/packages/difrobot_firmware
[2.730s] -- Installing: /home/ros/difrobot_ws/install/difrobot_firmware/share/difrobot_firmware/cmake/ament_cmake_export_dependencies-extras.cmake
[2.730s] -- Installing: /home/ros/difrobot_ws/install/difrobot_firmware/share/difrobot_firmware/cmake/difrobot_firmwareConfig.cmake
[2.730s] -- Installing: /home/ros/difrobot_ws/install/difrobot_firmware/share/difrobot_firmware/cmake/difrobot_firmwareConfig-version.cmake
[2.730s] -- Installing: /home/ros/difrobot_ws/install/difrobot_firmware/share/difrobot_firmware/package.xml
[2.736s] Invoked command in '/home/ros/difrobot_ws/build/difrobot_firmware' returned '0': CMAKE_PREFIX_PATH=/opt/ros/humble /usr/bin/cmake --install /home/ros/difrobot_ws/build/difrobot_firmware
