[0.048s] Invoking command in '/home/ros/difrobot_ws/build/difrobot_msgs': CMAKE_PREFIX_PATH=${CMAKE_PREFIX_PATH}:/home/ros/difrobot_ws/install/difrobot_py_examples:/opt/ros/humble /usr/bin/cmake --build /home/ros/difrobot_ws/build/difrobot_msgs -- -j2 -l2
[0.389s] [  9%] Built target difrobot_msgs__rosidl_generator_c
[0.398s] [ 12%] Built target difrobot_msgs__cpp
[0.528s] [ 22%] Built target difrobot_msgs__rosidl_typesupport_cpp
[0.545s] [ 22%] Built target ament_cmake_python_copy_difrobot_msgs
[0.639s] [ 32%] Built target difrobot_msgs__rosidl_typesupport_fastrtps_c
[0.664s] [ 41%] Built target difrobot_msgs__rosidl_typesupport_fastrtps_cpp
[0.773s] [ 51%] Built target difrobot_msgs__rosidl_typesupport_introspection_c
[0.799s] [ 61%] Built target difrobot_msgs__rosidl_typesupport_c
[0.938s] [ 70%] Built target difrobot_msgs__rosidl_typesupport_introspection_cpp
[1.089s] [ 70%] Built target difrobot_msgs
[1.281s] [ 74%] Built target difrobot_msgs__py
[1.497s] [ 80%] Built target difrobot_msgs__rosidl_generator_py
[1.726s] [ 87%] Built target difrobot_msgs__rosidl_typesupport_fastrtps_c__pyext
[1.933s] [ 93%] Built target difrobot_msgs__rosidl_typesupport_introspection_c__pyext
[2.076s] [100%] Built target difrobot_msgs__rosidl_typesupport_c__pyext
[2.260s] running egg_info
[2.266s] writing difrobot_msgs.egg-info/PKG-INFO
[2.271s] writing dependency_links to difrobot_msgs.egg-info/dependency_links.txt
[2.273s] writing top-level names to difrobot_msgs.egg-info/top_level.txt
[2.290s] reading manifest file 'difrobot_msgs.egg-info/SOURCES.txt'
[2.295s] writing manifest file 'difrobot_msgs.egg-info/SOURCES.txt'
[2.392s] [100%] Built target ament_cmake_python_build_difrobot_msgs_egg
[2.481s] Invoked command in '/home/ros/difrobot_ws/build/difrobot_msgs' returned '0': CMAKE_PREFIX_PATH=${CMAKE_PREFIX_PATH}:/home/ros/difrobot_ws/install/difrobot_py_examples:/opt/ros/humble /usr/bin/cmake --build /home/ros/difrobot_ws/build/difrobot_msgs -- -j2 -l2
[3.097s] Invoking command in '/home/ros/difrobot_ws/build/difrobot_msgs': CMAKE_PREFIX_PATH=${CMAKE_PREFIX_PATH}:/home/ros/difrobot_ws/install/difrobot_py_examples:/opt/ros/humble /usr/bin/cmake --install /home/ros/difrobot_ws/build/difrobot_msgs
[3.115s] -- Install configuration: ""
[3.119s] -- Up-to-date: /home/ros/difrobot_ws/install/difrobot_msgs/share/ament_index/resource_index/rosidl_interfaces/difrobot_msgs
[3.119s] -- Up-to-date: /home/ros/difrobot_ws/install/difrobot_msgs/include/difrobot_msgs/difrobot_msgs
[3.119s] -- Up-to-date: /home/ros/difrobot_ws/install/difrobot_msgs/include/difrobot_msgs/difrobot_msgs/msg
[3.119s] -- Up-to-date: /home/ros/difrobot_ws/install/difrobot_msgs/include/difrobot_msgs/difrobot_msgs/msg/rosidl_generator_c__visibility_control.h
[3.119s] -- Up-to-date: /home/ros/difrobot_ws/install/difrobot_msgs/include/difrobot_msgs/difrobot_msgs/srv
[3.119s] -- Up-to-date: /home/ros/difrobot_ws/install/difrobot_msgs/include/difrobot_msgs/difrobot_msgs/srv/detail
[3.119s] -- Up-to-date: /home/ros/difrobot_ws/install/difrobot_msgs/include/difrobot_msgs/difrobot_msgs/srv/detail/add_two_ints__functions.c
[3.120s] -- Up-to-date: /home/ros/difrobot_ws/install/difrobot_msgs/include/difrobot_msgs/difrobot_msgs/srv/detail/add_two_ints__type_support.h
[3.120s] -- Up-to-date: /home/ros/difrobot_ws/install/difrobot_msgs/include/difrobot_msgs/difrobot_msgs/srv/detail/add_two_ints__functions.h
[3.120s] -- Up-to-date: /home/ros/difrobot_ws/install/difrobot_msgs/include/difrobot_msgs/difrobot_msgs/srv/detail/add_two_ints__struct.h
[3.120s] -- Up-to-date: /home/ros/difrobot_ws/install/difrobot_msgs/include/difrobot_msgs/difrobot_msgs/srv/add_two_ints.h
[3.120s] -- Up-to-date: /home/ros/difrobot_ws/install/difrobot_msgs/share/difrobot_msgs/environment/library_path.sh
[3.120s] -- Up-to-date: /home/ros/difrobot_ws/install/difrobot_msgs/share/difrobot_msgs/environment/library_path.dsv
[3.122s] -- Up-to-date: /home/ros/difrobot_ws/install/difrobot_msgs/lib/libdifrobot_msgs__rosidl_generator_c.so
[3.122s] -- Up-to-date: /home/ros/difrobot_ws/install/difrobot_msgs/include/difrobot_msgs/difrobot_msgs
[3.125s] -- Up-to-date: /home/ros/difrobot_ws/install/difrobot_msgs/include/difrobot_msgs/difrobot_msgs/msg
[3.125s] -- Up-to-date: /home/ros/difrobot_ws/install/difrobot_msgs/include/difrobot_msgs/difrobot_msgs/msg/rosidl_typesupport_fastrtps_c__visibility_control.h
[3.125s] -- Up-to-date: /home/ros/difrobot_ws/install/difrobot_msgs/include/difrobot_msgs/difrobot_msgs/srv
[3.126s] -- Up-to-date: /home/ros/difrobot_ws/install/difrobot_msgs/include/difrobot_msgs/difrobot_msgs/srv/detail
[3.126s] -- Up-to-date: /home/ros/difrobot_ws/install/difrobot_msgs/include/difrobot_msgs/difrobot_msgs/srv/detail/add_two_ints__rosidl_typesupport_fastrtps_c.h
[3.130s] -- Up-to-date: /home/ros/difrobot_ws/install/difrobot_msgs/lib/libdifrobot_msgs__rosidl_typesupport_fastrtps_c.so
[3.132s] -- Up-to-date: /home/ros/difrobot_ws/install/difrobot_msgs/include/difrobot_msgs/difrobot_msgs
[3.132s] -- Up-to-date: /home/ros/difrobot_ws/install/difrobot_msgs/include/difrobot_msgs/difrobot_msgs/srv
[3.132s] -- Up-to-date: /home/ros/difrobot_ws/install/difrobot_msgs/include/difrobot_msgs/difrobot_msgs/srv/detail
[3.134s] -- Up-to-date: /home/ros/difrobot_ws/install/difrobot_msgs/include/difrobot_msgs/difrobot_msgs/srv/detail/add_two_ints__traits.hpp
[3.134s] -- Up-to-date: /home/ros/difrobot_ws/install/difrobot_msgs/include/difrobot_msgs/difrobot_msgs/srv/detail/add_two_ints__builder.hpp
[3.137s] -- Up-to-date: /home/ros/difrobot_ws/install/difrobot_msgs/include/difrobot_msgs/difrobot_msgs/srv/detail/add_two_ints__struct.hpp
[3.137s] -- Up-to-date: /home/ros/difrobot_ws/install/difrobot_msgs/include/difrobot_msgs/difrobot_msgs/srv/add_two_ints.hpp
[3.137s] -- Up-to-date: /home/ros/difrobot_ws/install/difrobot_msgs/include/difrobot_msgs/difrobot_msgs
[3.137s] -- Up-to-date: /home/ros/difrobot_ws/install/difrobot_msgs/include/difrobot_msgs/difrobot_msgs/msg
[3.138s] -- Up-to-date: /home/ros/difrobot_ws/install/difrobot_msgs/include/difrobot_msgs/difrobot_msgs/msg/rosidl_typesupport_fastrtps_cpp__visibility_control.h
[3.138s] -- Up-to-date: /home/ros/difrobot_ws/install/difrobot_msgs/include/difrobot_msgs/difrobot_msgs/srv
[3.138s] -- Up-to-date: /home/ros/difrobot_ws/install/difrobot_msgs/include/difrobot_msgs/difrobot_msgs/srv/detail
[3.138s] -- Up-to-date: /home/ros/difrobot_ws/install/difrobot_msgs/include/difrobot_msgs/difrobot_msgs/srv/detail/add_two_ints__rosidl_typesupport_fastrtps_cpp.hpp
[3.138s] -- Up-to-date: /home/ros/difrobot_ws/install/difrobot_msgs/include/difrobot_msgs/difrobot_msgs/srv/detail/dds_fastrtps
[3.146s] -- Up-to-date: /home/ros/difrobot_ws/install/difrobot_msgs/lib/libdifrobot_msgs__rosidl_typesupport_fastrtps_cpp.so
[3.146s] -- Up-to-date: /home/ros/difrobot_ws/install/difrobot_msgs/include/difrobot_msgs/difrobot_msgs
[3.146s] -- Up-to-date: /home/ros/difrobot_ws/install/difrobot_msgs/include/difrobot_msgs/difrobot_msgs/msg
[3.146s] -- Up-to-date: /home/ros/difrobot_ws/install/difrobot_msgs/include/difrobot_msgs/difrobot_msgs/msg/rosidl_typesupport_introspection_c__visibility_control.h
[3.146s] -- Up-to-date: /home/ros/difrobot_ws/install/difrobot_msgs/include/difrobot_msgs/difrobot_msgs/srv
[3.146s] -- Up-to-date: /home/ros/difrobot_ws/install/difrobot_msgs/include/difrobot_msgs/difrobot_msgs/srv/detail
[3.146s] -- Up-to-date: /home/ros/difrobot_ws/install/difrobot_msgs/include/difrobot_msgs/difrobot_msgs/srv/detail/add_two_ints__rosidl_typesupport_introspection_c.h
[3.146s] -- Up-to-date: /home/ros/difrobot_ws/install/difrobot_msgs/include/difrobot_msgs/difrobot_msgs/srv/detail/add_two_ints__type_support.c
[3.153s] -- Up-to-date: /home/ros/difrobot_ws/install/difrobot_msgs/lib/libdifrobot_msgs__rosidl_typesupport_introspection_c.so
[3.156s] -- Up-to-date: /home/ros/difrobot_ws/install/difrobot_msgs/lib/libdifrobot_msgs__rosidl_typesupport_c.so
[3.157s] -- Up-to-date: /home/ros/difrobot_ws/install/difrobot_msgs/include/difrobot_msgs/difrobot_msgs
[3.159s] -- Up-to-date: /home/ros/difrobot_ws/install/difrobot_msgs/include/difrobot_msgs/difrobot_msgs/srv
[3.159s] -- Up-to-date: /home/ros/difrobot_ws/install/difrobot_msgs/include/difrobot_msgs/difrobot_msgs/srv/detail
[3.163s] -- Up-to-date: /home/ros/difrobot_ws/install/difrobot_msgs/include/difrobot_msgs/difrobot_msgs/srv/detail/add_two_ints__type_support.cpp
[3.163s] -- Up-to-date: /home/ros/difrobot_ws/install/difrobot_msgs/include/difrobot_msgs/difrobot_msgs/srv/detail/add_two_ints__rosidl_typesupport_introspection_cpp.hpp
[3.169s] -- Up-to-date: /home/ros/difrobot_ws/install/difrobot_msgs/lib/libdifrobot_msgs__rosidl_typesupport_introspection_cpp.so
[3.172s] -- Up-to-date: /home/ros/difrobot_ws/install/difrobot_msgs/lib/libdifrobot_msgs__rosidl_typesupport_cpp.so
[3.172s] -- Up-to-date: /home/ros/difrobot_ws/install/difrobot_msgs/share/difrobot_msgs/environment/pythonpath.sh
[3.172s] -- Up-to-date: /home/ros/difrobot_ws/install/difrobot_msgs/share/difrobot_msgs/environment/pythonpath.dsv
[3.175s] -- Up-to-date: /home/ros/difrobot_ws/install/difrobot_msgs/local/lib/python3.10/dist-packages/difrobot_msgs-0.0.0-py3.10.egg-info
[3.176s] -- Installing: /home/ros/difrobot_ws/install/difrobot_msgs/local/lib/python3.10/dist-packages/difrobot_msgs-0.0.0-py3.10.egg-info/dependency_links.txt
[3.176s] -- Installing: /home/ros/difrobot_ws/install/difrobot_msgs/local/lib/python3.10/dist-packages/difrobot_msgs-0.0.0-py3.10.egg-info/SOURCES.txt
[3.179s] -- Installing: /home/ros/difrobot_ws/install/difrobot_msgs/local/lib/python3.10/dist-packages/difrobot_msgs-0.0.0-py3.10.egg-info/PKG-INFO
[3.179s] -- Installing: /home/ros/difrobot_ws/install/difrobot_msgs/local/lib/python3.10/dist-packages/difrobot_msgs-0.0.0-py3.10.egg-info/top_level.txt
[3.180s] -- Up-to-date: /home/ros/difrobot_ws/install/difrobot_msgs/local/lib/python3.10/dist-packages/difrobot_msgs
[3.181s] -- Up-to-date: /home/ros/difrobot_ws/install/difrobot_msgs/local/lib/python3.10/dist-packages/difrobot_msgs/libdifrobot_msgs__rosidl_generator_py.so
[3.183s] -- Up-to-date: /home/ros/difrobot_ws/install/difrobot_msgs/local/lib/python3.10/dist-packages/difrobot_msgs/_difrobot_msgs_s.ep.rosidl_typesupport_c.c
[3.183s] -- Up-to-date: /home/ros/difrobot_ws/install/difrobot_msgs/local/lib/python3.10/dist-packages/difrobot_msgs/_difrobot_msgs_s.ep.rosidl_typesupport_introspection_c.c
[3.183s] -- Up-to-date: /home/ros/difrobot_ws/install/difrobot_msgs/local/lib/python3.10/dist-packages/difrobot_msgs/difrobot_msgs_s__rosidl_typesupport_c.cpython-310-x86_64-linux-gnu.so
[3.184s] -- Up-to-date: /home/ros/difrobot_ws/install/difrobot_msgs/local/lib/python3.10/dist-packages/difrobot_msgs/__init__.py
[3.184s] -- Up-to-date: /home/ros/difrobot_ws/install/difrobot_msgs/local/lib/python3.10/dist-packages/difrobot_msgs/_difrobot_msgs_s.ep.rosidl_typesupport_fastrtps_c.c
[3.184s] -- Up-to-date: /home/ros/difrobot_ws/install/difrobot_msgs/local/lib/python3.10/dist-packages/difrobot_msgs/srv
[3.185s] -- Up-to-date: /home/ros/difrobot_ws/install/difrobot_msgs/local/lib/python3.10/dist-packages/difrobot_msgs/srv/_add_two_ints.py
[3.188s] -- Up-to-date: /home/ros/difrobot_ws/install/difrobot_msgs/local/lib/python3.10/dist-packages/difrobot_msgs/srv/_add_two_ints_s.c
[3.188s] -- Up-to-date: /home/ros/difrobot_ws/install/difrobot_msgs/local/lib/python3.10/dist-packages/difrobot_msgs/srv/__init__.py
[3.188s] -- Up-to-date: /home/ros/difrobot_ws/install/difrobot_msgs/local/lib/python3.10/dist-packages/difrobot_msgs/difrobot_msgs_s__rosidl_typesupport_fastrtps_c.cpython-310-x86_64-linux-gnu.so
[3.192s] -- Up-to-date: /home/ros/difrobot_ws/install/difrobot_msgs/local/lib/python3.10/dist-packages/difrobot_msgs/difrobot_msgs_s__rosidl_typesupport_introspection_c.cpython-310-x86_64-linux-gnu.so
[3.363s] Listing '/home/ros/difrobot_ws/install/difrobot_msgs/local/lib/python3.10/dist-packages/difrobot_msgs'...
[3.363s] Listing '/home/ros/difrobot_ws/install/difrobot_msgs/local/lib/python3.10/dist-packages/difrobot_msgs/srv'...
[3.382s] -- Up-to-date: /home/ros/difrobot_ws/install/difrobot_msgs/local/lib/python3.10/dist-packages/difrobot_msgs/difrobot_msgs_s__rosidl_typesupport_fastrtps_c.cpython-310-x86_64-linux-gnu.so
[3.387s] -- Up-to-date: /home/ros/difrobot_ws/install/difrobot_msgs/local/lib/python3.10/dist-packages/difrobot_msgs/difrobot_msgs_s__rosidl_typesupport_introspection_c.cpython-310-x86_64-linux-gnu.so
[3.394s] -- Up-to-date: /home/ros/difrobot_ws/install/difrobot_msgs/local/lib/python3.10/dist-packages/difrobot_msgs/difrobot_msgs_s__rosidl_typesupport_c.cpython-310-x86_64-linux-gnu.so
[3.399s] -- Up-to-date: /home/ros/difrobot_ws/install/difrobot_msgs/lib/libdifrobot_msgs__rosidl_generator_py.so
[3.399s] -- Up-to-date: /home/ros/difrobot_ws/install/difrobot_msgs/share/difrobot_msgs/srv/AddTwoInts.idl
[3.399s] -- Up-to-date: /home/ros/difrobot_ws/install/difrobot_msgs/share/difrobot_msgs/srv/AddTwoInts.srv
[3.400s] -- Up-to-date: /home/ros/difrobot_ws/install/difrobot_msgs/share/difrobot_msgs/srv/AddTwoInts_Request.msg
[3.400s] -- Up-to-date: /home/ros/difrobot_ws/install/difrobot_msgs/share/difrobot_msgs/srv/AddTwoInts_Response.msg
[3.401s] -- Up-to-date: /home/ros/difrobot_ws/install/difrobot_msgs/share/ament_index/resource_index/package_run_dependencies/difrobot_msgs
[3.401s] -- Up-to-date: /home/ros/difrobot_ws/install/difrobot_msgs/share/ament_index/resource_index/parent_prefix_path/difrobot_msgs
[3.402s] -- Up-to-date: /home/ros/difrobot_ws/install/difrobot_msgs/share/difrobot_msgs/environment/ament_prefix_path.sh
[3.402s] -- Up-to-date: /home/ros/difrobot_ws/install/difrobot_msgs/share/difrobot_msgs/environment/ament_prefix_path.dsv
[3.402s] -- Up-to-date: /home/ros/difrobot_ws/install/difrobot_msgs/share/difrobot_msgs/environment/path.sh
[3.404s] -- Up-to-date: /home/ros/difrobot_ws/install/difrobot_msgs/share/difrobot_msgs/environment/path.dsv
[3.407s] -- Up-to-date: /home/ros/difrobot_ws/install/difrobot_msgs/share/difrobot_msgs/local_setup.bash
[3.407s] -- Up-to-date: /home/ros/difrobot_ws/install/difrobot_msgs/share/difrobot_msgs/local_setup.sh
[3.408s] -- Up-to-date: /home/ros/difrobot_ws/install/difrobot_msgs/share/difrobot_msgs/local_setup.zsh
[3.408s] -- Up-to-date: /home/ros/difrobot_ws/install/difrobot_msgs/share/difrobot_msgs/local_setup.dsv
[3.408s] -- Installing: /home/ros/difrobot_ws/install/difrobot_msgs/share/difrobot_msgs/package.dsv
[3.410s] -- Up-to-date: /home/ros/difrobot_ws/install/difrobot_msgs/share/ament_index/resource_index/packages/difrobot_msgs
[3.414s] -- Up-to-date: /home/ros/difrobot_ws/install/difrobot_msgs/share/difrobot_msgs/cmake/export_difrobot_msgs__rosidl_generator_cExport.cmake
[3.414s] -- Up-to-date: /home/ros/difrobot_ws/install/difrobot_msgs/share/difrobot_msgs/cmake/export_difrobot_msgs__rosidl_generator_cExport-noconfig.cmake
[3.416s] -- Up-to-date: /home/ros/difrobot_ws/install/difrobot_msgs/share/difrobot_msgs/cmake/export_difrobot_msgs__rosidl_typesupport_fastrtps_cExport.cmake
[3.418s] -- Up-to-date: /home/ros/difrobot_ws/install/difrobot_msgs/share/difrobot_msgs/cmake/export_difrobot_msgs__rosidl_typesupport_fastrtps_cExport-noconfig.cmake
[3.423s] -- Up-to-date: /home/ros/difrobot_ws/install/difrobot_msgs/share/difrobot_msgs/cmake/export_difrobot_msgs__rosidl_generator_cppExport.cmake
[3.424s] -- Up-to-date: /home/ros/difrobot_ws/install/difrobot_msgs/share/difrobot_msgs/cmake/export_difrobot_msgs__rosidl_typesupport_fastrtps_cppExport.cmake
[3.425s] -- Up-to-date: /home/ros/difrobot_ws/install/difrobot_msgs/share/difrobot_msgs/cmake/export_difrobot_msgs__rosidl_typesupport_fastrtps_cppExport-noconfig.cmake
[3.427s] -- Up-to-date: /home/ros/difrobot_ws/install/difrobot_msgs/share/difrobot_msgs/cmake/difrobot_msgs__rosidl_typesupport_introspection_cExport.cmake
[3.432s] -- Up-to-date: /home/ros/difrobot_ws/install/difrobot_msgs/share/difrobot_msgs/cmake/difrobot_msgs__rosidl_typesupport_introspection_cExport-noconfig.cmake
[3.434s] -- Up-to-date: /home/ros/difrobot_ws/install/difrobot_msgs/share/difrobot_msgs/cmake/difrobot_msgs__rosidl_typesupport_cExport.cmake
[3.435s] -- Up-to-date: /home/ros/difrobot_ws/install/difrobot_msgs/share/difrobot_msgs/cmake/difrobot_msgs__rosidl_typesupport_cExport-noconfig.cmake
[3.439s] -- Up-to-date: /home/ros/difrobot_ws/install/difrobot_msgs/share/difrobot_msgs/cmake/difrobot_msgs__rosidl_typesupport_introspection_cppExport.cmake
[3.442s] -- Up-to-date: /home/ros/difrobot_ws/install/difrobot_msgs/share/difrobot_msgs/cmake/difrobot_msgs__rosidl_typesupport_introspection_cppExport-noconfig.cmake
[3.445s] -- Up-to-date: /home/ros/difrobot_ws/install/difrobot_msgs/share/difrobot_msgs/cmake/difrobot_msgs__rosidl_typesupport_cppExport.cmake
[3.446s] -- Up-to-date: /home/ros/difrobot_ws/install/difrobot_msgs/share/difrobot_msgs/cmake/difrobot_msgs__rosidl_typesupport_cppExport-noconfig.cmake
[3.448s] -- Up-to-date: /home/ros/difrobot_ws/install/difrobot_msgs/share/difrobot_msgs/cmake/export_difrobot_msgs__rosidl_generator_pyExport.cmake
[3.449s] -- Up-to-date: /home/ros/difrobot_ws/install/difrobot_msgs/share/difrobot_msgs/cmake/export_difrobot_msgs__rosidl_generator_pyExport-noconfig.cmake
[3.449s] -- Up-to-date: /home/ros/difrobot_ws/install/difrobot_msgs/share/difrobot_msgs/cmake/rosidl_cmake-extras.cmake
[3.450s] -- Up-to-date: /home/ros/difrobot_ws/install/difrobot_msgs/share/difrobot_msgs/cmake/ament_cmake_export_include_directories-extras.cmake
[3.450s] -- Up-to-date: /home/ros/difrobot_ws/install/difrobot_msgs/share/difrobot_msgs/cmake/ament_cmake_export_libraries-extras.cmake
[3.450s] -- Up-to-date: /home/ros/difrobot_ws/install/difrobot_msgs/share/difrobot_msgs/cmake/ament_cmake_export_targets-extras.cmake
[3.458s] -- Up-to-date: /home/ros/difrobot_ws/install/difrobot_msgs/share/difrobot_msgs/cmake/rosidl_cmake_export_typesupport_targets-extras.cmake
[3.458s] -- Up-to-date: /home/ros/difrobot_ws/install/difrobot_msgs/share/difrobot_msgs/cmake/ament_cmake_export_dependencies-extras.cmake
[3.458s] -- Up-to-date: /home/ros/difrobot_ws/install/difrobot_msgs/share/difrobot_msgs/cmake/rosidl_cmake_export_typesupport_libraries-extras.cmake
[3.458s] -- Up-to-date: /home/ros/difrobot_ws/install/difrobot_msgs/share/difrobot_msgs/cmake/difrobot_msgsConfig.cmake
[3.458s] -- Up-to-date: /home/ros/difrobot_ws/install/difrobot_msgs/share/difrobot_msgs/cmake/difrobot_msgsConfig-version.cmake
[3.458s] -- Up-to-date: /home/ros/difrobot_ws/install/difrobot_msgs/share/difrobot_msgs/package.xml
[3.472s] Invoked command in '/home/ros/difrobot_ws/build/difrobot_msgs' returned '0': CMAKE_PREFIX_PATH=${CMAKE_PREFIX_PATH}:/home/ros/difrobot_ws/install/difrobot_py_examples:/opt/ros/humble /usr/bin/cmake --install /home/ros/difrobot_ws/build/difrobot_msgs
