[0.041s] Invoking command in '/home/ros/difrobot_ws/build/difrobot_controller': CMAKE_PREFIX_PATH=/opt/ros/humble /usr/bin/cmake --build /home/ros/difrobot_ws/build/difrobot_controller -- -j2 -l2
[0.197s] [35m[1mConsolidate compiler generated dependencies of target simple_controller[0m
[0.277s] [100%] Built target simple_controller
[0.286s] [100%] Built target ament_cmake_python_copy_difrobot_controller
[1.114s] running egg_info
[1.116s] writing difrobot_controller.egg-info/PKG-INFO
[1.117s] writing dependency_links to difrobot_controller.egg-info/dependency_links.txt
[1.119s] writing top-level names to difrobot_controller.egg-info/top_level.txt
[1.125s] reading manifest file 'difrobot_controller.egg-info/SOURCES.txt'
[1.125s] writing manifest file 'difrobot_controller.egg-info/SOURCES.txt'
[1.178s] [100%] Built target ament_cmake_python_build_difrobot_controller_egg
[1.205s] Invoked command in '/home/ros/difrobot_ws/build/difrobot_controller' returned '0': CMAKE_PREFIX_PATH=/opt/ros/humble /usr/bin/cmake --build /home/ros/difrobot_ws/build/difrobot_controller -- -j2 -l2
[1.349s] Invoking command in '/home/ros/difrobot_ws/build/difrobot_controller': CMAKE_PREFIX_PATH=/opt/ros/humble /usr/bin/cmake --install /home/ros/difrobot_ws/build/difrobot_controller
[1.369s] -- Install configuration: ""
[1.370s] -- Up-to-date: /home/ros/difrobot_ws/install/difrobot_controller/share/difrobot_controller/environment/pythonpath.sh
[1.370s] -- Up-to-date: /home/ros/difrobot_ws/install/difrobot_controller/share/difrobot_controller/environment/pythonpath.dsv
[1.371s] -- Up-to-date: /home/ros/difrobot_ws/install/difrobot_controller/local/lib/python3.10/dist-packages/difrobot_controller-0.0.0-py3.10.egg-info
[1.371s] -- Installing: /home/ros/difrobot_ws/install/difrobot_controller/local/lib/python3.10/dist-packages/difrobot_controller-0.0.0-py3.10.egg-info/dependency_links.txt
[1.372s] -- Installing: /home/ros/difrobot_ws/install/difrobot_controller/local/lib/python3.10/dist-packages/difrobot_controller-0.0.0-py3.10.egg-info/SOURCES.txt
[1.372s] -- Installing: /home/ros/difrobot_ws/install/difrobot_controller/local/lib/python3.10/dist-packages/difrobot_controller-0.0.0-py3.10.egg-info/PKG-INFO
[1.373s] -- Installing: /home/ros/difrobot_ws/install/difrobot_controller/local/lib/python3.10/dist-packages/difrobot_controller-0.0.0-py3.10.egg-info/top_level.txt
[1.374s] -- Up-to-date: /home/ros/difrobot_ws/install/difrobot_controller/local/lib/python3.10/dist-packages/difrobot_controller
[1.374s] -- Up-to-date: /home/ros/difrobot_ws/install/difrobot_controller/local/lib/python3.10/dist-packages/difrobot_controller/simple_controller.py
[1.374s] -- Up-to-date: /home/ros/difrobot_ws/install/difrobot_controller/local/lib/python3.10/dist-packages/difrobot_controller/__init__.py
[1.444s] Listing '/home/ros/difrobot_ws/install/difrobot_controller/local/lib/python3.10/dist-packages/difrobot_controller'...
[1.452s] -- Up-to-date: /home/ros/difrobot_ws/install/difrobot_controller/include/include
[1.453s] -- Up-to-date: /home/ros/difrobot_ws/install/difrobot_controller/include/include/difrobot_controller
[1.453s] -- Up-to-date: /home/ros/difrobot_ws/install/difrobot_controller/include/include/difrobot_controller/simple_controller.hpp
[1.454s] -- Up-to-date: /home/ros/difrobot_ws/install/difrobot_controller/lib/difrobot_controller/simple_controller
[1.455s] -- Up-to-date: /home/ros/difrobot_ws/install/difrobot_controller/share/difrobot_controller/launch
[1.455s] -- Up-to-date: /home/ros/difrobot_ws/install/difrobot_controller/share/difrobot_controller/launch/controller.launch.py
[1.456s] -- Up-to-date: /home/ros/difrobot_ws/install/difrobot_controller/share/difrobot_controller/config
[1.456s] -- Up-to-date: /home/ros/difrobot_ws/install/difrobot_controller/share/difrobot_controller/config/difrobot_controllers.yaml
[1.456s] -- Up-to-date: /home/ros/difrobot_ws/install/difrobot_controller/lib/difrobot_controller/simple_controller.py
[1.457s] -- Up-to-date: /home/ros/difrobot_ws/install/difrobot_controller/share/ament_index/resource_index/package_run_dependencies/difrobot_controller
[1.457s] -- Up-to-date: /home/ros/difrobot_ws/install/difrobot_controller/share/ament_index/resource_index/parent_prefix_path/difrobot_controller
[1.458s] -- Up-to-date: /home/ros/difrobot_ws/install/difrobot_controller/share/difrobot_controller/environment/ament_prefix_path.sh
[1.458s] -- Up-to-date: /home/ros/difrobot_ws/install/difrobot_controller/share/difrobot_controller/environment/ament_prefix_path.dsv
[1.459s] -- Up-to-date: /home/ros/difrobot_ws/install/difrobot_controller/share/difrobot_controller/environment/path.sh
[1.459s] -- Up-to-date: /home/ros/difrobot_ws/install/difrobot_controller/share/difrobot_controller/environment/path.dsv
[1.459s] -- Up-to-date: /home/ros/difrobot_ws/install/difrobot_controller/share/difrobot_controller/local_setup.bash
[1.460s] -- Up-to-date: /home/ros/difrobot_ws/install/difrobot_controller/share/difrobot_controller/local_setup.sh
[1.460s] -- Up-to-date: /home/ros/difrobot_ws/install/difrobot_controller/share/difrobot_controller/local_setup.zsh
[1.460s] -- Up-to-date: /home/ros/difrobot_ws/install/difrobot_controller/share/difrobot_controller/local_setup.dsv
[1.461s] -- Installing: /home/ros/difrobot_ws/install/difrobot_controller/share/difrobot_controller/package.dsv
[1.461s] -- Up-to-date: /home/ros/difrobot_ws/install/difrobot_controller/share/ament_index/resource_index/packages/difrobot_controller
[1.462s] -- Up-to-date: /home/ros/difrobot_ws/install/difrobot_controller/share/difrobot_controller/cmake/difrobot_controllerConfig.cmake
[1.462s] -- Up-to-date: /home/ros/difrobot_ws/install/difrobot_controller/share/difrobot_controller/cmake/difrobot_controllerConfig-version.cmake
[1.463s] -- Up-to-date: /home/ros/difrobot_ws/install/difrobot_controller/share/difrobot_controller/package.xml
[1.467s] Invoked command in '/home/ros/difrobot_ws/build/difrobot_controller' returned '0': CMAKE_PREFIX_PATH=/opt/ros/humble /usr/bin/cmake --install /home/ros/difrobot_ws/build/difrobot_controller
