[0.228s] DEBUG:colcon:Command line arguments: ['/usr/bin/colcon', 'build']
[0.228s] DEBUG:colcon:Parsed command line arguments: Namespace(log_base=None, log_level=None, verb_name='build', build_base='build', install_base='install', merge_install=False, symlink_install=False, test_result_base=None, continue_on_error=False, executor='parallel', parallel_workers=2, event_handlers=None, ignore_user_meta=False, metas=['./colcon.meta'], base_paths=['.'], packages_ignore=None, packages_ignore_regex=None, paths=None, packages_up_to=None, packages_up_to_regex=None, packages_above=None, packages_above_and_dependencies=None, packages_above_depth=None, packages_select_by_dep=None, packages_skip_by_dep=None, packages_skip_up_to=None, packages_select_build_failed=False, packages_skip_build_finished=False, packages_select_test_failures=False, packages_skip_test_passed=False, packages_select=None, packages_skip=None, packages_select_regex=None, packages_skip_regex=None, packages_start=None, packages_end=None, allow_overriding=[], cmake_args=None, cmake_target=None, cmake_target_skip_unavailable=False, cmake_clean_cache=False, cmake_clean_first=False, cmake_force_configure=False, ament_cmake_args=None, catkin_cmake_args=None, catkin_skip_building_tests=False, verb_parser=<colcon_defaults.argument_parser.defaults.DefaultArgumentsDecorator object at 0x707ceb4b4700>, verb_extension=<colcon_core.verb.build.BuildVerb object at 0x707ceb4b4160>, main=<bound method BuildVerb.main of <colcon_core.verb.build.BuildVerb object at 0x707ceb4b4160>>)
[0.539s] Level 1:colcon.colcon_core.package_discovery:discover_packages(colcon_meta) check parameters
[0.539s] Level 1:colcon.colcon_core.package_discovery:discover_packages(recursive) check parameters
[0.539s] Level 1:colcon.colcon_core.package_discovery:discover_packages(ignore) check parameters
[0.539s] Level 1:colcon.colcon_core.package_discovery:discover_packages(path) check parameters
[0.539s] Level 1:colcon.colcon_core.package_discovery:discover_packages(colcon_meta) discover
[0.539s] Level 1:colcon.colcon_core.package_discovery:discover_packages(recursive) discover
[0.539s] INFO:colcon.colcon_core.package_discovery:Crawling recursively for packages in '/home/ros/difrobot_ws'
[0.540s] Level 1:colcon.colcon_core.package_identification:_identify(.) by extensions ['ignore', 'ignore_ament_install']
[0.540s] Level 1:colcon.colcon_core.package_identification:_identify(.) by extension 'ignore'
[0.540s] Level 1:colcon.colcon_core.package_identification:_identify(.) by extension 'ignore_ament_install'
[0.540s] Level 1:colcon.colcon_core.package_identification:_identify(.) by extensions ['colcon_pkg']
[0.540s] Level 1:colcon.colcon_core.package_identification:_identify(.) by extension 'colcon_pkg'
[0.541s] Level 1:colcon.colcon_core.package_identification:_identify(.) by extensions ['colcon_meta']
[0.541s] Level 1:colcon.colcon_core.package_identification:_identify(.) by extension 'colcon_meta'
[0.541s] Level 1:colcon.colcon_core.package_identification:_identify(.) by extensions ['ros']
[0.541s] Level 1:colcon.colcon_core.package_identification:_identify(.) by extension 'ros'
[0.563s] Level 1:colcon.colcon_core.package_identification:_identify(.) by extensions ['cmake', 'python']
[0.563s] Level 1:colcon.colcon_core.package_identification:_identify(.) by extension 'cmake'
[0.563s] Level 1:colcon.colcon_core.package_identification:_identify(.) by extension 'python'
[0.563s] Level 1:colcon.colcon_core.package_identification:_identify(.) by extensions ['python_setup_py']
[0.563s] Level 1:colcon.colcon_core.package_identification:_identify(.) by extension 'python_setup_py'
[0.563s] Level 1:colcon.colcon_core.package_identification:_identify(build) by extensions ['ignore', 'ignore_ament_install']
[0.564s] Level 1:colcon.colcon_core.package_identification:_identify(build) by extension 'ignore'
[0.564s] Level 1:colcon.colcon_core.package_identification:_identify(build) ignored
[0.564s] Level 1:colcon.colcon_core.package_identification:_identify(install) by extensions ['ignore', 'ignore_ament_install']
[0.564s] Level 1:colcon.colcon_core.package_identification:_identify(install) by extension 'ignore'
[0.565s] Level 1:colcon.colcon_core.package_identification:_identify(install) ignored
[0.565s] Level 1:colcon.colcon_core.package_identification:_identify(log) by extensions ['ignore', 'ignore_ament_install']
[0.565s] Level 1:colcon.colcon_core.package_identification:_identify(log) by extension 'ignore'
[0.565s] Level 1:colcon.colcon_core.package_identification:_identify(log) ignored
[0.566s] Level 1:colcon.colcon_core.package_identification:_identify(src) by extensions ['ignore', 'ignore_ament_install']
[0.566s] Level 1:colcon.colcon_core.package_identification:_identify(src) by extension 'ignore'
[0.566s] Level 1:colcon.colcon_core.package_identification:_identify(src) by extension 'ignore_ament_install'
[0.566s] Level 1:colcon.colcon_core.package_identification:_identify(src) by extensions ['colcon_pkg']
[0.566s] Level 1:colcon.colcon_core.package_identification:_identify(src) by extension 'colcon_pkg'
[0.566s] Level 1:colcon.colcon_core.package_identification:_identify(src) by extensions ['colcon_meta']
[0.566s] Level 1:colcon.colcon_core.package_identification:_identify(src) by extension 'colcon_meta'
[0.567s] Level 1:colcon.colcon_core.package_identification:_identify(src) by extensions ['ros']
[0.567s] Level 1:colcon.colcon_core.package_identification:_identify(src) by extension 'ros'
[0.567s] Level 1:colcon.colcon_core.package_identification:_identify(src) by extensions ['cmake', 'python']
[0.567s] Level 1:colcon.colcon_core.package_identification:_identify(src) by extension 'cmake'
[0.567s] Level 1:colcon.colcon_core.package_identification:_identify(src) by extension 'python'
[0.567s] Level 1:colcon.colcon_core.package_identification:_identify(src) by extensions ['python_setup_py']
[0.567s] Level 1:colcon.colcon_core.package_identification:_identify(src) by extension 'python_setup_py'
[0.568s] Level 1:colcon.colcon_core.package_identification:_identify(src/difrobot_controller) by extensions ['ignore', 'ignore_ament_install']
[0.568s] Level 1:colcon.colcon_core.package_identification:_identify(src/difrobot_controller) by extension 'ignore'
[0.568s] Level 1:colcon.colcon_core.package_identification:_identify(src/difrobot_controller) by extension 'ignore_ament_install'
[0.568s] Level 1:colcon.colcon_core.package_identification:_identify(src/difrobot_controller) by extensions ['colcon_pkg']
[0.568s] Level 1:colcon.colcon_core.package_identification:_identify(src/difrobot_controller) by extension 'colcon_pkg'
[0.569s] Level 1:colcon.colcon_core.package_identification:_identify(src/difrobot_controller) by extensions ['colcon_meta']
[0.569s] Level 1:colcon.colcon_core.package_identification:_identify(src/difrobot_controller) by extension 'colcon_meta'
[0.569s] Level 1:colcon.colcon_core.package_identification:_identify(src/difrobot_controller) by extensions ['ros']
[0.569s] Level 1:colcon.colcon_core.package_identification:_identify(src/difrobot_controller) by extension 'ros'
[0.574s] DEBUG:colcon.colcon_core.package_identification:Package 'src/difrobot_controller' with type 'ros.ament_cmake' and name 'difrobot_controller'
[0.575s] Level 1:colcon.colcon_core.package_identification:_identify(src/difrobot_description) by extensions ['ignore', 'ignore_ament_install']
[0.575s] Level 1:colcon.colcon_core.package_identification:_identify(src/difrobot_description) by extension 'ignore'
[0.575s] Level 1:colcon.colcon_core.package_identification:_identify(src/difrobot_description) by extension 'ignore_ament_install'
[0.575s] Level 1:colcon.colcon_core.package_identification:_identify(src/difrobot_description) by extensions ['colcon_pkg']
[0.576s] Level 1:colcon.colcon_core.package_identification:_identify(src/difrobot_description) by extension 'colcon_pkg'
[0.576s] Level 1:colcon.colcon_core.package_identification:_identify(src/difrobot_description) by extensions ['colcon_meta']
[0.576s] Level 1:colcon.colcon_core.package_identification:_identify(src/difrobot_description) by extension 'colcon_meta'
[0.576s] Level 1:colcon.colcon_core.package_identification:_identify(src/difrobot_description) by extensions ['ros']
[0.576s] Level 1:colcon.colcon_core.package_identification:_identify(src/difrobot_description) by extension 'ros'
[0.577s] DEBUG:colcon.colcon_core.package_identification:Package 'src/difrobot_description' with type 'ros.ament_cmake' and name 'difrobot_description'
[0.577s] Level 1:colcon.colcon_core.package_identification:_identify(src/difrobot_firmware) by extensions ['ignore', 'ignore_ament_install']
[0.578s] Level 1:colcon.colcon_core.package_identification:_identify(src/difrobot_firmware) by extension 'ignore'
[0.578s] Level 1:colcon.colcon_core.package_identification:_identify(src/difrobot_firmware) by extension 'ignore_ament_install'
[0.578s] Level 1:colcon.colcon_core.package_identification:_identify(src/difrobot_firmware) by extensions ['colcon_pkg']
[0.578s] Level 1:colcon.colcon_core.package_identification:_identify(src/difrobot_firmware) by extension 'colcon_pkg'
[0.578s] Level 1:colcon.colcon_core.package_identification:_identify(src/difrobot_firmware) by extensions ['colcon_meta']
[0.578s] Level 1:colcon.colcon_core.package_identification:_identify(src/difrobot_firmware) by extension 'colcon_meta'
[0.578s] Level 1:colcon.colcon_core.package_identification:_identify(src/difrobot_firmware) by extensions ['ros']
[0.579s] Level 1:colcon.colcon_core.package_identification:_identify(src/difrobot_firmware) by extension 'ros'
[0.580s] DEBUG:colcon.colcon_core.package_identification:Package 'src/difrobot_firmware' with type 'ros.ament_cmake' and name 'difrobot_firmware'
[0.580s] Level 1:colcon.colcon_core.package_identification:_identify(src/difrobot_msgs) by extensions ['ignore', 'ignore_ament_install']
[0.580s] Level 1:colcon.colcon_core.package_identification:_identify(src/difrobot_msgs) by extension 'ignore'
[0.580s] Level 1:colcon.colcon_core.package_identification:_identify(src/difrobot_msgs) by extension 'ignore_ament_install'
[0.581s] Level 1:colcon.colcon_core.package_identification:_identify(src/difrobot_msgs) by extensions ['colcon_pkg']
[0.581s] Level 1:colcon.colcon_core.package_identification:_identify(src/difrobot_msgs) by extension 'colcon_pkg'
[0.581s] Level 1:colcon.colcon_core.package_identification:_identify(src/difrobot_msgs) by extensions ['colcon_meta']
[0.581s] Level 1:colcon.colcon_core.package_identification:_identify(src/difrobot_msgs) by extension 'colcon_meta'
[0.581s] Level 1:colcon.colcon_core.package_identification:_identify(src/difrobot_msgs) by extensions ['ros']
[0.581s] Level 1:colcon.colcon_core.package_identification:_identify(src/difrobot_msgs) by extension 'ros'
[0.582s] DEBUG:colcon.colcon_core.package_identification:Package 'src/difrobot_msgs' with type 'ros.ament_cmake' and name 'difrobot_msgs'
[0.583s] Level 1:colcon.colcon_core.package_identification:_identify(src/difrobot_py_examples) by extensions ['ignore', 'ignore_ament_install']
[0.583s] Level 1:colcon.colcon_core.package_identification:_identify(src/difrobot_py_examples) by extension 'ignore'
[0.583s] Level 1:colcon.colcon_core.package_identification:_identify(src/difrobot_py_examples) by extension 'ignore_ament_install'
[0.583s] Level 1:colcon.colcon_core.package_identification:_identify(src/difrobot_py_examples) by extensions ['colcon_pkg']
[0.583s] Level 1:colcon.colcon_core.package_identification:_identify(src/difrobot_py_examples) by extension 'colcon_pkg'
[0.583s] Level 1:colcon.colcon_core.package_identification:_identify(src/difrobot_py_examples) by extensions ['colcon_meta']
[0.583s] Level 1:colcon.colcon_core.package_identification:_identify(src/difrobot_py_examples) by extension 'colcon_meta'
[0.584s] Level 1:colcon.colcon_core.package_identification:_identify(src/difrobot_py_examples) by extensions ['ros']
[0.584s] Level 1:colcon.colcon_core.package_identification:_identify(src/difrobot_py_examples) by extension 'ros'
[0.585s] DEBUG:colcon.colcon_core.package_identification:Package 'src/difrobot_py_examples' with type 'ros.ament_python' and name 'difrobot_py_examples'
[0.585s] Level 1:colcon.colcon_core.package_discovery:discover_packages(recursive) using defaults
[0.586s] Level 1:colcon.colcon_core.package_discovery:discover_packages(ignore) discover
[0.586s] Level 1:colcon.colcon_core.package_discovery:discover_packages(ignore) using defaults
[0.586s] Level 1:colcon.colcon_core.package_discovery:discover_packages(path) discover
[0.586s] Level 1:colcon.colcon_core.package_discovery:discover_packages(path) using defaults
[0.623s] Level 1:colcon.colcon_core.package_discovery:discover_packages(prefix_path) check parameters
[0.623s] Level 1:colcon.colcon_core.package_discovery:discover_packages(prefix_path) discover
[0.630s] DEBUG:colcon.colcon_installed_package_information.package_discovery:Found 5 installed packages in /home/ros/difrobot_ws/install
[0.633s] DEBUG:colcon.colcon_installed_package_information.package_discovery:Found 327 installed packages in /opt/ros/humble
[0.636s] Level 1:colcon.colcon_core.package_discovery:discover_packages(prefix_path) using defaults
[0.739s] Level 5:colcon.colcon_core.verb:set package 'difrobot_controller' build argument 'cmake_args' from command line to 'None'
[0.740s] Level 5:colcon.colcon_core.verb:set package 'difrobot_controller' build argument 'cmake_target' from command line to 'None'
[0.740s] Level 5:colcon.colcon_core.verb:set package 'difrobot_controller' build argument 'cmake_target_skip_unavailable' from command line to 'False'
[0.740s] Level 5:colcon.colcon_core.verb:set package 'difrobot_controller' build argument 'cmake_clean_cache' from command line to 'False'
[0.740s] Level 5:colcon.colcon_core.verb:set package 'difrobot_controller' build argument 'cmake_clean_first' from command line to 'False'
[0.740s] Level 5:colcon.colcon_core.verb:set package 'difrobot_controller' build argument 'cmake_force_configure' from command line to 'False'
[0.740s] Level 5:colcon.colcon_core.verb:set package 'difrobot_controller' build argument 'ament_cmake_args' from command line to 'None'
[0.740s] Level 5:colcon.colcon_core.verb:set package 'difrobot_controller' build argument 'catkin_cmake_args' from command line to 'None'
[0.740s] Level 5:colcon.colcon_core.verb:set package 'difrobot_controller' build argument 'catkin_skip_building_tests' from command line to 'False'
[0.740s] DEBUG:colcon.colcon_core.verb:Building package 'difrobot_controller' with the following arguments: {'ament_cmake_args': None, 'build_base': '/home/ros/difrobot_ws/build/difrobot_controller', 'catkin_cmake_args': None, 'catkin_skip_building_tests': False, 'cmake_args': None, 'cmake_clean_cache': False, 'cmake_clean_first': False, 'cmake_force_configure': False, 'cmake_target': None, 'cmake_target_skip_unavailable': False, 'install_base': '/home/ros/difrobot_ws/install/difrobot_controller', 'merge_install': False, 'path': '/home/ros/difrobot_ws/src/difrobot_controller', 'symlink_install': False, 'test_result_base': None}
[0.741s] Level 5:colcon.colcon_core.verb:set package 'difrobot_description' build argument 'cmake_args' from command line to 'None'
[0.741s] Level 5:colcon.colcon_core.verb:set package 'difrobot_description' build argument 'cmake_target' from command line to 'None'
[0.741s] Level 5:colcon.colcon_core.verb:set package 'difrobot_description' build argument 'cmake_target_skip_unavailable' from command line to 'False'
[0.741s] Level 5:colcon.colcon_core.verb:set package 'difrobot_description' build argument 'cmake_clean_cache' from command line to 'False'
[0.741s] Level 5:colcon.colcon_core.verb:set package 'difrobot_description' build argument 'cmake_clean_first' from command line to 'False'
[0.741s] Level 5:colcon.colcon_core.verb:set package 'difrobot_description' build argument 'cmake_force_configure' from command line to 'False'
[0.741s] Level 5:colcon.colcon_core.verb:set package 'difrobot_description' build argument 'ament_cmake_args' from command line to 'None'
[0.741s] Level 5:colcon.colcon_core.verb:set package 'difrobot_description' build argument 'catkin_cmake_args' from command line to 'None'
[0.741s] Level 5:colcon.colcon_core.verb:set package 'difrobot_description' build argument 'catkin_skip_building_tests' from command line to 'False'
[0.741s] DEBUG:colcon.colcon_core.verb:Building package 'difrobot_description' with the following arguments: {'ament_cmake_args': None, 'build_base': '/home/ros/difrobot_ws/build/difrobot_description', 'catkin_cmake_args': None, 'catkin_skip_building_tests': False, 'cmake_args': None, 'cmake_clean_cache': False, 'cmake_clean_first': False, 'cmake_force_configure': False, 'cmake_target': None, 'cmake_target_skip_unavailable': False, 'install_base': '/home/ros/difrobot_ws/install/difrobot_description', 'merge_install': False, 'path': '/home/ros/difrobot_ws/src/difrobot_description', 'symlink_install': False, 'test_result_base': None}
[0.742s] Level 5:colcon.colcon_core.verb:set package 'difrobot_firmware' build argument 'cmake_args' from command line to 'None'
[0.742s] Level 5:colcon.colcon_core.verb:set package 'difrobot_firmware' build argument 'cmake_target' from command line to 'None'
[0.742s] Level 5:colcon.colcon_core.verb:set package 'difrobot_firmware' build argument 'cmake_target_skip_unavailable' from command line to 'False'
[0.742s] Level 5:colcon.colcon_core.verb:set package 'difrobot_firmware' build argument 'cmake_clean_cache' from command line to 'False'
[0.742s] Level 5:colcon.colcon_core.verb:set package 'difrobot_firmware' build argument 'cmake_clean_first' from command line to 'False'
[0.742s] Level 5:colcon.colcon_core.verb:set package 'difrobot_firmware' build argument 'cmake_force_configure' from command line to 'False'
[0.742s] Level 5:colcon.colcon_core.verb:set package 'difrobot_firmware' build argument 'ament_cmake_args' from command line to 'None'
[0.742s] Level 5:colcon.colcon_core.verb:set package 'difrobot_firmware' build argument 'catkin_cmake_args' from command line to 'None'
[0.742s] Level 5:colcon.colcon_core.verb:set package 'difrobot_firmware' build argument 'catkin_skip_building_tests' from command line to 'False'
[0.742s] DEBUG:colcon.colcon_core.verb:Building package 'difrobot_firmware' with the following arguments: {'ament_cmake_args': None, 'build_base': '/home/ros/difrobot_ws/build/difrobot_firmware', 'catkin_cmake_args': None, 'catkin_skip_building_tests': False, 'cmake_args': None, 'cmake_clean_cache': False, 'cmake_clean_first': False, 'cmake_force_configure': False, 'cmake_target': None, 'cmake_target_skip_unavailable': False, 'install_base': '/home/ros/difrobot_ws/install/difrobot_firmware', 'merge_install': False, 'path': '/home/ros/difrobot_ws/src/difrobot_firmware', 'symlink_install': False, 'test_result_base': None}
[0.743s] Level 5:colcon.colcon_core.verb:set package 'difrobot_msgs' build argument 'cmake_args' from command line to 'None'
[0.743s] Level 5:colcon.colcon_core.verb:set package 'difrobot_msgs' build argument 'cmake_target' from command line to 'None'
[0.743s] Level 5:colcon.colcon_core.verb:set package 'difrobot_msgs' build argument 'cmake_target_skip_unavailable' from command line to 'False'
[0.743s] Level 5:colcon.colcon_core.verb:set package 'difrobot_msgs' build argument 'cmake_clean_cache' from command line to 'False'
[0.743s] Level 5:colcon.colcon_core.verb:set package 'difrobot_msgs' build argument 'cmake_clean_first' from command line to 'False'
[0.743s] Level 5:colcon.colcon_core.verb:set package 'difrobot_msgs' build argument 'cmake_force_configure' from command line to 'False'
[0.743s] Level 5:colcon.colcon_core.verb:set package 'difrobot_msgs' build argument 'ament_cmake_args' from command line to 'None'
[0.744s] Level 5:colcon.colcon_core.verb:set package 'difrobot_msgs' build argument 'catkin_cmake_args' from command line to 'None'
[0.744s] Level 5:colcon.colcon_core.verb:set package 'difrobot_msgs' build argument 'catkin_skip_building_tests' from command line to 'False'
[0.744s] DEBUG:colcon.colcon_core.verb:Building package 'difrobot_msgs' with the following arguments: {'ament_cmake_args': None, 'build_base': '/home/ros/difrobot_ws/build/difrobot_msgs', 'catkin_cmake_args': None, 'catkin_skip_building_tests': False, 'cmake_args': None, 'cmake_clean_cache': False, 'cmake_clean_first': False, 'cmake_force_configure': False, 'cmake_target': None, 'cmake_target_skip_unavailable': False, 'install_base': '/home/ros/difrobot_ws/install/difrobot_msgs', 'merge_install': False, 'path': '/home/ros/difrobot_ws/src/difrobot_msgs', 'symlink_install': False, 'test_result_base': None}
[0.744s] Level 5:colcon.colcon_core.verb:set package 'difrobot_py_examples' build argument 'cmake_args' from command line to 'None'
[0.744s] Level 5:colcon.colcon_core.verb:set package 'difrobot_py_examples' build argument 'cmake_target' from command line to 'None'
[0.745s] Level 5:colcon.colcon_core.verb:set package 'difrobot_py_examples' build argument 'cmake_target_skip_unavailable' from command line to 'False'
[0.745s] Level 5:colcon.colcon_core.verb:set package 'difrobot_py_examples' build argument 'cmake_clean_cache' from command line to 'False'
[0.745s] Level 5:colcon.colcon_core.verb:set package 'difrobot_py_examples' build argument 'cmake_clean_first' from command line to 'False'
[0.745s] Level 5:colcon.colcon_core.verb:set package 'difrobot_py_examples' build argument 'cmake_force_configure' from command line to 'False'
[0.745s] Level 5:colcon.colcon_core.verb:set package 'difrobot_py_examples' build argument 'ament_cmake_args' from command line to 'None'
[0.745s] Level 5:colcon.colcon_core.verb:set package 'difrobot_py_examples' build argument 'catkin_cmake_args' from command line to 'None'
[0.745s] Level 5:colcon.colcon_core.verb:set package 'difrobot_py_examples' build argument 'catkin_skip_building_tests' from command line to 'False'
[0.745s] DEBUG:colcon.colcon_core.verb:Building package 'difrobot_py_examples' with the following arguments: {'ament_cmake_args': None, 'build_base': '/home/ros/difrobot_ws/build/difrobot_py_examples', 'catkin_cmake_args': None, 'catkin_skip_building_tests': False, 'cmake_args': None, 'cmake_clean_cache': False, 'cmake_clean_first': False, 'cmake_force_configure': False, 'cmake_target': None, 'cmake_target_skip_unavailable': False, 'install_base': '/home/ros/difrobot_ws/install/difrobot_py_examples', 'merge_install': False, 'path': '/home/ros/difrobot_ws/src/difrobot_py_examples', 'symlink_install': False, 'test_result_base': None}
[0.745s] INFO:colcon.colcon_core.executor:Executing jobs using 'parallel' executor
[0.747s] DEBUG:colcon.colcon_parallel_executor.executor.parallel:run_until_complete
[0.748s] INFO:colcon.colcon_ros.task.ament_cmake.build:Building ROS package in '/home/ros/difrobot_ws/src/difrobot_msgs' with build type 'ament_cmake'
[0.748s] INFO:colcon.colcon_cmake.task.cmake.build:Building CMake package in '/home/ros/difrobot_ws/src/difrobot_msgs'
[0.757s] INFO:colcon.colcon_core.plugin_system:Skipping extension 'colcon_core.shell.bat': Not used on non-Windows systems
[0.757s] INFO:colcon.colcon_core.shell:Skip shell extension 'powershell' for command environment: Not usable outside of PowerShell
[0.757s] DEBUG:colcon.colcon_core.shell:Skip shell extension 'dsv' for command environment
[0.767s] INFO:colcon.colcon_ros.task.ament_cmake.build:Building ROS package in '/home/ros/difrobot_ws/src/difrobot_controller' with build type 'ament_cmake'
[0.769s] INFO:colcon.colcon_cmake.task.cmake.build:Building CMake package in '/home/ros/difrobot_ws/src/difrobot_controller'
[0.770s] INFO:colcon.colcon_core.shell:Skip shell extension 'powershell' for command environment: Not usable outside of PowerShell
[0.770s] DEBUG:colcon.colcon_core.shell:Skip shell extension 'dsv' for command environment
[0.797s] DEBUG:colcon.colcon_core.event_handler.log_command:Invoking command in '/home/ros/difrobot_ws/build/difrobot_msgs': CMAKE_PREFIX_PATH=${CMAKE_PREFIX_PATH}:/home/ros/difrobot_ws/install/difrobot_py_examples:/opt/ros/humble /usr/bin/cmake --build /home/ros/difrobot_ws/build/difrobot_msgs -- -j2 -l2
[0.811s] DEBUG:colcon.colcon_core.event_handler.log_command:Invoking command in '/home/ros/difrobot_ws/build/difrobot_controller': CMAKE_PREFIX_PATH=${CMAKE_PREFIX_PATH}:/home/ros/difrobot_ws/install/difrobot_py_examples:/opt/ros/humble /usr/bin/cmake --build /home/ros/difrobot_ws/build/difrobot_controller -- -j2 -l2
[2.948s] DEBUG:colcon.colcon_core.event_handler.log_command:Invoked command in '/home/ros/difrobot_ws/build/difrobot_controller' returned '0': CMAKE_PREFIX_PATH=${CMAKE_PREFIX_PATH}:/home/ros/difrobot_ws/install/difrobot_py_examples:/opt/ros/humble /usr/bin/cmake --build /home/ros/difrobot_ws/build/difrobot_controller -- -j2 -l2
[3.218s] DEBUG:colcon.colcon_core.event_handler.log_command:Invoking command in '/home/ros/difrobot_ws/build/difrobot_controller': CMAKE_PREFIX_PATH=${CMAKE_PREFIX_PATH}:/home/ros/difrobot_ws/install/difrobot_py_examples:/opt/ros/humble /usr/bin/cmake --install /home/ros/difrobot_ws/build/difrobot_controller
[3.230s] DEBUG:colcon.colcon_core.event_handler.log_command:Invoked command in '/home/ros/difrobot_ws/build/difrobot_msgs' returned '0': CMAKE_PREFIX_PATH=${CMAKE_PREFIX_PATH}:/home/ros/difrobot_ws/install/difrobot_py_examples:/opt/ros/humble /usr/bin/cmake --build /home/ros/difrobot_ws/build/difrobot_msgs -- -j2 -l2
[3.468s] Level 1:colcon.colcon_core.environment:create_environment_scripts_only(difrobot_controller)
[3.470s] DEBUG:colcon.colcon_core.event_handler.log_command:Invoked command in '/home/ros/difrobot_ws/build/difrobot_controller' returned '0': CMAKE_PREFIX_PATH=${CMAKE_PREFIX_PATH}:/home/ros/difrobot_ws/install/difrobot_py_examples:/opt/ros/humble /usr/bin/cmake --install /home/ros/difrobot_ws/build/difrobot_controller
[3.483s] Level 1:colcon.colcon_core.environment:checking '/home/ros/difrobot_ws/install/difrobot_controller' for CMake module files
[3.484s] Level 1:colcon.colcon_core.environment:checking '/home/ros/difrobot_ws/install/difrobot_controller' for CMake config files
[3.485s] Level 1:colcon.colcon_core.shell:create_environment_hook('difrobot_controller', 'cmake_prefix_path')
[3.485s] INFO:colcon.colcon_core.shell:Creating environment hook '/home/ros/difrobot_ws/install/difrobot_controller/share/difrobot_controller/hook/cmake_prefix_path.ps1'
[3.487s] INFO:colcon.colcon_core.shell:Creating environment descriptor '/home/ros/difrobot_ws/install/difrobot_controller/share/difrobot_controller/hook/cmake_prefix_path.dsv'
[3.490s] INFO:colcon.colcon_core.shell:Creating environment hook '/home/ros/difrobot_ws/install/difrobot_controller/share/difrobot_controller/hook/cmake_prefix_path.sh'
[3.496s] Level 1:colcon.colcon_core.environment:checking '/home/ros/difrobot_ws/install/difrobot_controller/lib'
[3.496s] Level 1:colcon.colcon_core.environment:checking '/home/ros/difrobot_ws/install/difrobot_controller/bin'
[3.496s] Level 1:colcon.colcon_core.environment:checking '/home/ros/difrobot_ws/install/difrobot_controller/lib/pkgconfig/difrobot_controller.pc'
[3.500s] Level 1:colcon.colcon_core.environment:checking '/home/ros/difrobot_ws/install/difrobot_controller/lib/python3.10/site-packages'
[3.501s] Level 1:colcon.colcon_core.environment:checking '/home/ros/difrobot_ws/install/difrobot_controller/bin'
[3.501s] INFO:colcon.colcon_core.shell:Creating package script '/home/ros/difrobot_ws/install/difrobot_controller/share/difrobot_controller/package.ps1'
[3.505s] INFO:colcon.colcon_core.shell:Creating package descriptor '/home/ros/difrobot_ws/install/difrobot_controller/share/difrobot_controller/package.dsv'
[3.511s] INFO:colcon.colcon_core.shell:Creating package script '/home/ros/difrobot_ws/install/difrobot_controller/share/difrobot_controller/package.sh'
[3.516s] INFO:colcon.colcon_core.shell:Creating package script '/home/ros/difrobot_ws/install/difrobot_controller/share/difrobot_controller/package.bash'
[3.519s] INFO:colcon.colcon_core.shell:Creating package script '/home/ros/difrobot_ws/install/difrobot_controller/share/difrobot_controller/package.zsh'
[3.525s] Level 1:colcon.colcon_core.environment:create_file_with_runtime_dependencies(/home/ros/difrobot_ws/install/difrobot_controller/share/colcon-core/packages/difrobot_controller)
[3.711s] Level 1:colcon.colcon_core.environment:create_environment_scripts_only(difrobot_controller)
[3.715s] Level 1:colcon.colcon_core.environment:checking '/home/ros/difrobot_ws/install/difrobot_controller' for CMake module files
[3.721s] Level 1:colcon.colcon_core.environment:checking '/home/ros/difrobot_ws/install/difrobot_controller' for CMake config files
[3.721s] Level 1:colcon.colcon_core.shell:create_environment_hook('difrobot_controller', 'cmake_prefix_path')
[3.722s] INFO:colcon.colcon_core.shell:Creating environment hook '/home/ros/difrobot_ws/install/difrobot_controller/share/difrobot_controller/hook/cmake_prefix_path.ps1'
[3.727s] INFO:colcon.colcon_core.shell:Creating environment descriptor '/home/ros/difrobot_ws/install/difrobot_controller/share/difrobot_controller/hook/cmake_prefix_path.dsv'
[3.731s] INFO:colcon.colcon_core.shell:Creating environment hook '/home/ros/difrobot_ws/install/difrobot_controller/share/difrobot_controller/hook/cmake_prefix_path.sh'
[3.736s] Level 1:colcon.colcon_core.environment:checking '/home/ros/difrobot_ws/install/difrobot_controller/lib'
[3.737s] Level 1:colcon.colcon_core.environment:checking '/home/ros/difrobot_ws/install/difrobot_controller/bin'
[3.737s] Level 1:colcon.colcon_core.environment:checking '/home/ros/difrobot_ws/install/difrobot_controller/lib/pkgconfig/difrobot_controller.pc'
[3.738s] Level 1:colcon.colcon_core.environment:checking '/home/ros/difrobot_ws/install/difrobot_controller/lib/python3.10/site-packages'
[3.738s] Level 1:colcon.colcon_core.environment:checking '/home/ros/difrobot_ws/install/difrobot_controller/bin'
[3.741s] INFO:colcon.colcon_core.shell:Creating package script '/home/ros/difrobot_ws/install/difrobot_controller/share/difrobot_controller/package.ps1'
[3.744s] INFO:colcon.colcon_core.shell:Creating package descriptor '/home/ros/difrobot_ws/install/difrobot_controller/share/difrobot_controller/package.dsv'
[3.752s] INFO:colcon.colcon_core.shell:Creating package script '/home/ros/difrobot_ws/install/difrobot_controller/share/difrobot_controller/package.sh'
[3.758s] INFO:colcon.colcon_core.shell:Creating package script '/home/ros/difrobot_ws/install/difrobot_controller/share/difrobot_controller/package.bash'
[3.763s] INFO:colcon.colcon_core.shell:Creating package script '/home/ros/difrobot_ws/install/difrobot_controller/share/difrobot_controller/package.zsh'
[3.764s] Level 1:colcon.colcon_core.environment:create_file_with_runtime_dependencies(/home/ros/difrobot_ws/install/difrobot_controller/share/colcon-core/packages/difrobot_controller)
[3.769s] INFO:colcon.colcon_ros.task.ament_cmake.build:Building ROS package in '/home/ros/difrobot_ws/src/difrobot_description' with build type 'ament_cmake'
[3.769s] INFO:colcon.colcon_cmake.task.cmake.build:Building CMake package in '/home/ros/difrobot_ws/src/difrobot_description'
[3.770s] INFO:colcon.colcon_core.shell:Skip shell extension 'powershell' for command environment: Not usable outside of PowerShell
[3.770s] DEBUG:colcon.colcon_core.shell:Skip shell extension 'dsv' for command environment
[3.839s] DEBUG:colcon.colcon_core.event_handler.log_command:Invoking command in '/home/ros/difrobot_ws/build/difrobot_description': CMAKE_PREFIX_PATH=${CMAKE_PREFIX_PATH}:/home/ros/difrobot_ws/install/difrobot_py_examples:/opt/ros/humble /usr/bin/cmake --build /home/ros/difrobot_ws/build/difrobot_description -- -j2 -l2
[3.846s] DEBUG:colcon.colcon_core.event_handler.log_command:Invoking command in '/home/ros/difrobot_ws/build/difrobot_msgs': CMAKE_PREFIX_PATH=${CMAKE_PREFIX_PATH}:/home/ros/difrobot_ws/install/difrobot_py_examples:/opt/ros/humble /usr/bin/cmake --install /home/ros/difrobot_ws/build/difrobot_msgs
[4.074s] DEBUG:colcon.colcon_core.event_handler.log_command:Invoked command in '/home/ros/difrobot_ws/build/difrobot_description' returned '0': CMAKE_PREFIX_PATH=${CMAKE_PREFIX_PATH}:/home/ros/difrobot_ws/install/difrobot_py_examples:/opt/ros/humble /usr/bin/cmake --build /home/ros/difrobot_ws/build/difrobot_description -- -j2 -l2
[4.215s] Level 1:colcon.colcon_core.environment:create_environment_scripts_only(difrobot_msgs)
[4.216s] Level 1:colcon.colcon_core.environment:checking '/home/ros/difrobot_ws/install/difrobot_msgs' for CMake module files
[4.221s] DEBUG:colcon.colcon_core.event_handler.log_command:Invoked command in '/home/ros/difrobot_ws/build/difrobot_msgs' returned '0': CMAKE_PREFIX_PATH=${CMAKE_PREFIX_PATH}:/home/ros/difrobot_ws/install/difrobot_py_examples:/opt/ros/humble /usr/bin/cmake --install /home/ros/difrobot_ws/build/difrobot_msgs
[4.222s] Level 1:colcon.colcon_core.environment:checking '/home/ros/difrobot_ws/install/difrobot_msgs' for CMake config files
[4.222s] Level 1:colcon.colcon_core.shell:create_environment_hook('difrobot_msgs', 'cmake_prefix_path')
[4.225s] INFO:colcon.colcon_core.shell:Creating environment hook '/home/ros/difrobot_ws/install/difrobot_msgs/share/difrobot_msgs/hook/cmake_prefix_path.ps1'
[4.228s] INFO:colcon.colcon_core.shell:Creating environment descriptor '/home/ros/difrobot_ws/install/difrobot_msgs/share/difrobot_msgs/hook/cmake_prefix_path.dsv'
[4.229s] INFO:colcon.colcon_core.shell:Creating environment hook '/home/ros/difrobot_ws/install/difrobot_msgs/share/difrobot_msgs/hook/cmake_prefix_path.sh'
[4.233s] Level 1:colcon.colcon_core.environment:checking '/home/ros/difrobot_ws/install/difrobot_msgs/lib'
[4.233s] Level 1:colcon.colcon_core.shell:create_environment_hook('difrobot_msgs', 'ld_library_path_lib')
[4.234s] INFO:colcon.colcon_core.shell:Creating environment hook '/home/ros/difrobot_ws/install/difrobot_msgs/share/difrobot_msgs/hook/ld_library_path_lib.ps1'
[4.237s] INFO:colcon.colcon_core.shell:Creating environment descriptor '/home/ros/difrobot_ws/install/difrobot_msgs/share/difrobot_msgs/hook/ld_library_path_lib.dsv'
[4.238s] INFO:colcon.colcon_core.shell:Creating environment hook '/home/ros/difrobot_ws/install/difrobot_msgs/share/difrobot_msgs/hook/ld_library_path_lib.sh'
[4.241s] Level 1:colcon.colcon_core.environment:checking '/home/ros/difrobot_ws/install/difrobot_msgs/bin'
[4.241s] Level 1:colcon.colcon_core.environment:checking '/home/ros/difrobot_ws/install/difrobot_msgs/lib/pkgconfig/difrobot_msgs.pc'
[4.241s] Level 1:colcon.colcon_core.environment:checking '/home/ros/difrobot_ws/install/difrobot_msgs/lib/python3.10/site-packages'
[4.242s] Level 1:colcon.colcon_core.environment:checking '/home/ros/difrobot_ws/install/difrobot_msgs/bin'
[4.242s] INFO:colcon.colcon_core.shell:Creating package script '/home/ros/difrobot_ws/install/difrobot_msgs/share/difrobot_msgs/package.ps1'
[4.243s] INFO:colcon.colcon_core.shell:Creating package descriptor '/home/ros/difrobot_ws/install/difrobot_msgs/share/difrobot_msgs/package.dsv'
[4.246s] INFO:colcon.colcon_core.shell:Creating package script '/home/ros/difrobot_ws/install/difrobot_msgs/share/difrobot_msgs/package.sh'
[4.248s] INFO:colcon.colcon_core.shell:Creating package script '/home/ros/difrobot_ws/install/difrobot_msgs/share/difrobot_msgs/package.bash'
[4.249s] INFO:colcon.colcon_core.shell:Creating package script '/home/ros/difrobot_ws/install/difrobot_msgs/share/difrobot_msgs/package.zsh'
[4.250s] Level 1:colcon.colcon_core.environment:create_file_with_runtime_dependencies(/home/ros/difrobot_ws/install/difrobot_msgs/share/colcon-core/packages/difrobot_msgs)
[4.267s] DEBUG:colcon.colcon_core.event_handler.log_command:Invoking command in '/home/ros/difrobot_ws/build/difrobot_description': CMAKE_PREFIX_PATH=${CMAKE_PREFIX_PATH}:/home/ros/difrobot_ws/install/difrobot_py_examples:/opt/ros/humble /usr/bin/cmake --install /home/ros/difrobot_ws/build/difrobot_description
[4.362s] Level 1:colcon.colcon_core.environment:create_environment_scripts_only(difrobot_description)
[4.363s] Level 1:colcon.colcon_core.environment:checking '/home/ros/difrobot_ws/install/difrobot_description' for CMake module files
[4.363s] Level 1:colcon.colcon_core.environment:checking '/home/ros/difrobot_ws/install/difrobot_description' for CMake config files
[4.366s] Level 1:colcon.colcon_core.shell:create_environment_hook('difrobot_description', 'cmake_prefix_path')
[4.367s] INFO:colcon.colcon_core.shell:Creating environment hook '/home/ros/difrobot_ws/install/difrobot_description/share/difrobot_description/hook/cmake_prefix_path.ps1'
[4.366s] DEBUG:colcon.colcon_core.event_handler.log_command:Invoked command in '/home/ros/difrobot_ws/build/difrobot_description' returned '0': CMAKE_PREFIX_PATH=${CMAKE_PREFIX_PATH}:/home/ros/difrobot_ws/install/difrobot_py_examples:/opt/ros/humble /usr/bin/cmake --install /home/ros/difrobot_ws/build/difrobot_description
[4.370s] INFO:colcon.colcon_core.shell:Creating environment descriptor '/home/ros/difrobot_ws/install/difrobot_description/share/difrobot_description/hook/cmake_prefix_path.dsv'
[4.371s] INFO:colcon.colcon_core.shell:Creating environment hook '/home/ros/difrobot_ws/install/difrobot_description/share/difrobot_description/hook/cmake_prefix_path.sh'
[4.375s] Level 1:colcon.colcon_core.environment:checking '/home/ros/difrobot_ws/install/difrobot_description/bin'
[4.375s] Level 1:colcon.colcon_core.environment:checking '/home/ros/difrobot_ws/install/difrobot_description/lib/pkgconfig/difrobot_description.pc'
[4.375s] Level 1:colcon.colcon_core.environment:checking '/home/ros/difrobot_ws/install/difrobot_description/lib/python3.10/site-packages'
[4.378s] Level 1:colcon.colcon_core.environment:checking '/home/ros/difrobot_ws/install/difrobot_description/bin'
[4.378s] INFO:colcon.colcon_core.shell:Creating package script '/home/ros/difrobot_ws/install/difrobot_description/share/difrobot_description/package.ps1'
[4.379s] INFO:colcon.colcon_core.shell:Creating package descriptor '/home/ros/difrobot_ws/install/difrobot_description/share/difrobot_description/package.dsv'
[4.384s] INFO:colcon.colcon_core.shell:Creating package script '/home/ros/difrobot_ws/install/difrobot_description/share/difrobot_description/package.sh'
[4.389s] INFO:colcon.colcon_core.shell:Creating package script '/home/ros/difrobot_ws/install/difrobot_description/share/difrobot_description/package.bash'
[4.392s] INFO:colcon.colcon_core.shell:Creating package script '/home/ros/difrobot_ws/install/difrobot_description/share/difrobot_description/package.zsh'
[4.393s] Level 1:colcon.colcon_core.environment:create_file_with_runtime_dependencies(/home/ros/difrobot_ws/install/difrobot_description/share/colcon-core/packages/difrobot_description)
[4.597s] Level 1:colcon.colcon_core.environment:create_environment_scripts_only(difrobot_description)
[4.597s] Level 1:colcon.colcon_core.environment:checking '/home/ros/difrobot_ws/install/difrobot_description' for CMake module files
[4.602s] Level 1:colcon.colcon_core.environment:checking '/home/ros/difrobot_ws/install/difrobot_description' for CMake config files
[4.603s] Level 1:colcon.colcon_core.shell:create_environment_hook('difrobot_description', 'cmake_prefix_path')
[4.604s] INFO:colcon.colcon_core.shell:Creating environment hook '/home/ros/difrobot_ws/install/difrobot_description/share/difrobot_description/hook/cmake_prefix_path.ps1'
[4.608s] INFO:colcon.colcon_core.shell:Creating environment descriptor '/home/ros/difrobot_ws/install/difrobot_description/share/difrobot_description/hook/cmake_prefix_path.dsv'
[4.609s] INFO:colcon.colcon_core.shell:Creating environment hook '/home/ros/difrobot_ws/install/difrobot_description/share/difrobot_description/hook/cmake_prefix_path.sh'
[4.612s] Level 1:colcon.colcon_core.environment:checking '/home/ros/difrobot_ws/install/difrobot_description/bin'
[4.612s] Level 1:colcon.colcon_core.environment:checking '/home/ros/difrobot_ws/install/difrobot_description/lib/pkgconfig/difrobot_description.pc'
[4.613s] Level 1:colcon.colcon_core.environment:checking '/home/ros/difrobot_ws/install/difrobot_description/lib/python3.10/site-packages'
[4.613s] Level 1:colcon.colcon_core.environment:checking '/home/ros/difrobot_ws/install/difrobot_description/bin'
[4.616s] INFO:colcon.colcon_core.shell:Creating package script '/home/ros/difrobot_ws/install/difrobot_description/share/difrobot_description/package.ps1'
[4.619s] INFO:colcon.colcon_core.shell:Creating package descriptor '/home/ros/difrobot_ws/install/difrobot_description/share/difrobot_description/package.dsv'
[4.623s] INFO:colcon.colcon_core.shell:Creating package script '/home/ros/difrobot_ws/install/difrobot_description/share/difrobot_description/package.sh'
[4.626s] INFO:colcon.colcon_core.shell:Creating package script '/home/ros/difrobot_ws/install/difrobot_description/share/difrobot_description/package.bash'
[4.629s] INFO:colcon.colcon_core.shell:Creating package script '/home/ros/difrobot_ws/install/difrobot_description/share/difrobot_description/package.zsh'
[4.633s] Level 1:colcon.colcon_core.environment:create_file_with_runtime_dependencies(/home/ros/difrobot_ws/install/difrobot_description/share/colcon-core/packages/difrobot_description)
[4.634s] INFO:colcon.colcon_ros.task.ament_cmake.build:Building ROS package in '/home/ros/difrobot_ws/src/difrobot_firmware' with build type 'ament_cmake'
[4.635s] INFO:colcon.colcon_cmake.task.cmake.build:Building CMake package in '/home/ros/difrobot_ws/src/difrobot_firmware'
[4.635s] INFO:colcon.colcon_core.shell:Skip shell extension 'powershell' for command environment: Not usable outside of PowerShell
[4.635s] DEBUG:colcon.colcon_core.shell:Skip shell extension 'dsv' for command environment
[4.690s] DEBUG:colcon.colcon_core.event_handler.log_command:Invoking command in '/home/ros/difrobot_ws/build/difrobot_firmware': CMAKE_PREFIX_PATH=${CMAKE_PREFIX_PATH}:/home/ros/difrobot_ws/install/difrobot_py_examples:/opt/ros/humble /usr/bin/cmake --build /home/ros/difrobot_ws/build/difrobot_firmware -- -j2 -l2
[4.997s] Level 1:colcon.colcon_core.environment:create_environment_scripts_only(difrobot_msgs)
[4.998s] Level 1:colcon.colcon_core.environment:checking '/home/ros/difrobot_ws/install/difrobot_msgs' for CMake module files
[5.002s] Level 1:colcon.colcon_core.environment:checking '/home/ros/difrobot_ws/install/difrobot_msgs' for CMake config files
[5.002s] Level 1:colcon.colcon_core.shell:create_environment_hook('difrobot_msgs', 'cmake_prefix_path')
[5.005s] INFO:colcon.colcon_core.shell:Creating environment hook '/home/ros/difrobot_ws/install/difrobot_msgs/share/difrobot_msgs/hook/cmake_prefix_path.ps1'
[5.006s] INFO:colcon.colcon_core.shell:Creating environment descriptor '/home/ros/difrobot_ws/install/difrobot_msgs/share/difrobot_msgs/hook/cmake_prefix_path.dsv'
[5.011s] INFO:colcon.colcon_core.shell:Creating environment hook '/home/ros/difrobot_ws/install/difrobot_msgs/share/difrobot_msgs/hook/cmake_prefix_path.sh'
[5.016s] Level 1:colcon.colcon_core.environment:checking '/home/ros/difrobot_ws/install/difrobot_msgs/lib'
[5.016s] Level 1:colcon.colcon_core.shell:create_environment_hook('difrobot_msgs', 'ld_library_path_lib')
[5.018s] INFO:colcon.colcon_core.shell:Creating environment hook '/home/ros/difrobot_ws/install/difrobot_msgs/share/difrobot_msgs/hook/ld_library_path_lib.ps1'
[5.021s] INFO:colcon.colcon_core.shell:Creating environment descriptor '/home/ros/difrobot_ws/install/difrobot_msgs/share/difrobot_msgs/hook/ld_library_path_lib.dsv'
[5.025s] INFO:colcon.colcon_core.shell:Creating environment hook '/home/ros/difrobot_ws/install/difrobot_msgs/share/difrobot_msgs/hook/ld_library_path_lib.sh'
[5.026s] Level 1:colcon.colcon_core.environment:checking '/home/ros/difrobot_ws/install/difrobot_msgs/bin'
[5.026s] Level 1:colcon.colcon_core.environment:checking '/home/ros/difrobot_ws/install/difrobot_msgs/lib/pkgconfig/difrobot_msgs.pc'
[5.029s] Level 1:colcon.colcon_core.environment:checking '/home/ros/difrobot_ws/install/difrobot_msgs/lib/python3.10/site-packages'
[5.029s] Level 1:colcon.colcon_core.environment:checking '/home/ros/difrobot_ws/install/difrobot_msgs/bin'
[5.030s] INFO:colcon.colcon_core.shell:Creating package script '/home/ros/difrobot_ws/install/difrobot_msgs/share/difrobot_msgs/package.ps1'
[5.034s] INFO:colcon.colcon_core.shell:Creating package descriptor '/home/ros/difrobot_ws/install/difrobot_msgs/share/difrobot_msgs/package.dsv'
[5.040s] INFO:colcon.colcon_core.shell:Creating package script '/home/ros/difrobot_ws/install/difrobot_msgs/share/difrobot_msgs/package.sh'
[5.042s] INFO:colcon.colcon_core.shell:Creating package script '/home/ros/difrobot_ws/install/difrobot_msgs/share/difrobot_msgs/package.bash'
[5.044s] INFO:colcon.colcon_core.shell:Creating package script '/home/ros/difrobot_ws/install/difrobot_msgs/share/difrobot_msgs/package.zsh'
[5.050s] Level 1:colcon.colcon_core.environment:create_file_with_runtime_dependencies(/home/ros/difrobot_ws/install/difrobot_msgs/share/colcon-core/packages/difrobot_msgs)
[5.054s] INFO:colcon.colcon_ros.task.ament_python.build:Building ROS package in '/home/ros/difrobot_ws/src/difrobot_py_examples' with build type 'ament_python'
[5.055s] Level 1:colcon.colcon_core.shell:create_environment_hook('difrobot_py_examples', 'ament_prefix_path')
[5.055s] INFO:colcon.colcon_core.shell:Creating environment hook '/home/ros/difrobot_ws/install/difrobot_py_examples/share/difrobot_py_examples/hook/ament_prefix_path.ps1'
[5.059s] INFO:colcon.colcon_core.shell:Creating environment descriptor '/home/ros/difrobot_ws/install/difrobot_py_examples/share/difrobot_py_examples/hook/ament_prefix_path.dsv'
[5.060s] INFO:colcon.colcon_core.shell:Creating environment hook '/home/ros/difrobot_ws/install/difrobot_py_examples/share/difrobot_py_examples/hook/ament_prefix_path.sh'
[5.065s] INFO:colcon.colcon_core.shell:Skip shell extension 'powershell' for command environment: Not usable outside of PowerShell
[5.065s] DEBUG:colcon.colcon_core.shell:Skip shell extension 'dsv' for command environment
[6.304s] INFO:colcon.colcon_core.task.python.build:Building Python package in '/home/ros/difrobot_ws/src/difrobot_py_examples'
[6.306s] INFO:colcon.colcon_core.shell:Skip shell extension 'powershell' for command environment: Not usable outside of PowerShell
[6.306s] DEBUG:colcon.colcon_core.shell:Skip shell extension 'dsv' for command environment
[6.461s] DEBUG:colcon.colcon_core.event_handler.log_command:Invoked command in '/home/ros/difrobot_ws/build/difrobot_firmware' returned '0': CMAKE_PREFIX_PATH=${CMAKE_PREFIX_PATH}:/home/ros/difrobot_ws/install/difrobot_py_examples:/opt/ros/humble /usr/bin/cmake --build /home/ros/difrobot_ws/build/difrobot_firmware -- -j2 -l2
[6.703s] DEBUG:colcon.colcon_core.event_handler.log_command:Invoking command in '/home/ros/difrobot_ws/build/difrobot_firmware': CMAKE_PREFIX_PATH=${CMAKE_PREFIX_PATH}:/home/ros/difrobot_ws/install/difrobot_py_examples:/opt/ros/humble /usr/bin/cmake --install /home/ros/difrobot_ws/build/difrobot_firmware
[6.931s] Level 1:colcon.colcon_core.environment:create_environment_scripts_only(difrobot_firmware)
[6.931s] Level 1:colcon.colcon_core.environment:checking '/home/ros/difrobot_ws/install/difrobot_firmware' for CMake module files
[6.935s] DEBUG:colcon.colcon_core.event_handler.log_command:Invoked command in '/home/ros/difrobot_ws/build/difrobot_firmware' returned '0': CMAKE_PREFIX_PATH=${CMAKE_PREFIX_PATH}:/home/ros/difrobot_ws/install/difrobot_py_examples:/opt/ros/humble /usr/bin/cmake --install /home/ros/difrobot_ws/build/difrobot_firmware
[6.936s] Level 1:colcon.colcon_core.environment:checking '/home/ros/difrobot_ws/install/difrobot_firmware' for CMake config files
[6.936s] Level 1:colcon.colcon_core.shell:create_environment_hook('difrobot_firmware', 'cmake_prefix_path')
[6.939s] INFO:colcon.colcon_core.shell:Creating environment hook '/home/ros/difrobot_ws/install/difrobot_firmware/share/difrobot_firmware/hook/cmake_prefix_path.ps1'
[6.943s] INFO:colcon.colcon_core.shell:Creating environment descriptor '/home/ros/difrobot_ws/install/difrobot_firmware/share/difrobot_firmware/hook/cmake_prefix_path.dsv'
[6.945s] INFO:colcon.colcon_core.shell:Creating environment hook '/home/ros/difrobot_ws/install/difrobot_firmware/share/difrobot_firmware/hook/cmake_prefix_path.sh'
[6.950s] Level 1:colcon.colcon_core.environment:checking '/home/ros/difrobot_ws/install/difrobot_firmware/lib'
[6.950s] Level 1:colcon.colcon_core.environment:checking '/home/ros/difrobot_ws/install/difrobot_firmware/bin'
[6.951s] Level 1:colcon.colcon_core.environment:checking '/home/ros/difrobot_ws/install/difrobot_firmware/lib/pkgconfig/difrobot_firmware.pc'
[6.951s] Level 1:colcon.colcon_core.environment:checking '/home/ros/difrobot_ws/install/difrobot_firmware/lib/python3.10/site-packages'
[6.954s] Level 1:colcon.colcon_core.environment:checking '/home/ros/difrobot_ws/install/difrobot_firmware/bin'
[6.955s] INFO:colcon.colcon_core.shell:Creating package script '/home/ros/difrobot_ws/install/difrobot_firmware/share/difrobot_firmware/package.ps1'
[6.958s] INFO:colcon.colcon_core.shell:Creating package descriptor '/home/ros/difrobot_ws/install/difrobot_firmware/share/difrobot_firmware/package.dsv'
[6.961s] INFO:colcon.colcon_core.shell:Creating package script '/home/ros/difrobot_ws/install/difrobot_firmware/share/difrobot_firmware/package.sh'
[6.964s] INFO:colcon.colcon_core.shell:Creating package script '/home/ros/difrobot_ws/install/difrobot_firmware/share/difrobot_firmware/package.bash'
[6.965s] INFO:colcon.colcon_core.shell:Creating package script '/home/ros/difrobot_ws/install/difrobot_firmware/share/difrobot_firmware/package.zsh'
[6.967s] Level 1:colcon.colcon_core.environment:create_file_with_runtime_dependencies(/home/ros/difrobot_ws/install/difrobot_firmware/share/colcon-core/packages/difrobot_firmware)
[7.196s] Level 1:colcon.colcon_core.environment:create_environment_scripts_only(difrobot_firmware)
[7.198s] Level 1:colcon.colcon_core.environment:checking '/home/ros/difrobot_ws/install/difrobot_firmware' for CMake module files
[7.199s] Level 1:colcon.colcon_core.environment:checking '/home/ros/difrobot_ws/install/difrobot_firmware' for CMake config files
[7.199s] Level 1:colcon.colcon_core.shell:create_environment_hook('difrobot_firmware', 'cmake_prefix_path')
[7.203s] INFO:colcon.colcon_core.shell:Creating environment hook '/home/ros/difrobot_ws/install/difrobot_firmware/share/difrobot_firmware/hook/cmake_prefix_path.ps1'
[7.204s] INFO:colcon.colcon_core.shell:Creating environment descriptor '/home/ros/difrobot_ws/install/difrobot_firmware/share/difrobot_firmware/hook/cmake_prefix_path.dsv'
[7.211s] INFO:colcon.colcon_core.shell:Creating environment hook '/home/ros/difrobot_ws/install/difrobot_firmware/share/difrobot_firmware/hook/cmake_prefix_path.sh'
[7.214s] Level 1:colcon.colcon_core.environment:checking '/home/ros/difrobot_ws/install/difrobot_firmware/lib'
[7.214s] Level 1:colcon.colcon_core.environment:checking '/home/ros/difrobot_ws/install/difrobot_firmware/bin'
[7.214s] Level 1:colcon.colcon_core.environment:checking '/home/ros/difrobot_ws/install/difrobot_firmware/lib/pkgconfig/difrobot_firmware.pc'
[7.215s] Level 1:colcon.colcon_core.environment:checking '/home/ros/difrobot_ws/install/difrobot_firmware/lib/python3.10/site-packages'
[7.215s] Level 1:colcon.colcon_core.environment:checking '/home/ros/difrobot_ws/install/difrobot_firmware/bin'
[7.220s] INFO:colcon.colcon_core.shell:Creating package script '/home/ros/difrobot_ws/install/difrobot_firmware/share/difrobot_firmware/package.ps1'
[7.225s] INFO:colcon.colcon_core.shell:Creating package descriptor '/home/ros/difrobot_ws/install/difrobot_firmware/share/difrobot_firmware/package.dsv'
[7.231s] INFO:colcon.colcon_core.shell:Creating package script '/home/ros/difrobot_ws/install/difrobot_firmware/share/difrobot_firmware/package.sh'
[7.232s] INFO:colcon.colcon_core.shell:Creating package script '/home/ros/difrobot_ws/install/difrobot_firmware/share/difrobot_firmware/package.bash'
[7.233s] INFO:colcon.colcon_core.shell:Creating package script '/home/ros/difrobot_ws/install/difrobot_firmware/share/difrobot_firmware/package.zsh'
[7.239s] Level 1:colcon.colcon_core.environment:create_file_with_runtime_dependencies(/home/ros/difrobot_ws/install/difrobot_firmware/share/colcon-core/packages/difrobot_firmware)
[8.014s] DEBUG:colcon.colcon_core.event_handler.log_command:Invoking command in '/home/ros/difrobot_ws/src/difrobot_py_examples': PYTHONPATH=/home/ros/difrobot_ws/build/difrobot_py_examples/prefix_override:/usr/lib/python3/dist-packages/colcon_core/task/python/colcon_distutils_commands:/home/ros/difrobot_ws/install/difrobot_py_examples/lib/python3.10/site-packages:${PYTHONPATH} /usr/bin/python3 -W ignore:setup.py install is deprecated setup.py egg_info --egg-base ../../build/difrobot_py_examples build --build-base /home/ros/difrobot_ws/build/difrobot_py_examples/build install --record /home/ros/difrobot_ws/build/difrobot_py_examples/install.log --single-version-externally-managed install_data
[8.650s] Level 1:colcon.colcon_core.environment:checking '/home/ros/difrobot_ws/install/difrobot_py_examples' for CMake module files
[8.652s] Level 1:colcon.colcon_core.environment:checking '/home/ros/difrobot_ws/install/difrobot_py_examples' for CMake config files
[8.653s] Level 1:colcon.colcon_core.environment:checking '/home/ros/difrobot_ws/install/difrobot_py_examples/lib'
[8.655s] DEBUG:colcon.colcon_core.event_handler.log_command:Invoked command in '/home/ros/difrobot_ws/src/difrobot_py_examples' returned '0': PYTHONPATH=/home/ros/difrobot_ws/build/difrobot_py_examples/prefix_override:/usr/lib/python3/dist-packages/colcon_core/task/python/colcon_distutils_commands:/home/ros/difrobot_ws/install/difrobot_py_examples/lib/python3.10/site-packages:${PYTHONPATH} /usr/bin/python3 -W ignore:setup.py install is deprecated setup.py egg_info --egg-base ../../build/difrobot_py_examples build --build-base /home/ros/difrobot_ws/build/difrobot_py_examples/build install --record /home/ros/difrobot_ws/build/difrobot_py_examples/install.log --single-version-externally-managed install_data
[8.655s] Level 1:colcon.colcon_core.environment:checking '/home/ros/difrobot_ws/install/difrobot_py_examples/bin'
[8.656s] Level 1:colcon.colcon_core.environment:checking '/home/ros/difrobot_ws/install/difrobot_py_examples/lib/pkgconfig/difrobot_py_examples.pc'
[8.656s] Level 1:colcon.colcon_core.environment:checking '/home/ros/difrobot_ws/install/difrobot_py_examples/lib/python3.10/site-packages'
[8.656s] Level 1:colcon.colcon_core.shell:create_environment_hook('difrobot_py_examples', 'pythonpath')
[8.657s] INFO:colcon.colcon_core.shell:Creating environment hook '/home/ros/difrobot_ws/install/difrobot_py_examples/share/difrobot_py_examples/hook/pythonpath.ps1'
[8.658s] INFO:colcon.colcon_core.shell:Creating environment descriptor '/home/ros/difrobot_ws/install/difrobot_py_examples/share/difrobot_py_examples/hook/pythonpath.dsv'
[8.660s] INFO:colcon.colcon_core.shell:Creating environment hook '/home/ros/difrobot_ws/install/difrobot_py_examples/share/difrobot_py_examples/hook/pythonpath.sh'
[8.661s] Level 1:colcon.colcon_core.environment:checking '/home/ros/difrobot_ws/install/difrobot_py_examples/bin'
[8.662s] Level 1:colcon.colcon_core.environment:create_environment_scripts_only(difrobot_py_examples)
[8.662s] INFO:colcon.colcon_core.shell:Creating package script '/home/ros/difrobot_ws/install/difrobot_py_examples/share/difrobot_py_examples/package.ps1'
[8.663s] INFO:colcon.colcon_core.shell:Creating package descriptor '/home/ros/difrobot_ws/install/difrobot_py_examples/share/difrobot_py_examples/package.dsv'
[8.665s] INFO:colcon.colcon_core.shell:Creating package script '/home/ros/difrobot_ws/install/difrobot_py_examples/share/difrobot_py_examples/package.sh'
[8.667s] INFO:colcon.colcon_core.shell:Creating package script '/home/ros/difrobot_ws/install/difrobot_py_examples/share/difrobot_py_examples/package.bash'
[8.668s] INFO:colcon.colcon_core.shell:Creating package script '/home/ros/difrobot_ws/install/difrobot_py_examples/share/difrobot_py_examples/package.zsh'
[8.668s] Level 1:colcon.colcon_core.environment:create_file_with_runtime_dependencies(/home/ros/difrobot_ws/install/difrobot_py_examples/share/colcon-core/packages/difrobot_py_examples)
[8.672s] DEBUG:colcon.colcon_parallel_executor.executor.parallel:closing loop
[8.672s] DEBUG:colcon.colcon_parallel_executor.executor.parallel:loop closed
[8.673s] DEBUG:colcon.colcon_parallel_executor.executor.parallel:run_until_complete finished with '0'
[8.673s] DEBUG:colcon.colcon_core.event_reactor:joining thread
[8.685s] INFO:colcon.colcon_core.plugin_system:Skipping extension 'colcon_notification.desktop_notification.terminal_notifier': Not used on non-Darwin systems
[8.686s] INFO:colcon.colcon_core.plugin_system:Skipping extension 'colcon_notification.desktop_notification.win32': Not used on non-Windows systems
[8.686s] INFO:colcon.colcon_notification.desktop_notification:Sending desktop notification using 'notify2'
[8.725s] DEBUG:colcon.colcon_core.event_reactor:joined thread
[8.725s] INFO:colcon.colcon_core.shell:Creating prefix script '/home/ros/difrobot_ws/install/local_setup.ps1'
[8.729s] INFO:colcon.colcon_core.shell:Creating prefix util module '/home/ros/difrobot_ws/install/_local_setup_util_ps1.py'
[8.737s] INFO:colcon.colcon_core.shell:Creating prefix chain script '/home/ros/difrobot_ws/install/setup.ps1'
[8.741s] INFO:colcon.colcon_core.shell:Creating prefix script '/home/ros/difrobot_ws/install/local_setup.sh'
[8.744s] INFO:colcon.colcon_core.shell:Creating prefix util module '/home/ros/difrobot_ws/install/_local_setup_util_sh.py'
[8.745s] INFO:colcon.colcon_core.shell:Creating prefix chain script '/home/ros/difrobot_ws/install/setup.sh'
[8.749s] INFO:colcon.colcon_core.shell:Creating prefix script '/home/ros/difrobot_ws/install/local_setup.bash'
[8.755s] INFO:colcon.colcon_core.shell:Creating prefix chain script '/home/ros/difrobot_ws/install/setup.bash'
[8.761s] INFO:colcon.colcon_core.shell:Creating prefix script '/home/ros/difrobot_ws/install/local_setup.zsh'
[8.765s] INFO:colcon.colcon_core.shell:Creating prefix chain script '/home/ros/difrobot_ws/install/setup.zsh'
