[0.043s] Invoking command in '/home/ros/difrobot_ws/build/difrobot_controller': CMAKE_PREFIX_PATH=${CMAKE_PREFIX_PATH}:/home/ros/difrobot_ws/install/difrobot_py_examples:/opt/ros/humble /usr/bin/cmake --build /home/ros/difrobot_ws/build/difrobot_controller -- -j2 -l2
[0.419s] [100%] Built target simple_controller
[0.426s] [100%] Built target ament_cmake_python_copy_difrobot_controller
[1.879s] running egg_info
[1.881s] writing difrobot_controller.egg-info/PKG-INFO
[1.891s] writing dependency_links to difrobot_controller.egg-info/dependency_links.txt
[1.891s] writing top-level names to difrobot_controller.egg-info/top_level.txt
[1.914s] reading manifest file 'difrobot_controller.egg-info/SOURCES.txt'
[1.923s] writing manifest file 'difrobot_controller.egg-info/SOURCES.txt'
[2.119s] [100%] Built target ament_cmake_python_build_difrobot_controller_egg
[2.180s] Invoked command in '/home/ros/difrobot_ws/build/difrobot_controller' returned '0': CMAKE_PREFIX_PATH=${CMAKE_PREFIX_PATH}:/home/ros/difrobot_ws/install/difrobot_py_examples:/opt/ros/humble /usr/bin/cmake --build /home/ros/difrobot_ws/build/difrobot_controller -- -j2 -l2
[2.450s] Invoking command in '/home/ros/difrobot_ws/build/difrobot_controller': CMAKE_PREFIX_PATH=${CMAKE_PREFIX_PATH}:/home/ros/difrobot_ws/install/difrobot_py_examples:/opt/ros/humble /usr/bin/cmake --install /home/ros/difrobot_ws/build/difrobot_controller
[2.508s] -- Install configuration: ""
[2.508s] -- Up-to-date: /home/ros/difrobot_ws/install/difrobot_controller/share/difrobot_controller/environment/pythonpath.sh
[2.508s] -- Up-to-date: /home/ros/difrobot_ws/install/difrobot_controller/share/difrobot_controller/environment/pythonpath.dsv
[2.509s] -- Up-to-date: /home/ros/difrobot_ws/install/difrobot_controller/local/lib/python3.10/dist-packages/difrobot_controller-0.0.0-py3.10.egg-info
[2.509s] -- Installing: /home/ros/difrobot_ws/install/difrobot_controller/local/lib/python3.10/dist-packages/difrobot_controller-0.0.0-py3.10.egg-info/dependency_links.txt
[2.516s] -- Installing: /home/ros/difrobot_ws/install/difrobot_controller/local/lib/python3.10/dist-packages/difrobot_controller-0.0.0-py3.10.egg-info/SOURCES.txt
[2.516s] -- Installing: /home/ros/difrobot_ws/install/difrobot_controller/local/lib/python3.10/dist-packages/difrobot_controller-0.0.0-py3.10.egg-info/PKG-INFO
[2.516s] -- Installing: /home/ros/difrobot_ws/install/difrobot_controller/local/lib/python3.10/dist-packages/difrobot_controller-0.0.0-py3.10.egg-info/top_level.txt
[2.516s] -- Up-to-date: /home/ros/difrobot_ws/install/difrobot_controller/local/lib/python3.10/dist-packages/difrobot_controller
[2.517s] -- Up-to-date: /home/ros/difrobot_ws/install/difrobot_controller/local/lib/python3.10/dist-packages/difrobot_controller/simple_controller.py
[2.517s] -- Up-to-date: /home/ros/difrobot_ws/install/difrobot_controller/local/lib/python3.10/dist-packages/difrobot_controller/__init__.py
[2.658s] Listing '/home/ros/difrobot_ws/install/difrobot_controller/local/lib/python3.10/dist-packages/difrobot_controller'...
[2.673s] -- Up-to-date: /home/ros/difrobot_ws/install/difrobot_controller/include/include
[2.673s] -- Up-to-date: /home/ros/difrobot_ws/install/difrobot_controller/include/include/difrobot_controller
[2.674s] -- Up-to-date: /home/ros/difrobot_ws/install/difrobot_controller/include/include/difrobot_controller/simple_controller.hpp
[2.682s] -- Up-to-date: /home/ros/difrobot_ws/install/difrobot_controller/lib/difrobot_controller/simple_controller
[2.682s] -- Up-to-date: /home/ros/difrobot_ws/install/difrobot_controller/share/difrobot_controller/launch
[2.682s] -- Up-to-date: /home/ros/difrobot_ws/install/difrobot_controller/share/difrobot_controller/launch/controller.launch.py
[2.682s] -- Up-to-date: /home/ros/difrobot_ws/install/difrobot_controller/share/difrobot_controller/config
[2.682s] -- Up-to-date: /home/ros/difrobot_ws/install/difrobot_controller/share/difrobot_controller/config/difrobot_controllers.yaml
[2.683s] -- Up-to-date: /home/ros/difrobot_ws/install/difrobot_controller/lib/difrobot_controller/simple_controller.py
[2.685s] -- Up-to-date: /home/ros/difrobot_ws/install/difrobot_controller/share/ament_index/resource_index/package_run_dependencies/difrobot_controller
[2.688s] -- Up-to-date: /home/ros/difrobot_ws/install/difrobot_controller/share/ament_index/resource_index/parent_prefix_path/difrobot_controller
[2.688s] -- Up-to-date: /home/ros/difrobot_ws/install/difrobot_controller/share/difrobot_controller/environment/ament_prefix_path.sh
[2.688s] -- Up-to-date: /home/ros/difrobot_ws/install/difrobot_controller/share/difrobot_controller/environment/ament_prefix_path.dsv
[2.688s] -- Up-to-date: /home/ros/difrobot_ws/install/difrobot_controller/share/difrobot_controller/environment/path.sh
[2.688s] -- Up-to-date: /home/ros/difrobot_ws/install/difrobot_controller/share/difrobot_controller/environment/path.dsv
[2.689s] -- Up-to-date: /home/ros/difrobot_ws/install/difrobot_controller/share/difrobot_controller/local_setup.bash
[2.689s] -- Up-to-date: /home/ros/difrobot_ws/install/difrobot_controller/share/difrobot_controller/local_setup.sh
[2.694s] -- Up-to-date: /home/ros/difrobot_ws/install/difrobot_controller/share/difrobot_controller/local_setup.zsh
[2.694s] -- Up-to-date: /home/ros/difrobot_ws/install/difrobot_controller/share/difrobot_controller/local_setup.dsv
[2.694s] -- Installing: /home/ros/difrobot_ws/install/difrobot_controller/share/difrobot_controller/package.dsv
[2.694s] -- Up-to-date: /home/ros/difrobot_ws/install/difrobot_controller/share/ament_index/resource_index/packages/difrobot_controller
[2.694s] -- Up-to-date: /home/ros/difrobot_ws/install/difrobot_controller/share/difrobot_controller/cmake/difrobot_controllerConfig.cmake
[2.694s] -- Up-to-date: /home/ros/difrobot_ws/install/difrobot_controller/share/difrobot_controller/cmake/difrobot_controllerConfig-version.cmake
[2.697s] -- Up-to-date: /home/ros/difrobot_ws/install/difrobot_controller/share/difrobot_controller/package.xml
[2.702s] Invoked command in '/home/ros/difrobot_ws/build/difrobot_controller' returned '0': CMAKE_PREFIX_PATH=${CMAKE_PREFIX_PATH}:/home/ros/difrobot_ws/install/difrobot_py_examples:/opt/ros/humble /usr/bin/cmake --install /home/ros/difrobot_ws/build/difrobot_controller
