[0.040s] Invoking command in '/home/ros/difrobot_ws/build/difrobot_msgs': CMAKE_PREFIX_PATH=/opt/ros/humble /usr/bin/cmake --build /home/ros/difrobot_ws/build/difrobot_msgs -- -j2 -l2
[0.179s] [35m[1mConsolidate compiler generated dependencies of target difrobot_msgs__rosidl_generator_c[0m
[0.226s] [  3%] Built target difrobot_msgs__cpp
[0.248s] [ 12%] Built target difrobot_msgs__rosidl_generator_c
[0.307s] [35m[1mConsolidate compiler generated dependencies of target difrobot_msgs__rosidl_typesupport_cpp[0m
[0.357s] [ 22%] Built target difrobot_msgs__rosidl_typesupport_cpp
[0.361s] [ 22%] Built target ament_cmake_python_copy_difrobot_msgs
[0.391s] [35m[1mConsolidate compiler generated dependencies of target difrobot_msgs__rosidl_typesupport_fastrtps_c[0m
[0.418s] [35m[1mConsolidate compiler generated dependencies of target difrobot_msgs__rosidl_typesupport_fastrtps_cpp[0m
[0.435s] [ 32%] Built target difrobot_msgs__rosidl_typesupport_fastrtps_c
[0.469s] [35m[1mConsolidate compiler generated dependencies of target difrobot_msgs__rosidl_typesupport_introspection_c[0m
[0.490s] [ 41%] Built target difrobot_msgs__rosidl_typesupport_fastrtps_cpp
[0.507s] [ 51%] Built target difrobot_msgs__rosidl_typesupport_introspection_c
[0.537s] [35m[1mConsolidate compiler generated dependencies of target difrobot_msgs__rosidl_typesupport_c[0m
[0.559s] [35m[1mConsolidate compiler generated dependencies of target difrobot_msgs__rosidl_typesupport_introspection_cpp[0m
[0.591s] [ 61%] Built target difrobot_msgs__rosidl_typesupport_c
[0.620s] [ 70%] Built target difrobot_msgs__rosidl_typesupport_introspection_cpp
[0.679s] [ 70%] Built target difrobot_msgs
[0.736s] [ 74%] Built target difrobot_msgs__py
[0.765s] [35m[1mConsolidate compiler generated dependencies of target difrobot_msgs__rosidl_generator_py[0m
[0.797s] [ 80%] Built target difrobot_msgs__rosidl_generator_py
[0.828s] [35m[1mConsolidate compiler generated dependencies of target difrobot_msgs__rosidl_typesupport_fastrtps_c__pyext[0m
[0.862s] [ 87%] Built target difrobot_msgs__rosidl_typesupport_fastrtps_c__pyext
[0.892s] [35m[1mConsolidate compiler generated dependencies of target difrobot_msgs__rosidl_typesupport_introspection_c__pyext[0m
[0.925s] [ 93%] Built target difrobot_msgs__rosidl_typesupport_introspection_c__pyext
[0.956s] [35m[1mConsolidate compiler generated dependencies of target difrobot_msgs__rosidl_typesupport_c__pyext[0m
[0.987s] [100%] Built target difrobot_msgs__rosidl_typesupport_c__pyext
[1.310s] running egg_info
[1.312s] writing difrobot_msgs.egg-info/PKG-INFO
[1.313s] writing dependency_links to difrobot_msgs.egg-info/dependency_links.txt
[1.314s] writing top-level names to difrobot_msgs.egg-info/top_level.txt
[1.318s] reading manifest file 'difrobot_msgs.egg-info/SOURCES.txt'
[1.319s] writing manifest file 'difrobot_msgs.egg-info/SOURCES.txt'
[1.377s] [100%] Built target ament_cmake_python_build_difrobot_msgs_egg
[1.407s] Invoked command in '/home/ros/difrobot_ws/build/difrobot_msgs' returned '0': CMAKE_PREFIX_PATH=/opt/ros/humble /usr/bin/cmake --build /home/ros/difrobot_ws/build/difrobot_msgs -- -j2 -l2
[1.678s] Invoking command in '/home/ros/difrobot_ws/build/difrobot_msgs': CMAKE_PREFIX_PATH=/opt/ros/humble /usr/bin/cmake --install /home/ros/difrobot_ws/build/difrobot_msgs
[1.698s] -- Install configuration: ""
[1.699s] -- Up-to-date: /home/ros/difrobot_ws/install/difrobot_msgs/share/ament_index/resource_index/rosidl_interfaces/difrobot_msgs
[1.699s] -- Up-to-date: /home/ros/difrobot_ws/install/difrobot_msgs/include/difrobot_msgs/difrobot_msgs
[1.699s] -- Up-to-date: /home/ros/difrobot_ws/install/difrobot_msgs/include/difrobot_msgs/difrobot_msgs/msg
[1.700s] -- Up-to-date: /home/ros/difrobot_ws/install/difrobot_msgs/include/difrobot_msgs/difrobot_msgs/msg/rosidl_generator_c__visibility_control.h
[1.700s] -- Up-to-date: /home/ros/difrobot_ws/install/difrobot_msgs/include/difrobot_msgs/difrobot_msgs/srv
[1.700s] -- Up-to-date: /home/ros/difrobot_ws/install/difrobot_msgs/include/difrobot_msgs/difrobot_msgs/srv/detail
[1.703s] -- Up-to-date: /home/ros/difrobot_ws/install/difrobot_msgs/include/difrobot_msgs/difrobot_msgs/srv/detail/add_two_ints__functions.c
[1.703s] -- Up-to-date: /home/ros/difrobot_ws/install/difrobot_msgs/include/difrobot_msgs/difrobot_msgs/srv/detail/add_two_ints__type_support.h
[1.703s] -- Up-to-date: /home/ros/difrobot_ws/install/difrobot_msgs/include/difrobot_msgs/difrobot_msgs/srv/detail/add_two_ints__functions.h
[1.703s] -- Up-to-date: /home/ros/difrobot_ws/install/difrobot_msgs/include/difrobot_msgs/difrobot_msgs/srv/detail/add_two_ints__struct.h
[1.704s] -- Up-to-date: /home/ros/difrobot_ws/install/difrobot_msgs/include/difrobot_msgs/difrobot_msgs/srv/add_two_ints.h
[1.704s] -- Up-to-date: /home/ros/difrobot_ws/install/difrobot_msgs/share/difrobot_msgs/environment/library_path.sh
[1.704s] -- Up-to-date: /home/ros/difrobot_ws/install/difrobot_msgs/share/difrobot_msgs/environment/library_path.dsv
[1.704s] -- Up-to-date: /home/ros/difrobot_ws/install/difrobot_msgs/lib/libdifrobot_msgs__rosidl_generator_c.so
[1.706s] -- Up-to-date: /home/ros/difrobot_ws/install/difrobot_msgs/include/difrobot_msgs/difrobot_msgs
[1.707s] -- Up-to-date: /home/ros/difrobot_ws/install/difrobot_msgs/include/difrobot_msgs/difrobot_msgs/msg
[1.708s] -- Up-to-date: /home/ros/difrobot_ws/install/difrobot_msgs/include/difrobot_msgs/difrobot_msgs/msg/rosidl_typesupport_fastrtps_c__visibility_control.h
[1.708s] -- Up-to-date: /home/ros/difrobot_ws/install/difrobot_msgs/include/difrobot_msgs/difrobot_msgs/srv
[1.708s] -- Up-to-date: /home/ros/difrobot_ws/install/difrobot_msgs/include/difrobot_msgs/difrobot_msgs/srv/detail
[1.708s] -- Up-to-date: /home/ros/difrobot_ws/install/difrobot_msgs/include/difrobot_msgs/difrobot_msgs/srv/detail/add_two_ints__rosidl_typesupport_fastrtps_c.h
[1.708s] -- Up-to-date: /home/ros/difrobot_ws/install/difrobot_msgs/lib/libdifrobot_msgs__rosidl_typesupport_fastrtps_c.so
[1.708s] -- Up-to-date: /home/ros/difrobot_ws/install/difrobot_msgs/include/difrobot_msgs/difrobot_msgs
[1.709s] -- Up-to-date: /home/ros/difrobot_ws/install/difrobot_msgs/include/difrobot_msgs/difrobot_msgs/srv
[1.709s] -- Up-to-date: /home/ros/difrobot_ws/install/difrobot_msgs/include/difrobot_msgs/difrobot_msgs/srv/detail
[1.709s] -- Up-to-date: /home/ros/difrobot_ws/install/difrobot_msgs/include/difrobot_msgs/difrobot_msgs/srv/detail/add_two_ints__traits.hpp
[1.709s] -- Up-to-date: /home/ros/difrobot_ws/install/difrobot_msgs/include/difrobot_msgs/difrobot_msgs/srv/detail/add_two_ints__builder.hpp
[1.710s] -- Up-to-date: /home/ros/difrobot_ws/install/difrobot_msgs/include/difrobot_msgs/difrobot_msgs/srv/detail/add_two_ints__struct.hpp
[1.710s] -- Up-to-date: /home/ros/difrobot_ws/install/difrobot_msgs/include/difrobot_msgs/difrobot_msgs/srv/add_two_ints.hpp
[1.711s] -- Up-to-date: /home/ros/difrobot_ws/install/difrobot_msgs/include/difrobot_msgs/difrobot_msgs
[1.711s] -- Up-to-date: /home/ros/difrobot_ws/install/difrobot_msgs/include/difrobot_msgs/difrobot_msgs/msg
[1.711s] -- Up-to-date: /home/ros/difrobot_ws/install/difrobot_msgs/include/difrobot_msgs/difrobot_msgs/msg/rosidl_typesupport_fastrtps_cpp__visibility_control.h
[1.711s] -- Up-to-date: /home/ros/difrobot_ws/install/difrobot_msgs/include/difrobot_msgs/difrobot_msgs/srv
[1.711s] -- Up-to-date: /home/ros/difrobot_ws/install/difrobot_msgs/include/difrobot_msgs/difrobot_msgs/srv/detail
[1.711s] -- Up-to-date: /home/ros/difrobot_ws/install/difrobot_msgs/include/difrobot_msgs/difrobot_msgs/srv/detail/add_two_ints__rosidl_typesupport_fastrtps_cpp.hpp
[1.711s] -- Up-to-date: /home/ros/difrobot_ws/install/difrobot_msgs/include/difrobot_msgs/difrobot_msgs/srv/detail/dds_fastrtps
[1.712s] -- Up-to-date: /home/ros/difrobot_ws/install/difrobot_msgs/lib/libdifrobot_msgs__rosidl_typesupport_fastrtps_cpp.so
[1.712s] -- Up-to-date: /home/ros/difrobot_ws/install/difrobot_msgs/include/difrobot_msgs/difrobot_msgs
[1.713s] -- Up-to-date: /home/ros/difrobot_ws/install/difrobot_msgs/include/difrobot_msgs/difrobot_msgs/msg
[1.713s] -- Up-to-date: /home/ros/difrobot_ws/install/difrobot_msgs/include/difrobot_msgs/difrobot_msgs/msg/rosidl_typesupport_introspection_c__visibility_control.h
[1.713s] -- Up-to-date: /home/ros/difrobot_ws/install/difrobot_msgs/include/difrobot_msgs/difrobot_msgs/srv
[1.714s] -- Up-to-date: /home/ros/difrobot_ws/install/difrobot_msgs/include/difrobot_msgs/difrobot_msgs/srv/detail
[1.714s] -- Up-to-date: /home/ros/difrobot_ws/install/difrobot_msgs/include/difrobot_msgs/difrobot_msgs/srv/detail/add_two_ints__rosidl_typesupport_introspection_c.h
[1.714s] -- Up-to-date: /home/ros/difrobot_ws/install/difrobot_msgs/include/difrobot_msgs/difrobot_msgs/srv/detail/add_two_ints__type_support.c
[1.716s] -- Up-to-date: /home/ros/difrobot_ws/install/difrobot_msgs/lib/libdifrobot_msgs__rosidl_typesupport_introspection_c.so
[1.716s] -- Up-to-date: /home/ros/difrobot_ws/install/difrobot_msgs/lib/libdifrobot_msgs__rosidl_typesupport_c.so
[1.720s] -- Up-to-date: /home/ros/difrobot_ws/install/difrobot_msgs/include/difrobot_msgs/difrobot_msgs
[1.720s] -- Up-to-date: /home/ros/difrobot_ws/install/difrobot_msgs/include/difrobot_msgs/difrobot_msgs/srv
[1.721s] -- Up-to-date: /home/ros/difrobot_ws/install/difrobot_msgs/include/difrobot_msgs/difrobot_msgs/srv/detail
[1.722s] -- Up-to-date: /home/ros/difrobot_ws/install/difrobot_msgs/include/difrobot_msgs/difrobot_msgs/srv/detail/add_two_ints__type_support.cpp
[1.722s] -- Up-to-date: /home/ros/difrobot_ws/install/difrobot_msgs/include/difrobot_msgs/difrobot_msgs/srv/detail/add_two_ints__rosidl_typesupport_introspection_cpp.hpp
[1.723s] -- Up-to-date: /home/ros/difrobot_ws/install/difrobot_msgs/lib/libdifrobot_msgs__rosidl_typesupport_introspection_cpp.so
[1.724s] -- Up-to-date: /home/ros/difrobot_ws/install/difrobot_msgs/lib/libdifrobot_msgs__rosidl_typesupport_cpp.so
[1.724s] -- Up-to-date: /home/ros/difrobot_ws/install/difrobot_msgs/share/difrobot_msgs/environment/pythonpath.sh
[1.725s] -- Up-to-date: /home/ros/difrobot_ws/install/difrobot_msgs/share/difrobot_msgs/environment/pythonpath.dsv
[1.725s] -- Up-to-date: /home/ros/difrobot_ws/install/difrobot_msgs/local/lib/python3.10/dist-packages/difrobot_msgs-0.0.0-py3.10.egg-info
[1.726s] -- Installing: /home/ros/difrobot_ws/install/difrobot_msgs/local/lib/python3.10/dist-packages/difrobot_msgs-0.0.0-py3.10.egg-info/dependency_links.txt
[1.726s] -- Installing: /home/ros/difrobot_ws/install/difrobot_msgs/local/lib/python3.10/dist-packages/difrobot_msgs-0.0.0-py3.10.egg-info/SOURCES.txt
[1.727s] -- Installing: /home/ros/difrobot_ws/install/difrobot_msgs/local/lib/python3.10/dist-packages/difrobot_msgs-0.0.0-py3.10.egg-info/PKG-INFO
[1.727s] -- Installing: /home/ros/difrobot_ws/install/difrobot_msgs/local/lib/python3.10/dist-packages/difrobot_msgs-0.0.0-py3.10.egg-info/top_level.txt
[1.728s] -- Up-to-date: /home/ros/difrobot_ws/install/difrobot_msgs/local/lib/python3.10/dist-packages/difrobot_msgs
[1.728s] -- Up-to-date: /home/ros/difrobot_ws/install/difrobot_msgs/local/lib/python3.10/dist-packages/difrobot_msgs/libdifrobot_msgs__rosidl_generator_py.so
[1.729s] -- Up-to-date: /home/ros/difrobot_ws/install/difrobot_msgs/local/lib/python3.10/dist-packages/difrobot_msgs/_difrobot_msgs_s.ep.rosidl_typesupport_c.c
[1.729s] -- Up-to-date: /home/ros/difrobot_ws/install/difrobot_msgs/local/lib/python3.10/dist-packages/difrobot_msgs/_difrobot_msgs_s.ep.rosidl_typesupport_introspection_c.c
[1.729s] -- Up-to-date: /home/ros/difrobot_ws/install/difrobot_msgs/local/lib/python3.10/dist-packages/difrobot_msgs/difrobot_msgs_s__rosidl_typesupport_c.cpython-310-x86_64-linux-gnu.so
[1.732s] -- Up-to-date: /home/ros/difrobot_ws/install/difrobot_msgs/local/lib/python3.10/dist-packages/difrobot_msgs/__init__.py
[1.732s] -- Up-to-date: /home/ros/difrobot_ws/install/difrobot_msgs/local/lib/python3.10/dist-packages/difrobot_msgs/_difrobot_msgs_s.ep.rosidl_typesupport_fastrtps_c.c
[1.732s] -- Up-to-date: /home/ros/difrobot_ws/install/difrobot_msgs/local/lib/python3.10/dist-packages/difrobot_msgs/srv
[1.732s] -- Up-to-date: /home/ros/difrobot_ws/install/difrobot_msgs/local/lib/python3.10/dist-packages/difrobot_msgs/srv/_add_two_ints.py
[1.732s] -- Up-to-date: /home/ros/difrobot_ws/install/difrobot_msgs/local/lib/python3.10/dist-packages/difrobot_msgs/srv/_add_two_ints_s.c
[1.732s] -- Up-to-date: /home/ros/difrobot_ws/install/difrobot_msgs/local/lib/python3.10/dist-packages/difrobot_msgs/srv/__init__.py
[1.733s] -- Up-to-date: /home/ros/difrobot_ws/install/difrobot_msgs/local/lib/python3.10/dist-packages/difrobot_msgs/difrobot_msgs_s__rosidl_typesupport_fastrtps_c.cpython-310-x86_64-linux-gnu.so
[1.737s] -- Up-to-date: /home/ros/difrobot_ws/install/difrobot_msgs/local/lib/python3.10/dist-packages/difrobot_msgs/difrobot_msgs_s__rosidl_typesupport_introspection_c.cpython-310-x86_64-linux-gnu.so
[1.816s] Listing '/home/ros/difrobot_ws/install/difrobot_msgs/local/lib/python3.10/dist-packages/difrobot_msgs'...
[1.817s] Listing '/home/ros/difrobot_ws/install/difrobot_msgs/local/lib/python3.10/dist-packages/difrobot_msgs/srv'...
[1.834s] -- Up-to-date: /home/ros/difrobot_ws/install/difrobot_msgs/local/lib/python3.10/dist-packages/difrobot_msgs/difrobot_msgs_s__rosidl_typesupport_fastrtps_c.cpython-310-x86_64-linux-gnu.so
[1.835s] -- Up-to-date: /home/ros/difrobot_ws/install/difrobot_msgs/local/lib/python3.10/dist-packages/difrobot_msgs/difrobot_msgs_s__rosidl_typesupport_introspection_c.cpython-310-x86_64-linux-gnu.so
[1.836s] -- Up-to-date: /home/ros/difrobot_ws/install/difrobot_msgs/local/lib/python3.10/dist-packages/difrobot_msgs/difrobot_msgs_s__rosidl_typesupport_c.cpython-310-x86_64-linux-gnu.so
[1.837s] -- Up-to-date: /home/ros/difrobot_ws/install/difrobot_msgs/lib/libdifrobot_msgs__rosidl_generator_py.so
[1.838s] -- Up-to-date: /home/ros/difrobot_ws/install/difrobot_msgs/share/difrobot_msgs/srv/AddTwoInts.idl
[1.838s] -- Up-to-date: /home/ros/difrobot_ws/install/difrobot_msgs/share/difrobot_msgs/srv/AddTwoInts.srv
[1.839s] -- Up-to-date: /home/ros/difrobot_ws/install/difrobot_msgs/share/difrobot_msgs/srv/AddTwoInts_Request.msg
[1.839s] -- Up-to-date: /home/ros/difrobot_ws/install/difrobot_msgs/share/difrobot_msgs/srv/AddTwoInts_Response.msg
[1.840s] -- Up-to-date: /home/ros/difrobot_ws/install/difrobot_msgs/share/ament_index/resource_index/package_run_dependencies/difrobot_msgs
[1.840s] -- Up-to-date: /home/ros/difrobot_ws/install/difrobot_msgs/share/ament_index/resource_index/parent_prefix_path/difrobot_msgs
[1.840s] -- Up-to-date: /home/ros/difrobot_ws/install/difrobot_msgs/share/difrobot_msgs/environment/ament_prefix_path.sh
[1.841s] -- Up-to-date: /home/ros/difrobot_ws/install/difrobot_msgs/share/difrobot_msgs/environment/ament_prefix_path.dsv
[1.841s] -- Up-to-date: /home/ros/difrobot_ws/install/difrobot_msgs/share/difrobot_msgs/environment/path.sh
[1.841s] -- Up-to-date: /home/ros/difrobot_ws/install/difrobot_msgs/share/difrobot_msgs/environment/path.dsv
[1.842s] -- Up-to-date: /home/ros/difrobot_ws/install/difrobot_msgs/share/difrobot_msgs/local_setup.bash
[1.842s] -- Up-to-date: /home/ros/difrobot_ws/install/difrobot_msgs/share/difrobot_msgs/local_setup.sh
[1.842s] -- Up-to-date: /home/ros/difrobot_ws/install/difrobot_msgs/share/difrobot_msgs/local_setup.zsh
[1.843s] -- Up-to-date: /home/ros/difrobot_ws/install/difrobot_msgs/share/difrobot_msgs/local_setup.dsv
[1.845s] -- Installing: /home/ros/difrobot_ws/install/difrobot_msgs/share/difrobot_msgs/package.dsv
[1.846s] -- Up-to-date: /home/ros/difrobot_ws/install/difrobot_msgs/share/ament_index/resource_index/packages/difrobot_msgs
[1.850s] -- Up-to-date: /home/ros/difrobot_ws/install/difrobot_msgs/share/difrobot_msgs/cmake/export_difrobot_msgs__rosidl_generator_cExport.cmake
[1.850s] -- Up-to-date: /home/ros/difrobot_ws/install/difrobot_msgs/share/difrobot_msgs/cmake/export_difrobot_msgs__rosidl_generator_cExport-noconfig.cmake
[1.850s] -- Up-to-date: /home/ros/difrobot_ws/install/difrobot_msgs/share/difrobot_msgs/cmake/export_difrobot_msgs__rosidl_typesupport_fastrtps_cExport.cmake
[1.850s] -- Up-to-date: /home/ros/difrobot_ws/install/difrobot_msgs/share/difrobot_msgs/cmake/export_difrobot_msgs__rosidl_typesupport_fastrtps_cExport-noconfig.cmake
[1.850s] -- Up-to-date: /home/ros/difrobot_ws/install/difrobot_msgs/share/difrobot_msgs/cmake/export_difrobot_msgs__rosidl_generator_cppExport.cmake
[1.851s] -- Up-to-date: /home/ros/difrobot_ws/install/difrobot_msgs/share/difrobot_msgs/cmake/export_difrobot_msgs__rosidl_typesupport_fastrtps_cppExport.cmake
[1.851s] -- Up-to-date: /home/ros/difrobot_ws/install/difrobot_msgs/share/difrobot_msgs/cmake/export_difrobot_msgs__rosidl_typesupport_fastrtps_cppExport-noconfig.cmake
[1.854s] -- Up-to-date: /home/ros/difrobot_ws/install/difrobot_msgs/share/difrobot_msgs/cmake/difrobot_msgs__rosidl_typesupport_introspection_cExport.cmake
[1.859s] -- Up-to-date: /home/ros/difrobot_ws/install/difrobot_msgs/share/difrobot_msgs/cmake/difrobot_msgs__rosidl_typesupport_introspection_cExport-noconfig.cmake
[1.860s] -- Up-to-date: /home/ros/difrobot_ws/install/difrobot_msgs/share/difrobot_msgs/cmake/difrobot_msgs__rosidl_typesupport_cExport.cmake
[1.860s] -- Up-to-date: /home/ros/difrobot_ws/install/difrobot_msgs/share/difrobot_msgs/cmake/difrobot_msgs__rosidl_typesupport_cExport-noconfig.cmake
[1.862s] -- Up-to-date: /home/ros/difrobot_ws/install/difrobot_msgs/share/difrobot_msgs/cmake/difrobot_msgs__rosidl_typesupport_introspection_cppExport.cmake
[1.864s] -- Up-to-date: /home/ros/difrobot_ws/install/difrobot_msgs/share/difrobot_msgs/cmake/difrobot_msgs__rosidl_typesupport_introspection_cppExport-noconfig.cmake
[1.864s] -- Up-to-date: /home/ros/difrobot_ws/install/difrobot_msgs/share/difrobot_msgs/cmake/difrobot_msgs__rosidl_typesupport_cppExport.cmake
[1.864s] -- Up-to-date: /home/ros/difrobot_ws/install/difrobot_msgs/share/difrobot_msgs/cmake/difrobot_msgs__rosidl_typesupport_cppExport-noconfig.cmake
[1.864s] -- Up-to-date: /home/ros/difrobot_ws/install/difrobot_msgs/share/difrobot_msgs/cmake/export_difrobot_msgs__rosidl_generator_pyExport.cmake
[1.864s] -- Up-to-date: /home/ros/difrobot_ws/install/difrobot_msgs/share/difrobot_msgs/cmake/export_difrobot_msgs__rosidl_generator_pyExport-noconfig.cmake
[1.864s] -- Up-to-date: /home/ros/difrobot_ws/install/difrobot_msgs/share/difrobot_msgs/cmake/rosidl_cmake-extras.cmake
[1.864s] -- Up-to-date: /home/ros/difrobot_ws/install/difrobot_msgs/share/difrobot_msgs/cmake/ament_cmake_export_include_directories-extras.cmake
[1.864s] -- Up-to-date: /home/ros/difrobot_ws/install/difrobot_msgs/share/difrobot_msgs/cmake/ament_cmake_export_libraries-extras.cmake
[1.864s] -- Up-to-date: /home/ros/difrobot_ws/install/difrobot_msgs/share/difrobot_msgs/cmake/ament_cmake_export_targets-extras.cmake
[1.865s] -- Up-to-date: /home/ros/difrobot_ws/install/difrobot_msgs/share/difrobot_msgs/cmake/rosidl_cmake_export_typesupport_targets-extras.cmake
[1.865s] -- Up-to-date: /home/ros/difrobot_ws/install/difrobot_msgs/share/difrobot_msgs/cmake/ament_cmake_export_dependencies-extras.cmake
[1.865s] -- Up-to-date: /home/ros/difrobot_ws/install/difrobot_msgs/share/difrobot_msgs/cmake/rosidl_cmake_export_typesupport_libraries-extras.cmake
[1.865s] -- Up-to-date: /home/ros/difrobot_ws/install/difrobot_msgs/share/difrobot_msgs/cmake/difrobot_msgsConfig.cmake
[1.865s] -- Up-to-date: /home/ros/difrobot_ws/install/difrobot_msgs/share/difrobot_msgs/cmake/difrobot_msgsConfig-version.cmake
[1.865s] -- Up-to-date: /home/ros/difrobot_ws/install/difrobot_msgs/share/difrobot_msgs/package.xml
[1.870s] Invoked command in '/home/ros/difrobot_ws/build/difrobot_msgs' returned '0': CMAKE_PREFIX_PATH=/opt/ros/humble /usr/bin/cmake --install /home/ros/difrobot_ws/build/difrobot_msgs
